[2.703s] Invoking command in '/home/zhuzeyu/guyueju/ros2_21_tutorials/learning_gazebo': PYTHONPATH=/home/zhuzeyu/guyueju/ros2_21_tutorials/build/learning_gazebo/prefix_override:/usr/lib/python3/dist-packages/colcon_core/task/python/colcon_distutils_commands:/home/zhuzeyu/guyueju/ros2_21_tutorials/install/learning_gazebo/lib/python3.10/site-packages:${PYTHONPATH} /usr/bin/python3 -W ignore:setup.py install is deprecated -W ignore:easy_install command is deprecated setup.py egg_info --egg-base ../build/learning_gazebo build --build-base /home/zhuzeyu/guyueju/ros2_21_tutorials/build/learning_gazebo/build install --record /home/zhuzeyu/guyueju/ros2_21_tutorials/build/learning_gazebo/install.log --single-version-externally-managed install_data
[2.994s] running egg_info
[2.994s] writing ../build/learning_gazebo/learning_gazebo.egg-info/PKG-INFO
[2.994s] writing dependency_links to ../build/learning_gazebo/learning_gazebo.egg-info/dependency_links.txt
[2.994s] writing entry points to ../build/learning_gazebo/learning_gazebo.egg-info/entry_points.txt
[2.995s] writing requirements to ../build/learning_gazebo/learning_gazebo.egg-info/requires.txt
[2.995s] writing top-level names to ../build/learning_gazebo/learning_gazebo.egg-info/top_level.txt
[2.999s] reading manifest file '../build/learning_gazebo/learning_gazebo.egg-info/SOURCES.txt'
[2.999s] writing manifest file '../build/learning_gazebo/learning_gazebo.egg-info/SOURCES.txt'
[2.999s] running build
[2.999s] running build_py
[2.999s] running install
[2.999s] running install_lib
[3.000s] running install_data
[3.003s] running install_egg_info
[3.004s] removing '/home/zhuzeyu/guyueju/ros2_21_tutorials/install/learning_gazebo/lib/python3.10/site-packages/learning_gazebo-0.0.0-py3.10.egg-info' (and everything under it)
[3.005s] Copying ../build/learning_gazebo/learning_gazebo.egg-info to /home/zhuzeyu/guyueju/ros2_21_tutorials/install/learning_gazebo/lib/python3.10/site-packages/learning_gazebo-0.0.0-py3.10.egg-info
[3.012s] running install_scripts
[3.041s] writing list of installed files to '/home/zhuzeyu/guyueju/ros2_21_tutorials/build/learning_gazebo/install.log'
[3.077s] Invoked command in '/home/zhuzeyu/guyueju/ros2_21_tutorials/learning_gazebo' returned '0': PYTHONPATH=/home/zhuzeyu/guyueju/ros2_21_tutorials/build/learning_gazebo/prefix_override:/usr/lib/python3/dist-packages/colcon_core/task/python/colcon_distutils_commands:/home/zhuzeyu/guyueju/ros2_21_tutorials/install/learning_gazebo/lib/python3.10/site-packages:${PYTHONPATH} /usr/bin/python3 -W ignore:setup.py install is deprecated -W ignore:easy_install command is deprecated setup.py egg_info --egg-base ../build/learning_gazebo build --build-base /home/zhuzeyu/guyueju/ros2_21_tutorials/build/learning_gazebo/build install --record /home/zhuzeyu/guyueju/ros2_21_tutorials/build/learning_gazebo/install.log --single-version-externally-managed install_data
