[2.559s] Invoking command in '/home/zhuzeyu/guyueju/ros2_21_tutorials/learning_launch': PYTHONPATH=/home/zhuzeyu/guyueju/ros2_21_tutorials/build/learning_launch/prefix_override:/usr/lib/python3/dist-packages/colcon_core/task/python/colcon_distutils_commands:/home/zhuzeyu/guyueju/ros2_21_tutorials/install/learning_launch/lib/python3.10/site-packages:${PYTHONPATH} /usr/bin/python3 -W ignore:setup.py install is deprecated -W ignore:easy_install command is deprecated setup.py egg_info --egg-base ../build/learning_launch build --build-base /home/zhuzeyu/guyueju/ros2_21_tutorials/build/learning_launch/build install --record /home/zhuzeyu/guyueju/ros2_21_tutorials/build/learning_launch/install.log --single-version-externally-managed install_data
[2.801s] running egg_info
[2.803s] writing ../build/learning_launch/learning_launch.egg-info/PKG-INFO
[2.803s] writing dependency_links to ../build/learning_launch/learning_launch.egg-info/dependency_links.txt
[2.803s] writing entry points to ../build/learning_launch/learning_launch.egg-info/entry_points.txt
[2.803s] writing requirements to ../build/learning_launch/learning_launch.egg-info/requires.txt
[2.803s] writing top-level names to ../build/learning_launch/learning_launch.egg-info/top_level.txt
[2.809s] reading manifest file '../build/learning_launch/learning_launch.egg-info/SOURCES.txt'
[2.813s] writing manifest file '../build/learning_launch/learning_launch.egg-info/SOURCES.txt'
[2.814s] running build
[2.814s] running build_py
[2.814s] running install
[2.814s] running install_lib
[2.815s] running install_data
[2.815s] running install_egg_info
[2.817s] removing '/home/zhuzeyu/guyueju/ros2_21_tutorials/install/learning_launch/lib/python3.10/site-packages/learning_launch-0.0.0-py3.10.egg-info' (and everything under it)
[2.817s] Copying ../build/learning_launch/learning_launch.egg-info to /home/zhuzeyu/guyueju/ros2_21_tutorials/install/learning_launch/lib/python3.10/site-packages/learning_launch-0.0.0-py3.10.egg-info
[2.818s] running install_scripts
[2.847s] writing list of installed files to '/home/zhuzeyu/guyueju/ros2_21_tutorials/build/learning_launch/install.log'
[2.880s] Invoked command in '/home/zhuzeyu/guyueju/ros2_21_tutorials/learning_launch' returned '0': PYTHONPATH=/home/zhuzeyu/guyueju/ros2_21_tutorials/build/learning_launch/prefix_override:/usr/lib/python3/dist-packages/colcon_core/task/python/colcon_distutils_commands:/home/zhuzeyu/guyueju/ros2_21_tutorials/install/learning_launch/lib/python3.10/site-packages:${PYTHONPATH} /usr/bin/python3 -W ignore:setup.py install is deprecated -W ignore:easy_install command is deprecated setup.py egg_info --egg-base ../build/learning_launch build --build-base /home/zhuzeyu/guyueju/ros2_21_tutorials/build/learning_launch/build install --record /home/zhuzeyu/guyueju/ros2_21_tutorials/build/learning_launch/install.log --single-version-externally-managed install_data
