[0.412s] Invoking command in '/home/zhuzeyu/guyueju/ros2_21_tutorials/build/learning_service_cpp': CMAKE_PREFIX_PATH=/home/zhuzeyu/guyueju/ros2_21_tutorials/install/learning_interface:/home/zhuzeyu/guyueju/ros2_21_tutorials/install/learning_topic_cpp:/home/zhuzeyu/guyueju/ros2_21_tutorials/install/learning_tf_cpp:/home/zhuzeyu/guyueju/ros2_21_tutorials/install/learning_service_cpp:/home/zhuzeyu/guyueju/ros2_21_tutorials/install/learning_pkg_c:/home/zhuzeyu/guyueju/ros2_21_tutorials/install/learning_parameter_cpp:/home/zhuzeyu/guyueju/ros2_21_tutorials/install/learning_node_cpp:/home/zhuzeyu/guyueju/ros2_21_tutorials/install/learning_action_cpp:/home/zhuzeyu/guyueju/ros2_21_tutorials/install/learning_urdf:/home/zhuzeyu/guyueju/ros2_21_tutorials/install/learning_topic:/home/zhuzeyu/guyueju/ros2_21_tutorials/install/learning_tf:/home/zhuzeyu/guyueju/ros2_21_tutorials/install/learning_service:/home/zhuzeyu/guyueju/ros2_21_tutorials/install/learning_qos:/home/zhuzeyu/guyueju/ros2_21_tutorials/install/learning_pkg_python:/home/zhuzeyu/guyueju/ros2_21_tutorials/install/learning_parameter:/home/zhuzeyu/guyueju/ros2_21_tutorials/install/learning_node:/home/zhuzeyu/guyueju/ros2_21_tutorials/install/learning_launch:/home/zhuzeyu/guyueju/ros2_21_tutorials/install/learning_action:/home/zhuzeyu/guyueju/ros2_21_tutorials/install/learning_gazebo_harmonic:/home/zhuzeyu/guyueju/ros2_21_tutorials/install/learning_gazebo:/home/zhuzeyu/guyueju/ros2_21_tutorials/install/learning_cv:/opt/ros/humble /usr/bin/cmake --build /home/zhuzeyu/guyueju/ros2_21_tutorials/build/learning_service_cpp -- -j16 -l16
[0.437s] -- Found ament_cmake: 1.3.14 (/opt/ros/humble/share/ament_cmake/cmake)
[0.597s] -- Found rclcpp: 16.0.18 (/opt/ros/humble/share/rclcpp/cmake)
[0.616s] -- Found rosidl_generator_c: 3.1.8 (/opt/ros/humble/share/rosidl_generator_c/cmake)
[0.618s] -- Found rosidl_adapter: 3.1.8 (/opt/ros/humble/share/rosidl_adapter/cmake)
[0.623s] -- Found rosidl_generator_cpp: 3.1.8 (/opt/ros/humble/share/rosidl_generator_cpp/cmake)
[0.628s] -- Using all available rosidl_typesupport_c: rosidl_typesupport_fastrtps_c;rosidl_typesupport_introspection_c
[0.637s] -- Using all available rosidl_typesupport_cpp: rosidl_typesupport_fastrtps_cpp;rosidl_typesupport_introspection_cpp
[0.659s] -- Found rmw_implementation_cmake: 6.1.2 (/opt/ros/humble/share/rmw_implementation_cmake/cmake)
[0.662s] -- Found rmw_fastrtps_cpp: 6.2.10 (/opt/ros/humble/share/rmw_fastrtps_cpp/cmake)
[0.771s] -- Using RMW implementation 'rmw_fastrtps_cpp' as default
[0.834s] -- Found learning_interface: 0.0.0 (/home/zhuzeyu/guyueju/ros2_21_tutorials/install/learning_interface/share/learning_interface/cmake)
[0.892s] -- Found ament_lint_auto: 0.12.15 (/opt/ros/humble/share/ament_lint_auto/cmake)
[0.952s] -- Added test 'cppcheck' to perform static code analysis on C / C++ code
[0.952s] -- Configured cppcheck include dirs: 
[0.952s] -- Configured cppcheck exclude dirs and/or files: 
[0.953s] -- Added test 'lint_cmake' to check CMake code style
[0.953s] -- Added test 'uncrustify' to check C / C++ code style
[0.954s] -- Configured uncrustify additional arguments: 
[0.954s] -- Added test 'xmllint' to check XML markup files
[0.955s] -- Configuring done
[0.970s] -- Generating done
[0.974s] -- Build files have been written to: /home/zhuzeyu/guyueju/ros2_21_tutorials/build/learning_service_cpp
[0.994s] [35m[1mConsolidate compiler generated dependencies of target service_adder_client[0m
[0.994s] [35m[1mConsolidate compiler generated dependencies of target service_adder_server[0m
[1.009s] [ 25%] [32mBuilding CXX object CMakeFiles/service_adder_client.dir/src/service_adder_client.cpp.o[0m
[1.013s] [ 50%] [32mBuilding CXX object CMakeFiles/service_adder_server.dir/src/service_adder_server.cpp.o[0m
[3.389s] [ 75%] [32m[1mLinking CXX executable service_adder_server[0m
[3.478s] [100%] [32m[1mLinking CXX executable service_adder_client[0m
[3.509s] [100%] Built target service_adder_server
[3.599s] [100%] Built target service_adder_client
[3.610s] Invoked command in '/home/zhuzeyu/guyueju/ros2_21_tutorials/build/learning_service_cpp' returned '0': CMAKE_PREFIX_PATH=/home/zhuzeyu/guyueju/ros2_21_tutorials/install/learning_interface:/home/zhuzeyu/guyueju/ros2_21_tutorials/install/learning_topic_cpp:/home/zhuzeyu/guyueju/ros2_21_tutorials/install/learning_tf_cpp:/home/zhuzeyu/guyueju/ros2_21_tutorials/install/learning_service_cpp:/home/zhuzeyu/guyueju/ros2_21_tutorials/install/learning_pkg_c:/home/zhuzeyu/guyueju/ros2_21_tutorials/install/learning_parameter_cpp:/home/zhuzeyu/guyueju/ros2_21_tutorials/install/learning_node_cpp:/home/zhuzeyu/guyueju/ros2_21_tutorials/install/learning_action_cpp:/home/zhuzeyu/guyueju/ros2_21_tutorials/install/learning_urdf:/home/zhuzeyu/guyueju/ros2_21_tutorials/install/learning_topic:/home/zhuzeyu/guyueju/ros2_21_tutorials/install/learning_tf:/home/zhuzeyu/guyueju/ros2_21_tutorials/install/learning_service:/home/zhuzeyu/guyueju/ros2_21_tutorials/install/learning_qos:/home/zhuzeyu/guyueju/ros2_21_tutorials/install/learning_pkg_python:/home/zhuzeyu/guyueju/ros2_21_tutorials/install/learning_parameter:/home/zhuzeyu/guyueju/ros2_21_tutorials/install/learning_node:/home/zhuzeyu/guyueju/ros2_21_tutorials/install/learning_launch:/home/zhuzeyu/guyueju/ros2_21_tutorials/install/learning_action:/home/zhuzeyu/guyueju/ros2_21_tutorials/install/learning_gazebo_harmonic:/home/zhuzeyu/guyueju/ros2_21_tutorials/install/learning_gazebo:/home/zhuzeyu/guyueju/ros2_21_tutorials/install/learning_cv:/opt/ros/humble /usr/bin/cmake --build /home/zhuzeyu/guyueju/ros2_21_tutorials/build/learning_service_cpp -- -j16 -l16
[3.611s] Invoking command in '/home/zhuzeyu/guyueju/ros2_21_tutorials/build/learning_service_cpp': CMAKE_PREFIX_PATH=/home/zhuzeyu/guyueju/ros2_21_tutorials/install/learning_interface:/home/zhuzeyu/guyueju/ros2_21_tutorials/install/learning_topic_cpp:/home/zhuzeyu/guyueju/ros2_21_tutorials/install/learning_tf_cpp:/home/zhuzeyu/guyueju/ros2_21_tutorials/install/learning_service_cpp:/home/zhuzeyu/guyueju/ros2_21_tutorials/install/learning_pkg_c:/home/zhuzeyu/guyueju/ros2_21_tutorials/install/learning_parameter_cpp:/home/zhuzeyu/guyueju/ros2_21_tutorials/install/learning_node_cpp:/home/zhuzeyu/guyueju/ros2_21_tutorials/install/learning_action_cpp:/home/zhuzeyu/guyueju/ros2_21_tutorials/install/learning_urdf:/home/zhuzeyu/guyueju/ros2_21_tutorials/install/learning_topic:/home/zhuzeyu/guyueju/ros2_21_tutorials/install/learning_tf:/home/zhuzeyu/guyueju/ros2_21_tutorials/install/learning_service:/home/zhuzeyu/guyueju/ros2_21_tutorials/install/learning_qos:/home/zhuzeyu/guyueju/ros2_21_tutorials/install/learning_pkg_python:/home/zhuzeyu/guyueju/ros2_21_tutorials/install/learning_parameter:/home/zhuzeyu/guyueju/ros2_21_tutorials/install/learning_node:/home/zhuzeyu/guyueju/ros2_21_tutorials/install/learning_launch:/home/zhuzeyu/guyueju/ros2_21_tutorials/install/learning_action:/home/zhuzeyu/guyueju/ros2_21_tutorials/install/learning_gazebo_harmonic:/home/zhuzeyu/guyueju/ros2_21_tutorials/install/learning_gazebo:/home/zhuzeyu/guyueju/ros2_21_tutorials/install/learning_cv:/opt/ros/humble /usr/bin/cmake --install /home/zhuzeyu/guyueju/ros2_21_tutorials/build/learning_service_cpp
[3.619s] -- Install configuration: ""
[3.619s] -- Installing: /home/zhuzeyu/guyueju/ros2_21_tutorials/install/learning_service_cpp/lib/learning_service_cpp/service_adder_server
[3.620s] -- Set runtime path of "/home/zhuzeyu/guyueju/ros2_21_tutorials/install/learning_service_cpp/lib/learning_service_cpp/service_adder_server" to ""
[3.620s] -- Installing: /home/zhuzeyu/guyueju/ros2_21_tutorials/install/learning_service_cpp/lib/learning_service_cpp/service_adder_client
[3.620s] -- Set runtime path of "/home/zhuzeyu/guyueju/ros2_21_tutorials/install/learning_service_cpp/lib/learning_service_cpp/service_adder_client" to ""
[3.620s] -- Up-to-date: /home/zhuzeyu/guyueju/ros2_21_tutorials/install/learning_service_cpp/share/ament_index/resource_index/package_run_dependencies/learning_service_cpp
[3.620s] -- Installing: /home/zhuzeyu/guyueju/ros2_21_tutorials/install/learning_service_cpp/share/ament_index/resource_index/parent_prefix_path/learning_service_cpp
[3.620s] -- Installing: /home/zhuzeyu/guyueju/ros2_21_tutorials/install/learning_service_cpp/share/learning_service_cpp/environment/ament_prefix_path.sh
[3.621s] -- Installing: /home/zhuzeyu/guyueju/ros2_21_tutorials/install/learning_service_cpp/share/learning_service_cpp/environment/ament_prefix_path.dsv
[3.621s] -- Installing: /home/zhuzeyu/guyueju/ros2_21_tutorials/install/learning_service_cpp/share/learning_service_cpp/environment/path.sh
[3.621s] -- Installing: /home/zhuzeyu/guyueju/ros2_21_tutorials/install/learning_service_cpp/share/learning_service_cpp/environment/path.dsv
[3.621s] -- Up-to-date: /home/zhuzeyu/guyueju/ros2_21_tutorials/install/learning_service_cpp/share/learning_service_cpp/local_setup.bash
[3.621s] -- Up-to-date: /home/zhuzeyu/guyueju/ros2_21_tutorials/install/learning_service_cpp/share/learning_service_cpp/local_setup.sh
[3.621s] -- Up-to-date: /home/zhuzeyu/guyueju/ros2_21_tutorials/install/learning_service_cpp/share/learning_service_cpp/local_setup.zsh
[3.621s] -- Installing: /home/zhuzeyu/guyueju/ros2_21_tutorials/install/learning_service_cpp/share/learning_service_cpp/local_setup.dsv
[3.621s] -- Installing: /home/zhuzeyu/guyueju/ros2_21_tutorials/install/learning_service_cpp/share/learning_service_cpp/package.dsv
[3.621s] -- Up-to-date: /home/zhuzeyu/guyueju/ros2_21_tutorials/install/learning_service_cpp/share/ament_index/resource_index/packages/learning_service_cpp
[3.621s] -- Up-to-date: /home/zhuzeyu/guyueju/ros2_21_tutorials/install/learning_service_cpp/share/learning_service_cpp/cmake/learning_service_cppConfig.cmake
[3.621s] -- Up-to-date: /home/zhuzeyu/guyueju/ros2_21_tutorials/install/learning_service_cpp/share/learning_service_cpp/cmake/learning_service_cppConfig-version.cmake
[3.621s] -- Installing: /home/zhuzeyu/guyueju/ros2_21_tutorials/install/learning_service_cpp/share/learning_service_cpp/package.xml
[3.623s] Invoked command in '/home/zhuzeyu/guyueju/ros2_21_tutorials/build/learning_service_cpp' returned '0': CMAKE_PREFIX_PATH=/home/zhuzeyu/guyueju/ros2_21_tutorials/install/learning_interface:/home/zhuzeyu/guyueju/ros2_21_tutorials/install/learning_topic_cpp:/home/zhuzeyu/guyueju/ros2_21_tutorials/install/learning_tf_cpp:/home/zhuzeyu/guyueju/ros2_21_tutorials/install/learning_service_cpp:/home/zhuzeyu/guyueju/ros2_21_tutorials/install/learning_pkg_c:/home/zhuzeyu/guyueju/ros2_21_tutorials/install/learning_parameter_cpp:/home/zhuzeyu/guyueju/ros2_21_tutorials/install/learning_node_cpp:/home/zhuzeyu/guyueju/ros2_21_tutorials/install/learning_action_cpp:/home/zhuzeyu/guyueju/ros2_21_tutorials/install/learning_urdf:/home/zhuzeyu/guyueju/ros2_21_tutorials/install/learning_topic:/home/zhuzeyu/guyueju/ros2_21_tutorials/install/learning_tf:/home/zhuzeyu/guyueju/ros2_21_tutorials/install/learning_service:/home/zhuzeyu/guyueju/ros2_21_tutorials/install/learning_qos:/home/zhuzeyu/guyueju/ros2_21_tutorials/install/learning_pkg_python:/home/zhuzeyu/guyueju/ros2_21_tutorials/install/learning_parameter:/home/zhuzeyu/guyueju/ros2_21_tutorials/install/learning_node:/home/zhuzeyu/guyueju/ros2_21_tutorials/install/learning_launch:/home/zhuzeyu/guyueju/ros2_21_tutorials/install/learning_action:/home/zhuzeyu/guyueju/ros2_21_tutorials/install/learning_gazebo_harmonic:/home/zhuzeyu/guyueju/ros2_21_tutorials/install/learning_gazebo:/home/zhuzeyu/guyueju/ros2_21_tutorials/install/learning_cv:/opt/ros/humble /usr/bin/cmake --install /home/zhuzeyu/guyueju/ros2_21_tutorials/build/learning_service_cpp
