[0.947s] Invoking command in '/home/zhuzeyu/guyueju/ros2_21_tutorials/build/learning_parameter_cpp': CMAKE_PREFIX_PATH=/opt/ros/humble /usr/bin/cmake /home/zhuzeyu/guyueju/ros2_21_tutorials/learning_parameter_cpp -DCMAKE_INSTALL_PREFIX=/home/zhuzeyu/guyueju/ros2_21_tutorials/install/learning_parameter_cpp
[1.917s] -- The C compiler identification is GNU 11.4.0
[1.918s] -- The CXX compiler identification is GNU 11.4.0
[1.918s] -- Detecting C compiler ABI info
[1.918s] -- Detecting C compiler ABI info - done
[1.918s] -- Check for working C compiler: /usr/bin/cc - skipped
[1.918s] -- Detecting C compile features
[1.918s] -- Detecting C compile features - done
[1.919s] -- Detecting CXX compiler ABI info
[1.919s] -- Detecting CXX compiler ABI info - done
[1.919s] -- Check for working CXX compiler: /usr/bin/c++ - skipped
[1.919s] -- Detecting CXX compile features
[1.919s] -- Detecting CXX compile features - done
[1.919s] -- Found ament_cmake: 1.3.14 (/opt/ros/humble/share/ament_cmake/cmake)
[1.919s] -- Found Python3: /usr/bin/python3 (found version "3.10.12") found components: Interpreter 
[1.919s] -- Found rclcpp: 16.0.18 (/opt/ros/humble/share/rclcpp/cmake)
[1.919s] -- Found rosidl_generator_c: 3.1.8 (/opt/ros/humble/share/rosidl_generator_c/cmake)
[1.919s] -- Found rosidl_adapter: 3.1.8 (/opt/ros/humble/share/rosidl_adapter/cmake)
[1.919s] -- Found rosidl_generator_cpp: 3.1.8 (/opt/ros/humble/share/rosidl_generator_cpp/cmake)
[1.919s] -- Using all available rosidl_typesupport_c: rosidl_typesupport_fastrtps_c;rosidl_typesupport_introspection_c
[1.919s] -- Using all available rosidl_typesupport_cpp: rosidl_typesupport_fastrtps_cpp;rosidl_typesupport_introspection_cpp
[1.919s] -- Found rmw_implementation_cmake: 6.1.2 (/opt/ros/humble/share/rmw_implementation_cmake/cmake)
[1.919s] -- Found rmw_fastrtps_cpp: 6.2.10 (/opt/ros/humble/share/rmw_fastrtps_cpp/cmake)
[1.919s] -- Found OpenSSL: /usr/lib/x86_64-linux-gnu/libcrypto.so (found version "3.0.2")  
[1.919s] -- Found FastRTPS: /opt/ros/humble/include  
[1.919s] -- Using RMW implementation 'rmw_fastrtps_cpp' as default
[1.919s] -- Looking for pthread.h
[1.919s] -- Looking for pthread.h - found
[1.919s] -- Performing Test CMAKE_HAVE_LIBC_PTHREAD
[1.919s] -- Performing Test CMAKE_HAVE_LIBC_PTHREAD - Success
[1.919s] -- Found Threads: TRUE  
[1.919s] -- Found ament_lint_auto: 0.12.15 (/opt/ros/humble/share/ament_lint_auto/cmake)
[1.919s] -- Added test 'cppcheck' to perform static code analysis on C / C++ code
[1.919s] -- Configured cppcheck include dirs: 
[1.919s] -- Configured cppcheck exclude dirs and/or files: 
[1.919s] -- Added test 'lint_cmake' to check CMake code style
[1.919s] -- Added test 'uncrustify' to check C / C++ code style
[1.919s] -- Configured uncrustify additional arguments: 
[1.919s] -- Added test 'xmllint' to check XML markup files
[1.919s] -- Configuring done
[1.920s] -- Generating done
[1.920s] -- Build files have been written to: /home/zhuzeyu/guyueju/ros2_21_tutorials/build/learning_parameter_cpp
[1.926s] Invoked command in '/home/zhuzeyu/guyueju/ros2_21_tutorials/build/learning_parameter_cpp' returned '0': CMAKE_PREFIX_PATH=/opt/ros/humble /usr/bin/cmake /home/zhuzeyu/guyueju/ros2_21_tutorials/learning_parameter_cpp -DCMAKE_INSTALL_PREFIX=/home/zhuzeyu/guyueju/ros2_21_tutorials/install/learning_parameter_cpp
[1.928s] Invoking command in '/home/zhuzeyu/guyueju/ros2_21_tutorials/build/learning_parameter_cpp': CMAKE_PREFIX_PATH=/opt/ros/humble /usr/bin/cmake --build /home/zhuzeyu/guyueju/ros2_21_tutorials/build/learning_parameter_cpp -- -j16 -l16
[1.997s] [ 50%] [32mBuilding CXX object CMakeFiles/param_declare.dir/src/param_declare.cpp.o[0m
[6.904s] [100%] [32m[1mLinking CXX executable param_declare[0m
[7.058s] [100%] Built target param_declare
[7.204s] Invoked command in '/home/zhuzeyu/guyueju/ros2_21_tutorials/build/learning_parameter_cpp' returned '0': CMAKE_PREFIX_PATH=/opt/ros/humble /usr/bin/cmake --build /home/zhuzeyu/guyueju/ros2_21_tutorials/build/learning_parameter_cpp -- -j16 -l16
[7.205s] Invoking command in '/home/zhuzeyu/guyueju/ros2_21_tutorials/build/learning_parameter_cpp': CMAKE_PREFIX_PATH=/opt/ros/humble /usr/bin/cmake --install /home/zhuzeyu/guyueju/ros2_21_tutorials/build/learning_parameter_cpp
[7.214s] -- Install configuration: ""
[7.214s] -- Installing: /home/zhuzeyu/guyueju/ros2_21_tutorials/install/learning_parameter_cpp/lib/learning_parameter_cpp/param_declare
[7.214s] -- Set runtime path of "/home/zhuzeyu/guyueju/ros2_21_tutorials/install/learning_parameter_cpp/lib/learning_parameter_cpp/param_declare" to ""
[7.214s] -- Installing: /home/zhuzeyu/guyueju/ros2_21_tutorials/install/learning_parameter_cpp/share/ament_index/resource_index/package_run_dependencies/learning_parameter_cpp
[7.215s] -- Installing: /home/zhuzeyu/guyueju/ros2_21_tutorials/install/learning_parameter_cpp/share/ament_index/resource_index/parent_prefix_path/learning_parameter_cpp
[7.215s] -- Installing: /home/zhuzeyu/guyueju/ros2_21_tutorials/install/learning_parameter_cpp/share/learning_parameter_cpp/environment/ament_prefix_path.sh
[7.215s] -- Installing: /home/zhuzeyu/guyueju/ros2_21_tutorials/install/learning_parameter_cpp/share/learning_parameter_cpp/environment/ament_prefix_path.dsv
[7.215s] -- Installing: /home/zhuzeyu/guyueju/ros2_21_tutorials/install/learning_parameter_cpp/share/learning_parameter_cpp/environment/path.sh
[7.215s] -- Installing: /home/zhuzeyu/guyueju/ros2_21_tutorials/install/learning_parameter_cpp/share/learning_parameter_cpp/environment/path.dsv
[7.215s] -- Installing: /home/zhuzeyu/guyueju/ros2_21_tutorials/install/learning_parameter_cpp/share/learning_parameter_cpp/local_setup.bash
[7.215s] -- Installing: /home/zhuzeyu/guyueju/ros2_21_tutorials/install/learning_parameter_cpp/share/learning_parameter_cpp/local_setup.sh
[7.215s] -- Installing: /home/zhuzeyu/guyueju/ros2_21_tutorials/install/learning_parameter_cpp/share/learning_parameter_cpp/local_setup.zsh
[7.215s] -- Installing: /home/zhuzeyu/guyueju/ros2_21_tutorials/install/learning_parameter_cpp/share/learning_parameter_cpp/local_setup.dsv
[7.215s] -- Installing: /home/zhuzeyu/guyueju/ros2_21_tutorials/install/learning_parameter_cpp/share/learning_parameter_cpp/package.dsv
[7.215s] -- Installing: /home/zhuzeyu/guyueju/ros2_21_tutorials/install/learning_parameter_cpp/share/ament_index/resource_index/packages/learning_parameter_cpp
[7.215s] -- Installing: /home/zhuzeyu/guyueju/ros2_21_tutorials/install/learning_parameter_cpp/share/learning_parameter_cpp/cmake/learning_parameter_cppConfig.cmake
[7.215s] -- Installing: /home/zhuzeyu/guyueju/ros2_21_tutorials/install/learning_parameter_cpp/share/learning_parameter_cpp/cmake/learning_parameter_cppConfig-version.cmake
[7.215s] -- Installing: /home/zhuzeyu/guyueju/ros2_21_tutorials/install/learning_parameter_cpp/share/learning_parameter_cpp/package.xml
[7.218s] Invoked command in '/home/zhuzeyu/guyueju/ros2_21_tutorials/build/learning_parameter_cpp' returned '0': CMAKE_PREFIX_PATH=/opt/ros/humble /usr/bin/cmake --install /home/zhuzeyu/guyueju/ros2_21_tutorials/build/learning_parameter_cpp
