[0.345s] Invoking command in '/home/zhuzeyu/guyueju/ros2_21_tutorials/build/learning_service_cpp': AMENT_PREFIX_PATH=/home/zhuzeyu/guyueju/ros2_21_tutorials/install/learning_interface:${AMENT_PREFIX_PATH} CMAKE_PREFIX_PATH=/home/zhuzeyu/guyueju/ros2_21_tutorials/install/learning_interface:/opt/ros/humble LD_LIBRARY_PATH=/home/zhuzeyu/guyueju/ros2_21_tutorials/install/learning_interface/lib:${LD_LIBRARY_PATH} PYTHONPATH=/home/zhuzeyu/guyueju/ros2_21_tutorials/install/learning_interface/local/lib/python3.10/dist-packages:${PYTHONPATH} /usr/bin/cmake --build /home/zhuzeyu/guyueju/ros2_21_tutorials/build/learning_service_cpp -- -j16 -l16
[0.396s] [ 50%] Built target service_adder_server
[0.397s] [100%] Built target service_adder_client
[0.571s] Invoked command in '/home/zhuzeyu/guyueju/ros2_21_tutorials/build/learning_service_cpp' returned '0': AMENT_PREFIX_PATH=/home/zhuzeyu/guyueju/ros2_21_tutorials/install/learning_interface:${AMENT_PREFIX_PATH} CMAKE_PREFIX_PATH=/home/zhuzeyu/guyueju/ros2_21_tutorials/install/learning_interface:/opt/ros/humble LD_LIBRARY_PATH=/home/zhuzeyu/guyueju/ros2_21_tutorials/install/learning_interface/lib:${LD_LIBRARY_PATH} PYTHONPATH=/home/zhuzeyu/guyueju/ros2_21_tutorials/install/learning_interface/local/lib/python3.10/dist-packages:${PYTHONPATH} /usr/bin/cmake --build /home/zhuzeyu/guyueju/ros2_21_tutorials/build/learning_service_cpp -- -j16 -l16
[0.577s] Invoking command in '/home/zhuzeyu/guyueju/ros2_21_tutorials/build/learning_service_cpp': AMENT_PREFIX_PATH=/home/zhuzeyu/guyueju/ros2_21_tutorials/install/learning_interface:${AMENT_PREFIX_PATH} CMAKE_PREFIX_PATH=/home/zhuzeyu/guyueju/ros2_21_tutorials/install/learning_interface:/opt/ros/humble LD_LIBRARY_PATH=/home/zhuzeyu/guyueju/ros2_21_tutorials/install/learning_interface/lib:${LD_LIBRARY_PATH} PYTHONPATH=/home/zhuzeyu/guyueju/ros2_21_tutorials/install/learning_interface/local/lib/python3.10/dist-packages:${PYTHONPATH} /usr/bin/cmake --install /home/zhuzeyu/guyueju/ros2_21_tutorials/build/learning_service_cpp
[0.722s] -- Install configuration: ""
[0.722s] -- Up-to-date: /home/zhuzeyu/guyueju/ros2_21_tutorials/install/learning_service_cpp/lib/learning_service_cpp/service_adder_server
[0.723s] -- Up-to-date: /home/zhuzeyu/guyueju/ros2_21_tutorials/install/learning_service_cpp/lib/learning_service_cpp/service_adder_client
[0.723s] -- Up-to-date: /home/zhuzeyu/guyueju/ros2_21_tutorials/install/learning_service_cpp/share/ament_index/resource_index/package_run_dependencies/learning_service_cpp
[0.724s] -- Up-to-date: /home/zhuzeyu/guyueju/ros2_21_tutorials/install/learning_service_cpp/share/ament_index/resource_index/parent_prefix_path/learning_service_cpp
[0.724s] -- Up-to-date: /home/zhuzeyu/guyueju/ros2_21_tutorials/install/learning_service_cpp/share/learning_service_cpp/environment/ament_prefix_path.sh
[0.724s] -- Up-to-date: /home/zhuzeyu/guyueju/ros2_21_tutorials/install/learning_service_cpp/share/learning_service_cpp/environment/ament_prefix_path.dsv
[0.724s] -- Up-to-date: /home/zhuzeyu/guyueju/ros2_21_tutorials/install/learning_service_cpp/share/learning_service_cpp/environment/path.sh
[0.724s] -- Up-to-date: /home/zhuzeyu/guyueju/ros2_21_tutorials/install/learning_service_cpp/share/learning_service_cpp/environment/path.dsv
[0.724s] -- Up-to-date: /home/zhuzeyu/guyueju/ros2_21_tutorials/install/learning_service_cpp/share/learning_service_cpp/local_setup.bash
[0.724s] -- Up-to-date: /home/zhuzeyu/guyueju/ros2_21_tutorials/install/learning_service_cpp/share/learning_service_cpp/local_setup.sh
[0.724s] -- Up-to-date: /home/zhuzeyu/guyueju/ros2_21_tutorials/install/learning_service_cpp/share/learning_service_cpp/local_setup.zsh
[0.724s] -- Up-to-date: /home/zhuzeyu/guyueju/ros2_21_tutorials/install/learning_service_cpp/share/learning_service_cpp/local_setup.dsv
[0.724s] -- Installing: /home/zhuzeyu/guyueju/ros2_21_tutorials/install/learning_service_cpp/share/learning_service_cpp/package.dsv
[0.724s] -- Up-to-date: /home/zhuzeyu/guyueju/ros2_21_tutorials/install/learning_service_cpp/share/ament_index/resource_index/packages/learning_service_cpp
[0.724s] -- Up-to-date: /home/zhuzeyu/guyueju/ros2_21_tutorials/install/learning_service_cpp/share/learning_service_cpp/cmake/learning_service_cppConfig.cmake
[0.724s] -- Up-to-date: /home/zhuzeyu/guyueju/ros2_21_tutorials/install/learning_service_cpp/share/learning_service_cpp/cmake/learning_service_cppConfig-version.cmake
[0.724s] -- Up-to-date: /home/zhuzeyu/guyueju/ros2_21_tutorials/install/learning_service_cpp/share/learning_service_cpp/package.xml
[0.724s] Invoked command in '/home/zhuzeyu/guyueju/ros2_21_tutorials/build/learning_service_cpp' returned '0': AMENT_PREFIX_PATH=/home/zhuzeyu/guyueju/ros2_21_tutorials/install/learning_interface:${AMENT_PREFIX_PATH} CMAKE_PREFIX_PATH=/home/zhuzeyu/guyueju/ros2_21_tutorials/install/learning_interface:/opt/ros/humble LD_LIBRARY_PATH=/home/zhuzeyu/guyueju/ros2_21_tutorials/install/learning_interface/lib:${LD_LIBRARY_PATH} PYTHONPATH=/home/zhuzeyu/guyueju/ros2_21_tutorials/install/learning_interface/local/lib/python3.10/dist-packages:${PYTHONPATH} /usr/bin/cmake --install /home/zhuzeyu/guyueju/ros2_21_tutorials/build/learning_service_cpp
