/home/zhuzeyu/ROS2-learning/install/python/lib/python3.10/site-packages/python/fishros_python_node.py
/home/zhuzeyu/ROS2-learning/install/python/lib/python3.10/site-packages/python/service_client.py
/home/zhuzeyu/ROS2-learning/install/python/lib/python3.10/site-packages/python/service_node.py
/home/zhuzeyu/ROS2-learning/install/python/lib/python3.10/site-packages/python/__init__.py
/home/zhuzeyu/ROS2-learning/install/python/lib/python3.10/site-packages/python/subscriber_node.py
/home/zhuzeyu/ROS2-learning/install/python/lib/python3.10/site-packages/python/publisher_node.py
/home/zhuzeyu/ROS2-learning/install/python/lib/python3.10/site-packages/python/turtle_control.py
/home/zhuzeyu/ROS2-learning/install/python/lib/python3.10/site-packages/python/__pycache__/fishros_python_node.cpython-310.pyc
/home/zhuzeyu/ROS2-learning/install/python/lib/python3.10/site-packages/python/__pycache__/service_client.cpython-310.pyc
/home/zhuzeyu/ROS2-learning/install/python/lib/python3.10/site-packages/python/__pycache__/service_node.cpython-310.pyc
/home/zhuzeyu/ROS2-learning/install/python/lib/python3.10/site-packages/python/__pycache__/__init__.cpython-310.pyc
/home/zhuzeyu/ROS2-learning/install/python/lib/python3.10/site-packages/python/__pycache__/subscriber_node.cpython-310.pyc
/home/zhuzeyu/ROS2-learning/install/python/lib/python3.10/site-packages/python/__pycache__/publisher_node.cpython-310.pyc
/home/zhuzeyu/ROS2-learning/install/python/lib/python3.10/site-packages/python/__pycache__/turtle_control.cpython-310.pyc
/home/zhuzeyu/ROS2-learning/install/python/share/ament_index/resource_index/packages/python
/home/zhuzeyu/ROS2-learning/install/python/share/python/package.xml
/home/zhuzeyu/ROS2-learning/install/python/lib/python3.10/site-packages/python-0.0.0-py3.10.egg-info/entry_points.txt
/home/zhuzeyu/ROS2-learning/install/python/lib/python3.10/site-packages/python-0.0.0-py3.10.egg-info/PKG-INFO
/home/zhuzeyu/ROS2-learning/install/python/lib/python3.10/site-packages/python-0.0.0-py3.10.egg-info/requires.txt
/home/zhuzeyu/ROS2-learning/install/python/lib/python3.10/site-packages/python-0.0.0-py3.10.egg-info/SOURCES.txt
/home/zhuzeyu/ROS2-learning/install/python/lib/python3.10/site-packages/python-0.0.0-py3.10.egg-info/zip-safe
/home/zhuzeyu/ROS2-learning/install/python/lib/python3.10/site-packages/python-0.0.0-py3.10.egg-info/top_level.txt
/home/zhuzeyu/ROS2-learning/install/python/lib/python3.10/site-packages/python-0.0.0-py3.10.egg-info/dependency_links.txt
/home/zhuzeyu/ROS2-learning/install/python/lib/python/client
/home/zhuzeyu/ROS2-learning/install/python/lib/python/pub
/home/zhuzeyu/ROS2-learning/install/python/lib/python/service
/home/zhuzeyu/ROS2-learning/install/python/lib/python/sub
/home/zhuzeyu/ROS2-learning/install/python/lib/python/turtle
