[0.071s] Invoking command in '/home/zhuzeyu/guyueju/ros2_21_tutorials/build/learning_interface': CMAKE_PREFIX_PATH=/opt/ros/humble /usr/bin/cmake --build /home/zhuzeyu/guyueju/ros2_21_tutorials/build/learning_interface -- -j16 -l16
[1.590s] [  1%] Built target learning_interface__cpp
[1.590s] [  3%] Built target learning_interface__rs
[1.590s] [ 14%] Built target learning_interface__rosidl_generator_c
[1.590s] [ 14%] Built target ament_cmake_python_copy_learning_interface
[1.590s] [ 25%] Built target learning_interface__rosidl_typesupport_c
[1.590s] [ 35%] Built target learning_interface__rosidl_typesupport_cpp
[1.590s] [ 46%] Built target learning_interface__rosidl_typesupport_introspection_cpp
[1.590s] [ 57%] Built target learning_interface__rosidl_typesupport_introspection_c
[1.591s] [ 67%] Built target learning_interface__rosidl_typesupport_fastrtps_cpp
[1.591s] [ 78%] Built target learning_interface__rosidl_typesupport_fastrtps_c
[1.591s] [ 78%] Built target learning_interface
[1.591s] [ 80%] Built target learning_interface__py
[1.591s] [ 89%] Built target learning_interface__rosidl_generator_py
[1.591s] [ 96%] Built target learning_interface__rosidl_typesupport_fastrtps_c__pyext
[1.591s] [ 96%] Built target learning_interface__rosidl_typesupport_introspection_c__pyext
[1.591s] [100%] Built target learning_interface__rosidl_typesupport_c__pyext
[1.591s] running egg_info
[1.591s] writing learning_interface.egg-info/PKG-INFO
[1.591s] writing dependency_links to learning_interface.egg-info/dependency_links.txt
[1.591s] writing top-level names to learning_interface.egg-info/top_level.txt
[1.591s] reading manifest file 'learning_interface.egg-info/SOURCES.txt'
[1.591s] writing manifest file 'learning_interface.egg-info/SOURCES.txt'
[1.591s] [100%] Built target ament_cmake_python_build_learning_interface_egg
[1.602s] Invoked command in '/home/zhuzeyu/guyueju/ros2_21_tutorials/build/learning_interface' returned '0': CMAKE_PREFIX_PATH=/opt/ros/humble /usr/bin/cmake --build /home/zhuzeyu/guyueju/ros2_21_tutorials/build/learning_interface -- -j16 -l16
[1.603s] Invoking command in '/home/zhuzeyu/guyueju/ros2_21_tutorials/build/learning_interface': CMAKE_PREFIX_PATH=/opt/ros/humble /usr/bin/cmake --install /home/zhuzeyu/guyueju/ros2_21_tutorials/build/learning_interface
[1.619s] -- Install configuration: ""
[1.619s] -- Up-to-date: /home/zhuzeyu/guyueju/ros2_21_tutorials/install/learning_interface/share/ament_index/resource_index/rosidl_interfaces/learning_interface
[1.619s] -- Up-to-date: /home/zhuzeyu/guyueju/ros2_21_tutorials/install/learning_interface/include/learning_interface/learning_interface
[1.619s] -- Up-to-date: /home/zhuzeyu/guyueju/ros2_21_tutorials/install/learning_interface/include/learning_interface/learning_interface/msg
[1.619s] -- Up-to-date: /home/zhuzeyu/guyueju/ros2_21_tutorials/install/learning_interface/include/learning_interface/learning_interface/msg/object_position.h
[1.619s] -- Up-to-date: /home/zhuzeyu/guyueju/ros2_21_tutorials/install/learning_interface/include/learning_interface/learning_interface/msg/rosidl_generator_c__visibility_control.h
[1.619s] -- Up-to-date: /home/zhuzeyu/guyueju/ros2_21_tutorials/install/learning_interface/include/learning_interface/learning_interface/msg/detail
[1.619s] -- Up-to-date: /home/zhuzeyu/guyueju/ros2_21_tutorials/install/learning_interface/include/learning_interface/learning_interface/msg/detail/object_position__type_support.h
[1.619s] -- Up-to-date: /home/zhuzeyu/guyueju/ros2_21_tutorials/install/learning_interface/include/learning_interface/learning_interface/msg/detail/object_position__functions.h
[1.619s] -- Up-to-date: /home/zhuzeyu/guyueju/ros2_21_tutorials/install/learning_interface/include/learning_interface/learning_interface/msg/detail/object_position__functions.c
[1.619s] -- Up-to-date: /home/zhuzeyu/guyueju/ros2_21_tutorials/install/learning_interface/include/learning_interface/learning_interface/msg/detail/object_position__struct.h
[1.619s] -- Up-to-date: /home/zhuzeyu/guyueju/ros2_21_tutorials/install/learning_interface/include/learning_interface/learning_interface/action
[1.620s] -- Up-to-date: /home/zhuzeyu/guyueju/ros2_21_tutorials/install/learning_interface/include/learning_interface/learning_interface/action/move_circle.h
[1.620s] -- Up-to-date: /home/zhuzeyu/guyueju/ros2_21_tutorials/install/learning_interface/include/learning_interface/learning_interface/action/detail
[1.620s] -- Up-to-date: /home/zhuzeyu/guyueju/ros2_21_tutorials/install/learning_interface/include/learning_interface/learning_interface/action/detail/move_circle__type_support.h
[1.620s] -- Up-to-date: /home/zhuzeyu/guyueju/ros2_21_tutorials/install/learning_interface/include/learning_interface/learning_interface/action/detail/move_circle__struct.h
[1.620s] -- Up-to-date: /home/zhuzeyu/guyueju/ros2_21_tutorials/install/learning_interface/include/learning_interface/learning_interface/action/detail/move_circle__functions.c
[1.620s] -- Up-to-date: /home/zhuzeyu/guyueju/ros2_21_tutorials/install/learning_interface/include/learning_interface/learning_interface/action/detail/move_circle__functions.h
[1.620s] -- Up-to-date: /home/zhuzeyu/guyueju/ros2_21_tutorials/install/learning_interface/include/learning_interface/learning_interface/srv
[1.620s] -- Up-to-date: /home/zhuzeyu/guyueju/ros2_21_tutorials/install/learning_interface/include/learning_interface/learning_interface/srv/get_object_position.h
[1.620s] -- Up-to-date: /home/zhuzeyu/guyueju/ros2_21_tutorials/install/learning_interface/include/learning_interface/learning_interface/srv/add_two_ints.h
[1.620s] -- Up-to-date: /home/zhuzeyu/guyueju/ros2_21_tutorials/install/learning_interface/include/learning_interface/learning_interface/srv/detail
[1.620s] -- Up-to-date: /home/zhuzeyu/guyueju/ros2_21_tutorials/install/learning_interface/include/learning_interface/learning_interface/srv/detail/get_object_position__struct.h
[1.621s] -- Up-to-date: /home/zhuzeyu/guyueju/ros2_21_tutorials/install/learning_interface/include/learning_interface/learning_interface/srv/detail/get_object_position__functions.h
[1.621s] -- Up-to-date: /home/zhuzeyu/guyueju/ros2_21_tutorials/install/learning_interface/include/learning_interface/learning_interface/srv/detail/add_two_ints__functions.c
[1.621s] -- Up-to-date: /home/zhuzeyu/guyueju/ros2_21_tutorials/install/learning_interface/include/learning_interface/learning_interface/srv/detail/get_object_position__type_support.h
[1.621s] -- Up-to-date: /home/zhuzeyu/guyueju/ros2_21_tutorials/install/learning_interface/include/learning_interface/learning_interface/srv/detail/add_two_ints__functions.h
[1.622s] -- Up-to-date: /home/zhuzeyu/guyueju/ros2_21_tutorials/install/learning_interface/include/learning_interface/learning_interface/srv/detail/add_two_ints__struct.h
[1.622s] -- Up-to-date: /home/zhuzeyu/guyueju/ros2_21_tutorials/install/learning_interface/include/learning_interface/learning_interface/srv/detail/add_two_ints__type_support.h
[1.622s] -- Up-to-date: /home/zhuzeyu/guyueju/ros2_21_tutorials/install/learning_interface/include/learning_interface/learning_interface/srv/detail/get_object_position__functions.c
[1.623s] -- Up-to-date: /home/zhuzeyu/guyueju/ros2_21_tutorials/install/learning_interface/share/learning_interface/environment/library_path.sh
[1.624s] -- Up-to-date: /home/zhuzeyu/guyueju/ros2_21_tutorials/install/learning_interface/share/learning_interface/environment/library_path.dsv
[1.628s] -- Up-to-date: /home/zhuzeyu/guyueju/ros2_21_tutorials/install/learning_interface/lib/liblearning_interface__rosidl_generator_c.so
[1.630s] -- Up-to-date: /home/zhuzeyu/guyueju/ros2_21_tutorials/install/learning_interface/include/learning_interface/learning_interface
[1.630s] -- Up-to-date: /home/zhuzeyu/guyueju/ros2_21_tutorials/install/learning_interface/include/learning_interface/learning_interface/msg
[1.630s] -- Up-to-date: /home/zhuzeyu/guyueju/ros2_21_tutorials/install/learning_interface/include/learning_interface/learning_interface/msg/rosidl_typesupport_fastrtps_c__visibility_control.h
[1.630s] -- Up-to-date: /home/zhuzeyu/guyueju/ros2_21_tutorials/install/learning_interface/include/learning_interface/learning_interface/msg/detail
[1.630s] -- Up-to-date: /home/zhuzeyu/guyueju/ros2_21_tutorials/install/learning_interface/include/learning_interface/learning_interface/msg/detail/object_position__rosidl_typesupport_fastrtps_c.h
[1.630s] -- Up-to-date: /home/zhuzeyu/guyueju/ros2_21_tutorials/install/learning_interface/include/learning_interface/learning_interface/action
[1.630s] -- Up-to-date: /home/zhuzeyu/guyueju/ros2_21_tutorials/install/learning_interface/include/learning_interface/learning_interface/action/detail
[1.631s] -- Up-to-date: /home/zhuzeyu/guyueju/ros2_21_tutorials/install/learning_interface/include/learning_interface/learning_interface/action/detail/move_circle__rosidl_typesupport_fastrtps_c.h
[1.631s] -- Up-to-date: /home/zhuzeyu/guyueju/ros2_21_tutorials/install/learning_interface/include/learning_interface/learning_interface/srv
[1.631s] -- Up-to-date: /home/zhuzeyu/guyueju/ros2_21_tutorials/install/learning_interface/include/learning_interface/learning_interface/srv/detail
[1.631s] -- Up-to-date: /home/zhuzeyu/guyueju/ros2_21_tutorials/install/learning_interface/include/learning_interface/learning_interface/srv/detail/add_two_ints__rosidl_typesupport_fastrtps_c.h
[1.631s] -- Up-to-date: /home/zhuzeyu/guyueju/ros2_21_tutorials/install/learning_interface/include/learning_interface/learning_interface/srv/detail/get_object_position__rosidl_typesupport_fastrtps_c.h
[1.632s] -- Up-to-date: /home/zhuzeyu/guyueju/ros2_21_tutorials/install/learning_interface/lib/liblearning_interface__rosidl_typesupport_fastrtps_c.so
[1.632s] -- Up-to-date: /home/zhuzeyu/guyueju/ros2_21_tutorials/install/learning_interface/include/learning_interface/learning_interface
[1.632s] -- Up-to-date: /home/zhuzeyu/guyueju/ros2_21_tutorials/install/learning_interface/include/learning_interface/learning_interface/msg
[1.633s] -- Up-to-date: /home/zhuzeyu/guyueju/ros2_21_tutorials/install/learning_interface/include/learning_interface/learning_interface/msg/rosidl_typesupport_introspection_c__visibility_control.h
[1.634s] -- Up-to-date: /home/zhuzeyu/guyueju/ros2_21_tutorials/install/learning_interface/include/learning_interface/learning_interface/msg/detail
[1.634s] -- Up-to-date: /home/zhuzeyu/guyueju/ros2_21_tutorials/install/learning_interface/include/learning_interface/learning_interface/msg/detail/object_position__type_support.c
[1.635s] -- Up-to-date: /home/zhuzeyu/guyueju/ros2_21_tutorials/install/learning_interface/include/learning_interface/learning_interface/msg/detail/object_position__rosidl_typesupport_introspection_c.h
[1.635s] -- Up-to-date: /home/zhuzeyu/guyueju/ros2_21_tutorials/install/learning_interface/include/learning_interface/learning_interface/action
[1.635s] -- Up-to-date: /home/zhuzeyu/guyueju/ros2_21_tutorials/install/learning_interface/include/learning_interface/learning_interface/action/detail
[1.635s] -- Up-to-date: /home/zhuzeyu/guyueju/ros2_21_tutorials/install/learning_interface/include/learning_interface/learning_interface/action/detail/move_circle__rosidl_typesupport_introspection_c.h
[1.635s] -- Up-to-date: /home/zhuzeyu/guyueju/ros2_21_tutorials/install/learning_interface/include/learning_interface/learning_interface/action/detail/move_circle__type_support.c
[1.635s] -- Up-to-date: /home/zhuzeyu/guyueju/ros2_21_tutorials/install/learning_interface/include/learning_interface/learning_interface/srv
[1.635s] -- Up-to-date: /home/zhuzeyu/guyueju/ros2_21_tutorials/install/learning_interface/include/learning_interface/learning_interface/srv/detail
[1.635s] -- Up-to-date: /home/zhuzeyu/guyueju/ros2_21_tutorials/install/learning_interface/include/learning_interface/learning_interface/srv/detail/add_two_ints__type_support.c
[1.635s] -- Up-to-date: /home/zhuzeyu/guyueju/ros2_21_tutorials/install/learning_interface/include/learning_interface/learning_interface/srv/detail/get_object_position__rosidl_typesupport_introspection_c.h
[1.636s] -- Up-to-date: /home/zhuzeyu/guyueju/ros2_21_tutorials/install/learning_interface/include/learning_interface/learning_interface/srv/detail/get_object_position__type_support.c
[1.636s] -- Up-to-date: /home/zhuzeyu/guyueju/ros2_21_tutorials/install/learning_interface/include/learning_interface/learning_interface/srv/detail/add_two_ints__rosidl_typesupport_introspection_c.h
[1.636s] -- Up-to-date: /home/zhuzeyu/guyueju/ros2_21_tutorials/install/learning_interface/lib/liblearning_interface__rosidl_typesupport_introspection_c.so
[1.636s] -- Up-to-date: /home/zhuzeyu/guyueju/ros2_21_tutorials/install/learning_interface/lib/liblearning_interface__rosidl_typesupport_c.so
[1.636s] -- Up-to-date: /home/zhuzeyu/guyueju/ros2_21_tutorials/install/learning_interface/include/learning_interface/learning_interface
[1.636s] -- Up-to-date: /home/zhuzeyu/guyueju/ros2_21_tutorials/install/learning_interface/include/learning_interface/learning_interface/msg
[1.636s] -- Up-to-date: /home/zhuzeyu/guyueju/ros2_21_tutorials/install/learning_interface/include/learning_interface/learning_interface/msg/object_position.hpp
[1.636s] -- Up-to-date: /home/zhuzeyu/guyueju/ros2_21_tutorials/install/learning_interface/include/learning_interface/learning_interface/msg/rosidl_generator_cpp__visibility_control.hpp
[1.637s] -- Up-to-date: /home/zhuzeyu/guyueju/ros2_21_tutorials/install/learning_interface/include/learning_interface/learning_interface/msg/detail
[1.637s] -- Up-to-date: /home/zhuzeyu/guyueju/ros2_21_tutorials/install/learning_interface/include/learning_interface/learning_interface/msg/detail/object_position__traits.hpp
[1.637s] -- Up-to-date: /home/zhuzeyu/guyueju/ros2_21_tutorials/install/learning_interface/include/learning_interface/learning_interface/msg/detail/object_position__builder.hpp
[1.637s] -- Up-to-date: /home/zhuzeyu/guyueju/ros2_21_tutorials/install/learning_interface/include/learning_interface/learning_interface/msg/detail/object_position__type_support.hpp
[1.637s] -- Up-to-date: /home/zhuzeyu/guyueju/ros2_21_tutorials/install/learning_interface/include/learning_interface/learning_interface/msg/detail/object_position__struct.hpp
[1.637s] -- Up-to-date: /home/zhuzeyu/guyueju/ros2_21_tutorials/install/learning_interface/include/learning_interface/learning_interface/action
[1.637s] -- Up-to-date: /home/zhuzeyu/guyueju/ros2_21_tutorials/install/learning_interface/include/learning_interface/learning_interface/action/move_circle.hpp
[1.637s] -- Up-to-date: /home/zhuzeyu/guyueju/ros2_21_tutorials/install/learning_interface/include/learning_interface/learning_interface/action/detail
[1.637s] -- Up-to-date: /home/zhuzeyu/guyueju/ros2_21_tutorials/install/learning_interface/include/learning_interface/learning_interface/action/detail/move_circle__builder.hpp
[1.637s] -- Up-to-date: /home/zhuzeyu/guyueju/ros2_21_tutorials/install/learning_interface/include/learning_interface/learning_interface/action/detail/move_circle__type_support.hpp
[1.637s] -- Up-to-date: /home/zhuzeyu/guyueju/ros2_21_tutorials/install/learning_interface/include/learning_interface/learning_interface/action/detail/move_circle__struct.hpp
[1.638s] -- Up-to-date: /home/zhuzeyu/guyueju/ros2_21_tutorials/install/learning_interface/include/learning_interface/learning_interface/action/detail/move_circle__traits.hpp
[1.638s] -- Up-to-date: /home/zhuzeyu/guyueju/ros2_21_tutorials/install/learning_interface/include/learning_interface/learning_interface/srv
[1.638s] -- Up-to-date: /home/zhuzeyu/guyueju/ros2_21_tutorials/install/learning_interface/include/learning_interface/learning_interface/srv/get_object_position.hpp
[1.638s] -- Up-to-date: /home/zhuzeyu/guyueju/ros2_21_tutorials/install/learning_interface/include/learning_interface/learning_interface/srv/detail
[1.638s] -- Up-to-date: /home/zhuzeyu/guyueju/ros2_21_tutorials/install/learning_interface/include/learning_interface/learning_interface/srv/detail/add_two_ints__traits.hpp
[1.638s] -- Up-to-date: /home/zhuzeyu/guyueju/ros2_21_tutorials/install/learning_interface/include/learning_interface/learning_interface/srv/detail/get_object_position__struct.hpp
[1.638s] -- Up-to-date: /home/zhuzeyu/guyueju/ros2_21_tutorials/install/learning_interface/include/learning_interface/learning_interface/srv/detail/add_two_ints__builder.hpp
[1.639s] -- Up-to-date: /home/zhuzeyu/guyueju/ros2_21_tutorials/install/learning_interface/include/learning_interface/learning_interface/srv/detail/add_two_ints__struct.hpp
[1.639s] -- Up-to-date: /home/zhuzeyu/guyueju/ros2_21_tutorials/install/learning_interface/include/learning_interface/learning_interface/srv/detail/add_two_ints__type_support.hpp
[1.639s] -- Up-to-date: /home/zhuzeyu/guyueju/ros2_21_tutorials/install/learning_interface/include/learning_interface/learning_interface/srv/detail/get_object_position__traits.hpp
[1.639s] -- Up-to-date: /home/zhuzeyu/guyueju/ros2_21_tutorials/install/learning_interface/include/learning_interface/learning_interface/srv/detail/get_object_position__type_support.hpp
[1.639s] -- Up-to-date: /home/zhuzeyu/guyueju/ros2_21_tutorials/install/learning_interface/include/learning_interface/learning_interface/srv/detail/get_object_position__builder.hpp
[1.639s] -- Up-to-date: /home/zhuzeyu/guyueju/ros2_21_tutorials/install/learning_interface/include/learning_interface/learning_interface/srv/add_two_ints.hpp
[1.639s] -- Up-to-date: /home/zhuzeyu/guyueju/ros2_21_tutorials/install/learning_interface/include/learning_interface/learning_interface
[1.639s] -- Up-to-date: /home/zhuzeyu/guyueju/ros2_21_tutorials/install/learning_interface/include/learning_interface/learning_interface/msg
[1.639s] -- Up-to-date: /home/zhuzeyu/guyueju/ros2_21_tutorials/install/learning_interface/include/learning_interface/learning_interface/msg/rosidl_typesupport_fastrtps_cpp__visibility_control.h
[1.639s] -- Up-to-date: /home/zhuzeyu/guyueju/ros2_21_tutorials/install/learning_interface/include/learning_interface/learning_interface/msg/detail
[1.641s] -- Up-to-date: /home/zhuzeyu/guyueju/ros2_21_tutorials/install/learning_interface/include/learning_interface/learning_interface/msg/detail/dds_fastrtps
[1.641s] -- Up-to-date: /home/zhuzeyu/guyueju/ros2_21_tutorials/install/learning_interface/include/learning_interface/learning_interface/msg/detail/object_position__rosidl_typesupport_fastrtps_cpp.hpp
[1.641s] -- Up-to-date: /home/zhuzeyu/guyueju/ros2_21_tutorials/install/learning_interface/include/learning_interface/learning_interface/action
[1.641s] -- Up-to-date: /home/zhuzeyu/guyueju/ros2_21_tutorials/install/learning_interface/include/learning_interface/learning_interface/action/detail
[1.641s] -- Up-to-date: /home/zhuzeyu/guyueju/ros2_21_tutorials/install/learning_interface/include/learning_interface/learning_interface/action/detail/dds_fastrtps
[1.641s] -- Up-to-date: /home/zhuzeyu/guyueju/ros2_21_tutorials/install/learning_interface/include/learning_interface/learning_interface/action/detail/move_circle__rosidl_typesupport_fastrtps_cpp.hpp
[1.641s] -- Up-to-date: /home/zhuzeyu/guyueju/ros2_21_tutorials/install/learning_interface/include/learning_interface/learning_interface/srv
[1.641s] -- Up-to-date: /home/zhuzeyu/guyueju/ros2_21_tutorials/install/learning_interface/include/learning_interface/learning_interface/srv/detail
[1.642s] -- Up-to-date: /home/zhuzeyu/guyueju/ros2_21_tutorials/install/learning_interface/include/learning_interface/learning_interface/srv/detail/add_two_ints__rosidl_typesupport_fastrtps_cpp.hpp
[1.642s] -- Up-to-date: /home/zhuzeyu/guyueju/ros2_21_tutorials/install/learning_interface/include/learning_interface/learning_interface/srv/detail/get_object_position__rosidl_typesupport_fastrtps_cpp.hpp
[1.642s] -- Up-to-date: /home/zhuzeyu/guyueju/ros2_21_tutorials/install/learning_interface/include/learning_interface/learning_interface/srv/detail/dds_fastrtps
[1.642s] -- Up-to-date: /home/zhuzeyu/guyueju/ros2_21_tutorials/install/learning_interface/lib/liblearning_interface__rosidl_typesupport_fastrtps_cpp.so
[1.642s] -- Up-to-date: /home/zhuzeyu/guyueju/ros2_21_tutorials/install/learning_interface/include/learning_interface/learning_interface
[1.642s] -- Up-to-date: /home/zhuzeyu/guyueju/ros2_21_tutorials/install/learning_interface/include/learning_interface/learning_interface/msg
[1.642s] -- Up-to-date: /home/zhuzeyu/guyueju/ros2_21_tutorials/install/learning_interface/include/learning_interface/learning_interface/msg/detail
[1.642s] -- Up-to-date: /home/zhuzeyu/guyueju/ros2_21_tutorials/install/learning_interface/include/learning_interface/learning_interface/msg/detail/object_position__type_support.cpp
[1.642s] -- Up-to-date: /home/zhuzeyu/guyueju/ros2_21_tutorials/install/learning_interface/include/learning_interface/learning_interface/msg/detail/object_position__rosidl_typesupport_introspection_cpp.hpp
[1.642s] -- Up-to-date: /home/zhuzeyu/guyueju/ros2_21_tutorials/install/learning_interface/include/learning_interface/learning_interface/action
[1.642s] -- Up-to-date: /home/zhuzeyu/guyueju/ros2_21_tutorials/install/learning_interface/include/learning_interface/learning_interface/action/detail
[1.642s] -- Up-to-date: /home/zhuzeyu/guyueju/ros2_21_tutorials/install/learning_interface/include/learning_interface/learning_interface/action/detail/move_circle__rosidl_typesupport_introspection_cpp.hpp
[1.642s] -- Up-to-date: /home/zhuzeyu/guyueju/ros2_21_tutorials/install/learning_interface/include/learning_interface/learning_interface/action/detail/move_circle__type_support.cpp
[1.642s] -- Up-to-date: /home/zhuzeyu/guyueju/ros2_21_tutorials/install/learning_interface/include/learning_interface/learning_interface/srv
[1.643s] -- Up-to-date: /home/zhuzeyu/guyueju/ros2_21_tutorials/install/learning_interface/include/learning_interface/learning_interface/srv/detail
[1.643s] -- Up-to-date: /home/zhuzeyu/guyueju/ros2_21_tutorials/install/learning_interface/include/learning_interface/learning_interface/srv/detail/get_object_position__rosidl_typesupport_introspection_cpp.hpp
[1.643s] -- Up-to-date: /home/zhuzeyu/guyueju/ros2_21_tutorials/install/learning_interface/include/learning_interface/learning_interface/srv/detail/add_two_ints__type_support.cpp
[1.643s] -- Up-to-date: /home/zhuzeyu/guyueju/ros2_21_tutorials/install/learning_interface/include/learning_interface/learning_interface/srv/detail/get_object_position__type_support.cpp
[1.643s] -- Up-to-date: /home/zhuzeyu/guyueju/ros2_21_tutorials/install/learning_interface/include/learning_interface/learning_interface/srv/detail/add_two_ints__rosidl_typesupport_introspection_cpp.hpp
[1.643s] -- Up-to-date: /home/zhuzeyu/guyueju/ros2_21_tutorials/install/learning_interface/lib/liblearning_interface__rosidl_typesupport_introspection_cpp.so
[1.643s] -- Up-to-date: /home/zhuzeyu/guyueju/ros2_21_tutorials/install/learning_interface/lib/liblearning_interface__rosidl_typesupport_cpp.so
[1.643s] -- Up-to-date: /home/zhuzeyu/guyueju/ros2_21_tutorials/install/learning_interface/share/learning_interface/environment/pythonpath.sh
[1.643s] -- Up-to-date: /home/zhuzeyu/guyueju/ros2_21_tutorials/install/learning_interface/share/learning_interface/environment/pythonpath.dsv
[1.643s] -- Up-to-date: /home/zhuzeyu/guyueju/ros2_21_tutorials/install/learning_interface/local/lib/python3.10/dist-packages/learning_interface-0.0.0-py3.10.egg-info
[1.643s] -- Installing: /home/zhuzeyu/guyueju/ros2_21_tutorials/install/learning_interface/local/lib/python3.10/dist-packages/learning_interface-0.0.0-py3.10.egg-info/PKG-INFO
[1.643s] -- Installing: /home/zhuzeyu/guyueju/ros2_21_tutorials/install/learning_interface/local/lib/python3.10/dist-packages/learning_interface-0.0.0-py3.10.egg-info/SOURCES.txt
[1.643s] -- Installing: /home/zhuzeyu/guyueju/ros2_21_tutorials/install/learning_interface/local/lib/python3.10/dist-packages/learning_interface-0.0.0-py3.10.egg-info/top_level.txt
[1.643s] -- Installing: /home/zhuzeyu/guyueju/ros2_21_tutorials/install/learning_interface/local/lib/python3.10/dist-packages/learning_interface-0.0.0-py3.10.egg-info/dependency_links.txt
[1.644s] -- Up-to-date: /home/zhuzeyu/guyueju/ros2_21_tutorials/install/learning_interface/local/lib/python3.10/dist-packages/learning_interface
[1.644s] -- Up-to-date: /home/zhuzeyu/guyueju/ros2_21_tutorials/install/learning_interface/local/lib/python3.10/dist-packages/learning_interface/_learning_interface_s.ep.rosidl_typesupport_introspection_c.c
[1.644s] -- Up-to-date: /home/zhuzeyu/guyueju/ros2_21_tutorials/install/learning_interface/local/lib/python3.10/dist-packages/learning_interface/__init__.py
[1.644s] -- Up-to-date: /home/zhuzeyu/guyueju/ros2_21_tutorials/install/learning_interface/local/lib/python3.10/dist-packages/learning_interface/learning_interface_s__rosidl_typesupport_fastrtps_c.cpython-310-x86_64-linux-gnu.so
[1.644s] -- Up-to-date: /home/zhuzeyu/guyueju/ros2_21_tutorials/install/learning_interface/local/lib/python3.10/dist-packages/learning_interface/learning_interface_s__rosidl_typesupport_introspection_c.cpython-310-x86_64-linux-gnu.so
[1.644s] -- Up-to-date: /home/zhuzeyu/guyueju/ros2_21_tutorials/install/learning_interface/local/lib/python3.10/dist-packages/learning_interface/_learning_interface_s.ep.rosidl_typesupport_c.c
[1.644s] -- Up-to-date: /home/zhuzeyu/guyueju/ros2_21_tutorials/install/learning_interface/local/lib/python3.10/dist-packages/learning_interface/_learning_interface_s.ep.rosidl_typesupport_fastrtps_c.c
[1.644s] -- Up-to-date: /home/zhuzeyu/guyueju/ros2_21_tutorials/install/learning_interface/local/lib/python3.10/dist-packages/learning_interface/msg
[1.644s] -- Up-to-date: /home/zhuzeyu/guyueju/ros2_21_tutorials/install/learning_interface/local/lib/python3.10/dist-packages/learning_interface/msg/__init__.py
[1.644s] -- Up-to-date: /home/zhuzeyu/guyueju/ros2_21_tutorials/install/learning_interface/local/lib/python3.10/dist-packages/learning_interface/msg/_object_position_s.c
[1.644s] -- Up-to-date: /home/zhuzeyu/guyueju/ros2_21_tutorials/install/learning_interface/local/lib/python3.10/dist-packages/learning_interface/msg/_object_position.py
[1.644s] -- Up-to-date: /home/zhuzeyu/guyueju/ros2_21_tutorials/install/learning_interface/local/lib/python3.10/dist-packages/learning_interface/learning_interface_s__rosidl_typesupport_c.cpython-310-x86_64-linux-gnu.so
[1.644s] -- Up-to-date: /home/zhuzeyu/guyueju/ros2_21_tutorials/install/learning_interface/local/lib/python3.10/dist-packages/learning_interface/action
[1.644s] -- Up-to-date: /home/zhuzeyu/guyueju/ros2_21_tutorials/install/learning_interface/local/lib/python3.10/dist-packages/learning_interface/action/__init__.py
[1.644s] -- Up-to-date: /home/zhuzeyu/guyueju/ros2_21_tutorials/install/learning_interface/local/lib/python3.10/dist-packages/learning_interface/action/_move_circle_s.c
[1.644s] -- Up-to-date: /home/zhuzeyu/guyueju/ros2_21_tutorials/install/learning_interface/local/lib/python3.10/dist-packages/learning_interface/action/_move_circle.py
[1.645s] -- Up-to-date: /home/zhuzeyu/guyueju/ros2_21_tutorials/install/learning_interface/local/lib/python3.10/dist-packages/learning_interface/liblearning_interface__rosidl_generator_py.so
[1.645s] -- Up-to-date: /home/zhuzeyu/guyueju/ros2_21_tutorials/install/learning_interface/local/lib/python3.10/dist-packages/learning_interface/srv
[1.645s] -- Up-to-date: /home/zhuzeyu/guyueju/ros2_21_tutorials/install/learning_interface/local/lib/python3.10/dist-packages/learning_interface/srv/_add_two_ints_s.c
[1.646s] -- Up-to-date: /home/zhuzeyu/guyueju/ros2_21_tutorials/install/learning_interface/local/lib/python3.10/dist-packages/learning_interface/srv/_get_object_position.py
[1.646s] -- Up-to-date: /home/zhuzeyu/guyueju/ros2_21_tutorials/install/learning_interface/local/lib/python3.10/dist-packages/learning_interface/srv/__init__.py
[1.646s] -- Up-to-date: /home/zhuzeyu/guyueju/ros2_21_tutorials/install/learning_interface/local/lib/python3.10/dist-packages/learning_interface/srv/_add_two_ints.py
[1.646s] -- Up-to-date: /home/zhuzeyu/guyueju/ros2_21_tutorials/install/learning_interface/local/lib/python3.10/dist-packages/learning_interface/srv/_get_object_position_s.c
[1.676s] Listing '/home/zhuzeyu/guyueju/ros2_21_tutorials/install/learning_interface/local/lib/python3.10/dist-packages/learning_interface'...
[1.676s] Listing '/home/zhuzeyu/guyueju/ros2_21_tutorials/install/learning_interface/local/lib/python3.10/dist-packages/learning_interface/action'...
[1.676s] Listing '/home/zhuzeyu/guyueju/ros2_21_tutorials/install/learning_interface/local/lib/python3.10/dist-packages/learning_interface/msg'...
[1.676s] Listing '/home/zhuzeyu/guyueju/ros2_21_tutorials/install/learning_interface/local/lib/python3.10/dist-packages/learning_interface/srv'...
[1.676s] -- Up-to-date: /home/zhuzeyu/guyueju/ros2_21_tutorials/install/learning_interface/local/lib/python3.10/dist-packages/learning_interface/learning_interface_s__rosidl_typesupport_fastrtps_c.cpython-310-x86_64-linux-gnu.so
[1.676s] -- Up-to-date: /home/zhuzeyu/guyueju/ros2_21_tutorials/install/learning_interface/local/lib/python3.10/dist-packages/learning_interface/learning_interface_s__rosidl_typesupport_introspection_c.cpython-310-x86_64-linux-gnu.so
[1.676s] -- Up-to-date: /home/zhuzeyu/guyueju/ros2_21_tutorials/install/learning_interface/local/lib/python3.10/dist-packages/learning_interface/learning_interface_s__rosidl_typesupport_c.cpython-310-x86_64-linux-gnu.so
[1.677s] -- Up-to-date: /home/zhuzeyu/guyueju/ros2_21_tutorials/install/learning_interface/lib/liblearning_interface__rosidl_generator_py.so
[1.677s] -- Up-to-date: /home/zhuzeyu/guyueju/ros2_21_tutorials/install/learning_interface/share/ament_index/resource_index/rust_packages/learning_interface
[1.677s] -- Up-to-date: /home/zhuzeyu/guyueju/ros2_21_tutorials/install/learning_interface/share/learning_interface/rust
[1.677s] -- Up-to-date: /home/zhuzeyu/guyueju/ros2_21_tutorials/install/learning_interface/share/learning_interface/rust/build.rs
[1.677s] -- Up-to-date: /home/zhuzeyu/guyueju/ros2_21_tutorials/install/learning_interface/share/learning_interface/rust/src
[1.677s] -- Up-to-date: /home/zhuzeyu/guyueju/ros2_21_tutorials/install/learning_interface/share/learning_interface/rust/src/srv.rs
[1.677s] -- Up-to-date: /home/zhuzeyu/guyueju/ros2_21_tutorials/install/learning_interface/share/learning_interface/rust/src/msg.rs
[1.677s] -- Up-to-date: /home/zhuzeyu/guyueju/ros2_21_tutorials/install/learning_interface/share/learning_interface/rust/src/msg
[1.677s] -- Up-to-date: /home/zhuzeyu/guyueju/ros2_21_tutorials/install/learning_interface/share/learning_interface/rust/src/msg/rmw.rs
[1.677s] -- Up-to-date: /home/zhuzeyu/guyueju/ros2_21_tutorials/install/learning_interface/share/learning_interface/rust/src/lib.rs
[1.677s] -- Up-to-date: /home/zhuzeyu/guyueju/ros2_21_tutorials/install/learning_interface/share/learning_interface/rust/src/action
[1.678s] -- Up-to-date: /home/zhuzeyu/guyueju/ros2_21_tutorials/install/learning_interface/share/learning_interface/rust/src/action/rmw.rs
[1.678s] -- Up-to-date: /home/zhuzeyu/guyueju/ros2_21_tutorials/install/learning_interface/share/learning_interface/rust/src/srv
[1.678s] -- Up-to-date: /home/zhuzeyu/guyueju/ros2_21_tutorials/install/learning_interface/share/learning_interface/rust/src/srv/rmw.rs
[1.678s] -- Up-to-date: /home/zhuzeyu/guyueju/ros2_21_tutorials/install/learning_interface/share/learning_interface/rust/src/action.rs
[1.678s] -- Up-to-date: /home/zhuzeyu/guyueju/ros2_21_tutorials/install/learning_interface/share/learning_interface/rust/Cargo.toml
[1.678s] -- Up-to-date: /home/zhuzeyu/guyueju/ros2_21_tutorials/install/learning_interface/share/learning_interface/msg/ObjectPosition.idl
[1.678s] -- Up-to-date: /home/zhuzeyu/guyueju/ros2_21_tutorials/install/learning_interface/share/learning_interface/srv/AddTwoInts.idl
[1.678s] -- Up-to-date: /home/zhuzeyu/guyueju/ros2_21_tutorials/install/learning_interface/share/learning_interface/srv/GetObjectPosition.idl
[1.678s] -- Up-to-date: /home/zhuzeyu/guyueju/ros2_21_tutorials/install/learning_interface/share/learning_interface/action/MoveCircle.idl
[1.678s] -- Up-to-date: /home/zhuzeyu/guyueju/ros2_21_tutorials/install/learning_interface/share/learning_interface/msg/ObjectPosition.msg
[1.678s] -- Up-to-date: /home/zhuzeyu/guyueju/ros2_21_tutorials/install/learning_interface/share/learning_interface/srv/AddTwoInts.srv
[1.678s] -- Up-to-date: /home/zhuzeyu/guyueju/ros2_21_tutorials/install/learning_interface/share/learning_interface/srv/AddTwoInts_Request.msg
[1.679s] -- Up-to-date: /home/zhuzeyu/guyueju/ros2_21_tutorials/install/learning_interface/share/learning_interface/srv/AddTwoInts_Response.msg
[1.684s] -- Up-to-date: /home/zhuzeyu/guyueju/ros2_21_tutorials/install/learning_interface/share/learning_interface/srv/GetObjectPosition.srv
[1.684s] -- Up-to-date: /home/zhuzeyu/guyueju/ros2_21_tutorials/install/learning_interface/share/learning_interface/srv/GetObjectPosition_Request.msg
[1.684s] -- Up-to-date: /home/zhuzeyu/guyueju/ros2_21_tutorials/install/learning_interface/share/learning_interface/srv/GetObjectPosition_Response.msg
[1.685s] -- Up-to-date: /home/zhuzeyu/guyueju/ros2_21_tutorials/install/learning_interface/share/learning_interface/action/MoveCircle.action
[1.685s] -- Up-to-date: /home/zhuzeyu/guyueju/ros2_21_tutorials/install/learning_interface/share/ament_index/resource_index/package_run_dependencies/learning_interface
[1.685s] -- Up-to-date: /home/zhuzeyu/guyueju/ros2_21_tutorials/install/learning_interface/share/ament_index/resource_index/parent_prefix_path/learning_interface
[1.685s] -- Up-to-date: /home/zhuzeyu/guyueju/ros2_21_tutorials/install/learning_interface/share/learning_interface/environment/ament_prefix_path.sh
[1.686s] -- Up-to-date: /home/zhuzeyu/guyueju/ros2_21_tutorials/install/learning_interface/share/learning_interface/environment/ament_prefix_path.dsv
[1.686s] -- Up-to-date: /home/zhuzeyu/guyueju/ros2_21_tutorials/install/learning_interface/share/learning_interface/environment/path.sh
[1.686s] -- Up-to-date: /home/zhuzeyu/guyueju/ros2_21_tutorials/install/learning_interface/share/learning_interface/environment/path.dsv
[1.687s] -- Up-to-date: /home/zhuzeyu/guyueju/ros2_21_tutorials/install/learning_interface/share/learning_interface/local_setup.bash
[1.687s] -- Up-to-date: /home/zhuzeyu/guyueju/ros2_21_tutorials/install/learning_interface/share/learning_interface/local_setup.sh
[1.687s] -- Up-to-date: /home/zhuzeyu/guyueju/ros2_21_tutorials/install/learning_interface/share/learning_interface/local_setup.zsh
[1.688s] -- Up-to-date: /home/zhuzeyu/guyueju/ros2_21_tutorials/install/learning_interface/share/learning_interface/local_setup.dsv
[1.690s] -- Installing: /home/zhuzeyu/guyueju/ros2_21_tutorials/install/learning_interface/share/learning_interface/package.dsv
[1.690s] -- Up-to-date: /home/zhuzeyu/guyueju/ros2_21_tutorials/install/learning_interface/share/ament_index/resource_index/packages/learning_interface
[1.690s] -- Up-to-date: /home/zhuzeyu/guyueju/ros2_21_tutorials/install/learning_interface/share/learning_interface/cmake/export_learning_interface__rosidl_generator_cExport.cmake
[1.690s] -- Up-to-date: /home/zhuzeyu/guyueju/ros2_21_tutorials/install/learning_interface/share/learning_interface/cmake/export_learning_interface__rosidl_generator_cExport-noconfig.cmake
[1.690s] -- Up-to-date: /home/zhuzeyu/guyueju/ros2_21_tutorials/install/learning_interface/share/learning_interface/cmake/export_learning_interface__rosidl_typesupport_fastrtps_cExport.cmake
[1.690s] -- Up-to-date: /home/zhuzeyu/guyueju/ros2_21_tutorials/install/learning_interface/share/learning_interface/cmake/export_learning_interface__rosidl_typesupport_fastrtps_cExport-noconfig.cmake
[1.691s] -- Up-to-date: /home/zhuzeyu/guyueju/ros2_21_tutorials/install/learning_interface/share/learning_interface/cmake/learning_interface__rosidl_typesupport_introspection_cExport.cmake
[1.691s] -- Up-to-date: /home/zhuzeyu/guyueju/ros2_21_tutorials/install/learning_interface/share/learning_interface/cmake/learning_interface__rosidl_typesupport_introspection_cExport-noconfig.cmake
[1.691s] -- Up-to-date: /home/zhuzeyu/guyueju/ros2_21_tutorials/install/learning_interface/share/learning_interface/cmake/learning_interface__rosidl_typesupport_cExport.cmake
[1.691s] -- Up-to-date: /home/zhuzeyu/guyueju/ros2_21_tutorials/install/learning_interface/share/learning_interface/cmake/learning_interface__rosidl_typesupport_cExport-noconfig.cmake
[1.691s] -- Up-to-date: /home/zhuzeyu/guyueju/ros2_21_tutorials/install/learning_interface/share/learning_interface/cmake/export_learning_interface__rosidl_generator_cppExport.cmake
[1.691s] -- Up-to-date: /home/zhuzeyu/guyueju/ros2_21_tutorials/install/learning_interface/share/learning_interface/cmake/export_learning_interface__rosidl_typesupport_fastrtps_cppExport.cmake
[1.691s] -- Up-to-date: /home/zhuzeyu/guyueju/ros2_21_tutorials/install/learning_interface/share/learning_interface/cmake/export_learning_interface__rosidl_typesupport_fastrtps_cppExport-noconfig.cmake
[1.691s] -- Up-to-date: /home/zhuzeyu/guyueju/ros2_21_tutorials/install/learning_interface/share/learning_interface/cmake/learning_interface__rosidl_typesupport_introspection_cppExport.cmake
[1.691s] -- Up-to-date: /home/zhuzeyu/guyueju/ros2_21_tutorials/install/learning_interface/share/learning_interface/cmake/learning_interface__rosidl_typesupport_introspection_cppExport-noconfig.cmake
[1.691s] -- Up-to-date: /home/zhuzeyu/guyueju/ros2_21_tutorials/install/learning_interface/share/learning_interface/cmake/learning_interface__rosidl_typesupport_cppExport.cmake
[1.691s] -- Up-to-date: /home/zhuzeyu/guyueju/ros2_21_tutorials/install/learning_interface/share/learning_interface/cmake/learning_interface__rosidl_typesupport_cppExport-noconfig.cmake
[1.692s] -- Up-to-date: /home/zhuzeyu/guyueju/ros2_21_tutorials/install/learning_interface/share/learning_interface/cmake/export_learning_interface__rosidl_generator_pyExport.cmake
[1.692s] -- Up-to-date: /home/zhuzeyu/guyueju/ros2_21_tutorials/install/learning_interface/share/learning_interface/cmake/export_learning_interface__rosidl_generator_pyExport-noconfig.cmake
[1.692s] -- Up-to-date: /home/zhuzeyu/guyueju/ros2_21_tutorials/install/learning_interface/share/learning_interface/cmake/rosidl_cmake-extras.cmake
[1.692s] -- Up-to-date: /home/zhuzeyu/guyueju/ros2_21_tutorials/install/learning_interface/share/learning_interface/cmake/ament_cmake_export_dependencies-extras.cmake
[1.692s] -- Up-to-date: /home/zhuzeyu/guyueju/ros2_21_tutorials/install/learning_interface/share/learning_interface/cmake/ament_cmake_export_include_directories-extras.cmake
[1.692s] -- Up-to-date: /home/zhuzeyu/guyueju/ros2_21_tutorials/install/learning_interface/share/learning_interface/cmake/ament_cmake_export_libraries-extras.cmake
[1.692s] -- Up-to-date: /home/zhuzeyu/guyueju/ros2_21_tutorials/install/learning_interface/share/learning_interface/cmake/ament_cmake_export_targets-extras.cmake
[1.693s] -- Up-to-date: /home/zhuzeyu/guyueju/ros2_21_tutorials/install/learning_interface/share/learning_interface/cmake/rosidl_cmake_export_typesupport_targets-extras.cmake
[1.693s] -- Up-to-date: /home/zhuzeyu/guyueju/ros2_21_tutorials/install/learning_interface/share/learning_interface/cmake/rosidl_cmake_export_typesupport_libraries-extras.cmake
[1.696s] -- Up-to-date: /home/zhuzeyu/guyueju/ros2_21_tutorials/install/learning_interface/share/learning_interface/cmake/learning_interfaceConfig.cmake
[1.696s] -- Up-to-date: /home/zhuzeyu/guyueju/ros2_21_tutorials/install/learning_interface/share/learning_interface/cmake/learning_interfaceConfig-version.cmake
[1.696s] -- Up-to-date: /home/zhuzeyu/guyueju/ros2_21_tutorials/install/learning_interface/share/learning_interface/package.xml
[1.780s] Invoked command in '/home/zhuzeyu/guyueju/ros2_21_tutorials/build/learning_interface' returned '0': CMAKE_PREFIX_PATH=/opt/ros/humble /usr/bin/cmake --install /home/zhuzeyu/guyueju/ros2_21_tutorials/build/learning_interface
