[0.106s] Invoking command in '/home/zhuzeyu/guyueju/ros2_21_tutorials/build/learning_interface': CMAKE_PREFIX_PATH=${CMAKE_PREFIX_PATH}:/home/zhuzeyu/guyueju/ros2_21_tutorials/install/learning_urdf:/home/zhuzeyu/guyueju/ros2_21_tutorials/install/learning_topic:/home/zhuzeyu/guyueju/ros2_21_tutorials/install/learning_tf:/home/zhuzeyu/guyueju/ros2_21_tutorials/install/learning_service:/home/zhuzeyu/guyueju/ros2_21_tutorials/install/learning_qos:/home/zhuzeyu/guyueju/ros2_21_tutorials/install/learning_pkg_python:/home/zhuzeyu/guyueju/ros2_21_tutorials/install/learning_parameter:/home/zhuzeyu/guyueju/ros2_21_tutorials/install/learning_node:/home/zhuzeyu/guyueju/ros2_21_tutorials/install/learning_launch:/home/zhuzeyu/guyueju/ros2_21_tutorials/install/learning_action:/home/zhuzeyu/guyueju/ros2_21_tutorials/install/learning_gazebo_harmonic:/home/zhuzeyu/guyueju/ros2_21_tutorials/install/learning_gazebo:/home/zhuzeyu/guyueju/ros2_21_tutorials/install/learning_cv:/opt/ros/humble /usr/bin/cmake --build /home/zhuzeyu/guyueju/ros2_21_tutorials/build/learning_interface -- -j16 -l16
[1.873s] [  1%] Built target learning_interface__cpp
[1.873s] [ 12%] Built target learning_interface__rosidl_generator_c
[1.874s] [ 14%] Built target learning_interface__rs
[1.874s] [ 14%] Built target ament_cmake_python_copy_learning_interface
[1.875s] [ 25%] Built target learning_interface__rosidl_typesupport_introspection_cpp
[1.875s] [ 35%] Built target learning_interface__rosidl_typesupport_c
[1.875s] [ 46%] Built target learning_interface__rosidl_typesupport_cpp
[1.875s] [ 57%] Built target learning_interface__rosidl_typesupport_introspection_c
[1.876s] [ 67%] Built target learning_interface__rosidl_typesupport_fastrtps_cpp
[1.876s] [ 78%] Built target learning_interface__rosidl_typesupport_fastrtps_c
[1.876s] [ 78%] Built target learning_interface
[1.876s] [ 80%] Built target learning_interface__py
[1.876s] [ 89%] Built target learning_interface__rosidl_generator_py
[1.876s] [100%] Built target learning_interface__rosidl_typesupport_introspection_c__pyext
[1.876s] [100%] Built target learning_interface__rosidl_typesupport_c__pyext
[1.877s] [100%] Built target learning_interface__rosidl_typesupport_fastrtps_c__pyext
[1.877s] running egg_info
[1.877s] writing learning_interface.egg-info/PKG-INFO
[1.877s] writing dependency_links to learning_interface.egg-info/dependency_links.txt
[1.877s] writing top-level names to learning_interface.egg-info/top_level.txt
[1.877s] reading manifest file 'learning_interface.egg-info/SOURCES.txt'
[1.877s] writing manifest file 'learning_interface.egg-info/SOURCES.txt'
[1.877s] [100%] Built target ament_cmake_python_build_learning_interface_egg
[2.081s] Invoked command in '/home/zhuzeyu/guyueju/ros2_21_tutorials/build/learning_interface' returned '0': CMAKE_PREFIX_PATH=${CMAKE_PREFIX_PATH}:/home/zhuzeyu/guyueju/ros2_21_tutorials/install/learning_urdf:/home/zhuzeyu/guyueju/ros2_21_tutorials/install/learning_topic:/home/zhuzeyu/guyueju/ros2_21_tutorials/install/learning_tf:/home/zhuzeyu/guyueju/ros2_21_tutorials/install/learning_service:/home/zhuzeyu/guyueju/ros2_21_tutorials/install/learning_qos:/home/zhuzeyu/guyueju/ros2_21_tutorials/install/learning_pkg_python:/home/zhuzeyu/guyueju/ros2_21_tutorials/install/learning_parameter:/home/zhuzeyu/guyueju/ros2_21_tutorials/install/learning_node:/home/zhuzeyu/guyueju/ros2_21_tutorials/install/learning_launch:/home/zhuzeyu/guyueju/ros2_21_tutorials/install/learning_action:/home/zhuzeyu/guyueju/ros2_21_tutorials/install/learning_gazebo_harmonic:/home/zhuzeyu/guyueju/ros2_21_tutorials/install/learning_gazebo:/home/zhuzeyu/guyueju/ros2_21_tutorials/install/learning_cv:/opt/ros/humble /usr/bin/cmake --build /home/zhuzeyu/guyueju/ros2_21_tutorials/build/learning_interface -- -j16 -l16
[2.095s] Invoking command in '/home/zhuzeyu/guyueju/ros2_21_tutorials/build/learning_interface': CMAKE_PREFIX_PATH=${CMAKE_PREFIX_PATH}:/home/zhuzeyu/guyueju/ros2_21_tutorials/install/learning_urdf:/home/zhuzeyu/guyueju/ros2_21_tutorials/install/learning_topic:/home/zhuzeyu/guyueju/ros2_21_tutorials/install/learning_tf:/home/zhuzeyu/guyueju/ros2_21_tutorials/install/learning_service:/home/zhuzeyu/guyueju/ros2_21_tutorials/install/learning_qos:/home/zhuzeyu/guyueju/ros2_21_tutorials/install/learning_pkg_python:/home/zhuzeyu/guyueju/ros2_21_tutorials/install/learning_parameter:/home/zhuzeyu/guyueju/ros2_21_tutorials/install/learning_node:/home/zhuzeyu/guyueju/ros2_21_tutorials/install/learning_launch:/home/zhuzeyu/guyueju/ros2_21_tutorials/install/learning_action:/home/zhuzeyu/guyueju/ros2_21_tutorials/install/learning_gazebo_harmonic:/home/zhuzeyu/guyueju/ros2_21_tutorials/install/learning_gazebo:/home/zhuzeyu/guyueju/ros2_21_tutorials/install/learning_cv:/opt/ros/humble /usr/bin/cmake --install /home/zhuzeyu/guyueju/ros2_21_tutorials/build/learning_interface
[2.108s] -- Install configuration: ""
[2.109s] -- Up-to-date: /home/zhuzeyu/guyueju/ros2_21_tutorials/install/learning_interface/share/ament_index/resource_index/rosidl_interfaces/learning_interface
[2.110s] -- Up-to-date: /home/zhuzeyu/guyueju/ros2_21_tutorials/install/learning_interface/include/learning_interface/learning_interface
[2.110s] -- Up-to-date: /home/zhuzeyu/guyueju/ros2_21_tutorials/install/learning_interface/include/learning_interface/learning_interface/msg
[2.111s] -- Up-to-date: /home/zhuzeyu/guyueju/ros2_21_tutorials/install/learning_interface/include/learning_interface/learning_interface/msg/object_position.h
[2.111s] -- Up-to-date: /home/zhuzeyu/guyueju/ros2_21_tutorials/install/learning_interface/include/learning_interface/learning_interface/msg/rosidl_generator_c__visibility_control.h
[2.111s] -- Up-to-date: /home/zhuzeyu/guyueju/ros2_21_tutorials/install/learning_interface/include/learning_interface/learning_interface/msg/detail
[2.111s] -- Up-to-date: /home/zhuzeyu/guyueju/ros2_21_tutorials/install/learning_interface/include/learning_interface/learning_interface/msg/detail/object_position__type_support.h
[2.111s] -- Up-to-date: /home/zhuzeyu/guyueju/ros2_21_tutorials/install/learning_interface/include/learning_interface/learning_interface/msg/detail/object_position__functions.h
[2.111s] -- Up-to-date: /home/zhuzeyu/guyueju/ros2_21_tutorials/install/learning_interface/include/learning_interface/learning_interface/msg/detail/object_position__functions.c
[2.111s] -- Up-to-date: /home/zhuzeyu/guyueju/ros2_21_tutorials/install/learning_interface/include/learning_interface/learning_interface/msg/detail/object_position__struct.h
[2.112s] -- Up-to-date: /home/zhuzeyu/guyueju/ros2_21_tutorials/install/learning_interface/include/learning_interface/learning_interface/action
[2.112s] -- Up-to-date: /home/zhuzeyu/guyueju/ros2_21_tutorials/install/learning_interface/include/learning_interface/learning_interface/action/move_circle.h
[2.112s] -- Up-to-date: /home/zhuzeyu/guyueju/ros2_21_tutorials/install/learning_interface/include/learning_interface/learning_interface/action/detail
[2.112s] -- Up-to-date: /home/zhuzeyu/guyueju/ros2_21_tutorials/install/learning_interface/include/learning_interface/learning_interface/action/detail/move_circle__type_support.h
[2.112s] -- Up-to-date: /home/zhuzeyu/guyueju/ros2_21_tutorials/install/learning_interface/include/learning_interface/learning_interface/action/detail/move_circle__struct.h
[2.112s] -- Up-to-date: /home/zhuzeyu/guyueju/ros2_21_tutorials/install/learning_interface/include/learning_interface/learning_interface/action/detail/move_circle__functions.c
[2.112s] -- Up-to-date: /home/zhuzeyu/guyueju/ros2_21_tutorials/install/learning_interface/include/learning_interface/learning_interface/action/detail/move_circle__functions.h
[2.112s] -- Up-to-date: /home/zhuzeyu/guyueju/ros2_21_tutorials/install/learning_interface/include/learning_interface/learning_interface/srv
[2.112s] -- Up-to-date: /home/zhuzeyu/guyueju/ros2_21_tutorials/install/learning_interface/include/learning_interface/learning_interface/srv/get_object_position.h
[2.112s] -- Up-to-date: /home/zhuzeyu/guyueju/ros2_21_tutorials/install/learning_interface/include/learning_interface/learning_interface/srv/add_two_ints.h
[2.112s] -- Up-to-date: /home/zhuzeyu/guyueju/ros2_21_tutorials/install/learning_interface/include/learning_interface/learning_interface/srv/detail
[2.112s] -- Up-to-date: /home/zhuzeyu/guyueju/ros2_21_tutorials/install/learning_interface/include/learning_interface/learning_interface/srv/detail/get_object_position__struct.h
[2.112s] -- Up-to-date: /home/zhuzeyu/guyueju/ros2_21_tutorials/install/learning_interface/include/learning_interface/learning_interface/srv/detail/get_object_position__functions.h
[2.112s] -- Up-to-date: /home/zhuzeyu/guyueju/ros2_21_tutorials/install/learning_interface/include/learning_interface/learning_interface/srv/detail/add_two_ints__functions.c
[2.112s] -- Up-to-date: /home/zhuzeyu/guyueju/ros2_21_tutorials/install/learning_interface/include/learning_interface/learning_interface/srv/detail/get_object_position__type_support.h
[2.112s] -- Up-to-date: /home/zhuzeyu/guyueju/ros2_21_tutorials/install/learning_interface/include/learning_interface/learning_interface/srv/detail/add_two_ints__functions.h
[2.113s] -- Up-to-date: /home/zhuzeyu/guyueju/ros2_21_tutorials/install/learning_interface/include/learning_interface/learning_interface/srv/detail/add_two_ints__struct.h
[2.113s] -- Up-to-date: /home/zhuzeyu/guyueju/ros2_21_tutorials/install/learning_interface/include/learning_interface/learning_interface/srv/detail/add_two_ints__type_support.h
[2.113s] -- Up-to-date: /home/zhuzeyu/guyueju/ros2_21_tutorials/install/learning_interface/include/learning_interface/learning_interface/srv/detail/get_object_position__functions.c
[2.114s] -- Up-to-date: /home/zhuzeyu/guyueju/ros2_21_tutorials/install/learning_interface/share/learning_interface/environment/library_path.sh
[2.114s] -- Up-to-date: /home/zhuzeyu/guyueju/ros2_21_tutorials/install/learning_interface/share/learning_interface/environment/library_path.dsv
[2.116s] -- Up-to-date: /home/zhuzeyu/guyueju/ros2_21_tutorials/install/learning_interface/lib/liblearning_interface__rosidl_generator_c.so
[2.117s] -- Up-to-date: /home/zhuzeyu/guyueju/ros2_21_tutorials/install/learning_interface/include/learning_interface/learning_interface
[2.119s] -- Up-to-date: /home/zhuzeyu/guyueju/ros2_21_tutorials/install/learning_interface/include/learning_interface/learning_interface/msg
[2.119s] -- Up-to-date: /home/zhuzeyu/guyueju/ros2_21_tutorials/install/learning_interface/include/learning_interface/learning_interface/msg/rosidl_typesupport_fastrtps_c__visibility_control.h
[2.122s] -- Up-to-date: /home/zhuzeyu/guyueju/ros2_21_tutorials/install/learning_interface/include/learning_interface/learning_interface/msg/detail
[2.123s] -- Up-to-date: /home/zhuzeyu/guyueju/ros2_21_tutorials/install/learning_interface/include/learning_interface/learning_interface/msg/detail/object_position__rosidl_typesupport_fastrtps_c.h
[2.124s] -- Up-to-date: /home/zhuzeyu/guyueju/ros2_21_tutorials/install/learning_interface/include/learning_interface/learning_interface/action
[2.124s] -- Up-to-date: /home/zhuzeyu/guyueju/ros2_21_tutorials/install/learning_interface/include/learning_interface/learning_interface/action/detail
[2.125s] -- Up-to-date: /home/zhuzeyu/guyueju/ros2_21_tutorials/install/learning_interface/include/learning_interface/learning_interface/action/detail/move_circle__rosidl_typesupport_fastrtps_c.h
[2.125s] -- Up-to-date: /home/zhuzeyu/guyueju/ros2_21_tutorials/install/learning_interface/include/learning_interface/learning_interface/srv
[2.125s] -- Up-to-date: /home/zhuzeyu/guyueju/ros2_21_tutorials/install/learning_interface/include/learning_interface/learning_interface/srv/detail
[2.125s] -- Up-to-date: /home/zhuzeyu/guyueju/ros2_21_tutorials/install/learning_interface/include/learning_interface/learning_interface/srv/detail/add_two_ints__rosidl_typesupport_fastrtps_c.h
[2.125s] -- Up-to-date: /home/zhuzeyu/guyueju/ros2_21_tutorials/install/learning_interface/include/learning_interface/learning_interface/srv/detail/get_object_position__rosidl_typesupport_fastrtps_c.h
[2.126s] -- Up-to-date: /home/zhuzeyu/guyueju/ros2_21_tutorials/install/learning_interface/lib/liblearning_interface__rosidl_typesupport_fastrtps_c.so
[2.127s] -- Up-to-date: /home/zhuzeyu/guyueju/ros2_21_tutorials/install/learning_interface/include/learning_interface/learning_interface
[2.128s] -- Up-to-date: /home/zhuzeyu/guyueju/ros2_21_tutorials/install/learning_interface/include/learning_interface/learning_interface/msg
[2.130s] -- Up-to-date: /home/zhuzeyu/guyueju/ros2_21_tutorials/install/learning_interface/include/learning_interface/learning_interface/msg/rosidl_typesupport_introspection_c__visibility_control.h
[2.131s] -- Up-to-date: /home/zhuzeyu/guyueju/ros2_21_tutorials/install/learning_interface/include/learning_interface/learning_interface/msg/detail
[2.137s] -- Up-to-date: /home/zhuzeyu/guyueju/ros2_21_tutorials/install/learning_interface/include/learning_interface/learning_interface/msg/detail/object_position__type_support.c
[2.138s] -- Up-to-date: /home/zhuzeyu/guyueju/ros2_21_tutorials/install/learning_interface/include/learning_interface/learning_interface/msg/detail/object_position__rosidl_typesupport_introspection_c.h
[2.138s] -- Up-to-date: /home/zhuzeyu/guyueju/ros2_21_tutorials/install/learning_interface/include/learning_interface/learning_interface/action
[2.139s] -- Up-to-date: /home/zhuzeyu/guyueju/ros2_21_tutorials/install/learning_interface/include/learning_interface/learning_interface/action/detail
[2.140s] -- Up-to-date: /home/zhuzeyu/guyueju/ros2_21_tutorials/install/learning_interface/include/learning_interface/learning_interface/action/detail/move_circle__rosidl_typesupport_introspection_c.h
[2.140s] -- Up-to-date: /home/zhuzeyu/guyueju/ros2_21_tutorials/install/learning_interface/include/learning_interface/learning_interface/action/detail/move_circle__type_support.c
[2.143s] -- Up-to-date: /home/zhuzeyu/guyueju/ros2_21_tutorials/install/learning_interface/include/learning_interface/learning_interface/srv
[2.146s] -- Up-to-date: /home/zhuzeyu/guyueju/ros2_21_tutorials/install/learning_interface/include/learning_interface/learning_interface/srv/detail
[2.147s] -- Up-to-date: /home/zhuzeyu/guyueju/ros2_21_tutorials/install/learning_interface/include/learning_interface/learning_interface/srv/detail/add_two_ints__type_support.c
[2.147s] -- Up-to-date: /home/zhuzeyu/guyueju/ros2_21_tutorials/install/learning_interface/include/learning_interface/learning_interface/srv/detail/get_object_position__rosidl_typesupport_introspection_c.h
[2.148s] -- Up-to-date: /home/zhuzeyu/guyueju/ros2_21_tutorials/install/learning_interface/include/learning_interface/learning_interface/srv/detail/get_object_position__type_support.c
[2.148s] -- Up-to-date: /home/zhuzeyu/guyueju/ros2_21_tutorials/install/learning_interface/include/learning_interface/learning_interface/srv/detail/add_two_ints__rosidl_typesupport_introspection_c.h
[2.149s] -- Up-to-date: /home/zhuzeyu/guyueju/ros2_21_tutorials/install/learning_interface/lib/liblearning_interface__rosidl_typesupport_introspection_c.so
[2.149s] -- Up-to-date: /home/zhuzeyu/guyueju/ros2_21_tutorials/install/learning_interface/lib/liblearning_interface__rosidl_typesupport_c.so
[2.149s] -- Up-to-date: /home/zhuzeyu/guyueju/ros2_21_tutorials/install/learning_interface/include/learning_interface/learning_interface
[2.149s] -- Up-to-date: /home/zhuzeyu/guyueju/ros2_21_tutorials/install/learning_interface/include/learning_interface/learning_interface/msg
[2.149s] -- Up-to-date: /home/zhuzeyu/guyueju/ros2_21_tutorials/install/learning_interface/include/learning_interface/learning_interface/msg/object_position.hpp
[2.150s] -- Up-to-date: /home/zhuzeyu/guyueju/ros2_21_tutorials/install/learning_interface/include/learning_interface/learning_interface/msg/rosidl_generator_cpp__visibility_control.hpp
[2.150s] -- Up-to-date: /home/zhuzeyu/guyueju/ros2_21_tutorials/install/learning_interface/include/learning_interface/learning_interface/msg/detail
[2.150s] -- Up-to-date: /home/zhuzeyu/guyueju/ros2_21_tutorials/install/learning_interface/include/learning_interface/learning_interface/msg/detail/object_position__traits.hpp
[2.150s] -- Up-to-date: /home/zhuzeyu/guyueju/ros2_21_tutorials/install/learning_interface/include/learning_interface/learning_interface/msg/detail/object_position__builder.hpp
[2.150s] -- Up-to-date: /home/zhuzeyu/guyueju/ros2_21_tutorials/install/learning_interface/include/learning_interface/learning_interface/msg/detail/object_position__type_support.hpp
[2.150s] -- Up-to-date: /home/zhuzeyu/guyueju/ros2_21_tutorials/install/learning_interface/include/learning_interface/learning_interface/msg/detail/object_position__struct.hpp
[2.151s] -- Up-to-date: /home/zhuzeyu/guyueju/ros2_21_tutorials/install/learning_interface/include/learning_interface/learning_interface/action
[2.151s] -- Up-to-date: /home/zhuzeyu/guyueju/ros2_21_tutorials/install/learning_interface/include/learning_interface/learning_interface/action/move_circle.hpp
[2.151s] -- Up-to-date: /home/zhuzeyu/guyueju/ros2_21_tutorials/install/learning_interface/include/learning_interface/learning_interface/action/detail
[2.151s] -- Up-to-date: /home/zhuzeyu/guyueju/ros2_21_tutorials/install/learning_interface/include/learning_interface/learning_interface/action/detail/move_circle__builder.hpp
[2.152s] -- Up-to-date: /home/zhuzeyu/guyueju/ros2_21_tutorials/install/learning_interface/include/learning_interface/learning_interface/action/detail/move_circle__type_support.hpp
[2.152s] -- Up-to-date: /home/zhuzeyu/guyueju/ros2_21_tutorials/install/learning_interface/include/learning_interface/learning_interface/action/detail/move_circle__struct.hpp
[2.152s] -- Up-to-date: /home/zhuzeyu/guyueju/ros2_21_tutorials/install/learning_interface/include/learning_interface/learning_interface/action/detail/move_circle__traits.hpp
[2.152s] -- Up-to-date: /home/zhuzeyu/guyueju/ros2_21_tutorials/install/learning_interface/include/learning_interface/learning_interface/srv
[2.152s] -- Up-to-date: /home/zhuzeyu/guyueju/ros2_21_tutorials/install/learning_interface/include/learning_interface/learning_interface/srv/get_object_position.hpp
[2.153s] -- Up-to-date: /home/zhuzeyu/guyueju/ros2_21_tutorials/install/learning_interface/include/learning_interface/learning_interface/srv/detail
[2.153s] -- Up-to-date: /home/zhuzeyu/guyueju/ros2_21_tutorials/install/learning_interface/include/learning_interface/learning_interface/srv/detail/add_two_ints__traits.hpp
[2.153s] -- Up-to-date: /home/zhuzeyu/guyueju/ros2_21_tutorials/install/learning_interface/include/learning_interface/learning_interface/srv/detail/get_object_position__struct.hpp
[2.153s] -- Up-to-date: /home/zhuzeyu/guyueju/ros2_21_tutorials/install/learning_interface/include/learning_interface/learning_interface/srv/detail/add_two_ints__builder.hpp
[2.153s] -- Up-to-date: /home/zhuzeyu/guyueju/ros2_21_tutorials/install/learning_interface/include/learning_interface/learning_interface/srv/detail/add_two_ints__struct.hpp
[2.154s] -- Up-to-date: /home/zhuzeyu/guyueju/ros2_21_tutorials/install/learning_interface/include/learning_interface/learning_interface/srv/detail/add_two_ints__type_support.hpp
[2.154s] -- Up-to-date: /home/zhuzeyu/guyueju/ros2_21_tutorials/install/learning_interface/include/learning_interface/learning_interface/srv/detail/get_object_position__traits.hpp
[2.155s] -- Up-to-date: /home/zhuzeyu/guyueju/ros2_21_tutorials/install/learning_interface/include/learning_interface/learning_interface/srv/detail/get_object_position__type_support.hpp
[2.155s] -- Up-to-date: /home/zhuzeyu/guyueju/ros2_21_tutorials/install/learning_interface/include/learning_interface/learning_interface/srv/detail/get_object_position__builder.hpp
[2.155s] -- Up-to-date: /home/zhuzeyu/guyueju/ros2_21_tutorials/install/learning_interface/include/learning_interface/learning_interface/srv/add_two_ints.hpp
[2.155s] -- Up-to-date: /home/zhuzeyu/guyueju/ros2_21_tutorials/install/learning_interface/include/learning_interface/learning_interface
[2.155s] -- Up-to-date: /home/zhuzeyu/guyueju/ros2_21_tutorials/install/learning_interface/include/learning_interface/learning_interface/msg
[2.157s] -- Up-to-date: /home/zhuzeyu/guyueju/ros2_21_tutorials/install/learning_interface/include/learning_interface/learning_interface/msg/rosidl_typesupport_fastrtps_cpp__visibility_control.h
[2.157s] -- Up-to-date: /home/zhuzeyu/guyueju/ros2_21_tutorials/install/learning_interface/include/learning_interface/learning_interface/msg/detail
[2.157s] -- Up-to-date: /home/zhuzeyu/guyueju/ros2_21_tutorials/install/learning_interface/include/learning_interface/learning_interface/msg/detail/dds_fastrtps
[2.158s] -- Up-to-date: /home/zhuzeyu/guyueju/ros2_21_tutorials/install/learning_interface/include/learning_interface/learning_interface/msg/detail/object_position__rosidl_typesupport_fastrtps_cpp.hpp
[2.158s] -- Up-to-date: /home/zhuzeyu/guyueju/ros2_21_tutorials/install/learning_interface/include/learning_interface/learning_interface/action
[2.158s] -- Up-to-date: /home/zhuzeyu/guyueju/ros2_21_tutorials/install/learning_interface/include/learning_interface/learning_interface/action/detail
[2.158s] -- Up-to-date: /home/zhuzeyu/guyueju/ros2_21_tutorials/install/learning_interface/include/learning_interface/learning_interface/action/detail/dds_fastrtps
[2.158s] -- Up-to-date: /home/zhuzeyu/guyueju/ros2_21_tutorials/install/learning_interface/include/learning_interface/learning_interface/action/detail/move_circle__rosidl_typesupport_fastrtps_cpp.hpp
[2.158s] -- Up-to-date: /home/zhuzeyu/guyueju/ros2_21_tutorials/install/learning_interface/include/learning_interface/learning_interface/srv
[2.158s] -- Up-to-date: /home/zhuzeyu/guyueju/ros2_21_tutorials/install/learning_interface/include/learning_interface/learning_interface/srv/detail
[2.158s] -- Up-to-date: /home/zhuzeyu/guyueju/ros2_21_tutorials/install/learning_interface/include/learning_interface/learning_interface/srv/detail/add_two_ints__rosidl_typesupport_fastrtps_cpp.hpp
[2.159s] -- Up-to-date: /home/zhuzeyu/guyueju/ros2_21_tutorials/install/learning_interface/include/learning_interface/learning_interface/srv/detail/get_object_position__rosidl_typesupport_fastrtps_cpp.hpp
[2.159s] -- Up-to-date: /home/zhuzeyu/guyueju/ros2_21_tutorials/install/learning_interface/include/learning_interface/learning_interface/srv/detail/dds_fastrtps
[2.159s] -- Up-to-date: /home/zhuzeyu/guyueju/ros2_21_tutorials/install/learning_interface/lib/liblearning_interface__rosidl_typesupport_fastrtps_cpp.so
[2.159s] -- Up-to-date: /home/zhuzeyu/guyueju/ros2_21_tutorials/install/learning_interface/include/learning_interface/learning_interface
[2.159s] -- Up-to-date: /home/zhuzeyu/guyueju/ros2_21_tutorials/install/learning_interface/include/learning_interface/learning_interface/msg
[2.159s] -- Up-to-date: /home/zhuzeyu/guyueju/ros2_21_tutorials/install/learning_interface/include/learning_interface/learning_interface/msg/detail
[2.159s] -- Up-to-date: /home/zhuzeyu/guyueju/ros2_21_tutorials/install/learning_interface/include/learning_interface/learning_interface/msg/detail/object_position__type_support.cpp
[2.159s] -- Up-to-date: /home/zhuzeyu/guyueju/ros2_21_tutorials/install/learning_interface/include/learning_interface/learning_interface/msg/detail/object_position__rosidl_typesupport_introspection_cpp.hpp
[2.159s] -- Up-to-date: /home/zhuzeyu/guyueju/ros2_21_tutorials/install/learning_interface/include/learning_interface/learning_interface/action
[2.159s] -- Up-to-date: /home/zhuzeyu/guyueju/ros2_21_tutorials/install/learning_interface/include/learning_interface/learning_interface/action/detail
[2.159s] -- Up-to-date: /home/zhuzeyu/guyueju/ros2_21_tutorials/install/learning_interface/include/learning_interface/learning_interface/action/detail/move_circle__rosidl_typesupport_introspection_cpp.hpp
[2.159s] -- Up-to-date: /home/zhuzeyu/guyueju/ros2_21_tutorials/install/learning_interface/include/learning_interface/learning_interface/action/detail/move_circle__type_support.cpp
[2.159s] -- Up-to-date: /home/zhuzeyu/guyueju/ros2_21_tutorials/install/learning_interface/include/learning_interface/learning_interface/srv
[2.159s] -- Up-to-date: /home/zhuzeyu/guyueju/ros2_21_tutorials/install/learning_interface/include/learning_interface/learning_interface/srv/detail
[2.160s] -- Up-to-date: /home/zhuzeyu/guyueju/ros2_21_tutorials/install/learning_interface/include/learning_interface/learning_interface/srv/detail/get_object_position__rosidl_typesupport_introspection_cpp.hpp
[2.161s] -- Up-to-date: /home/zhuzeyu/guyueju/ros2_21_tutorials/install/learning_interface/include/learning_interface/learning_interface/srv/detail/add_two_ints__type_support.cpp
[2.161s] -- Up-to-date: /home/zhuzeyu/guyueju/ros2_21_tutorials/install/learning_interface/include/learning_interface/learning_interface/srv/detail/get_object_position__type_support.cpp
[2.163s] -- Up-to-date: /home/zhuzeyu/guyueju/ros2_21_tutorials/install/learning_interface/include/learning_interface/learning_interface/srv/detail/add_two_ints__rosidl_typesupport_introspection_cpp.hpp
[2.164s] -- Up-to-date: /home/zhuzeyu/guyueju/ros2_21_tutorials/install/learning_interface/lib/liblearning_interface__rosidl_typesupport_introspection_cpp.so
[2.164s] -- Up-to-date: /home/zhuzeyu/guyueju/ros2_21_tutorials/install/learning_interface/lib/liblearning_interface__rosidl_typesupport_cpp.so
[2.165s] -- Up-to-date: /home/zhuzeyu/guyueju/ros2_21_tutorials/install/learning_interface/share/learning_interface/environment/pythonpath.sh
[2.165s] -- Up-to-date: /home/zhuzeyu/guyueju/ros2_21_tutorials/install/learning_interface/share/learning_interface/environment/pythonpath.dsv
[2.165s] -- Up-to-date: /home/zhuzeyu/guyueju/ros2_21_tutorials/install/learning_interface/local/lib/python3.10/dist-packages/learning_interface-0.0.0-py3.10.egg-info
[2.165s] -- Installing: /home/zhuzeyu/guyueju/ros2_21_tutorials/install/learning_interface/local/lib/python3.10/dist-packages/learning_interface-0.0.0-py3.10.egg-info/PKG-INFO
[2.166s] -- Installing: /home/zhuzeyu/guyueju/ros2_21_tutorials/install/learning_interface/local/lib/python3.10/dist-packages/learning_interface-0.0.0-py3.10.egg-info/SOURCES.txt
[2.167s] -- Installing: /home/zhuzeyu/guyueju/ros2_21_tutorials/install/learning_interface/local/lib/python3.10/dist-packages/learning_interface-0.0.0-py3.10.egg-info/top_level.txt
[2.168s] -- Installing: /home/zhuzeyu/guyueju/ros2_21_tutorials/install/learning_interface/local/lib/python3.10/dist-packages/learning_interface-0.0.0-py3.10.egg-info/dependency_links.txt
[2.169s] -- Up-to-date: /home/zhuzeyu/guyueju/ros2_21_tutorials/install/learning_interface/local/lib/python3.10/dist-packages/learning_interface
[2.170s] -- Up-to-date: /home/zhuzeyu/guyueju/ros2_21_tutorials/install/learning_interface/local/lib/python3.10/dist-packages/learning_interface/_learning_interface_s.ep.rosidl_typesupport_introspection_c.c
[2.170s] -- Up-to-date: /home/zhuzeyu/guyueju/ros2_21_tutorials/install/learning_interface/local/lib/python3.10/dist-packages/learning_interface/__init__.py
[2.170s] -- Up-to-date: /home/zhuzeyu/guyueju/ros2_21_tutorials/install/learning_interface/local/lib/python3.10/dist-packages/learning_interface/learning_interface_s__rosidl_typesupport_fastrtps_c.cpython-310-x86_64-linux-gnu.so
[2.170s] -- Up-to-date: /home/zhuzeyu/guyueju/ros2_21_tutorials/install/learning_interface/local/lib/python3.10/dist-packages/learning_interface/learning_interface_s__rosidl_typesupport_introspection_c.cpython-310-x86_64-linux-gnu.so
[2.170s] -- Up-to-date: /home/zhuzeyu/guyueju/ros2_21_tutorials/install/learning_interface/local/lib/python3.10/dist-packages/learning_interface/_learning_interface_s.ep.rosidl_typesupport_c.c
[2.170s] -- Up-to-date: /home/zhuzeyu/guyueju/ros2_21_tutorials/install/learning_interface/local/lib/python3.10/dist-packages/learning_interface/_learning_interface_s.ep.rosidl_typesupport_fastrtps_c.c
[2.170s] -- Up-to-date: /home/zhuzeyu/guyueju/ros2_21_tutorials/install/learning_interface/local/lib/python3.10/dist-packages/learning_interface/msg
[2.170s] -- Up-to-date: /home/zhuzeyu/guyueju/ros2_21_tutorials/install/learning_interface/local/lib/python3.10/dist-packages/learning_interface/msg/__init__.py
[2.170s] -- Up-to-date: /home/zhuzeyu/guyueju/ros2_21_tutorials/install/learning_interface/local/lib/python3.10/dist-packages/learning_interface/msg/_object_position_s.c
[2.170s] -- Up-to-date: /home/zhuzeyu/guyueju/ros2_21_tutorials/install/learning_interface/local/lib/python3.10/dist-packages/learning_interface/msg/_object_position.py
[2.172s] -- Up-to-date: /home/zhuzeyu/guyueju/ros2_21_tutorials/install/learning_interface/local/lib/python3.10/dist-packages/learning_interface/learning_interface_s__rosidl_typesupport_c.cpython-310-x86_64-linux-gnu.so
[2.172s] -- Up-to-date: /home/zhuzeyu/guyueju/ros2_21_tutorials/install/learning_interface/local/lib/python3.10/dist-packages/learning_interface/action
[2.172s] -- Up-to-date: /home/zhuzeyu/guyueju/ros2_21_tutorials/install/learning_interface/local/lib/python3.10/dist-packages/learning_interface/action/__init__.py
[2.172s] -- Up-to-date: /home/zhuzeyu/guyueju/ros2_21_tutorials/install/learning_interface/local/lib/python3.10/dist-packages/learning_interface/action/_move_circle_s.c
[2.173s] -- Up-to-date: /home/zhuzeyu/guyueju/ros2_21_tutorials/install/learning_interface/local/lib/python3.10/dist-packages/learning_interface/action/_move_circle.py
[2.173s] -- Up-to-date: /home/zhuzeyu/guyueju/ros2_21_tutorials/install/learning_interface/local/lib/python3.10/dist-packages/learning_interface/liblearning_interface__rosidl_generator_py.so
[2.173s] -- Up-to-date: /home/zhuzeyu/guyueju/ros2_21_tutorials/install/learning_interface/local/lib/python3.10/dist-packages/learning_interface/srv
[2.173s] -- Up-to-date: /home/zhuzeyu/guyueju/ros2_21_tutorials/install/learning_interface/local/lib/python3.10/dist-packages/learning_interface/srv/_add_two_ints_s.c
[2.173s] -- Up-to-date: /home/zhuzeyu/guyueju/ros2_21_tutorials/install/learning_interface/local/lib/python3.10/dist-packages/learning_interface/srv/_get_object_position.py
[2.173s] -- Up-to-date: /home/zhuzeyu/guyueju/ros2_21_tutorials/install/learning_interface/local/lib/python3.10/dist-packages/learning_interface/srv/__init__.py
[2.173s] -- Up-to-date: /home/zhuzeyu/guyueju/ros2_21_tutorials/install/learning_interface/local/lib/python3.10/dist-packages/learning_interface/srv/_add_two_ints.py
[2.173s] -- Up-to-date: /home/zhuzeyu/guyueju/ros2_21_tutorials/install/learning_interface/local/lib/python3.10/dist-packages/learning_interface/srv/_get_object_position_s.c
[2.197s] Listing '/home/zhuzeyu/guyueju/ros2_21_tutorials/install/learning_interface/local/lib/python3.10/dist-packages/learning_interface'...
[2.197s] Listing '/home/zhuzeyu/guyueju/ros2_21_tutorials/install/learning_interface/local/lib/python3.10/dist-packages/learning_interface/action'...
[2.197s] Listing '/home/zhuzeyu/guyueju/ros2_21_tutorials/install/learning_interface/local/lib/python3.10/dist-packages/learning_interface/msg'...
[2.197s] Listing '/home/zhuzeyu/guyueju/ros2_21_tutorials/install/learning_interface/local/lib/python3.10/dist-packages/learning_interface/srv'...
[2.197s] -- Up-to-date: /home/zhuzeyu/guyueju/ros2_21_tutorials/install/learning_interface/local/lib/python3.10/dist-packages/learning_interface/learning_interface_s__rosidl_typesupport_fastrtps_c.cpython-310-x86_64-linux-gnu.so
[2.198s] -- Up-to-date: /home/zhuzeyu/guyueju/ros2_21_tutorials/install/learning_interface/local/lib/python3.10/dist-packages/learning_interface/learning_interface_s__rosidl_typesupport_introspection_c.cpython-310-x86_64-linux-gnu.so
[2.198s] -- Up-to-date: /home/zhuzeyu/guyueju/ros2_21_tutorials/install/learning_interface/local/lib/python3.10/dist-packages/learning_interface/learning_interface_s__rosidl_typesupport_c.cpython-310-x86_64-linux-gnu.so
[2.198s] -- Up-to-date: /home/zhuzeyu/guyueju/ros2_21_tutorials/install/learning_interface/lib/liblearning_interface__rosidl_generator_py.so
[2.198s] -- Up-to-date: /home/zhuzeyu/guyueju/ros2_21_tutorials/install/learning_interface/share/ament_index/resource_index/rust_packages/learning_interface
[2.198s] -- Up-to-date: /home/zhuzeyu/guyueju/ros2_21_tutorials/install/learning_interface/share/learning_interface/rust
[2.198s] -- Up-to-date: /home/zhuzeyu/guyueju/ros2_21_tutorials/install/learning_interface/share/learning_interface/rust/build.rs
[2.198s] -- Up-to-date: /home/zhuzeyu/guyueju/ros2_21_tutorials/install/learning_interface/share/learning_interface/rust/src
[2.198s] -- Up-to-date: /home/zhuzeyu/guyueju/ros2_21_tutorials/install/learning_interface/share/learning_interface/rust/src/srv.rs
[2.198s] -- Up-to-date: /home/zhuzeyu/guyueju/ros2_21_tutorials/install/learning_interface/share/learning_interface/rust/src/msg.rs
[2.198s] -- Up-to-date: /home/zhuzeyu/guyueju/ros2_21_tutorials/install/learning_interface/share/learning_interface/rust/src/msg
[2.198s] -- Up-to-date: /home/zhuzeyu/guyueju/ros2_21_tutorials/install/learning_interface/share/learning_interface/rust/src/msg/rmw.rs
[2.198s] -- Up-to-date: /home/zhuzeyu/guyueju/ros2_21_tutorials/install/learning_interface/share/learning_interface/rust/src/lib.rs
[2.198s] -- Up-to-date: /home/zhuzeyu/guyueju/ros2_21_tutorials/install/learning_interface/share/learning_interface/rust/src/action
[2.198s] -- Up-to-date: /home/zhuzeyu/guyueju/ros2_21_tutorials/install/learning_interface/share/learning_interface/rust/src/action/rmw.rs
[2.198s] -- Up-to-date: /home/zhuzeyu/guyueju/ros2_21_tutorials/install/learning_interface/share/learning_interface/rust/src/srv
[2.199s] -- Up-to-date: /home/zhuzeyu/guyueju/ros2_21_tutorials/install/learning_interface/share/learning_interface/rust/src/srv/rmw.rs
[2.199s] -- Up-to-date: /home/zhuzeyu/guyueju/ros2_21_tutorials/install/learning_interface/share/learning_interface/rust/src/action.rs
[2.199s] -- Up-to-date: /home/zhuzeyu/guyueju/ros2_21_tutorials/install/learning_interface/share/learning_interface/rust/Cargo.toml
[2.199s] -- Up-to-date: /home/zhuzeyu/guyueju/ros2_21_tutorials/install/learning_interface/share/learning_interface/msg/ObjectPosition.idl
[2.199s] -- Up-to-date: /home/zhuzeyu/guyueju/ros2_21_tutorials/install/learning_interface/share/learning_interface/srv/AddTwoInts.idl
[2.199s] -- Up-to-date: /home/zhuzeyu/guyueju/ros2_21_tutorials/install/learning_interface/share/learning_interface/srv/GetObjectPosition.idl
[2.199s] -- Up-to-date: /home/zhuzeyu/guyueju/ros2_21_tutorials/install/learning_interface/share/learning_interface/action/MoveCircle.idl
[2.199s] -- Up-to-date: /home/zhuzeyu/guyueju/ros2_21_tutorials/install/learning_interface/share/learning_interface/msg/ObjectPosition.msg
[2.199s] -- Up-to-date: /home/zhuzeyu/guyueju/ros2_21_tutorials/install/learning_interface/share/learning_interface/srv/AddTwoInts.srv
[2.199s] -- Up-to-date: /home/zhuzeyu/guyueju/ros2_21_tutorials/install/learning_interface/share/learning_interface/srv/AddTwoInts_Request.msg
[2.199s] -- Up-to-date: /home/zhuzeyu/guyueju/ros2_21_tutorials/install/learning_interface/share/learning_interface/srv/AddTwoInts_Response.msg
[2.199s] -- Up-to-date: /home/zhuzeyu/guyueju/ros2_21_tutorials/install/learning_interface/share/learning_interface/srv/GetObjectPosition.srv
[2.199s] -- Up-to-date: /home/zhuzeyu/guyueju/ros2_21_tutorials/install/learning_interface/share/learning_interface/srv/GetObjectPosition_Request.msg
[2.199s] -- Up-to-date: /home/zhuzeyu/guyueju/ros2_21_tutorials/install/learning_interface/share/learning_interface/srv/GetObjectPosition_Response.msg
[2.199s] -- Up-to-date: /home/zhuzeyu/guyueju/ros2_21_tutorials/install/learning_interface/share/learning_interface/action/MoveCircle.action
[2.199s] -- Up-to-date: /home/zhuzeyu/guyueju/ros2_21_tutorials/install/learning_interface/share/ament_index/resource_index/package_run_dependencies/learning_interface
[2.200s] -- Up-to-date: /home/zhuzeyu/guyueju/ros2_21_tutorials/install/learning_interface/share/ament_index/resource_index/parent_prefix_path/learning_interface
[2.200s] -- Up-to-date: /home/zhuzeyu/guyueju/ros2_21_tutorials/install/learning_interface/share/learning_interface/environment/ament_prefix_path.sh
[2.200s] -- Up-to-date: /home/zhuzeyu/guyueju/ros2_21_tutorials/install/learning_interface/share/learning_interface/environment/ament_prefix_path.dsv
[2.200s] -- Up-to-date: /home/zhuzeyu/guyueju/ros2_21_tutorials/install/learning_interface/share/learning_interface/environment/path.sh
[2.200s] -- Up-to-date: /home/zhuzeyu/guyueju/ros2_21_tutorials/install/learning_interface/share/learning_interface/environment/path.dsv
[2.200s] -- Up-to-date: /home/zhuzeyu/guyueju/ros2_21_tutorials/install/learning_interface/share/learning_interface/local_setup.bash
[2.200s] -- Up-to-date: /home/zhuzeyu/guyueju/ros2_21_tutorials/install/learning_interface/share/learning_interface/local_setup.sh
[2.200s] -- Up-to-date: /home/zhuzeyu/guyueju/ros2_21_tutorials/install/learning_interface/share/learning_interface/local_setup.zsh
[2.201s] -- Up-to-date: /home/zhuzeyu/guyueju/ros2_21_tutorials/install/learning_interface/share/learning_interface/local_setup.dsv
[2.201s] -- Installing: /home/zhuzeyu/guyueju/ros2_21_tutorials/install/learning_interface/share/learning_interface/package.dsv
[2.201s] -- Up-to-date: /home/zhuzeyu/guyueju/ros2_21_tutorials/install/learning_interface/share/ament_index/resource_index/packages/learning_interface
[2.201s] -- Up-to-date: /home/zhuzeyu/guyueju/ros2_21_tutorials/install/learning_interface/share/learning_interface/cmake/export_learning_interface__rosidl_generator_cExport.cmake
[2.201s] -- Up-to-date: /home/zhuzeyu/guyueju/ros2_21_tutorials/install/learning_interface/share/learning_interface/cmake/export_learning_interface__rosidl_generator_cExport-noconfig.cmake
[2.201s] -- Up-to-date: /home/zhuzeyu/guyueju/ros2_21_tutorials/install/learning_interface/share/learning_interface/cmake/export_learning_interface__rosidl_typesupport_fastrtps_cExport.cmake
[2.201s] -- Up-to-date: /home/zhuzeyu/guyueju/ros2_21_tutorials/install/learning_interface/share/learning_interface/cmake/export_learning_interface__rosidl_typesupport_fastrtps_cExport-noconfig.cmake
[2.201s] -- Up-to-date: /home/zhuzeyu/guyueju/ros2_21_tutorials/install/learning_interface/share/learning_interface/cmake/learning_interface__rosidl_typesupport_introspection_cExport.cmake
[2.201s] -- Up-to-date: /home/zhuzeyu/guyueju/ros2_21_tutorials/install/learning_interface/share/learning_interface/cmake/learning_interface__rosidl_typesupport_introspection_cExport-noconfig.cmake
[2.201s] -- Up-to-date: /home/zhuzeyu/guyueju/ros2_21_tutorials/install/learning_interface/share/learning_interface/cmake/learning_interface__rosidl_typesupport_cExport.cmake
[2.201s] -- Up-to-date: /home/zhuzeyu/guyueju/ros2_21_tutorials/install/learning_interface/share/learning_interface/cmake/learning_interface__rosidl_typesupport_cExport-noconfig.cmake
[2.201s] -- Up-to-date: /home/zhuzeyu/guyueju/ros2_21_tutorials/install/learning_interface/share/learning_interface/cmake/export_learning_interface__rosidl_generator_cppExport.cmake
[2.201s] -- Up-to-date: /home/zhuzeyu/guyueju/ros2_21_tutorials/install/learning_interface/share/learning_interface/cmake/export_learning_interface__rosidl_typesupport_fastrtps_cppExport.cmake
[2.201s] -- Up-to-date: /home/zhuzeyu/guyueju/ros2_21_tutorials/install/learning_interface/share/learning_interface/cmake/export_learning_interface__rosidl_typesupport_fastrtps_cppExport-noconfig.cmake
[2.201s] -- Up-to-date: /home/zhuzeyu/guyueju/ros2_21_tutorials/install/learning_interface/share/learning_interface/cmake/learning_interface__rosidl_typesupport_introspection_cppExport.cmake
[2.201s] -- Up-to-date: /home/zhuzeyu/guyueju/ros2_21_tutorials/install/learning_interface/share/learning_interface/cmake/learning_interface__rosidl_typesupport_introspection_cppExport-noconfig.cmake
[2.201s] -- Up-to-date: /home/zhuzeyu/guyueju/ros2_21_tutorials/install/learning_interface/share/learning_interface/cmake/learning_interface__rosidl_typesupport_cppExport.cmake
[2.201s] -- Up-to-date: /home/zhuzeyu/guyueju/ros2_21_tutorials/install/learning_interface/share/learning_interface/cmake/learning_interface__rosidl_typesupport_cppExport-noconfig.cmake
[2.201s] -- Up-to-date: /home/zhuzeyu/guyueju/ros2_21_tutorials/install/learning_interface/share/learning_interface/cmake/export_learning_interface__rosidl_generator_pyExport.cmake
[2.201s] -- Up-to-date: /home/zhuzeyu/guyueju/ros2_21_tutorials/install/learning_interface/share/learning_interface/cmake/export_learning_interface__rosidl_generator_pyExport-noconfig.cmake
[2.202s] -- Up-to-date: /home/zhuzeyu/guyueju/ros2_21_tutorials/install/learning_interface/share/learning_interface/cmake/rosidl_cmake-extras.cmake
[2.202s] -- Up-to-date: /home/zhuzeyu/guyueju/ros2_21_tutorials/install/learning_interface/share/learning_interface/cmake/ament_cmake_export_dependencies-extras.cmake
[2.202s] -- Up-to-date: /home/zhuzeyu/guyueju/ros2_21_tutorials/install/learning_interface/share/learning_interface/cmake/ament_cmake_export_include_directories-extras.cmake
[2.202s] -- Up-to-date: /home/zhuzeyu/guyueju/ros2_21_tutorials/install/learning_interface/share/learning_interface/cmake/ament_cmake_export_libraries-extras.cmake
[2.202s] -- Up-to-date: /home/zhuzeyu/guyueju/ros2_21_tutorials/install/learning_interface/share/learning_interface/cmake/ament_cmake_export_targets-extras.cmake
[2.202s] -- Up-to-date: /home/zhuzeyu/guyueju/ros2_21_tutorials/install/learning_interface/share/learning_interface/cmake/rosidl_cmake_export_typesupport_targets-extras.cmake
[2.202s] -- Up-to-date: /home/zhuzeyu/guyueju/ros2_21_tutorials/install/learning_interface/share/learning_interface/cmake/rosidl_cmake_export_typesupport_libraries-extras.cmake
[2.202s] -- Up-to-date: /home/zhuzeyu/guyueju/ros2_21_tutorials/install/learning_interface/share/learning_interface/cmake/learning_interfaceConfig.cmake
[2.202s] -- Up-to-date: /home/zhuzeyu/guyueju/ros2_21_tutorials/install/learning_interface/share/learning_interface/cmake/learning_interfaceConfig-version.cmake
[2.202s] -- Up-to-date: /home/zhuzeyu/guyueju/ros2_21_tutorials/install/learning_interface/share/learning_interface/package.xml
[2.280s] Invoked command in '/home/zhuzeyu/guyueju/ros2_21_tutorials/build/learning_interface' returned '0': CMAKE_PREFIX_PATH=${CMAKE_PREFIX_PATH}:/home/zhuzeyu/guyueju/ros2_21_tutorials/install/learning_urdf:/home/zhuzeyu/guyueju/ros2_21_tutorials/install/learning_topic:/home/zhuzeyu/guyueju/ros2_21_tutorials/install/learning_tf:/home/zhuzeyu/guyueju/ros2_21_tutorials/install/learning_service:/home/zhuzeyu/guyueju/ros2_21_tutorials/install/learning_qos:/home/zhuzeyu/guyueju/ros2_21_tutorials/install/learning_pkg_python:/home/zhuzeyu/guyueju/ros2_21_tutorials/install/learning_parameter:/home/zhuzeyu/guyueju/ros2_21_tutorials/install/learning_node:/home/zhuzeyu/guyueju/ros2_21_tutorials/install/learning_launch:/home/zhuzeyu/guyueju/ros2_21_tutorials/install/learning_action:/home/zhuzeyu/guyueju/ros2_21_tutorials/install/learning_gazebo_harmonic:/home/zhuzeyu/guyueju/ros2_21_tutorials/install/learning_gazebo:/home/zhuzeyu/guyueju/ros2_21_tutorials/install/learning_cv:/opt/ros/humble /usr/bin/cmake --install /home/zhuzeyu/guyueju/ros2_21_tutorials/build/learning_interface
