[2.665s] Invoking command in '/home/zhuzeyu/guyueju/ros2_21_tutorials/learning_tf': PYTHONPATH=/home/zhuzeyu/guyueju/ros2_21_tutorials/build/learning_tf/prefix_override:/usr/lib/python3/dist-packages/colcon_core/task/python/colcon_distutils_commands:/home/zhuzeyu/guyueju/ros2_21_tutorials/install/learning_tf/lib/python3.10/site-packages:${PYTHONPATH} /usr/bin/python3 -W ignore:setup.py install is deprecated -W ignore:easy_install command is deprecated setup.py egg_info --egg-base ../build/learning_tf build --build-base /home/zhuzeyu/guyueju/ros2_21_tutorials/build/learning_tf/build install --record /home/zhuzeyu/guyueju/ros2_21_tutorials/build/learning_tf/install.log --single-version-externally-managed install_data
[3.019s] running egg_info
[3.019s] writing ../build/learning_tf/learning_tf.egg-info/PKG-INFO
[3.020s] writing dependency_links to ../build/learning_tf/learning_tf.egg-info/dependency_links.txt
[3.020s] writing entry points to ../build/learning_tf/learning_tf.egg-info/entry_points.txt
[3.020s] writing requirements to ../build/learning_tf/learning_tf.egg-info/requires.txt
[3.020s] writing top-level names to ../build/learning_tf/learning_tf.egg-info/top_level.txt
[3.027s] reading manifest file '../build/learning_tf/learning_tf.egg-info/SOURCES.txt'
[3.028s] writing manifest file '../build/learning_tf/learning_tf.egg-info/SOURCES.txt'
[3.028s] running build
[3.028s] running build_py
[3.028s] running install
[3.028s] running install_lib
[3.028s] running install_data
[3.028s] running install_egg_info
[3.030s] removing '/home/zhuzeyu/guyueju/ros2_21_tutorials/install/learning_tf/lib/python3.10/site-packages/learning_tf-0.0.0-py3.10.egg-info' (and everything under it)
[3.032s] Copying ../build/learning_tf/learning_tf.egg-info to /home/zhuzeyu/guyueju/ros2_21_tutorials/install/learning_tf/lib/python3.10/site-packages/learning_tf-0.0.0-py3.10.egg-info
[3.032s] running install_scripts
[3.064s] Installing static_tf_broadcaster script to /home/zhuzeyu/guyueju/ros2_21_tutorials/install/learning_tf/lib/learning_tf
[3.064s] Installing tf_listener script to /home/zhuzeyu/guyueju/ros2_21_tutorials/install/learning_tf/lib/learning_tf
[3.064s] Installing turtle_following script to /home/zhuzeyu/guyueju/ros2_21_tutorials/install/learning_tf/lib/learning_tf
[3.065s] Installing turtle_tf_broadcaster script to /home/zhuzeyu/guyueju/ros2_21_tutorials/install/learning_tf/lib/learning_tf
[3.065s] writing list of installed files to '/home/zhuzeyu/guyueju/ros2_21_tutorials/build/learning_tf/install.log'
[3.097s] Invoked command in '/home/zhuzeyu/guyueju/ros2_21_tutorials/learning_tf' returned '0': PYTHONPATH=/home/zhuzeyu/guyueju/ros2_21_tutorials/build/learning_tf/prefix_override:/usr/lib/python3/dist-packages/colcon_core/task/python/colcon_distutils_commands:/home/zhuzeyu/guyueju/ros2_21_tutorials/install/learning_tf/lib/python3.10/site-packages:${PYTHONPATH} /usr/bin/python3 -W ignore:setup.py install is deprecated -W ignore:easy_install command is deprecated setup.py egg_info --egg-base ../build/learning_tf build --build-base /home/zhuzeyu/guyueju/ros2_21_tutorials/build/learning_tf/build install --record /home/zhuzeyu/guyueju/ros2_21_tutorials/build/learning_tf/install.log --single-version-externally-managed install_data
