[0.067s] Invoking command in '/home/zhuzeyu/guyueju/ros2_21_tutorials/build/learning_interface': CMAKE_PREFIX_PATH=${CMAKE_PREFIX_PATH}:/home/zhuzeyu/guyueju/ros2_21_tutorials/install/learning_urdf:/home/zhuzeyu/guyueju/ros2_21_tutorials/install/learning_topic:/home/zhuzeyu/guyueju/ros2_21_tutorials/install/learning_tf:/home/zhuzeyu/guyueju/ros2_21_tutorials/install/learning_service:/home/zhuzeyu/guyueju/ros2_21_tutorials/install/learning_qos:/home/zhuzeyu/guyueju/ros2_21_tutorials/install/learning_pkg_python:/home/zhuzeyu/guyueju/ros2_21_tutorials/install/learning_parameter:/home/zhuzeyu/guyueju/ros2_21_tutorials/install/learning_node:/home/zhuzeyu/guyueju/ros2_21_tutorials/install/learning_launch:/home/zhuzeyu/guyueju/ros2_21_tutorials/install/learning_action:/home/zhuzeyu/guyueju/ros2_21_tutorials/install/learning_gazebo_harmonic:/home/zhuzeyu/guyueju/ros2_21_tutorials/install/learning_gazebo:/home/zhuzeyu/guyueju/ros2_21_tutorials/install/learning_cv:/opt/ros/humble /usr/bin/cmake --build /home/zhuzeyu/guyueju/ros2_21_tutorials/build/learning_interface -- -j16 -l16
[2.366s] -- Found ament_cmake: 1.3.14 (/opt/ros/humble/share/ament_cmake/cmake)
[2.367s] -- Found rosidl_default_generators: 1.2.1 (/opt/ros/humble/share/rosidl_default_generators/cmake)
[2.367s] -- Using all available rosidl_typesupport_c: rosidl_typesupport_fastrtps_c;rosidl_typesupport_introspection_c
[2.368s] -- Found rosidl_adapter: 3.1.8 (/opt/ros/humble/share/rosidl_adapter/cmake)
[2.368s] -- Using all available rosidl_typesupport_cpp: rosidl_typesupport_fastrtps_cpp;rosidl_typesupport_introspection_cpp
[2.368s] -- Found ament_cmake_ros: 0.10.0 (/opt/ros/humble/share/ament_cmake_ros/cmake)
[2.368s] -- Using all available rosidl_typesupport_c: rosidl_typesupport_fastrtps_c;rosidl_typesupport_introspection_c
[2.368s] -- Using all available rosidl_typesupport_cpp: rosidl_typesupport_fastrtps_cpp;rosidl_typesupport_introspection_cpp
[2.368s] -- Found python_cmake_module: 0.10.0 (/opt/ros/humble/share/python_cmake_module/cmake)
[2.369s] -- Using PYTHON_EXECUTABLE: /usr/bin/python3
[2.369s] -- Using PYTHON_INCLUDE_DIRS: /usr/include/python3.10
[2.369s] -- Using PYTHON_LIBRARIES: /usr/lib/x86_64-linux-gnu/libpython3.10.so
[2.369s] -- Found ament_lint_auto: 0.12.15 (/opt/ros/humble/share/ament_lint_auto/cmake)
[2.369s] -- Added test 'copyright' to check source files copyright and LICENSE
[2.369s] -- Added test 'lint_cmake' to check CMake code style
[2.369s] -- Added test 'xmllint' to check XML markup files
[2.369s] -- Configuring done
[2.369s] -- Generating done
[2.370s] -- Build files have been written to: /home/zhuzeyu/guyueju/ros2_21_tutorials/build/learning_interface
[2.370s] [35m[1mConsolidate compiler generated dependencies of target learning_interface__rosidl_generator_c[0m
[2.370s] [  1%] Built target learning_interface__rs
[2.370s] [  3%] [32mBuilding C object CMakeFiles/learning_interface__rosidl_generator_c.dir/rosidl_generator_c/learning_interface/msg/detail/object_position__functions.c.o[0m
[2.370s] [  5%] [32mBuilding C object CMakeFiles/learning_interface__rosidl_generator_c.dir/rosidl_generator_c/learning_interface/srv/detail/get_object_position__functions.c.o[0m
[2.370s] [  7%] Built target learning_interface__cpp
[2.370s] [  8%] [32mBuilding C object CMakeFiles/learning_interface__rosidl_generator_c.dir/rosidl_generator_c/learning_interface/srv/detail/add_two_ints__functions.c.o[0m
[2.370s] [  8%] Built target ament_cmake_python_copy_learning_interface
[2.370s] [ 10%] [32mBuilding C object CMakeFiles/learning_interface__rosidl_generator_c.dir/rosidl_generator_c/learning_interface/action/detail/move_circle__functions.c.o[0m
[2.370s] [35m[1mConsolidate compiler generated dependencies of target learning_interface__rosidl_typesupport_fastrtps_cpp[0m
[2.371s] [35m[1mConsolidate compiler generated dependencies of target learning_interface__rosidl_typesupport_introspection_cpp[0m
[2.371s] [35m[1mConsolidate compiler generated dependencies of target learning_interface__rosidl_typesupport_cpp[0m
[2.371s] [ 12%] [32mBuilding CXX object CMakeFiles/learning_interface__rosidl_typesupport_introspection_cpp.dir/rosidl_typesupport_introspection_cpp/learning_interface/msg/detail/object_position__type_support.cpp.o[0m
[2.371s] [ 14%] [32mBuilding CXX object CMakeFiles/learning_interface__rosidl_typesupport_cpp.dir/rosidl_typesupport_cpp/learning_interface/msg/object_position__type_support.cpp.o[0m
[2.371s] [ 16%] [32mBuilding CXX object CMakeFiles/learning_interface__rosidl_typesupport_fastrtps_cpp.dir/rosidl_typesupport_fastrtps_cpp/learning_interface/msg/detail/dds_fastrtps/object_position__type_support.cpp.o[0m
[2.372s] [ 17%] [32mBuilding CXX object CMakeFiles/learning_interface__rosidl_typesupport_fastrtps_cpp.dir/rosidl_typesupport_fastrtps_cpp/learning_interface/srv/detail/dds_fastrtps/add_two_ints__type_support.cpp.o[0m
[2.372s] [ 19%] [32mBuilding CXX object CMakeFiles/learning_interface__rosidl_typesupport_introspection_cpp.dir/rosidl_typesupport_introspection_cpp/learning_interface/srv/detail/get_object_position__type_support.cpp.o[0m
[2.373s] [ 21%] [32mBuilding CXX object CMakeFiles/learning_interface__rosidl_typesupport_fastrtps_cpp.dir/rosidl_typesupport_fastrtps_cpp/learning_interface/srv/detail/dds_fastrtps/get_object_position__type_support.cpp.o[0m
[2.373s] [ 23%] [32mBuilding CXX object CMakeFiles/learning_interface__rosidl_typesupport_cpp.dir/rosidl_typesupport_cpp/learning_interface/srv/get_object_position__type_support.cpp.o[0m
[2.374s] [ 25%] [32mBuilding CXX object CMakeFiles/learning_interface__rosidl_typesupport_cpp.dir/rosidl_typesupport_cpp/learning_interface/srv/add_two_ints__type_support.cpp.o[0m
[2.374s] [ 26%] [32mBuilding CXX object CMakeFiles/learning_interface__rosidl_typesupport_fastrtps_cpp.dir/rosidl_typesupport_fastrtps_cpp/learning_interface/action/detail/dds_fastrtps/move_circle__type_support.cpp.o[0m
[2.374s] [ 28%] [32mBuilding CXX object CMakeFiles/learning_interface__rosidl_typesupport_cpp.dir/rosidl_typesupport_cpp/learning_interface/action/move_circle__type_support.cpp.o[0m
[2.374s] [ 30%] [32mBuilding CXX object CMakeFiles/learning_interface__rosidl_typesupport_introspection_cpp.dir/rosidl_typesupport_introspection_cpp/learning_interface/srv/detail/add_two_ints__type_support.cpp.o[0m
[2.374s] [ 32%] [32mBuilding CXX object CMakeFiles/learning_interface__rosidl_typesupport_introspection_cpp.dir/rosidl_typesupport_introspection_cpp/learning_interface/action/detail/move_circle__type_support.cpp.o[0m
[2.374s] [ 33%] [32m[1mLinking C shared library liblearning_interface__rosidl_generator_c.so[0m
[2.374s] [ 35%] Built target learning_interface__rosidl_generator_c
[2.374s] [35m[1mConsolidate compiler generated dependencies of target learning_interface__rosidl_typesupport_fastrtps_c[0m
[2.374s] [35m[1mConsolidate compiler generated dependencies of target learning_interface__rosidl_typesupport_introspection_c[0m
[2.374s] [ 37%] [32mBuilding CXX object CMakeFiles/learning_interface__rosidl_typesupport_fastrtps_c.dir/rosidl_typesupport_fastrtps_c/learning_interface/msg/detail/object_position__type_support_c.cpp.o[0m
[2.374s] [35m[1mConsolidate compiler generated dependencies of target learning_interface__rosidl_typesupport_c[0m
[2.374s] [ 39%] [32mBuilding CXX object CMakeFiles/learning_interface__rosidl_typesupport_c.dir/rosidl_typesupport_c/learning_interface/msg/object_position__type_support.cpp.o[0m
[2.374s] [ 41%] [32mBuilding C object CMakeFiles/learning_interface__rosidl_typesupport_introspection_c.dir/rosidl_typesupport_introspection_c/learning_interface/msg/detail/object_position__type_support.c.o[0m
[2.374s] running egg_info
[2.374s] writing learning_interface.egg-info/PKG-INFO
[2.374s] writing dependency_links to learning_interface.egg-info/dependency_links.txt
[2.375s] writing top-level names to learning_interface.egg-info/top_level.txt
[2.375s] reading manifest file 'learning_interface.egg-info/SOURCES.txt'
[2.375s] writing manifest file 'learning_interface.egg-info/SOURCES.txt'
[2.375s] [ 41%] Built target ament_cmake_python_build_learning_interface_egg
[2.375s] [ 42%] [32mBuilding CXX object CMakeFiles/learning_interface__rosidl_typesupport_c.dir/rosidl_typesupport_c/learning_interface/srv/get_object_position__type_support.cpp.o[0m
[2.375s] [ 44%] [32mBuilding CXX object CMakeFiles/learning_interface__rosidl_typesupport_c.dir/rosidl_typesupport_c/learning_interface/srv/add_two_ints__type_support.cpp.o[0m
[2.375s] [ 46%] [32mBuilding C object CMakeFiles/learning_interface__rosidl_typesupport_introspection_c.dir/rosidl_typesupport_introspection_c/learning_interface/srv/detail/add_two_ints__type_support.c.o[0m
[2.375s] [ 50%] [32mBuilding CXX object CMakeFiles/learning_interface__rosidl_typesupport_c.dir/rosidl_typesupport_c/learning_interface/action/move_circle__type_support.cpp.o[0m
[2.375s] [ 50%] [32mBuilding C object CMakeFiles/learning_interface__rosidl_typesupport_introspection_c.dir/rosidl_typesupport_introspection_c/learning_interface/srv/detail/get_object_position__type_support.c.o[0m
[2.375s] [ 51%] [32mBuilding CXX object CMakeFiles/learning_interface__rosidl_typesupport_fastrtps_c.dir/rosidl_typesupport_fastrtps_c/learning_interface/srv/detail/get_object_position__type_support_c.cpp.o[0m
[2.375s] [ 53%] [32mBuilding C object CMakeFiles/learning_interface__rosidl_typesupport_introspection_c.dir/rosidl_typesupport_introspection_c/learning_interface/action/detail/move_circle__type_support.c.o[0m
[2.375s] [ 55%] [32mBuilding CXX object CMakeFiles/learning_interface__rosidl_typesupport_fastrtps_c.dir/rosidl_typesupport_fastrtps_c/learning_interface/srv/detail/add_two_ints__type_support_c.cpp.o[0m
[2.375s] [ 57%] [32m[1mLinking CXX shared library liblearning_interface__rosidl_typesupport_c.so[0m
[2.375s] [ 58%] [32mBuilding CXX object CMakeFiles/learning_interface__rosidl_typesupport_fastrtps_c.dir/rosidl_typesupport_fastrtps_c/learning_interface/action/detail/move_circle__type_support_c.cpp.o[0m
[2.375s] [ 60%] [32m[1mLinking C shared library liblearning_interface__rosidl_typesupport_introspection_c.so[0m
[2.375s] [ 62%] Built target learning_interface__rosidl_typesupport_c
[2.375s] [ 64%] Built target learning_interface__rosidl_typesupport_introspection_c
[2.375s] [ 66%] [32m[1mLinking CXX shared library liblearning_interface__rosidl_typesupport_cpp.so[0m
[2.375s] [ 67%] [32m[1mLinking CXX shared library liblearning_interface__rosidl_typesupport_introspection_cpp.so[0m
[2.375s] [ 69%] Built target learning_interface__rosidl_typesupport_cpp
[2.375s] [ 71%] [32m[1mLinking CXX shared library liblearning_interface__rosidl_typesupport_fastrtps_cpp.so[0m
[2.375s] [ 73%] Built target learning_interface__rosidl_typesupport_introspection_cpp
[2.375s] [ 75%] Built target learning_interface__rosidl_typesupport_fastrtps_cpp
[2.375s] [ 76%] [32m[1mLinking CXX shared library liblearning_interface__rosidl_typesupport_fastrtps_c.so[0m
[2.375s] [ 78%] Built target learning_interface__rosidl_typesupport_fastrtps_c
[2.375s] [ 78%] Built target learning_interface
[2.375s] [ 80%] Built target learning_interface__py
[2.375s] [35m[1mConsolidate compiler generated dependencies of target learning_interface__rosidl_generator_py[0m
[2.375s] [ 82%] [32mBuilding C object CMakeFiles/learning_interface__rosidl_generator_py.dir/rosidl_generator_py/learning_interface/srv/_get_object_position_s.c.o[0m
[2.375s] [ 83%] [32mBuilding C object CMakeFiles/learning_interface__rosidl_generator_py.dir/rosidl_generator_py/learning_interface/action/_move_circle_s.c.o[0m
[2.375s] [ 85%] [32mBuilding C object CMakeFiles/learning_interface__rosidl_generator_py.dir/rosidl_generator_py/learning_interface/srv/_add_two_ints_s.c.o[0m
[2.375s] [ 87%] [32mBuilding C object CMakeFiles/learning_interface__rosidl_generator_py.dir/rosidl_generator_py/learning_interface/msg/_object_position_s.c.o[0m
[2.468s] [ 89%] [32m[1mLinking C shared library rosidl_generator_py/learning_interface/liblearning_interface__rosidl_generator_py.so[0m
[2.549s] [ 89%] Built target learning_interface__rosidl_generator_py
[2.559s] [35m[1mConsolidate compiler generated dependencies of target learning_interface__rosidl_typesupport_c__pyext[0m
[2.559s] [35m[1mConsolidate compiler generated dependencies of target learning_interface__rosidl_typesupport_introspection_c__pyext[0m
[2.559s] [35m[1mConsolidate compiler generated dependencies of target learning_interface__rosidl_typesupport_fastrtps_c__pyext[0m
[2.570s] [ 91%] [32mBuilding C object CMakeFiles/learning_interface__rosidl_typesupport_introspection_c__pyext.dir/rosidl_generator_py/learning_interface/_learning_interface_s.ep.rosidl_typesupport_introspection_c.c.o[0m
[2.578s] [ 92%] [32mBuilding C object CMakeFiles/learning_interface__rosidl_typesupport_fastrtps_c__pyext.dir/rosidl_generator_py/learning_interface/_learning_interface_s.ep.rosidl_typesupport_fastrtps_c.c.o[0m
[2.594s] [ 94%] [32mBuilding C object CMakeFiles/learning_interface__rosidl_typesupport_c__pyext.dir/rosidl_generator_py/learning_interface/_learning_interface_s.ep.rosidl_typesupport_c.c.o[0m
[2.708s] [ 96%] [32m[1mLinking C shared library rosidl_generator_py/learning_interface/learning_interface_s__rosidl_typesupport_introspection_c.cpython-310-x86_64-linux-gnu.so[0m
[2.754s] [ 98%] [32m[1mLinking C shared library rosidl_generator_py/learning_interface/learning_interface_s__rosidl_typesupport_fastrtps_c.cpython-310-x86_64-linux-gnu.so[0m
[2.758s] [ 98%] Built target learning_interface__rosidl_typesupport_introspection_c__pyext
[2.776s] [ 98%] Built target learning_interface__rosidl_typesupport_fastrtps_c__pyext
[2.789s] [100%] [32m[1mLinking C shared library rosidl_generator_py/learning_interface/learning_interface_s__rosidl_typesupport_c.cpython-310-x86_64-linux-gnu.so[0m
[2.818s] [100%] Built target learning_interface__rosidl_typesupport_c__pyext
[2.835s] Invoked command in '/home/zhuzeyu/guyueju/ros2_21_tutorials/build/learning_interface' returned '0': CMAKE_PREFIX_PATH=${CMAKE_PREFIX_PATH}:/home/zhuzeyu/guyueju/ros2_21_tutorials/install/learning_urdf:/home/zhuzeyu/guyueju/ros2_21_tutorials/install/learning_topic:/home/zhuzeyu/guyueju/ros2_21_tutorials/install/learning_tf:/home/zhuzeyu/guyueju/ros2_21_tutorials/install/learning_service:/home/zhuzeyu/guyueju/ros2_21_tutorials/install/learning_qos:/home/zhuzeyu/guyueju/ros2_21_tutorials/install/learning_pkg_python:/home/zhuzeyu/guyueju/ros2_21_tutorials/install/learning_parameter:/home/zhuzeyu/guyueju/ros2_21_tutorials/install/learning_node:/home/zhuzeyu/guyueju/ros2_21_tutorials/install/learning_launch:/home/zhuzeyu/guyueju/ros2_21_tutorials/install/learning_action:/home/zhuzeyu/guyueju/ros2_21_tutorials/install/learning_gazebo_harmonic:/home/zhuzeyu/guyueju/ros2_21_tutorials/install/learning_gazebo:/home/zhuzeyu/guyueju/ros2_21_tutorials/install/learning_cv:/opt/ros/humble /usr/bin/cmake --build /home/zhuzeyu/guyueju/ros2_21_tutorials/build/learning_interface -- -j16 -l16
[2.835s] Invoking command in '/home/zhuzeyu/guyueju/ros2_21_tutorials/build/learning_interface': CMAKE_PREFIX_PATH=${CMAKE_PREFIX_PATH}:/home/zhuzeyu/guyueju/ros2_21_tutorials/install/learning_urdf:/home/zhuzeyu/guyueju/ros2_21_tutorials/install/learning_topic:/home/zhuzeyu/guyueju/ros2_21_tutorials/install/learning_tf:/home/zhuzeyu/guyueju/ros2_21_tutorials/install/learning_service:/home/zhuzeyu/guyueju/ros2_21_tutorials/install/learning_qos:/home/zhuzeyu/guyueju/ros2_21_tutorials/install/learning_pkg_python:/home/zhuzeyu/guyueju/ros2_21_tutorials/install/learning_parameter:/home/zhuzeyu/guyueju/ros2_21_tutorials/install/learning_node:/home/zhuzeyu/guyueju/ros2_21_tutorials/install/learning_launch:/home/zhuzeyu/guyueju/ros2_21_tutorials/install/learning_action:/home/zhuzeyu/guyueju/ros2_21_tutorials/install/learning_gazebo_harmonic:/home/zhuzeyu/guyueju/ros2_21_tutorials/install/learning_gazebo:/home/zhuzeyu/guyueju/ros2_21_tutorials/install/learning_cv:/opt/ros/humble /usr/bin/cmake --install /home/zhuzeyu/guyueju/ros2_21_tutorials/build/learning_interface
[2.843s] -- Install configuration: ""
[2.844s] -- Up-to-date: /home/zhuzeyu/guyueju/ros2_21_tutorials/install/learning_interface/share/ament_index/resource_index/rosidl_interfaces/learning_interface
[2.844s] -- Up-to-date: /home/zhuzeyu/guyueju/ros2_21_tutorials/install/learning_interface/include/learning_interface/learning_interface
[2.844s] -- Up-to-date: /home/zhuzeyu/guyueju/ros2_21_tutorials/install/learning_interface/include/learning_interface/learning_interface/msg
[2.844s] -- Up-to-date: /home/zhuzeyu/guyueju/ros2_21_tutorials/install/learning_interface/include/learning_interface/learning_interface/msg/object_position.h
[2.844s] -- Up-to-date: /home/zhuzeyu/guyueju/ros2_21_tutorials/install/learning_interface/include/learning_interface/learning_interface/msg/rosidl_generator_c__visibility_control.h
[2.844s] -- Up-to-date: /home/zhuzeyu/guyueju/ros2_21_tutorials/install/learning_interface/include/learning_interface/learning_interface/msg/detail
[2.844s] -- Up-to-date: /home/zhuzeyu/guyueju/ros2_21_tutorials/install/learning_interface/include/learning_interface/learning_interface/msg/detail/object_position__type_support.h
[2.845s] -- Up-to-date: /home/zhuzeyu/guyueju/ros2_21_tutorials/install/learning_interface/include/learning_interface/learning_interface/msg/detail/object_position__functions.h
[2.845s] -- Up-to-date: /home/zhuzeyu/guyueju/ros2_21_tutorials/install/learning_interface/include/learning_interface/learning_interface/msg/detail/object_position__functions.c
[2.845s] -- Up-to-date: /home/zhuzeyu/guyueju/ros2_21_tutorials/install/learning_interface/include/learning_interface/learning_interface/msg/detail/object_position__struct.h
[2.845s] -- Up-to-date: /home/zhuzeyu/guyueju/ros2_21_tutorials/install/learning_interface/include/learning_interface/learning_interface/action
[2.845s] -- Up-to-date: /home/zhuzeyu/guyueju/ros2_21_tutorials/install/learning_interface/include/learning_interface/learning_interface/action/move_circle.h
[2.845s] -- Up-to-date: /home/zhuzeyu/guyueju/ros2_21_tutorials/install/learning_interface/include/learning_interface/learning_interface/action/detail
[2.845s] -- Up-to-date: /home/zhuzeyu/guyueju/ros2_21_tutorials/install/learning_interface/include/learning_interface/learning_interface/action/detail/move_circle__type_support.h
[2.845s] -- Installing: /home/zhuzeyu/guyueju/ros2_21_tutorials/install/learning_interface/include/learning_interface/learning_interface/action/detail/move_circle__struct.h
[2.845s] -- Installing: /home/zhuzeyu/guyueju/ros2_21_tutorials/install/learning_interface/include/learning_interface/learning_interface/action/detail/move_circle__functions.c
[2.845s] -- Installing: /home/zhuzeyu/guyueju/ros2_21_tutorials/install/learning_interface/include/learning_interface/learning_interface/action/detail/move_circle__functions.h
[2.845s] -- Up-to-date: /home/zhuzeyu/guyueju/ros2_21_tutorials/install/learning_interface/include/learning_interface/learning_interface/srv
[2.845s] -- Up-to-date: /home/zhuzeyu/guyueju/ros2_21_tutorials/install/learning_interface/include/learning_interface/learning_interface/srv/get_object_position.h
[2.845s] -- Up-to-date: /home/zhuzeyu/guyueju/ros2_21_tutorials/install/learning_interface/include/learning_interface/learning_interface/srv/add_two_ints.h
[2.845s] -- Up-to-date: /home/zhuzeyu/guyueju/ros2_21_tutorials/install/learning_interface/include/learning_interface/learning_interface/srv/detail
[2.846s] -- Up-to-date: /home/zhuzeyu/guyueju/ros2_21_tutorials/install/learning_interface/include/learning_interface/learning_interface/srv/detail/get_object_position__struct.h
[2.846s] -- Up-to-date: /home/zhuzeyu/guyueju/ros2_21_tutorials/install/learning_interface/include/learning_interface/learning_interface/srv/detail/get_object_position__functions.h
[2.846s] -- Up-to-date: /home/zhuzeyu/guyueju/ros2_21_tutorials/install/learning_interface/include/learning_interface/learning_interface/srv/detail/add_two_ints__functions.c
[2.846s] -- Up-to-date: /home/zhuzeyu/guyueju/ros2_21_tutorials/install/learning_interface/include/learning_interface/learning_interface/srv/detail/get_object_position__type_support.h
[2.846s] -- Up-to-date: /home/zhuzeyu/guyueju/ros2_21_tutorials/install/learning_interface/include/learning_interface/learning_interface/srv/detail/add_two_ints__functions.h
[2.847s] -- Up-to-date: /home/zhuzeyu/guyueju/ros2_21_tutorials/install/learning_interface/include/learning_interface/learning_interface/srv/detail/add_two_ints__struct.h
[2.848s] -- Up-to-date: /home/zhuzeyu/guyueju/ros2_21_tutorials/install/learning_interface/include/learning_interface/learning_interface/srv/detail/add_two_ints__type_support.h
[2.848s] -- Up-to-date: /home/zhuzeyu/guyueju/ros2_21_tutorials/install/learning_interface/include/learning_interface/learning_interface/srv/detail/get_object_position__functions.c
[2.848s] -- Installing: /home/zhuzeyu/guyueju/ros2_21_tutorials/install/learning_interface/share/learning_interface/environment/library_path.sh
[2.849s] -- Installing: /home/zhuzeyu/guyueju/ros2_21_tutorials/install/learning_interface/share/learning_interface/environment/library_path.dsv
[2.849s] -- Installing: /home/zhuzeyu/guyueju/ros2_21_tutorials/install/learning_interface/lib/liblearning_interface__rosidl_generator_c.so
[2.849s] -- Set runtime path of "/home/zhuzeyu/guyueju/ros2_21_tutorials/install/learning_interface/lib/liblearning_interface__rosidl_generator_c.so" to ""
[2.849s] -- Up-to-date: /home/zhuzeyu/guyueju/ros2_21_tutorials/install/learning_interface/include/learning_interface/learning_interface
[2.849s] -- Up-to-date: /home/zhuzeyu/guyueju/ros2_21_tutorials/install/learning_interface/include/learning_interface/learning_interface/msg
[2.850s] -- Up-to-date: /home/zhuzeyu/guyueju/ros2_21_tutorials/install/learning_interface/include/learning_interface/learning_interface/msg/rosidl_typesupport_fastrtps_c__visibility_control.h
[2.851s] -- Up-to-date: /home/zhuzeyu/guyueju/ros2_21_tutorials/install/learning_interface/include/learning_interface/learning_interface/msg/detail
[2.851s] -- Up-to-date: /home/zhuzeyu/guyueju/ros2_21_tutorials/install/learning_interface/include/learning_interface/learning_interface/msg/detail/object_position__rosidl_typesupport_fastrtps_c.h
[2.851s] -- Up-to-date: /home/zhuzeyu/guyueju/ros2_21_tutorials/install/learning_interface/include/learning_interface/learning_interface/action
[2.851s] -- Up-to-date: /home/zhuzeyu/guyueju/ros2_21_tutorials/install/learning_interface/include/learning_interface/learning_interface/action/detail
[2.852s] -- Up-to-date: /home/zhuzeyu/guyueju/ros2_21_tutorials/install/learning_interface/include/learning_interface/learning_interface/action/detail/move_circle__rosidl_typesupport_fastrtps_c.h
[2.852s] -- Up-to-date: /home/zhuzeyu/guyueju/ros2_21_tutorials/install/learning_interface/include/learning_interface/learning_interface/srv
[2.852s] -- Up-to-date: /home/zhuzeyu/guyueju/ros2_21_tutorials/install/learning_interface/include/learning_interface/learning_interface/srv/detail
[2.852s] -- Up-to-date: /home/zhuzeyu/guyueju/ros2_21_tutorials/install/learning_interface/include/learning_interface/learning_interface/srv/detail/add_two_ints__rosidl_typesupport_fastrtps_c.h
[2.852s] -- Up-to-date: /home/zhuzeyu/guyueju/ros2_21_tutorials/install/learning_interface/include/learning_interface/learning_interface/srv/detail/get_object_position__rosidl_typesupport_fastrtps_c.h
[2.852s] -- Installing: /home/zhuzeyu/guyueju/ros2_21_tutorials/install/learning_interface/lib/liblearning_interface__rosidl_typesupport_fastrtps_c.so
[2.852s] -- Set runtime path of "/home/zhuzeyu/guyueju/ros2_21_tutorials/install/learning_interface/lib/liblearning_interface__rosidl_typesupport_fastrtps_c.so" to ""
[2.852s] -- Up-to-date: /home/zhuzeyu/guyueju/ros2_21_tutorials/install/learning_interface/include/learning_interface/learning_interface
[2.852s] -- Up-to-date: /home/zhuzeyu/guyueju/ros2_21_tutorials/install/learning_interface/include/learning_interface/learning_interface/msg
[2.852s] -- Up-to-date: /home/zhuzeyu/guyueju/ros2_21_tutorials/install/learning_interface/include/learning_interface/learning_interface/msg/rosidl_typesupport_introspection_c__visibility_control.h
[2.852s] -- Up-to-date: /home/zhuzeyu/guyueju/ros2_21_tutorials/install/learning_interface/include/learning_interface/learning_interface/msg/detail
[2.852s] -- Up-to-date: /home/zhuzeyu/guyueju/ros2_21_tutorials/install/learning_interface/include/learning_interface/learning_interface/msg/detail/object_position__type_support.c
[2.852s] -- Up-to-date: /home/zhuzeyu/guyueju/ros2_21_tutorials/install/learning_interface/include/learning_interface/learning_interface/msg/detail/object_position__rosidl_typesupport_introspection_c.h
[2.852s] -- Up-to-date: /home/zhuzeyu/guyueju/ros2_21_tutorials/install/learning_interface/include/learning_interface/learning_interface/action
[2.852s] -- Up-to-date: /home/zhuzeyu/guyueju/ros2_21_tutorials/install/learning_interface/include/learning_interface/learning_interface/action/detail
[2.852s] -- Up-to-date: /home/zhuzeyu/guyueju/ros2_21_tutorials/install/learning_interface/include/learning_interface/learning_interface/action/detail/move_circle__rosidl_typesupport_introspection_c.h
[2.853s] -- Up-to-date: /home/zhuzeyu/guyueju/ros2_21_tutorials/install/learning_interface/include/learning_interface/learning_interface/action/detail/move_circle__type_support.c
[2.853s] -- Up-to-date: /home/zhuzeyu/guyueju/ros2_21_tutorials/install/learning_interface/include/learning_interface/learning_interface/srv
[2.853s] -- Up-to-date: /home/zhuzeyu/guyueju/ros2_21_tutorials/install/learning_interface/include/learning_interface/learning_interface/srv/detail
[2.853s] -- Up-to-date: /home/zhuzeyu/guyueju/ros2_21_tutorials/install/learning_interface/include/learning_interface/learning_interface/srv/detail/add_two_ints__type_support.c
[2.853s] -- Up-to-date: /home/zhuzeyu/guyueju/ros2_21_tutorials/install/learning_interface/include/learning_interface/learning_interface/srv/detail/get_object_position__rosidl_typesupport_introspection_c.h
[2.854s] -- Up-to-date: /home/zhuzeyu/guyueju/ros2_21_tutorials/install/learning_interface/include/learning_interface/learning_interface/srv/detail/get_object_position__type_support.c
[2.854s] -- Up-to-date: /home/zhuzeyu/guyueju/ros2_21_tutorials/install/learning_interface/include/learning_interface/learning_interface/srv/detail/add_two_ints__rosidl_typesupport_introspection_c.h
[2.855s] -- Installing: /home/zhuzeyu/guyueju/ros2_21_tutorials/install/learning_interface/lib/liblearning_interface__rosidl_typesupport_introspection_c.so
[2.855s] -- Set runtime path of "/home/zhuzeyu/guyueju/ros2_21_tutorials/install/learning_interface/lib/liblearning_interface__rosidl_typesupport_introspection_c.so" to ""
[2.855s] -- Installing: /home/zhuzeyu/guyueju/ros2_21_tutorials/install/learning_interface/lib/liblearning_interface__rosidl_typesupport_c.so
[2.855s] -- Set runtime path of "/home/zhuzeyu/guyueju/ros2_21_tutorials/install/learning_interface/lib/liblearning_interface__rosidl_typesupport_c.so" to ""
[2.856s] -- Up-to-date: /home/zhuzeyu/guyueju/ros2_21_tutorials/install/learning_interface/include/learning_interface/learning_interface
[2.856s] -- Up-to-date: /home/zhuzeyu/guyueju/ros2_21_tutorials/install/learning_interface/include/learning_interface/learning_interface/msg
[2.856s] -- Up-to-date: /home/zhuzeyu/guyueju/ros2_21_tutorials/install/learning_interface/include/learning_interface/learning_interface/msg/object_position.hpp
[2.856s] -- Up-to-date: /home/zhuzeyu/guyueju/ros2_21_tutorials/install/learning_interface/include/learning_interface/learning_interface/msg/rosidl_generator_cpp__visibility_control.hpp
[2.856s] -- Up-to-date: /home/zhuzeyu/guyueju/ros2_21_tutorials/install/learning_interface/include/learning_interface/learning_interface/msg/detail
[2.856s] -- Up-to-date: /home/zhuzeyu/guyueju/ros2_21_tutorials/install/learning_interface/include/learning_interface/learning_interface/msg/detail/object_position__traits.hpp
[2.856s] -- Up-to-date: /home/zhuzeyu/guyueju/ros2_21_tutorials/install/learning_interface/include/learning_interface/learning_interface/msg/detail/object_position__builder.hpp
[2.856s] -- Up-to-date: /home/zhuzeyu/guyueju/ros2_21_tutorials/install/learning_interface/include/learning_interface/learning_interface/msg/detail/object_position__type_support.hpp
[2.856s] -- Up-to-date: /home/zhuzeyu/guyueju/ros2_21_tutorials/install/learning_interface/include/learning_interface/learning_interface/msg/detail/object_position__struct.hpp
[2.856s] -- Up-to-date: /home/zhuzeyu/guyueju/ros2_21_tutorials/install/learning_interface/include/learning_interface/learning_interface/action
[2.856s] -- Installing: /home/zhuzeyu/guyueju/ros2_21_tutorials/install/learning_interface/include/learning_interface/learning_interface/action/move_circle.hpp
[2.857s] -- Up-to-date: /home/zhuzeyu/guyueju/ros2_21_tutorials/install/learning_interface/include/learning_interface/learning_interface/action/detail
[2.857s] -- Installing: /home/zhuzeyu/guyueju/ros2_21_tutorials/install/learning_interface/include/learning_interface/learning_interface/action/detail/move_circle__builder.hpp
[2.857s] -- Installing: /home/zhuzeyu/guyueju/ros2_21_tutorials/install/learning_interface/include/learning_interface/learning_interface/action/detail/move_circle__type_support.hpp
[2.857s] -- Installing: /home/zhuzeyu/guyueju/ros2_21_tutorials/install/learning_interface/include/learning_interface/learning_interface/action/detail/move_circle__struct.hpp
[2.857s] -- Installing: /home/zhuzeyu/guyueju/ros2_21_tutorials/install/learning_interface/include/learning_interface/learning_interface/action/detail/move_circle__traits.hpp
[2.857s] -- Up-to-date: /home/zhuzeyu/guyueju/ros2_21_tutorials/install/learning_interface/include/learning_interface/learning_interface/srv
[2.857s] -- Up-to-date: /home/zhuzeyu/guyueju/ros2_21_tutorials/install/learning_interface/include/learning_interface/learning_interface/srv/get_object_position.hpp
[2.857s] -- Up-to-date: /home/zhuzeyu/guyueju/ros2_21_tutorials/install/learning_interface/include/learning_interface/learning_interface/srv/detail
[2.857s] -- Up-to-date: /home/zhuzeyu/guyueju/ros2_21_tutorials/install/learning_interface/include/learning_interface/learning_interface/srv/detail/add_two_ints__traits.hpp
[2.858s] -- Up-to-date: /home/zhuzeyu/guyueju/ros2_21_tutorials/install/learning_interface/include/learning_interface/learning_interface/srv/detail/get_object_position__struct.hpp
[2.858s] -- Up-to-date: /home/zhuzeyu/guyueju/ros2_21_tutorials/install/learning_interface/include/learning_interface/learning_interface/srv/detail/add_two_ints__builder.hpp
[2.858s] -- Up-to-date: /home/zhuzeyu/guyueju/ros2_21_tutorials/install/learning_interface/include/learning_interface/learning_interface/srv/detail/add_two_ints__struct.hpp
[2.858s] -- Up-to-date: /home/zhuzeyu/guyueju/ros2_21_tutorials/install/learning_interface/include/learning_interface/learning_interface/srv/detail/add_two_ints__type_support.hpp
[2.858s] -- Up-to-date: /home/zhuzeyu/guyueju/ros2_21_tutorials/install/learning_interface/include/learning_interface/learning_interface/srv/detail/get_object_position__traits.hpp
[2.858s] -- Up-to-date: /home/zhuzeyu/guyueju/ros2_21_tutorials/install/learning_interface/include/learning_interface/learning_interface/srv/detail/get_object_position__type_support.hpp
[2.858s] -- Up-to-date: /home/zhuzeyu/guyueju/ros2_21_tutorials/install/learning_interface/include/learning_interface/learning_interface/srv/detail/get_object_position__builder.hpp
[2.858s] -- Up-to-date: /home/zhuzeyu/guyueju/ros2_21_tutorials/install/learning_interface/include/learning_interface/learning_interface/srv/add_two_ints.hpp
[2.858s] -- Up-to-date: /home/zhuzeyu/guyueju/ros2_21_tutorials/install/learning_interface/include/learning_interface/learning_interface
[2.858s] -- Up-to-date: /home/zhuzeyu/guyueju/ros2_21_tutorials/install/learning_interface/include/learning_interface/learning_interface/msg
[2.858s] -- Up-to-date: /home/zhuzeyu/guyueju/ros2_21_tutorials/install/learning_interface/include/learning_interface/learning_interface/msg/rosidl_typesupport_fastrtps_cpp__visibility_control.h
[2.858s] -- Up-to-date: /home/zhuzeyu/guyueju/ros2_21_tutorials/install/learning_interface/include/learning_interface/learning_interface/msg/detail
[2.858s] -- Up-to-date: /home/zhuzeyu/guyueju/ros2_21_tutorials/install/learning_interface/include/learning_interface/learning_interface/msg/detail/dds_fastrtps
[2.858s] -- Up-to-date: /home/zhuzeyu/guyueju/ros2_21_tutorials/install/learning_interface/include/learning_interface/learning_interface/msg/detail/object_position__rosidl_typesupport_fastrtps_cpp.hpp
[2.858s] -- Up-to-date: /home/zhuzeyu/guyueju/ros2_21_tutorials/install/learning_interface/include/learning_interface/learning_interface/action
[2.858s] -- Up-to-date: /home/zhuzeyu/guyueju/ros2_21_tutorials/install/learning_interface/include/learning_interface/learning_interface/action/detail
[2.858s] -- Up-to-date: /home/zhuzeyu/guyueju/ros2_21_tutorials/install/learning_interface/include/learning_interface/learning_interface/action/detail/dds_fastrtps
[2.858s] -- Up-to-date: /home/zhuzeyu/guyueju/ros2_21_tutorials/install/learning_interface/include/learning_interface/learning_interface/action/detail/move_circle__rosidl_typesupport_fastrtps_cpp.hpp
[2.859s] -- Up-to-date: /home/zhuzeyu/guyueju/ros2_21_tutorials/install/learning_interface/include/learning_interface/learning_interface/srv
[2.859s] -- Up-to-date: /home/zhuzeyu/guyueju/ros2_21_tutorials/install/learning_interface/include/learning_interface/learning_interface/srv/detail
[2.859s] -- Up-to-date: /home/zhuzeyu/guyueju/ros2_21_tutorials/install/learning_interface/include/learning_interface/learning_interface/srv/detail/add_two_ints__rosidl_typesupport_fastrtps_cpp.hpp
[2.859s] -- Up-to-date: /home/zhuzeyu/guyueju/ros2_21_tutorials/install/learning_interface/include/learning_interface/learning_interface/srv/detail/get_object_position__rosidl_typesupport_fastrtps_cpp.hpp
[2.859s] -- Up-to-date: /home/zhuzeyu/guyueju/ros2_21_tutorials/install/learning_interface/include/learning_interface/learning_interface/srv/detail/dds_fastrtps
[2.859s] -- Installing: /home/zhuzeyu/guyueju/ros2_21_tutorials/install/learning_interface/lib/liblearning_interface__rosidl_typesupport_fastrtps_cpp.so
[2.859s] -- Set runtime path of "/home/zhuzeyu/guyueju/ros2_21_tutorials/install/learning_interface/lib/liblearning_interface__rosidl_typesupport_fastrtps_cpp.so" to ""
[2.859s] -- Up-to-date: /home/zhuzeyu/guyueju/ros2_21_tutorials/install/learning_interface/include/learning_interface/learning_interface
[2.859s] -- Up-to-date: /home/zhuzeyu/guyueju/ros2_21_tutorials/install/learning_interface/include/learning_interface/learning_interface/msg
[2.859s] -- Up-to-date: /home/zhuzeyu/guyueju/ros2_21_tutorials/install/learning_interface/include/learning_interface/learning_interface/msg/detail
[2.859s] -- Up-to-date: /home/zhuzeyu/guyueju/ros2_21_tutorials/install/learning_interface/include/learning_interface/learning_interface/msg/detail/object_position__type_support.cpp
[2.859s] -- Up-to-date: /home/zhuzeyu/guyueju/ros2_21_tutorials/install/learning_interface/include/learning_interface/learning_interface/msg/detail/object_position__rosidl_typesupport_introspection_cpp.hpp
[2.859s] -- Up-to-date: /home/zhuzeyu/guyueju/ros2_21_tutorials/install/learning_interface/include/learning_interface/learning_interface/action
[2.859s] -- Up-to-date: /home/zhuzeyu/guyueju/ros2_21_tutorials/install/learning_interface/include/learning_interface/learning_interface/action/detail
[2.859s] -- Up-to-date: /home/zhuzeyu/guyueju/ros2_21_tutorials/install/learning_interface/include/learning_interface/learning_interface/action/detail/move_circle__rosidl_typesupport_introspection_cpp.hpp
[2.859s] -- Up-to-date: /home/zhuzeyu/guyueju/ros2_21_tutorials/install/learning_interface/include/learning_interface/learning_interface/action/detail/move_circle__type_support.cpp
[2.859s] -- Up-to-date: /home/zhuzeyu/guyueju/ros2_21_tutorials/install/learning_interface/include/learning_interface/learning_interface/srv
[2.859s] -- Up-to-date: /home/zhuzeyu/guyueju/ros2_21_tutorials/install/learning_interface/include/learning_interface/learning_interface/srv/detail
[2.860s] -- Up-to-date: /home/zhuzeyu/guyueju/ros2_21_tutorials/install/learning_interface/include/learning_interface/learning_interface/srv/detail/get_object_position__rosidl_typesupport_introspection_cpp.hpp
[2.860s] -- Up-to-date: /home/zhuzeyu/guyueju/ros2_21_tutorials/install/learning_interface/include/learning_interface/learning_interface/srv/detail/add_two_ints__type_support.cpp
[2.860s] -- Up-to-date: /home/zhuzeyu/guyueju/ros2_21_tutorials/install/learning_interface/include/learning_interface/learning_interface/srv/detail/get_object_position__type_support.cpp
[2.860s] -- Up-to-date: /home/zhuzeyu/guyueju/ros2_21_tutorials/install/learning_interface/include/learning_interface/learning_interface/srv/detail/add_two_ints__rosidl_typesupport_introspection_cpp.hpp
[2.860s] -- Installing: /home/zhuzeyu/guyueju/ros2_21_tutorials/install/learning_interface/lib/liblearning_interface__rosidl_typesupport_introspection_cpp.so
[2.860s] -- Set runtime path of "/home/zhuzeyu/guyueju/ros2_21_tutorials/install/learning_interface/lib/liblearning_interface__rosidl_typesupport_introspection_cpp.so" to ""
[2.860s] -- Installing: /home/zhuzeyu/guyueju/ros2_21_tutorials/install/learning_interface/lib/liblearning_interface__rosidl_typesupport_cpp.so
[2.860s] -- Set runtime path of "/home/zhuzeyu/guyueju/ros2_21_tutorials/install/learning_interface/lib/liblearning_interface__rosidl_typesupport_cpp.so" to ""
[2.860s] -- Up-to-date: /home/zhuzeyu/guyueju/ros2_21_tutorials/install/learning_interface/share/learning_interface/environment/pythonpath.sh
[2.860s] -- Installing: /home/zhuzeyu/guyueju/ros2_21_tutorials/install/learning_interface/share/learning_interface/environment/pythonpath.dsv
[2.860s] -- Up-to-date: /home/zhuzeyu/guyueju/ros2_21_tutorials/install/learning_interface/local/lib/python3.10/dist-packages/learning_interface-0.0.0-py3.10.egg-info
[2.860s] -- Installing: /home/zhuzeyu/guyueju/ros2_21_tutorials/install/learning_interface/local/lib/python3.10/dist-packages/learning_interface-0.0.0-py3.10.egg-info/PKG-INFO
[2.860s] -- Installing: /home/zhuzeyu/guyueju/ros2_21_tutorials/install/learning_interface/local/lib/python3.10/dist-packages/learning_interface-0.0.0-py3.10.egg-info/SOURCES.txt
[2.860s] -- Installing: /home/zhuzeyu/guyueju/ros2_21_tutorials/install/learning_interface/local/lib/python3.10/dist-packages/learning_interface-0.0.0-py3.10.egg-info/top_level.txt
[2.860s] -- Installing: /home/zhuzeyu/guyueju/ros2_21_tutorials/install/learning_interface/local/lib/python3.10/dist-packages/learning_interface-0.0.0-py3.10.egg-info/dependency_links.txt
[2.860s] -- Up-to-date: /home/zhuzeyu/guyueju/ros2_21_tutorials/install/learning_interface/local/lib/python3.10/dist-packages/learning_interface
[2.860s] -- Up-to-date: /home/zhuzeyu/guyueju/ros2_21_tutorials/install/learning_interface/local/lib/python3.10/dist-packages/learning_interface/_learning_interface_s.ep.rosidl_typesupport_introspection_c.c
[2.860s] -- Installing: /home/zhuzeyu/guyueju/ros2_21_tutorials/install/learning_interface/local/lib/python3.10/dist-packages/learning_interface/__init__.py
[2.860s] -- Installing: /home/zhuzeyu/guyueju/ros2_21_tutorials/install/learning_interface/local/lib/python3.10/dist-packages/learning_interface/learning_interface_s__rosidl_typesupport_fastrtps_c.cpython-310-x86_64-linux-gnu.so
[2.861s] -- Installing: /home/zhuzeyu/guyueju/ros2_21_tutorials/install/learning_interface/local/lib/python3.10/dist-packages/learning_interface/learning_interface_s__rosidl_typesupport_introspection_c.cpython-310-x86_64-linux-gnu.so
[2.861s] -- Up-to-date: /home/zhuzeyu/guyueju/ros2_21_tutorials/install/learning_interface/local/lib/python3.10/dist-packages/learning_interface/_learning_interface_s.ep.rosidl_typesupport_c.c
[2.861s] -- Up-to-date: /home/zhuzeyu/guyueju/ros2_21_tutorials/install/learning_interface/local/lib/python3.10/dist-packages/learning_interface/_learning_interface_s.ep.rosidl_typesupport_fastrtps_c.c
[2.861s] -- Up-to-date: /home/zhuzeyu/guyueju/ros2_21_tutorials/install/learning_interface/local/lib/python3.10/dist-packages/learning_interface/msg
[2.861s] -- Up-to-date: /home/zhuzeyu/guyueju/ros2_21_tutorials/install/learning_interface/local/lib/python3.10/dist-packages/learning_interface/msg/__init__.py
[2.861s] -- Up-to-date: /home/zhuzeyu/guyueju/ros2_21_tutorials/install/learning_interface/local/lib/python3.10/dist-packages/learning_interface/msg/_object_position_s.c
[2.861s] -- Up-to-date: /home/zhuzeyu/guyueju/ros2_21_tutorials/install/learning_interface/local/lib/python3.10/dist-packages/learning_interface/msg/_object_position.py
[2.861s] -- Installing: /home/zhuzeyu/guyueju/ros2_21_tutorials/install/learning_interface/local/lib/python3.10/dist-packages/learning_interface/learning_interface_s__rosidl_typesupport_c.cpython-310-x86_64-linux-gnu.so
[2.861s] -- Up-to-date: /home/zhuzeyu/guyueju/ros2_21_tutorials/install/learning_interface/local/lib/python3.10/dist-packages/learning_interface/action
[2.861s] -- Up-to-date: /home/zhuzeyu/guyueju/ros2_21_tutorials/install/learning_interface/local/lib/python3.10/dist-packages/learning_interface/action/__init__.py
[2.861s] -- Up-to-date: /home/zhuzeyu/guyueju/ros2_21_tutorials/install/learning_interface/local/lib/python3.10/dist-packages/learning_interface/action/_move_circle_s.c
[2.861s] -- Up-to-date: /home/zhuzeyu/guyueju/ros2_21_tutorials/install/learning_interface/local/lib/python3.10/dist-packages/learning_interface/action/_move_circle.py
[2.861s] -- Installing: /home/zhuzeyu/guyueju/ros2_21_tutorials/install/learning_interface/local/lib/python3.10/dist-packages/learning_interface/liblearning_interface__rosidl_generator_py.so
[2.861s] -- Up-to-date: /home/zhuzeyu/guyueju/ros2_21_tutorials/install/learning_interface/local/lib/python3.10/dist-packages/learning_interface/srv
[2.861s] -- Up-to-date: /home/zhuzeyu/guyueju/ros2_21_tutorials/install/learning_interface/local/lib/python3.10/dist-packages/learning_interface/srv/_add_two_ints_s.c
[2.861s] -- Up-to-date: /home/zhuzeyu/guyueju/ros2_21_tutorials/install/learning_interface/local/lib/python3.10/dist-packages/learning_interface/srv/_get_object_position.py
[2.862s] -- Up-to-date: /home/zhuzeyu/guyueju/ros2_21_tutorials/install/learning_interface/local/lib/python3.10/dist-packages/learning_interface/srv/__init__.py
[2.862s] -- Up-to-date: /home/zhuzeyu/guyueju/ros2_21_tutorials/install/learning_interface/local/lib/python3.10/dist-packages/learning_interface/srv/_add_two_ints.py
[2.862s] -- Up-to-date: /home/zhuzeyu/guyueju/ros2_21_tutorials/install/learning_interface/local/lib/python3.10/dist-packages/learning_interface/srv/_get_object_position_s.c
[2.928s] Listing '/home/zhuzeyu/guyueju/ros2_21_tutorials/install/learning_interface/local/lib/python3.10/dist-packages/learning_interface'...
[2.928s] Compiling '/home/zhuzeyu/guyueju/ros2_21_tutorials/install/learning_interface/local/lib/python3.10/dist-packages/learning_interface/__init__.py'...
[2.928s] Listing '/home/zhuzeyu/guyueju/ros2_21_tutorials/install/learning_interface/local/lib/python3.10/dist-packages/learning_interface/action'...
[2.928s] Compiling '/home/zhuzeyu/guyueju/ros2_21_tutorials/install/learning_interface/local/lib/python3.10/dist-packages/learning_interface/action/__init__.py'...
[2.928s] Compiling '/home/zhuzeyu/guyueju/ros2_21_tutorials/install/learning_interface/local/lib/python3.10/dist-packages/learning_interface/action/_move_circle.py'...
[2.928s] Listing '/home/zhuzeyu/guyueju/ros2_21_tutorials/install/learning_interface/local/lib/python3.10/dist-packages/learning_interface/msg'...
[2.928s] Compiling '/home/zhuzeyu/guyueju/ros2_21_tutorials/install/learning_interface/local/lib/python3.10/dist-packages/learning_interface/msg/__init__.py'...
[2.929s] Compiling '/home/zhuzeyu/guyueju/ros2_21_tutorials/install/learning_interface/local/lib/python3.10/dist-packages/learning_interface/msg/_object_position.py'...
[2.929s] Listing '/home/zhuzeyu/guyueju/ros2_21_tutorials/install/learning_interface/local/lib/python3.10/dist-packages/learning_interface/srv'...
[2.929s] Compiling '/home/zhuzeyu/guyueju/ros2_21_tutorials/install/learning_interface/local/lib/python3.10/dist-packages/learning_interface/srv/__init__.py'...
[2.929s] Compiling '/home/zhuzeyu/guyueju/ros2_21_tutorials/install/learning_interface/local/lib/python3.10/dist-packages/learning_interface/srv/_add_two_ints.py'...
[2.929s] Compiling '/home/zhuzeyu/guyueju/ros2_21_tutorials/install/learning_interface/local/lib/python3.10/dist-packages/learning_interface/srv/_get_object_position.py'...
[2.934s] -- Installing: /home/zhuzeyu/guyueju/ros2_21_tutorials/install/learning_interface/local/lib/python3.10/dist-packages/learning_interface/learning_interface_s__rosidl_typesupport_fastrtps_c.cpython-310-x86_64-linux-gnu.so
[2.935s] -- Set runtime path of "/home/zhuzeyu/guyueju/ros2_21_tutorials/install/learning_interface/local/lib/python3.10/dist-packages/learning_interface/learning_interface_s__rosidl_typesupport_fastrtps_c.cpython-310-x86_64-linux-gnu.so" to ""
[2.935s] -- Installing: /home/zhuzeyu/guyueju/ros2_21_tutorials/install/learning_interface/local/lib/python3.10/dist-packages/learning_interface/learning_interface_s__rosidl_typesupport_introspection_c.cpython-310-x86_64-linux-gnu.so
[2.935s] -- Set runtime path of "/home/zhuzeyu/guyueju/ros2_21_tutorials/install/learning_interface/local/lib/python3.10/dist-packages/learning_interface/learning_interface_s__rosidl_typesupport_introspection_c.cpython-310-x86_64-linux-gnu.so" to ""
[2.936s] -- Installing: /home/zhuzeyu/guyueju/ros2_21_tutorials/install/learning_interface/local/lib/python3.10/dist-packages/learning_interface/learning_interface_s__rosidl_typesupport_c.cpython-310-x86_64-linux-gnu.so
[2.936s] -- Set runtime path of "/home/zhuzeyu/guyueju/ros2_21_tutorials/install/learning_interface/local/lib/python3.10/dist-packages/learning_interface/learning_interface_s__rosidl_typesupport_c.cpython-310-x86_64-linux-gnu.so" to ""
[2.936s] -- Installing: /home/zhuzeyu/guyueju/ros2_21_tutorials/install/learning_interface/lib/liblearning_interface__rosidl_generator_py.so
[2.937s] -- Set runtime path of "/home/zhuzeyu/guyueju/ros2_21_tutorials/install/learning_interface/lib/liblearning_interface__rosidl_generator_py.so" to ""
[2.937s] -- Up-to-date: /home/zhuzeyu/guyueju/ros2_21_tutorials/install/learning_interface/share/ament_index/resource_index/rust_packages/learning_interface
[2.937s] -- Up-to-date: /home/zhuzeyu/guyueju/ros2_21_tutorials/install/learning_interface/share/learning_interface/rust
[2.937s] -- Up-to-date: /home/zhuzeyu/guyueju/ros2_21_tutorials/install/learning_interface/share/learning_interface/rust/build.rs
[2.938s] -- Up-to-date: /home/zhuzeyu/guyueju/ros2_21_tutorials/install/learning_interface/share/learning_interface/rust/src
[2.938s] -- Up-to-date: /home/zhuzeyu/guyueju/ros2_21_tutorials/install/learning_interface/share/learning_interface/rust/src/srv.rs
[2.938s] -- Up-to-date: /home/zhuzeyu/guyueju/ros2_21_tutorials/install/learning_interface/share/learning_interface/rust/src/msg.rs
[2.938s] -- Up-to-date: /home/zhuzeyu/guyueju/ros2_21_tutorials/install/learning_interface/share/learning_interface/rust/src/msg
[2.938s] -- Up-to-date: /home/zhuzeyu/guyueju/ros2_21_tutorials/install/learning_interface/share/learning_interface/rust/src/msg/rmw.rs
[2.938s] -- Up-to-date: /home/zhuzeyu/guyueju/ros2_21_tutorials/install/learning_interface/share/learning_interface/rust/src/lib.rs
[2.938s] -- Up-to-date: /home/zhuzeyu/guyueju/ros2_21_tutorials/install/learning_interface/share/learning_interface/rust/src/action
[2.938s] -- Up-to-date: /home/zhuzeyu/guyueju/ros2_21_tutorials/install/learning_interface/share/learning_interface/rust/src/action/rmw.rs
[2.938s] -- Up-to-date: /home/zhuzeyu/guyueju/ros2_21_tutorials/install/learning_interface/share/learning_interface/rust/src/srv
[2.938s] -- Up-to-date: /home/zhuzeyu/guyueju/ros2_21_tutorials/install/learning_interface/share/learning_interface/rust/src/srv/rmw.rs
[2.938s] -- Up-to-date: /home/zhuzeyu/guyueju/ros2_21_tutorials/install/learning_interface/share/learning_interface/rust/src/action.rs
[2.938s] -- Up-to-date: /home/zhuzeyu/guyueju/ros2_21_tutorials/install/learning_interface/share/learning_interface/rust/Cargo.toml
[2.939s] -- Up-to-date: /home/zhuzeyu/guyueju/ros2_21_tutorials/install/learning_interface/share/learning_interface/msg/ObjectPosition.idl
[2.939s] -- Up-to-date: /home/zhuzeyu/guyueju/ros2_21_tutorials/install/learning_interface/share/learning_interface/srv/AddTwoInts.idl
[2.939s] -- Up-to-date: /home/zhuzeyu/guyueju/ros2_21_tutorials/install/learning_interface/share/learning_interface/srv/GetObjectPosition.idl
[2.939s] -- Up-to-date: /home/zhuzeyu/guyueju/ros2_21_tutorials/install/learning_interface/share/learning_interface/action/MoveCircle.idl
[2.939s] -- Installing: /home/zhuzeyu/guyueju/ros2_21_tutorials/install/learning_interface/share/learning_interface/msg/ObjectPosition.msg
[2.939s] -- Installing: /home/zhuzeyu/guyueju/ros2_21_tutorials/install/learning_interface/share/learning_interface/srv/AddTwoInts.srv
[2.939s] -- Up-to-date: /home/zhuzeyu/guyueju/ros2_21_tutorials/install/learning_interface/share/learning_interface/srv/AddTwoInts_Request.msg
[2.939s] -- Up-to-date: /home/zhuzeyu/guyueju/ros2_21_tutorials/install/learning_interface/share/learning_interface/srv/AddTwoInts_Response.msg
[2.940s] -- Installing: /home/zhuzeyu/guyueju/ros2_21_tutorials/install/learning_interface/share/learning_interface/srv/GetObjectPosition.srv
[2.940s] -- Up-to-date: /home/zhuzeyu/guyueju/ros2_21_tutorials/install/learning_interface/share/learning_interface/srv/GetObjectPosition_Request.msg
[2.940s] -- Up-to-date: /home/zhuzeyu/guyueju/ros2_21_tutorials/install/learning_interface/share/learning_interface/srv/GetObjectPosition_Response.msg
[2.940s] -- Installing: /home/zhuzeyu/guyueju/ros2_21_tutorials/install/learning_interface/share/learning_interface/action/MoveCircle.action
[2.940s] -- Up-to-date: /home/zhuzeyu/guyueju/ros2_21_tutorials/install/learning_interface/share/ament_index/resource_index/package_run_dependencies/learning_interface
[2.940s] -- Installing: /home/zhuzeyu/guyueju/ros2_21_tutorials/install/learning_interface/share/ament_index/resource_index/parent_prefix_path/learning_interface
[2.941s] -- Installing: /home/zhuzeyu/guyueju/ros2_21_tutorials/install/learning_interface/share/learning_interface/environment/ament_prefix_path.sh
[2.941s] -- Installing: /home/zhuzeyu/guyueju/ros2_21_tutorials/install/learning_interface/share/learning_interface/environment/ament_prefix_path.dsv
[2.941s] -- Installing: /home/zhuzeyu/guyueju/ros2_21_tutorials/install/learning_interface/share/learning_interface/environment/path.sh
[2.942s] -- Installing: /home/zhuzeyu/guyueju/ros2_21_tutorials/install/learning_interface/share/learning_interface/environment/path.dsv
[2.942s] -- Up-to-date: /home/zhuzeyu/guyueju/ros2_21_tutorials/install/learning_interface/share/learning_interface/local_setup.bash
[2.942s] -- Up-to-date: /home/zhuzeyu/guyueju/ros2_21_tutorials/install/learning_interface/share/learning_interface/local_setup.sh
[2.942s] -- Up-to-date: /home/zhuzeyu/guyueju/ros2_21_tutorials/install/learning_interface/share/learning_interface/local_setup.zsh
[2.942s] -- Installing: /home/zhuzeyu/guyueju/ros2_21_tutorials/install/learning_interface/share/learning_interface/local_setup.dsv
[2.943s] -- Installing: /home/zhuzeyu/guyueju/ros2_21_tutorials/install/learning_interface/share/learning_interface/package.dsv
[2.943s] -- Up-to-date: /home/zhuzeyu/guyueju/ros2_21_tutorials/install/learning_interface/share/ament_index/resource_index/packages/learning_interface
[2.944s] -- Up-to-date: /home/zhuzeyu/guyueju/ros2_21_tutorials/install/learning_interface/share/learning_interface/cmake/export_learning_interface__rosidl_generator_cExport.cmake
[2.944s] -- Up-to-date: /home/zhuzeyu/guyueju/ros2_21_tutorials/install/learning_interface/share/learning_interface/cmake/export_learning_interface__rosidl_generator_cExport-noconfig.cmake
[2.945s] -- Up-to-date: /home/zhuzeyu/guyueju/ros2_21_tutorials/install/learning_interface/share/learning_interface/cmake/export_learning_interface__rosidl_typesupport_fastrtps_cExport.cmake
[2.945s] -- Up-to-date: /home/zhuzeyu/guyueju/ros2_21_tutorials/install/learning_interface/share/learning_interface/cmake/export_learning_interface__rosidl_typesupport_fastrtps_cExport-noconfig.cmake
[2.945s] -- Up-to-date: /home/zhuzeyu/guyueju/ros2_21_tutorials/install/learning_interface/share/learning_interface/cmake/learning_interface__rosidl_typesupport_introspection_cExport.cmake
[2.945s] -- Up-to-date: /home/zhuzeyu/guyueju/ros2_21_tutorials/install/learning_interface/share/learning_interface/cmake/learning_interface__rosidl_typesupport_introspection_cExport-noconfig.cmake
[2.945s] -- Up-to-date: /home/zhuzeyu/guyueju/ros2_21_tutorials/install/learning_interface/share/learning_interface/cmake/learning_interface__rosidl_typesupport_cExport.cmake
[2.945s] -- Up-to-date: /home/zhuzeyu/guyueju/ros2_21_tutorials/install/learning_interface/share/learning_interface/cmake/learning_interface__rosidl_typesupport_cExport-noconfig.cmake
[2.945s] -- Up-to-date: /home/zhuzeyu/guyueju/ros2_21_tutorials/install/learning_interface/share/learning_interface/cmake/export_learning_interface__rosidl_generator_cppExport.cmake
[2.945s] -- Up-to-date: /home/zhuzeyu/guyueju/ros2_21_tutorials/install/learning_interface/share/learning_interface/cmake/export_learning_interface__rosidl_typesupport_fastrtps_cppExport.cmake
[2.945s] -- Up-to-date: /home/zhuzeyu/guyueju/ros2_21_tutorials/install/learning_interface/share/learning_interface/cmake/export_learning_interface__rosidl_typesupport_fastrtps_cppExport-noconfig.cmake
[2.945s] -- Up-to-date: /home/zhuzeyu/guyueju/ros2_21_tutorials/install/learning_interface/share/learning_interface/cmake/learning_interface__rosidl_typesupport_introspection_cppExport.cmake
[2.945s] -- Up-to-date: /home/zhuzeyu/guyueju/ros2_21_tutorials/install/learning_interface/share/learning_interface/cmake/learning_interface__rosidl_typesupport_introspection_cppExport-noconfig.cmake
[2.945s] -- Up-to-date: /home/zhuzeyu/guyueju/ros2_21_tutorials/install/learning_interface/share/learning_interface/cmake/learning_interface__rosidl_typesupport_cppExport.cmake
[2.945s] -- Up-to-date: /home/zhuzeyu/guyueju/ros2_21_tutorials/install/learning_interface/share/learning_interface/cmake/learning_interface__rosidl_typesupport_cppExport-noconfig.cmake
[2.945s] -- Up-to-date: /home/zhuzeyu/guyueju/ros2_21_tutorials/install/learning_interface/share/learning_interface/cmake/export_learning_interface__rosidl_generator_pyExport.cmake
[2.945s] -- Up-to-date: /home/zhuzeyu/guyueju/ros2_21_tutorials/install/learning_interface/share/learning_interface/cmake/export_learning_interface__rosidl_generator_pyExport-noconfig.cmake
[2.946s] -- Up-to-date: /home/zhuzeyu/guyueju/ros2_21_tutorials/install/learning_interface/share/learning_interface/cmake/rosidl_cmake-extras.cmake
[2.946s] -- Up-to-date: /home/zhuzeyu/guyueju/ros2_21_tutorials/install/learning_interface/share/learning_interface/cmake/ament_cmake_export_dependencies-extras.cmake
[2.946s] -- Up-to-date: /home/zhuzeyu/guyueju/ros2_21_tutorials/install/learning_interface/share/learning_interface/cmake/ament_cmake_export_include_directories-extras.cmake
[2.946s] -- Up-to-date: /home/zhuzeyu/guyueju/ros2_21_tutorials/install/learning_interface/share/learning_interface/cmake/ament_cmake_export_libraries-extras.cmake
[2.946s] -- Up-to-date: /home/zhuzeyu/guyueju/ros2_21_tutorials/install/learning_interface/share/learning_interface/cmake/ament_cmake_export_targets-extras.cmake
[2.946s] -- Up-to-date: /home/zhuzeyu/guyueju/ros2_21_tutorials/install/learning_interface/share/learning_interface/cmake/rosidl_cmake_export_typesupport_targets-extras.cmake
[2.946s] -- Up-to-date: /home/zhuzeyu/guyueju/ros2_21_tutorials/install/learning_interface/share/learning_interface/cmake/rosidl_cmake_export_typesupport_libraries-extras.cmake
[2.946s] -- Up-to-date: /home/zhuzeyu/guyueju/ros2_21_tutorials/install/learning_interface/share/learning_interface/cmake/learning_interfaceConfig.cmake
[2.946s] -- Up-to-date: /home/zhuzeyu/guyueju/ros2_21_tutorials/install/learning_interface/share/learning_interface/cmake/learning_interfaceConfig-version.cmake
[2.946s] -- Installing: /home/zhuzeyu/guyueju/ros2_21_tutorials/install/learning_interface/share/learning_interface/package.xml
[2.949s] Invoked command in '/home/zhuzeyu/guyueju/ros2_21_tutorials/build/learning_interface' returned '0': CMAKE_PREFIX_PATH=${CMAKE_PREFIX_PATH}:/home/zhuzeyu/guyueju/ros2_21_tutorials/install/learning_urdf:/home/zhuzeyu/guyueju/ros2_21_tutorials/install/learning_topic:/home/zhuzeyu/guyueju/ros2_21_tutorials/install/learning_tf:/home/zhuzeyu/guyueju/ros2_21_tutorials/install/learning_service:/home/zhuzeyu/guyueju/ros2_21_tutorials/install/learning_qos:/home/zhuzeyu/guyueju/ros2_21_tutorials/install/learning_pkg_python:/home/zhuzeyu/guyueju/ros2_21_tutorials/install/learning_parameter:/home/zhuzeyu/guyueju/ros2_21_tutorials/install/learning_node:/home/zhuzeyu/guyueju/ros2_21_tutorials/install/learning_launch:/home/zhuzeyu/guyueju/ros2_21_tutorials/install/learning_action:/home/zhuzeyu/guyueju/ros2_21_tutorials/install/learning_gazebo_harmonic:/home/zhuzeyu/guyueju/ros2_21_tutorials/install/learning_gazebo:/home/zhuzeyu/guyueju/ros2_21_tutorials/install/learning_cv:/opt/ros/humble /usr/bin/cmake --install /home/zhuzeyu/guyueju/ros2_21_tutorials/build/learning_interface
