[2.797s] Invoking command in '/home/zhuzeyu/guyueju/ros2_21_tutorials/learning_urdf': PYTHONPATH=/home/zhuzeyu/guyueju/ros2_21_tutorials/build/learning_urdf/prefix_override:/usr/lib/python3/dist-packages/colcon_core/task/python/colcon_distutils_commands:/home/zhuzeyu/guyueju/ros2_21_tutorials/install/learning_urdf/lib/python3.10/site-packages:${PYTHONPATH} /usr/bin/python3 -W ignore:setup.py install is deprecated -W ignore:easy_install command is deprecated setup.py egg_info --egg-base ../build/learning_urdf build --build-base /home/zhuzeyu/guyueju/ros2_21_tutorials/build/learning_urdf/build install --record /home/zhuzeyu/guyueju/ros2_21_tutorials/build/learning_urdf/install.log --single-version-externally-managed install_data
[3.121s] running egg_info
[3.122s] writing ../build/learning_urdf/learning_urdf.egg-info/PKG-INFO
[3.124s] writing dependency_links to ../build/learning_urdf/learning_urdf.egg-info/dependency_links.txt
[3.124s] writing entry points to ../build/learning_urdf/learning_urdf.egg-info/entry_points.txt
[3.124s] writing requirements to ../build/learning_urdf/learning_urdf.egg-info/requires.txt
[3.124s] writing top-level names to ../build/learning_urdf/learning_urdf.egg-info/top_level.txt
[3.126s] reading manifest file '../build/learning_urdf/learning_urdf.egg-info/SOURCES.txt'
[3.128s] writing manifest file '../build/learning_urdf/learning_urdf.egg-info/SOURCES.txt'
[3.128s] running build
[3.129s] running build_py
[3.129s] running install
[3.129s] running install_lib
[3.130s] running install_data
[3.131s] running install_egg_info
[3.133s] removing '/home/zhuzeyu/guyueju/ros2_21_tutorials/install/learning_urdf/lib/python3.10/site-packages/learning_urdf-0.0.0-py3.10.egg-info' (and everything under it)
[3.134s] Copying ../build/learning_urdf/learning_urdf.egg-info to /home/zhuzeyu/guyueju/ros2_21_tutorials/install/learning_urdf/lib/python3.10/site-packages/learning_urdf-0.0.0-py3.10.egg-info
[3.135s] running install_scripts
[3.170s] writing list of installed files to '/home/zhuzeyu/guyueju/ros2_21_tutorials/build/learning_urdf/install.log'
[3.232s] Invoked command in '/home/zhuzeyu/guyueju/ros2_21_tutorials/learning_urdf' returned '0': PYTHONPATH=/home/zhuzeyu/guyueju/ros2_21_tutorials/build/learning_urdf/prefix_override:/usr/lib/python3/dist-packages/colcon_core/task/python/colcon_distutils_commands:/home/zhuzeyu/guyueju/ros2_21_tutorials/install/learning_urdf/lib/python3.10/site-packages:${PYTHONPATH} /usr/bin/python3 -W ignore:setup.py install is deprecated -W ignore:easy_install command is deprecated setup.py egg_info --egg-base ../build/learning_urdf build --build-base /home/zhuzeyu/guyueju/ros2_21_tutorials/build/learning_urdf/build install --record /home/zhuzeyu/guyueju/ros2_21_tutorials/build/learning_urdf/install.log --single-version-externally-managed install_data
