[0.046s] Invoking command in '/home/zhuzeyu/guyueju/ros2_21_tutorials/build/learning_interface': CMAKE_PREFIX_PATH=/opt/ros/humble /usr/bin/cmake /home/zhuzeyu/guyueju/ros2_21_tutorials/learning_interface -DCMAKE_INSTALL_PREFIX=/home/zhuzeyu/guyueju/ros2_21_tutorials/install/learning_interface
[1.936s] -- The C compiler identification is GNU 11.4.0
[1.937s] -- The CXX compiler identification is GNU 11.4.0
[1.937s] -- Detecting C compiler ABI info
[1.937s] -- Detecting C compiler ABI info - done
[1.937s] -- Check for working C compiler: /usr/bin/cc - skipped
[1.937s] -- Detecting C compile features
[1.937s] -- Detecting C compile features - done
[1.938s] -- Detecting CXX compiler ABI info
[1.938s] -- Detecting CXX compiler ABI info - done
[1.938s] -- Check for working CXX compiler: /usr/bin/c++ - skipped
[1.938s] -- Detecting CXX compile features
[1.938s] -- Detecting CXX compile features - done
[1.938s] -- Found ament_cmake: 1.3.14 (/opt/ros/humble/share/ament_cmake/cmake)
[1.938s] -- Found Python3: /usr/bin/python3 (found version "3.10.12") found components: Interpreter 
[1.938s] -- Found rosidl_default_generators: 1.2.1 (/opt/ros/humble/share/rosidl_default_generators/cmake)
[1.938s] -- Using all available rosidl_typesupport_c: rosidl_typesupport_fastrtps_c;rosidl_typesupport_introspection_c
[1.938s] -- Found rosidl_adapter: 3.1.8 (/opt/ros/humble/share/rosidl_adapter/cmake)
[1.938s] -- Using all available rosidl_typesupport_cpp: rosidl_typesupport_fastrtps_cpp;rosidl_typesupport_introspection_cpp
[1.938s] -- Found ament_cmake_ros: 0.10.0 (/opt/ros/humble/share/ament_cmake_ros/cmake)
[1.938s] -- Using all available rosidl_typesupport_c: rosidl_typesupport_fastrtps_c;rosidl_typesupport_introspection_c
[1.938s] -- Using all available rosidl_typesupport_cpp: rosidl_typesupport_fastrtps_cpp;rosidl_typesupport_introspection_cpp
[1.938s] -- Found PythonInterp: /usr/bin/python3 (found suitable version "3.10.12", minimum required is "3.6") 
[1.938s] -- Found python_cmake_module: 0.10.0 (/opt/ros/humble/share/python_cmake_module/cmake)
[1.938s] -- Found PythonLibs: /usr/lib/x86_64-linux-gnu/libpython3.10.so (found suitable version "3.10.12", minimum required is "3.5") 
[1.938s] -- Using PYTHON_EXECUTABLE: /usr/bin/python3
[1.938s] -- Using PYTHON_INCLUDE_DIRS: /usr/include/python3.10
[1.938s] -- Using PYTHON_LIBRARIES: /usr/lib/x86_64-linux-gnu/libpython3.10.so
[1.938s] -- Found PythonExtra: .so  
[1.938s] -- Found ament_lint_auto: 0.12.15 (/opt/ros/humble/share/ament_lint_auto/cmake)
[1.938s] -- Added test 'copyright' to check source files copyright and LICENSE
[1.938s] -- Added test 'lint_cmake' to check CMake code style
[1.938s] -- Added test 'xmllint' to check XML markup files
[1.938s] -- Configuring done
[1.938s] -- Generating done
[1.938s] -- Build files have been written to: /home/zhuzeyu/guyueju/ros2_21_tutorials/build/learning_interface
[1.947s] Invoked command in '/home/zhuzeyu/guyueju/ros2_21_tutorials/build/learning_interface' returned '0': CMAKE_PREFIX_PATH=/opt/ros/humble /usr/bin/cmake /home/zhuzeyu/guyueju/ros2_21_tutorials/learning_interface -DCMAKE_INSTALL_PREFIX=/home/zhuzeyu/guyueju/ros2_21_tutorials/install/learning_interface
[1.948s] Invoking command in '/home/zhuzeyu/guyueju/ros2_21_tutorials/build/learning_interface': CMAKE_PREFIX_PATH=/opt/ros/humble /usr/bin/cmake --build /home/zhuzeyu/guyueju/ros2_21_tutorials/build/learning_interface -- -j16 -l16
[1.992s] [  1%] [34m[1mGenerating C code for ROS interfaces[0m
[2.003s] [  3%] [34m[1mGenerating Rust code for ROS interfaces[0m
[2.025s] [  5%] [34m[1mGenerating C++ code for ROS interfaces[0m
[2.025s] [  5%] Built target ament_cmake_python_copy_learning_interface
[2.548s] running egg_info
[2.549s] creating learning_interface.egg-info
[2.549s] writing learning_interface.egg-info/PKG-INFO
[2.551s] writing dependency_links to learning_interface.egg-info/dependency_links.txt
[2.551s] writing top-level names to learning_interface.egg-info/top_level.txt
[2.551s] writing manifest file 'learning_interface.egg-info/SOURCES.txt'
[2.552s] reading manifest file 'learning_interface.egg-info/SOURCES.txt'
[2.553s] writing manifest file 'learning_interface.egg-info/SOURCES.txt'
[2.593s] [  5%] Built target ament_cmake_python_build_learning_interface_egg
[2.628s] [  5%] Built target learning_interface__rs
[2.998s] [  5%] Built target learning_interface__cpp
[3.005s] [  7%] [34m[1mGenerating C++ introspection for ROS interfaces[0m
[3.009s] [  8%] [34m[1mGenerating C++ type support for eProsima Fast-RTPS[0m
[3.009s] [ 10%] [34m[1mGenerating C++ type support dispatch for ROS interfaces[0m
[3.018s] [ 12%] [32mBuilding C object CMakeFiles/learning_interface__rosidl_generator_c.dir/rosidl_generator_c/learning_interface/action/detail/move_circle__functions.c.o[0m
[3.022s] [ 17%] [32mBuilding C object CMakeFiles/learning_interface__rosidl_generator_c.dir/rosidl_generator_c/learning_interface/srv/detail/add_two_ints__functions.c.o[0m
[3.022s] [ 17%] [32mBuilding C object CMakeFiles/learning_interface__rosidl_generator_c.dir/rosidl_generator_c/learning_interface/srv/detail/get_object_position__functions.c.o[0m
[3.022s] [ 17%] [32mBuilding C object CMakeFiles/learning_interface__rosidl_generator_c.dir/rosidl_generator_c/learning_interface/msg/detail/object_position__functions.c.o[0m
[3.115s] [ 19%] [32m[1mLinking C shared library liblearning_interface__rosidl_generator_c.so[0m
[3.154s] [ 19%] Built target learning_interface__rosidl_generator_c
[3.166s] [ 21%] [34m[1mGenerating C type support for eProsima Fast-RTPS[0m
[3.167s] [ 23%] [34m[1mGenerating C introspection for ROS interfaces[0m
[3.170s] [ 25%] [34m[1mGenerating C type support dispatch for ROS interfaces[0m
[3.353s] [ 26%] [32mBuilding CXX object CMakeFiles/learning_interface__rosidl_typesupport_cpp.dir/rosidl_typesupport_cpp/learning_interface/srv/add_two_ints__type_support.cpp.o[0m
[3.354s] [ 28%] [32mBuilding CXX object CMakeFiles/learning_interface__rosidl_typesupport_cpp.dir/rosidl_typesupport_cpp/learning_interface/srv/get_object_position__type_support.cpp.o[0m
[3.358s] [ 30%] [32mBuilding CXX object CMakeFiles/learning_interface__rosidl_typesupport_cpp.dir/rosidl_typesupport_cpp/learning_interface/msg/object_position__type_support.cpp.o[0m
[3.367s] [ 32%] [32mBuilding CXX object CMakeFiles/learning_interface__rosidl_typesupport_cpp.dir/rosidl_typesupport_cpp/learning_interface/action/move_circle__type_support.cpp.o[0m
[3.747s] [ 33%] [32mBuilding CXX object CMakeFiles/learning_interface__rosidl_typesupport_introspection_cpp.dir/rosidl_typesupport_introspection_cpp/learning_interface/msg/detail/object_position__type_support.cpp.o[0m
[3.751s] [ 35%] [32mBuilding CXX object CMakeFiles/learning_interface__rosidl_typesupport_introspection_cpp.dir/rosidl_typesupport_introspection_cpp/learning_interface/srv/detail/add_two_ints__type_support.cpp.o[0m
[3.757s] [ 37%] [32mBuilding CXX object CMakeFiles/learning_interface__rosidl_typesupport_introspection_cpp.dir/rosidl_typesupport_introspection_cpp/learning_interface/action/detail/move_circle__type_support.cpp.o[0m
[3.760s] [ 39%] [32mBuilding CXX object CMakeFiles/learning_interface__rosidl_typesupport_introspection_cpp.dir/rosidl_typesupport_introspection_cpp/learning_interface/srv/detail/get_object_position__type_support.cpp.o[0m
[3.763s] [ 41%] [32mBuilding C object CMakeFiles/learning_interface__rosidl_typesupport_introspection_c.dir/rosidl_typesupport_introspection_c/learning_interface/msg/detail/object_position__type_support.c.o[0m
[3.767s] [ 42%] [32mBuilding C object CMakeFiles/learning_interface__rosidl_typesupport_introspection_c.dir/rosidl_typesupport_introspection_c/learning_interface/srv/detail/get_object_position__type_support.c.o[0m
[3.774s] [ 46%] [32mBuilding CXX object CMakeFiles/learning_interface__rosidl_typesupport_c.dir/rosidl_typesupport_c/learning_interface/msg/object_position__type_support.cpp.o[0m
[3.776s] [ 46%] [32mBuilding C object CMakeFiles/learning_interface__rosidl_typesupport_introspection_c.dir/rosidl_typesupport_introspection_c/learning_interface/srv/detail/add_two_ints__type_support.c.o[0m
[3.788s] [ 48%] [32mBuilding C object CMakeFiles/learning_interface__rosidl_typesupport_introspection_c.dir/rosidl_typesupport_introspection_c/learning_interface/action/detail/move_circle__type_support.c.o[0m
[3.795s] [ 51%] [32mBuilding CXX object CMakeFiles/learning_interface__rosidl_typesupport_c.dir/rosidl_typesupport_c/learning_interface/srv/get_object_position__type_support.cpp.o[0m
[3.795s] [ 51%] [32mBuilding CXX object CMakeFiles/learning_interface__rosidl_typesupport_c.dir/rosidl_typesupport_c/learning_interface/srv/add_two_ints__type_support.cpp.o[0m
[3.853s] [ 53%] [32mBuilding CXX object CMakeFiles/learning_interface__rosidl_typesupport_c.dir/rosidl_typesupport_c/learning_interface/action/move_circle__type_support.cpp.o[0m
[3.924s] [ 55%] [32m[1mLinking C shared library liblearning_interface__rosidl_typesupport_introspection_c.so[0m
[3.965s] [ 57%] [32mBuilding CXX object CMakeFiles/learning_interface__rosidl_typesupport_fastrtps_c.dir/rosidl_typesupport_fastrtps_c/learning_interface/srv/detail/get_object_position__type_support_c.cpp.o[0m
[3.967s] [ 58%] [32mBuilding CXX object CMakeFiles/learning_interface__rosidl_typesupport_fastrtps_c.dir/rosidl_typesupport_fastrtps_c/learning_interface/action/detail/move_circle__type_support_c.cpp.o[0m
[3.974s] [ 60%] [32mBuilding CXX object CMakeFiles/learning_interface__rosidl_typesupport_fastrtps_c.dir/rosidl_typesupport_fastrtps_c/learning_interface/srv/detail/add_two_ints__type_support_c.cpp.o[0m
[3.974s] [ 62%] [32mBuilding CXX object CMakeFiles/learning_interface__rosidl_typesupport_fastrtps_c.dir/rosidl_typesupport_fastrtps_c/learning_interface/msg/detail/object_position__type_support_c.cpp.o[0m
[3.979s] [ 64%] [32m[1mLinking CXX shared library liblearning_interface__rosidl_typesupport_c.so[0m
[3.992s] [ 66%] [32m[1mLinking CXX shared library liblearning_interface__rosidl_typesupport_cpp.so[0m
[4.062s] [ 66%] Built target learning_interface__rosidl_typesupport_introspection_c
[4.076s] [ 67%] [32mBuilding CXX object CMakeFiles/learning_interface__rosidl_typesupport_fastrtps_cpp.dir/rosidl_typesupport_fastrtps_cpp/learning_interface/msg/detail/dds_fastrtps/object_position__type_support.cpp.o[0m
[4.083s] [ 67%] Built target learning_interface__rosidl_typesupport_c
[4.088s] [ 67%] Built target learning_interface__rosidl_typesupport_cpp
[4.089s] [ 69%] [32mBuilding CXX object CMakeFiles/learning_interface__rosidl_typesupport_fastrtps_cpp.dir/rosidl_typesupport_fastrtps_cpp/learning_interface/action/detail/dds_fastrtps/move_circle__type_support.cpp.o[0m
[4.090s] [ 71%] [32mBuilding CXX object CMakeFiles/learning_interface__rosidl_typesupport_fastrtps_cpp.dir/rosidl_typesupport_fastrtps_cpp/learning_interface/srv/detail/dds_fastrtps/get_object_position__type_support.cpp.o[0m
[4.091s] [ 73%] [32mBuilding CXX object CMakeFiles/learning_interface__rosidl_typesupport_fastrtps_cpp.dir/rosidl_typesupport_fastrtps_cpp/learning_interface/srv/detail/dds_fastrtps/add_two_ints__type_support.cpp.o[0m
[4.698s] [ 75%] [32m[1mLinking CXX shared library liblearning_interface__rosidl_typesupport_fastrtps_c.so[0m
[4.818s] [ 75%] Built target learning_interface__rosidl_typesupport_fastrtps_c
[4.862s] [ 76%] [32m[1mLinking CXX shared library liblearning_interface__rosidl_typesupport_introspection_cpp.so[0m
[4.977s] [ 76%] Built target learning_interface__rosidl_typesupport_introspection_cpp
[5.169s] [ 78%] [32m[1mLinking CXX shared library liblearning_interface__rosidl_typesupport_fastrtps_cpp.so[0m
[5.274s] [ 78%] Built target learning_interface__rosidl_typesupport_fastrtps_cpp
[5.298s] [ 78%] Built target learning_interface
[5.313s] [ 80%] [34m[1mGenerating Python code for ROS interfaces[0m
[6.093s] [ 80%] Built target learning_interface__py
[6.120s] [ 87%] [32mBuilding C object CMakeFiles/learning_interface__rosidl_generator_py.dir/rosidl_generator_py/learning_interface/msg/_object_position_s.c.o[0m
[6.120s] [ 87%] [32mBuilding C object CMakeFiles/learning_interface__rosidl_generator_py.dir/rosidl_generator_py/learning_interface/action/_move_circle_s.c.o[0m
[6.121s] [ 87%] [32mBuilding C object CMakeFiles/learning_interface__rosidl_generator_py.dir/rosidl_generator_py/learning_interface/srv/_add_two_ints_s.c.o[0m
[6.121s] [ 87%] [32mBuilding C object CMakeFiles/learning_interface__rosidl_generator_py.dir/rosidl_generator_py/learning_interface/srv/_get_object_position_s.c.o[0m
[6.266s] [ 89%] [32m[1mLinking C shared library rosidl_generator_py/learning_interface/liblearning_interface__rosidl_generator_py.so[0m
[6.306s] [ 89%] Built target learning_interface__rosidl_generator_py
[6.323s] [ 91%] [32mBuilding C object CMakeFiles/learning_interface__rosidl_typesupport_fastrtps_c__pyext.dir/rosidl_generator_py/learning_interface/_learning_interface_s.ep.rosidl_typesupport_fastrtps_c.c.o[0m
[6.325s] [ 92%] [32mBuilding C object CMakeFiles/learning_interface__rosidl_typesupport_introspection_c__pyext.dir/rosidl_generator_py/learning_interface/_learning_interface_s.ep.rosidl_typesupport_introspection_c.c.o[0m
[6.327s] [ 94%] [32mBuilding C object CMakeFiles/learning_interface__rosidl_typesupport_c__pyext.dir/rosidl_generator_py/learning_interface/_learning_interface_s.ep.rosidl_typesupport_c.c.o[0m
[6.452s] [ 96%] [32m[1mLinking C shared library rosidl_generator_py/learning_interface/learning_interface_s__rosidl_typesupport_c.cpython-310-x86_64-linux-gnu.so[0m
[6.459s] [ 98%] [32m[1mLinking C shared library rosidl_generator_py/learning_interface/learning_interface_s__rosidl_typesupport_fastrtps_c.cpython-310-x86_64-linux-gnu.so[0m
[6.488s] [ 98%] Built target learning_interface__rosidl_typesupport_fastrtps_c__pyext
[6.493s] [100%] [32m[1mLinking C shared library rosidl_generator_py/learning_interface/learning_interface_s__rosidl_typesupport_introspection_c.cpython-310-x86_64-linux-gnu.so[0m
[6.501s] [100%] Built target learning_interface__rosidl_typesupport_c__pyext
[6.523s] [100%] Built target learning_interface__rosidl_typesupport_introspection_c__pyext
[6.536s] Invoked command in '/home/zhuzeyu/guyueju/ros2_21_tutorials/build/learning_interface' returned '0': CMAKE_PREFIX_PATH=/opt/ros/humble /usr/bin/cmake --build /home/zhuzeyu/guyueju/ros2_21_tutorials/build/learning_interface -- -j16 -l16
[6.538s] Invoking command in '/home/zhuzeyu/guyueju/ros2_21_tutorials/build/learning_interface': CMAKE_PREFIX_PATH=/opt/ros/humble /usr/bin/cmake --install /home/zhuzeyu/guyueju/ros2_21_tutorials/build/learning_interface
[6.545s] -- Install configuration: ""
[6.545s] -- Installing: /home/zhuzeyu/guyueju/ros2_21_tutorials/install/learning_interface/share/ament_index/resource_index/rosidl_interfaces/learning_interface
[6.545s] -- Installing: /home/zhuzeyu/guyueju/ros2_21_tutorials/install/learning_interface/include/learning_interface/learning_interface
[6.545s] -- Installing: /home/zhuzeyu/guyueju/ros2_21_tutorials/install/learning_interface/include/learning_interface/learning_interface/msg
[6.545s] -- Installing: /home/zhuzeyu/guyueju/ros2_21_tutorials/install/learning_interface/include/learning_interface/learning_interface/msg/object_position.h
[6.545s] -- Installing: /home/zhuzeyu/guyueju/ros2_21_tutorials/install/learning_interface/include/learning_interface/learning_interface/msg/rosidl_generator_c__visibility_control.h
[6.545s] -- Installing: /home/zhuzeyu/guyueju/ros2_21_tutorials/install/learning_interface/include/learning_interface/learning_interface/msg/detail
[6.546s] -- Installing: /home/zhuzeyu/guyueju/ros2_21_tutorials/install/learning_interface/include/learning_interface/learning_interface/msg/detail/object_position__type_support.h
[6.546s] -- Installing: /home/zhuzeyu/guyueju/ros2_21_tutorials/install/learning_interface/include/learning_interface/learning_interface/msg/detail/object_position__functions.h
[6.546s] -- Installing: /home/zhuzeyu/guyueju/ros2_21_tutorials/install/learning_interface/include/learning_interface/learning_interface/msg/detail/object_position__functions.c
[6.546s] -- Installing: /home/zhuzeyu/guyueju/ros2_21_tutorials/install/learning_interface/include/learning_interface/learning_interface/msg/detail/object_position__struct.h
[6.546s] -- Installing: /home/zhuzeyu/guyueju/ros2_21_tutorials/install/learning_interface/include/learning_interface/learning_interface/action
[6.546s] -- Installing: /home/zhuzeyu/guyueju/ros2_21_tutorials/install/learning_interface/include/learning_interface/learning_interface/action/move_circle.h
[6.546s] -- Installing: /home/zhuzeyu/guyueju/ros2_21_tutorials/install/learning_interface/include/learning_interface/learning_interface/action/detail
[6.547s] -- Installing: /home/zhuzeyu/guyueju/ros2_21_tutorials/install/learning_interface/include/learning_interface/learning_interface/action/detail/move_circle__type_support.h
[6.547s] -- Installing: /home/zhuzeyu/guyueju/ros2_21_tutorials/install/learning_interface/include/learning_interface/learning_interface/action/detail/move_circle__struct.h
[6.547s] -- Installing: /home/zhuzeyu/guyueju/ros2_21_tutorials/install/learning_interface/include/learning_interface/learning_interface/action/detail/move_circle__functions.c
[6.547s] -- Installing: /home/zhuzeyu/guyueju/ros2_21_tutorials/install/learning_interface/include/learning_interface/learning_interface/action/detail/move_circle__functions.h
[6.547s] -- Installing: /home/zhuzeyu/guyueju/ros2_21_tutorials/install/learning_interface/include/learning_interface/learning_interface/srv
[6.547s] -- Installing: /home/zhuzeyu/guyueju/ros2_21_tutorials/install/learning_interface/include/learning_interface/learning_interface/srv/get_object_position.h
[6.547s] -- Installing: /home/zhuzeyu/guyueju/ros2_21_tutorials/install/learning_interface/include/learning_interface/learning_interface/srv/add_two_ints.h
[6.547s] -- Installing: /home/zhuzeyu/guyueju/ros2_21_tutorials/install/learning_interface/include/learning_interface/learning_interface/srv/detail
[6.547s] -- Installing: /home/zhuzeyu/guyueju/ros2_21_tutorials/install/learning_interface/include/learning_interface/learning_interface/srv/detail/get_object_position__struct.h
[6.548s] -- Installing: /home/zhuzeyu/guyueju/ros2_21_tutorials/install/learning_interface/include/learning_interface/learning_interface/srv/detail/get_object_position__functions.h
[6.548s] -- Installing: /home/zhuzeyu/guyueju/ros2_21_tutorials/install/learning_interface/include/learning_interface/learning_interface/srv/detail/add_two_ints__functions.c
[6.548s] -- Installing: /home/zhuzeyu/guyueju/ros2_21_tutorials/install/learning_interface/include/learning_interface/learning_interface/srv/detail/get_object_position__type_support.h
[6.548s] -- Installing: /home/zhuzeyu/guyueju/ros2_21_tutorials/install/learning_interface/include/learning_interface/learning_interface/srv/detail/add_two_ints__functions.h
[6.548s] -- Installing: /home/zhuzeyu/guyueju/ros2_21_tutorials/install/learning_interface/include/learning_interface/learning_interface/srv/detail/add_two_ints__struct.h
[6.548s] -- Installing: /home/zhuzeyu/guyueju/ros2_21_tutorials/install/learning_interface/include/learning_interface/learning_interface/srv/detail/add_two_ints__type_support.h
[6.548s] -- Installing: /home/zhuzeyu/guyueju/ros2_21_tutorials/install/learning_interface/include/learning_interface/learning_interface/srv/detail/get_object_position__functions.c
[6.548s] -- Installing: /home/zhuzeyu/guyueju/ros2_21_tutorials/install/learning_interface/share/learning_interface/environment/library_path.sh
[6.548s] -- Installing: /home/zhuzeyu/guyueju/ros2_21_tutorials/install/learning_interface/share/learning_interface/environment/library_path.dsv
[6.549s] -- Installing: /home/zhuzeyu/guyueju/ros2_21_tutorials/install/learning_interface/lib/liblearning_interface__rosidl_generator_c.so
[6.549s] -- Set runtime path of "/home/zhuzeyu/guyueju/ros2_21_tutorials/install/learning_interface/lib/liblearning_interface__rosidl_generator_c.so" to ""
[6.549s] -- Up-to-date: /home/zhuzeyu/guyueju/ros2_21_tutorials/install/learning_interface/include/learning_interface/learning_interface
[6.549s] -- Up-to-date: /home/zhuzeyu/guyueju/ros2_21_tutorials/install/learning_interface/include/learning_interface/learning_interface/msg
[6.549s] -- Installing: /home/zhuzeyu/guyueju/ros2_21_tutorials/install/learning_interface/include/learning_interface/learning_interface/msg/rosidl_typesupport_fastrtps_c__visibility_control.h
[6.549s] -- Up-to-date: /home/zhuzeyu/guyueju/ros2_21_tutorials/install/learning_interface/include/learning_interface/learning_interface/msg/detail
[6.549s] -- Installing: /home/zhuzeyu/guyueju/ros2_21_tutorials/install/learning_interface/include/learning_interface/learning_interface/msg/detail/object_position__rosidl_typesupport_fastrtps_c.h
[6.549s] -- Up-to-date: /home/zhuzeyu/guyueju/ros2_21_tutorials/install/learning_interface/include/learning_interface/learning_interface/action
[6.549s] -- Up-to-date: /home/zhuzeyu/guyueju/ros2_21_tutorials/install/learning_interface/include/learning_interface/learning_interface/action/detail
[6.549s] -- Installing: /home/zhuzeyu/guyueju/ros2_21_tutorials/install/learning_interface/include/learning_interface/learning_interface/action/detail/move_circle__rosidl_typesupport_fastrtps_c.h
[6.550s] -- Up-to-date: /home/zhuzeyu/guyueju/ros2_21_tutorials/install/learning_interface/include/learning_interface/learning_interface/srv
[6.550s] -- Up-to-date: /home/zhuzeyu/guyueju/ros2_21_tutorials/install/learning_interface/include/learning_interface/learning_interface/srv/detail
[6.550s] -- Installing: /home/zhuzeyu/guyueju/ros2_21_tutorials/install/learning_interface/include/learning_interface/learning_interface/srv/detail/add_two_ints__rosidl_typesupport_fastrtps_c.h
[6.550s] -- Installing: /home/zhuzeyu/guyueju/ros2_21_tutorials/install/learning_interface/include/learning_interface/learning_interface/srv/detail/get_object_position__rosidl_typesupport_fastrtps_c.h
[6.550s] -- Installing: /home/zhuzeyu/guyueju/ros2_21_tutorials/install/learning_interface/lib/liblearning_interface__rosidl_typesupport_fastrtps_c.so
[6.550s] -- Set runtime path of "/home/zhuzeyu/guyueju/ros2_21_tutorials/install/learning_interface/lib/liblearning_interface__rosidl_typesupport_fastrtps_c.so" to ""
[6.550s] -- Up-to-date: /home/zhuzeyu/guyueju/ros2_21_tutorials/install/learning_interface/include/learning_interface/learning_interface
[6.550s] -- Up-to-date: /home/zhuzeyu/guyueju/ros2_21_tutorials/install/learning_interface/include/learning_interface/learning_interface/msg
[6.550s] -- Installing: /home/zhuzeyu/guyueju/ros2_21_tutorials/install/learning_interface/include/learning_interface/learning_interface/msg/rosidl_typesupport_introspection_c__visibility_control.h
[6.550s] -- Up-to-date: /home/zhuzeyu/guyueju/ros2_21_tutorials/install/learning_interface/include/learning_interface/learning_interface/msg/detail
[6.550s] -- Installing: /home/zhuzeyu/guyueju/ros2_21_tutorials/install/learning_interface/include/learning_interface/learning_interface/msg/detail/object_position__type_support.c
[6.551s] -- Installing: /home/zhuzeyu/guyueju/ros2_21_tutorials/install/learning_interface/include/learning_interface/learning_interface/msg/detail/object_position__rosidl_typesupport_introspection_c.h
[6.551s] -- Up-to-date: /home/zhuzeyu/guyueju/ros2_21_tutorials/install/learning_interface/include/learning_interface/learning_interface/action
[6.551s] -- Up-to-date: /home/zhuzeyu/guyueju/ros2_21_tutorials/install/learning_interface/include/learning_interface/learning_interface/action/detail
[6.551s] -- Installing: /home/zhuzeyu/guyueju/ros2_21_tutorials/install/learning_interface/include/learning_interface/learning_interface/action/detail/move_circle__rosidl_typesupport_introspection_c.h
[6.551s] -- Installing: /home/zhuzeyu/guyueju/ros2_21_tutorials/install/learning_interface/include/learning_interface/learning_interface/action/detail/move_circle__type_support.c
[6.551s] -- Up-to-date: /home/zhuzeyu/guyueju/ros2_21_tutorials/install/learning_interface/include/learning_interface/learning_interface/srv
[6.551s] -- Up-to-date: /home/zhuzeyu/guyueju/ros2_21_tutorials/install/learning_interface/include/learning_interface/learning_interface/srv/detail
[6.551s] -- Installing: /home/zhuzeyu/guyueju/ros2_21_tutorials/install/learning_interface/include/learning_interface/learning_interface/srv/detail/add_two_ints__type_support.c
[6.551s] -- Installing: /home/zhuzeyu/guyueju/ros2_21_tutorials/install/learning_interface/include/learning_interface/learning_interface/srv/detail/get_object_position__rosidl_typesupport_introspection_c.h
[6.552s] -- Installing: /home/zhuzeyu/guyueju/ros2_21_tutorials/install/learning_interface/include/learning_interface/learning_interface/srv/detail/get_object_position__type_support.c
[6.552s] -- Installing: /home/zhuzeyu/guyueju/ros2_21_tutorials/install/learning_interface/include/learning_interface/learning_interface/srv/detail/add_two_ints__rosidl_typesupport_introspection_c.h
[6.552s] -- Installing: /home/zhuzeyu/guyueju/ros2_21_tutorials/install/learning_interface/lib/liblearning_interface__rosidl_typesupport_introspection_c.so
[6.552s] -- Set runtime path of "/home/zhuzeyu/guyueju/ros2_21_tutorials/install/learning_interface/lib/liblearning_interface__rosidl_typesupport_introspection_c.so" to ""
[6.552s] -- Installing: /home/zhuzeyu/guyueju/ros2_21_tutorials/install/learning_interface/lib/liblearning_interface__rosidl_typesupport_c.so
[6.552s] -- Set runtime path of "/home/zhuzeyu/guyueju/ros2_21_tutorials/install/learning_interface/lib/liblearning_interface__rosidl_typesupport_c.so" to ""
[6.552s] -- Up-to-date: /home/zhuzeyu/guyueju/ros2_21_tutorials/install/learning_interface/include/learning_interface/learning_interface
[6.552s] -- Up-to-date: /home/zhuzeyu/guyueju/ros2_21_tutorials/install/learning_interface/include/learning_interface/learning_interface/msg
[6.552s] -- Installing: /home/zhuzeyu/guyueju/ros2_21_tutorials/install/learning_interface/include/learning_interface/learning_interface/msg/object_position.hpp
[6.552s] -- Installing: /home/zhuzeyu/guyueju/ros2_21_tutorials/install/learning_interface/include/learning_interface/learning_interface/msg/rosidl_generator_cpp__visibility_control.hpp
[6.552s] -- Up-to-date: /home/zhuzeyu/guyueju/ros2_21_tutorials/install/learning_interface/include/learning_interface/learning_interface/msg/detail
[6.552s] -- Installing: /home/zhuzeyu/guyueju/ros2_21_tutorials/install/learning_interface/include/learning_interface/learning_interface/msg/detail/object_position__traits.hpp
[6.552s] -- Installing: /home/zhuzeyu/guyueju/ros2_21_tutorials/install/learning_interface/include/learning_interface/learning_interface/msg/detail/object_position__builder.hpp
[6.553s] -- Installing: /home/zhuzeyu/guyueju/ros2_21_tutorials/install/learning_interface/include/learning_interface/learning_interface/msg/detail/object_position__type_support.hpp
[6.553s] -- Installing: /home/zhuzeyu/guyueju/ros2_21_tutorials/install/learning_interface/include/learning_interface/learning_interface/msg/detail/object_position__struct.hpp
[6.553s] -- Up-to-date: /home/zhuzeyu/guyueju/ros2_21_tutorials/install/learning_interface/include/learning_interface/learning_interface/action
[6.553s] -- Installing: /home/zhuzeyu/guyueju/ros2_21_tutorials/install/learning_interface/include/learning_interface/learning_interface/action/move_circle.hpp
[6.553s] -- Up-to-date: /home/zhuzeyu/guyueju/ros2_21_tutorials/install/learning_interface/include/learning_interface/learning_interface/action/detail
[6.553s] -- Installing: /home/zhuzeyu/guyueju/ros2_21_tutorials/install/learning_interface/include/learning_interface/learning_interface/action/detail/move_circle__builder.hpp
[6.553s] -- Installing: /home/zhuzeyu/guyueju/ros2_21_tutorials/install/learning_interface/include/learning_interface/learning_interface/action/detail/move_circle__type_support.hpp
[6.553s] -- Installing: /home/zhuzeyu/guyueju/ros2_21_tutorials/install/learning_interface/include/learning_interface/learning_interface/action/detail/move_circle__struct.hpp
[6.553s] -- Installing: /home/zhuzeyu/guyueju/ros2_21_tutorials/install/learning_interface/include/learning_interface/learning_interface/action/detail/move_circle__traits.hpp
[6.553s] -- Up-to-date: /home/zhuzeyu/guyueju/ros2_21_tutorials/install/learning_interface/include/learning_interface/learning_interface/srv
[6.553s] -- Installing: /home/zhuzeyu/guyueju/ros2_21_tutorials/install/learning_interface/include/learning_interface/learning_interface/srv/get_object_position.hpp
[6.553s] -- Up-to-date: /home/zhuzeyu/guyueju/ros2_21_tutorials/install/learning_interface/include/learning_interface/learning_interface/srv/detail
[6.553s] -- Installing: /home/zhuzeyu/guyueju/ros2_21_tutorials/install/learning_interface/include/learning_interface/learning_interface/srv/detail/add_two_ints__traits.hpp
[6.553s] -- Installing: /home/zhuzeyu/guyueju/ros2_21_tutorials/install/learning_interface/include/learning_interface/learning_interface/srv/detail/get_object_position__struct.hpp
[6.553s] -- Installing: /home/zhuzeyu/guyueju/ros2_21_tutorials/install/learning_interface/include/learning_interface/learning_interface/srv/detail/add_two_ints__builder.hpp
[6.553s] -- Installing: /home/zhuzeyu/guyueju/ros2_21_tutorials/install/learning_interface/include/learning_interface/learning_interface/srv/detail/add_two_ints__struct.hpp
[6.553s] -- Installing: /home/zhuzeyu/guyueju/ros2_21_tutorials/install/learning_interface/include/learning_interface/learning_interface/srv/detail/add_two_ints__type_support.hpp
[6.554s] -- Installing: /home/zhuzeyu/guyueju/ros2_21_tutorials/install/learning_interface/include/learning_interface/learning_interface/srv/detail/get_object_position__traits.hpp
[6.554s] -- Installing: /home/zhuzeyu/guyueju/ros2_21_tutorials/install/learning_interface/include/learning_interface/learning_interface/srv/detail/get_object_position__type_support.hpp
[6.554s] -- Installing: /home/zhuzeyu/guyueju/ros2_21_tutorials/install/learning_interface/include/learning_interface/learning_interface/srv/detail/get_object_position__builder.hpp
[6.554s] -- Installing: /home/zhuzeyu/guyueju/ros2_21_tutorials/install/learning_interface/include/learning_interface/learning_interface/srv/add_two_ints.hpp
[6.554s] -- Up-to-date: /home/zhuzeyu/guyueju/ros2_21_tutorials/install/learning_interface/include/learning_interface/learning_interface
[6.554s] -- Up-to-date: /home/zhuzeyu/guyueju/ros2_21_tutorials/install/learning_interface/include/learning_interface/learning_interface/msg
[6.554s] -- Installing: /home/zhuzeyu/guyueju/ros2_21_tutorials/install/learning_interface/include/learning_interface/learning_interface/msg/rosidl_typesupport_fastrtps_cpp__visibility_control.h
[6.554s] -- Up-to-date: /home/zhuzeyu/guyueju/ros2_21_tutorials/install/learning_interface/include/learning_interface/learning_interface/msg/detail
[6.554s] -- Installing: /home/zhuzeyu/guyueju/ros2_21_tutorials/install/learning_interface/include/learning_interface/learning_interface/msg/detail/dds_fastrtps
[6.554s] -- Installing: /home/zhuzeyu/guyueju/ros2_21_tutorials/install/learning_interface/include/learning_interface/learning_interface/msg/detail/object_position__rosidl_typesupport_fastrtps_cpp.hpp
[6.554s] -- Up-to-date: /home/zhuzeyu/guyueju/ros2_21_tutorials/install/learning_interface/include/learning_interface/learning_interface/action
[6.555s] -- Up-to-date: /home/zhuzeyu/guyueju/ros2_21_tutorials/install/learning_interface/include/learning_interface/learning_interface/action/detail
[6.555s] -- Installing: /home/zhuzeyu/guyueju/ros2_21_tutorials/install/learning_interface/include/learning_interface/learning_interface/action/detail/dds_fastrtps
[6.555s] -- Installing: /home/zhuzeyu/guyueju/ros2_21_tutorials/install/learning_interface/include/learning_interface/learning_interface/action/detail/move_circle__rosidl_typesupport_fastrtps_cpp.hpp
[6.555s] -- Up-to-date: /home/zhuzeyu/guyueju/ros2_21_tutorials/install/learning_interface/include/learning_interface/learning_interface/srv
[6.555s] -- Up-to-date: /home/zhuzeyu/guyueju/ros2_21_tutorials/install/learning_interface/include/learning_interface/learning_interface/srv/detail
[6.555s] -- Installing: /home/zhuzeyu/guyueju/ros2_21_tutorials/install/learning_interface/include/learning_interface/learning_interface/srv/detail/add_two_ints__rosidl_typesupport_fastrtps_cpp.hpp
[6.555s] -- Installing: /home/zhuzeyu/guyueju/ros2_21_tutorials/install/learning_interface/include/learning_interface/learning_interface/srv/detail/get_object_position__rosidl_typesupport_fastrtps_cpp.hpp
[6.555s] -- Installing: /home/zhuzeyu/guyueju/ros2_21_tutorials/install/learning_interface/include/learning_interface/learning_interface/srv/detail/dds_fastrtps
[6.555s] -- Installing: /home/zhuzeyu/guyueju/ros2_21_tutorials/install/learning_interface/lib/liblearning_interface__rosidl_typesupport_fastrtps_cpp.so
[6.555s] -- Set runtime path of "/home/zhuzeyu/guyueju/ros2_21_tutorials/install/learning_interface/lib/liblearning_interface__rosidl_typesupport_fastrtps_cpp.so" to ""
[6.555s] -- Up-to-date: /home/zhuzeyu/guyueju/ros2_21_tutorials/install/learning_interface/include/learning_interface/learning_interface
[6.555s] -- Up-to-date: /home/zhuzeyu/guyueju/ros2_21_tutorials/install/learning_interface/include/learning_interface/learning_interface/msg
[6.556s] -- Up-to-date: /home/zhuzeyu/guyueju/ros2_21_tutorials/install/learning_interface/include/learning_interface/learning_interface/msg/detail
[6.556s] -- Installing: /home/zhuzeyu/guyueju/ros2_21_tutorials/install/learning_interface/include/learning_interface/learning_interface/msg/detail/object_position__type_support.cpp
[6.556s] -- Installing: /home/zhuzeyu/guyueju/ros2_21_tutorials/install/learning_interface/include/learning_interface/learning_interface/msg/detail/object_position__rosidl_typesupport_introspection_cpp.hpp
[6.556s] -- Up-to-date: /home/zhuzeyu/guyueju/ros2_21_tutorials/install/learning_interface/include/learning_interface/learning_interface/action
[6.556s] -- Up-to-date: /home/zhuzeyu/guyueju/ros2_21_tutorials/install/learning_interface/include/learning_interface/learning_interface/action/detail
[6.556s] -- Installing: /home/zhuzeyu/guyueju/ros2_21_tutorials/install/learning_interface/include/learning_interface/learning_interface/action/detail/move_circle__rosidl_typesupport_introspection_cpp.hpp
[6.556s] -- Installing: /home/zhuzeyu/guyueju/ros2_21_tutorials/install/learning_interface/include/learning_interface/learning_interface/action/detail/move_circle__type_support.cpp
[6.556s] -- Up-to-date: /home/zhuzeyu/guyueju/ros2_21_tutorials/install/learning_interface/include/learning_interface/learning_interface/srv
[6.556s] -- Up-to-date: /home/zhuzeyu/guyueju/ros2_21_tutorials/install/learning_interface/include/learning_interface/learning_interface/srv/detail
[6.556s] -- Installing: /home/zhuzeyu/guyueju/ros2_21_tutorials/install/learning_interface/include/learning_interface/learning_interface/srv/detail/get_object_position__rosidl_typesupport_introspection_cpp.hpp
[6.556s] -- Installing: /home/zhuzeyu/guyueju/ros2_21_tutorials/install/learning_interface/include/learning_interface/learning_interface/srv/detail/add_two_ints__type_support.cpp
[6.556s] -- Installing: /home/zhuzeyu/guyueju/ros2_21_tutorials/install/learning_interface/include/learning_interface/learning_interface/srv/detail/get_object_position__type_support.cpp
[6.556s] -- Installing: /home/zhuzeyu/guyueju/ros2_21_tutorials/install/learning_interface/include/learning_interface/learning_interface/srv/detail/add_two_ints__rosidl_typesupport_introspection_cpp.hpp
[6.557s] -- Installing: /home/zhuzeyu/guyueju/ros2_21_tutorials/install/learning_interface/lib/liblearning_interface__rosidl_typesupport_introspection_cpp.so
[6.557s] -- Set runtime path of "/home/zhuzeyu/guyueju/ros2_21_tutorials/install/learning_interface/lib/liblearning_interface__rosidl_typesupport_introspection_cpp.so" to ""
[6.557s] -- Installing: /home/zhuzeyu/guyueju/ros2_21_tutorials/install/learning_interface/lib/liblearning_interface__rosidl_typesupport_cpp.so
[6.557s] -- Set runtime path of "/home/zhuzeyu/guyueju/ros2_21_tutorials/install/learning_interface/lib/liblearning_interface__rosidl_typesupport_cpp.so" to ""
[6.557s] -- Installing: /home/zhuzeyu/guyueju/ros2_21_tutorials/install/learning_interface/share/learning_interface/environment/pythonpath.sh
[6.557s] -- Installing: /home/zhuzeyu/guyueju/ros2_21_tutorials/install/learning_interface/share/learning_interface/environment/pythonpath.dsv
[6.557s] -- Installing: /home/zhuzeyu/guyueju/ros2_21_tutorials/install/learning_interface/local/lib/python3.10/dist-packages/learning_interface-0.0.0-py3.10.egg-info
[6.557s] -- Installing: /home/zhuzeyu/guyueju/ros2_21_tutorials/install/learning_interface/local/lib/python3.10/dist-packages/learning_interface-0.0.0-py3.10.egg-info/PKG-INFO
[6.557s] -- Installing: /home/zhuzeyu/guyueju/ros2_21_tutorials/install/learning_interface/local/lib/python3.10/dist-packages/learning_interface-0.0.0-py3.10.egg-info/SOURCES.txt
[6.557s] -- Installing: /home/zhuzeyu/guyueju/ros2_21_tutorials/install/learning_interface/local/lib/python3.10/dist-packages/learning_interface-0.0.0-py3.10.egg-info/top_level.txt
[6.557s] -- Installing: /home/zhuzeyu/guyueju/ros2_21_tutorials/install/learning_interface/local/lib/python3.10/dist-packages/learning_interface-0.0.0-py3.10.egg-info/dependency_links.txt
[6.557s] -- Installing: /home/zhuzeyu/guyueju/ros2_21_tutorials/install/learning_interface/local/lib/python3.10/dist-packages/learning_interface
[6.558s] -- Installing: /home/zhuzeyu/guyueju/ros2_21_tutorials/install/learning_interface/local/lib/python3.10/dist-packages/learning_interface/_learning_interface_s.ep.rosidl_typesupport_introspection_c.c
[6.558s] -- Installing: /home/zhuzeyu/guyueju/ros2_21_tutorials/install/learning_interface/local/lib/python3.10/dist-packages/learning_interface/__init__.py
[6.558s] -- Installing: /home/zhuzeyu/guyueju/ros2_21_tutorials/install/learning_interface/local/lib/python3.10/dist-packages/learning_interface/learning_interface_s__rosidl_typesupport_fastrtps_c.cpython-310-x86_64-linux-gnu.so
[6.558s] -- Installing: /home/zhuzeyu/guyueju/ros2_21_tutorials/install/learning_interface/local/lib/python3.10/dist-packages/learning_interface/learning_interface_s__rosidl_typesupport_introspection_c.cpython-310-x86_64-linux-gnu.so
[6.558s] -- Installing: /home/zhuzeyu/guyueju/ros2_21_tutorials/install/learning_interface/local/lib/python3.10/dist-packages/learning_interface/_learning_interface_s.ep.rosidl_typesupport_c.c
[6.558s] -- Installing: /home/zhuzeyu/guyueju/ros2_21_tutorials/install/learning_interface/local/lib/python3.10/dist-packages/learning_interface/_learning_interface_s.ep.rosidl_typesupport_fastrtps_c.c
[6.558s] -- Installing: /home/zhuzeyu/guyueju/ros2_21_tutorials/install/learning_interface/local/lib/python3.10/dist-packages/learning_interface/msg
[6.558s] -- Installing: /home/zhuzeyu/guyueju/ros2_21_tutorials/install/learning_interface/local/lib/python3.10/dist-packages/learning_interface/msg/__init__.py
[6.558s] -- Installing: /home/zhuzeyu/guyueju/ros2_21_tutorials/install/learning_interface/local/lib/python3.10/dist-packages/learning_interface/msg/_object_position_s.c
[6.558s] -- Installing: /home/zhuzeyu/guyueju/ros2_21_tutorials/install/learning_interface/local/lib/python3.10/dist-packages/learning_interface/msg/_object_position.py
[6.558s] -- Installing: /home/zhuzeyu/guyueju/ros2_21_tutorials/install/learning_interface/local/lib/python3.10/dist-packages/learning_interface/learning_interface_s__rosidl_typesupport_c.cpython-310-x86_64-linux-gnu.so
[6.558s] -- Installing: /home/zhuzeyu/guyueju/ros2_21_tutorials/install/learning_interface/local/lib/python3.10/dist-packages/learning_interface/action
[6.558s] -- Installing: /home/zhuzeyu/guyueju/ros2_21_tutorials/install/learning_interface/local/lib/python3.10/dist-packages/learning_interface/action/__init__.py
[6.559s] -- Installing: /home/zhuzeyu/guyueju/ros2_21_tutorials/install/learning_interface/local/lib/python3.10/dist-packages/learning_interface/action/_move_circle_s.c
[6.559s] -- Installing: /home/zhuzeyu/guyueju/ros2_21_tutorials/install/learning_interface/local/lib/python3.10/dist-packages/learning_interface/action/_move_circle.py
[6.559s] -- Installing: /home/zhuzeyu/guyueju/ros2_21_tutorials/install/learning_interface/local/lib/python3.10/dist-packages/learning_interface/liblearning_interface__rosidl_generator_py.so
[6.559s] -- Installing: /home/zhuzeyu/guyueju/ros2_21_tutorials/install/learning_interface/local/lib/python3.10/dist-packages/learning_interface/srv
[6.559s] -- Installing: /home/zhuzeyu/guyueju/ros2_21_tutorials/install/learning_interface/local/lib/python3.10/dist-packages/learning_interface/srv/_add_two_ints_s.c
[6.559s] -- Installing: /home/zhuzeyu/guyueju/ros2_21_tutorials/install/learning_interface/local/lib/python3.10/dist-packages/learning_interface/srv/_get_object_position.py
[6.559s] -- Installing: /home/zhuzeyu/guyueju/ros2_21_tutorials/install/learning_interface/local/lib/python3.10/dist-packages/learning_interface/srv/__init__.py
[6.559s] -- Installing: /home/zhuzeyu/guyueju/ros2_21_tutorials/install/learning_interface/local/lib/python3.10/dist-packages/learning_interface/srv/_add_two_ints.py
[6.559s] -- Installing: /home/zhuzeyu/guyueju/ros2_21_tutorials/install/learning_interface/local/lib/python3.10/dist-packages/learning_interface/srv/_get_object_position_s.c
[6.586s] Listing '/home/zhuzeyu/guyueju/ros2_21_tutorials/install/learning_interface/local/lib/python3.10/dist-packages/learning_interface'...
[6.586s] Compiling '/home/zhuzeyu/guyueju/ros2_21_tutorials/install/learning_interface/local/lib/python3.10/dist-packages/learning_interface/__init__.py'...
[6.586s] Listing '/home/zhuzeyu/guyueju/ros2_21_tutorials/install/learning_interface/local/lib/python3.10/dist-packages/learning_interface/action'...
[6.586s] Compiling '/home/zhuzeyu/guyueju/ros2_21_tutorials/install/learning_interface/local/lib/python3.10/dist-packages/learning_interface/action/__init__.py'...
[6.586s] Compiling '/home/zhuzeyu/guyueju/ros2_21_tutorials/install/learning_interface/local/lib/python3.10/dist-packages/learning_interface/action/_move_circle.py'...
[6.586s] Listing '/home/zhuzeyu/guyueju/ros2_21_tutorials/install/learning_interface/local/lib/python3.10/dist-packages/learning_interface/msg'...
[6.586s] Compiling '/home/zhuzeyu/guyueju/ros2_21_tutorials/install/learning_interface/local/lib/python3.10/dist-packages/learning_interface/msg/__init__.py'...
[6.586s] Compiling '/home/zhuzeyu/guyueju/ros2_21_tutorials/install/learning_interface/local/lib/python3.10/dist-packages/learning_interface/msg/_object_position.py'...
[6.586s] Listing '/home/zhuzeyu/guyueju/ros2_21_tutorials/install/learning_interface/local/lib/python3.10/dist-packages/learning_interface/srv'...
[6.586s] Compiling '/home/zhuzeyu/guyueju/ros2_21_tutorials/install/learning_interface/local/lib/python3.10/dist-packages/learning_interface/srv/__init__.py'...
[6.586s] Compiling '/home/zhuzeyu/guyueju/ros2_21_tutorials/install/learning_interface/local/lib/python3.10/dist-packages/learning_interface/srv/_add_two_ints.py'...
[6.586s] Compiling '/home/zhuzeyu/guyueju/ros2_21_tutorials/install/learning_interface/local/lib/python3.10/dist-packages/learning_interface/srv/_get_object_position.py'...
[6.589s] -- Installing: /home/zhuzeyu/guyueju/ros2_21_tutorials/install/learning_interface/local/lib/python3.10/dist-packages/learning_interface/learning_interface_s__rosidl_typesupport_fastrtps_c.cpython-310-x86_64-linux-gnu.so
[6.590s] -- Set runtime path of "/home/zhuzeyu/guyueju/ros2_21_tutorials/install/learning_interface/local/lib/python3.10/dist-packages/learning_interface/learning_interface_s__rosidl_typesupport_fastrtps_c.cpython-310-x86_64-linux-gnu.so" to ""
[6.590s] -- Installing: /home/zhuzeyu/guyueju/ros2_21_tutorials/install/learning_interface/local/lib/python3.10/dist-packages/learning_interface/learning_interface_s__rosidl_typesupport_introspection_c.cpython-310-x86_64-linux-gnu.so
[6.590s] -- Set runtime path of "/home/zhuzeyu/guyueju/ros2_21_tutorials/install/learning_interface/local/lib/python3.10/dist-packages/learning_interface/learning_interface_s__rosidl_typesupport_introspection_c.cpython-310-x86_64-linux-gnu.so" to ""
[6.590s] -- Installing: /home/zhuzeyu/guyueju/ros2_21_tutorials/install/learning_interface/local/lib/python3.10/dist-packages/learning_interface/learning_interface_s__rosidl_typesupport_c.cpython-310-x86_64-linux-gnu.so
[6.591s] -- Set runtime path of "/home/zhuzeyu/guyueju/ros2_21_tutorials/install/learning_interface/local/lib/python3.10/dist-packages/learning_interface/learning_interface_s__rosidl_typesupport_c.cpython-310-x86_64-linux-gnu.so" to ""
[6.591s] -- Installing: /home/zhuzeyu/guyueju/ros2_21_tutorials/install/learning_interface/lib/liblearning_interface__rosidl_generator_py.so
[6.591s] -- Set runtime path of "/home/zhuzeyu/guyueju/ros2_21_tutorials/install/learning_interface/lib/liblearning_interface__rosidl_generator_py.so" to ""
[6.591s] -- Installing: /home/zhuzeyu/guyueju/ros2_21_tutorials/install/learning_interface/share/ament_index/resource_index/rust_packages/learning_interface
[6.591s] -- Installing: /home/zhuzeyu/guyueju/ros2_21_tutorials/install/learning_interface/share/learning_interface/rust
[6.591s] -- Installing: /home/zhuzeyu/guyueju/ros2_21_tutorials/install/learning_interface/share/learning_interface/rust/build.rs
[6.591s] -- Installing: /home/zhuzeyu/guyueju/ros2_21_tutorials/install/learning_interface/share/learning_interface/rust/src
[6.592s] -- Installing: /home/zhuzeyu/guyueju/ros2_21_tutorials/install/learning_interface/share/learning_interface/rust/src/srv.rs
[6.592s] -- Installing: /home/zhuzeyu/guyueju/ros2_21_tutorials/install/learning_interface/share/learning_interface/rust/src/msg.rs
[6.592s] -- Installing: /home/zhuzeyu/guyueju/ros2_21_tutorials/install/learning_interface/share/learning_interface/rust/src/msg
[6.592s] -- Installing: /home/zhuzeyu/guyueju/ros2_21_tutorials/install/learning_interface/share/learning_interface/rust/src/msg/rmw.rs
[6.592s] -- Installing: /home/zhuzeyu/guyueju/ros2_21_tutorials/install/learning_interface/share/learning_interface/rust/src/lib.rs
[6.592s] -- Installing: /home/zhuzeyu/guyueju/ros2_21_tutorials/install/learning_interface/share/learning_interface/rust/src/action
[6.592s] -- Installing: /home/zhuzeyu/guyueju/ros2_21_tutorials/install/learning_interface/share/learning_interface/rust/src/action/rmw.rs
[6.592s] -- Installing: /home/zhuzeyu/guyueju/ros2_21_tutorials/install/learning_interface/share/learning_interface/rust/src/srv
[6.592s] -- Installing: /home/zhuzeyu/guyueju/ros2_21_tutorials/install/learning_interface/share/learning_interface/rust/src/srv/rmw.rs
[6.592s] -- Installing: /home/zhuzeyu/guyueju/ros2_21_tutorials/install/learning_interface/share/learning_interface/rust/src/action.rs
[6.593s] -- Installing: /home/zhuzeyu/guyueju/ros2_21_tutorials/install/learning_interface/share/learning_interface/rust/Cargo.toml
[6.593s] -- Installing: /home/zhuzeyu/guyueju/ros2_21_tutorials/install/learning_interface/share/learning_interface/msg/ObjectPosition.idl
[6.593s] -- Installing: /home/zhuzeyu/guyueju/ros2_21_tutorials/install/learning_interface/share/learning_interface/srv/AddTwoInts.idl
[6.593s] -- Installing: /home/zhuzeyu/guyueju/ros2_21_tutorials/install/learning_interface/share/learning_interface/srv/GetObjectPosition.idl
[6.593s] -- Installing: /home/zhuzeyu/guyueju/ros2_21_tutorials/install/learning_interface/share/learning_interface/action/MoveCircle.idl
[6.593s] -- Installing: /home/zhuzeyu/guyueju/ros2_21_tutorials/install/learning_interface/share/learning_interface/msg/ObjectPosition.msg
[6.593s] -- Installing: /home/zhuzeyu/guyueju/ros2_21_tutorials/install/learning_interface/share/learning_interface/srv/AddTwoInts.srv
[6.593s] -- Installing: /home/zhuzeyu/guyueju/ros2_21_tutorials/install/learning_interface/share/learning_interface/srv/AddTwoInts_Request.msg
[6.593s] -- Installing: /home/zhuzeyu/guyueju/ros2_21_tutorials/install/learning_interface/share/learning_interface/srv/AddTwoInts_Response.msg
[6.594s] -- Installing: /home/zhuzeyu/guyueju/ros2_21_tutorials/install/learning_interface/share/learning_interface/srv/GetObjectPosition.srv
[6.594s] -- Installing: /home/zhuzeyu/guyueju/ros2_21_tutorials/install/learning_interface/share/learning_interface/srv/GetObjectPosition_Request.msg
[6.594s] -- Installing: /home/zhuzeyu/guyueju/ros2_21_tutorials/install/learning_interface/share/learning_interface/srv/GetObjectPosition_Response.msg
[6.594s] -- Installing: /home/zhuzeyu/guyueju/ros2_21_tutorials/install/learning_interface/share/learning_interface/action/MoveCircle.action
[6.594s] -- Installing: /home/zhuzeyu/guyueju/ros2_21_tutorials/install/learning_interface/share/ament_index/resource_index/package_run_dependencies/learning_interface
[6.594s] -- Installing: /home/zhuzeyu/guyueju/ros2_21_tutorials/install/learning_interface/share/ament_index/resource_index/parent_prefix_path/learning_interface
[6.594s] -- Installing: /home/zhuzeyu/guyueju/ros2_21_tutorials/install/learning_interface/share/learning_interface/environment/ament_prefix_path.sh
[6.594s] -- Installing: /home/zhuzeyu/guyueju/ros2_21_tutorials/install/learning_interface/share/learning_interface/environment/ament_prefix_path.dsv
[6.594s] -- Installing: /home/zhuzeyu/guyueju/ros2_21_tutorials/install/learning_interface/share/learning_interface/environment/path.sh
[6.594s] -- Installing: /home/zhuzeyu/guyueju/ros2_21_tutorials/install/learning_interface/share/learning_interface/environment/path.dsv
[6.595s] -- Installing: /home/zhuzeyu/guyueju/ros2_21_tutorials/install/learning_interface/share/learning_interface/local_setup.bash
[6.595s] -- Installing: /home/zhuzeyu/guyueju/ros2_21_tutorials/install/learning_interface/share/learning_interface/local_setup.sh
[6.595s] -- Installing: /home/zhuzeyu/guyueju/ros2_21_tutorials/install/learning_interface/share/learning_interface/local_setup.zsh
[6.595s] -- Installing: /home/zhuzeyu/guyueju/ros2_21_tutorials/install/learning_interface/share/learning_interface/local_setup.dsv
[6.595s] -- Installing: /home/zhuzeyu/guyueju/ros2_21_tutorials/install/learning_interface/share/learning_interface/package.dsv
[6.595s] -- Installing: /home/zhuzeyu/guyueju/ros2_21_tutorials/install/learning_interface/share/ament_index/resource_index/packages/learning_interface
[6.595s] -- Installing: /home/zhuzeyu/guyueju/ros2_21_tutorials/install/learning_interface/share/learning_interface/cmake/export_learning_interface__rosidl_generator_cExport.cmake
[6.595s] -- Installing: /home/zhuzeyu/guyueju/ros2_21_tutorials/install/learning_interface/share/learning_interface/cmake/export_learning_interface__rosidl_generator_cExport-noconfig.cmake
[6.595s] -- Installing: /home/zhuzeyu/guyueju/ros2_21_tutorials/install/learning_interface/share/learning_interface/cmake/export_learning_interface__rosidl_typesupport_fastrtps_cExport.cmake
[6.595s] -- Installing: /home/zhuzeyu/guyueju/ros2_21_tutorials/install/learning_interface/share/learning_interface/cmake/export_learning_interface__rosidl_typesupport_fastrtps_cExport-noconfig.cmake
[6.595s] -- Installing: /home/zhuzeyu/guyueju/ros2_21_tutorials/install/learning_interface/share/learning_interface/cmake/learning_interface__rosidl_typesupport_introspection_cExport.cmake
[6.596s] -- Installing: /home/zhuzeyu/guyueju/ros2_21_tutorials/install/learning_interface/share/learning_interface/cmake/learning_interface__rosidl_typesupport_introspection_cExport-noconfig.cmake
[6.596s] -- Installing: /home/zhuzeyu/guyueju/ros2_21_tutorials/install/learning_interface/share/learning_interface/cmake/learning_interface__rosidl_typesupport_cExport.cmake
[6.596s] -- Installing: /home/zhuzeyu/guyueju/ros2_21_tutorials/install/learning_interface/share/learning_interface/cmake/learning_interface__rosidl_typesupport_cExport-noconfig.cmake
[6.596s] -- Installing: /home/zhuzeyu/guyueju/ros2_21_tutorials/install/learning_interface/share/learning_interface/cmake/export_learning_interface__rosidl_generator_cppExport.cmake
[6.596s] -- Installing: /home/zhuzeyu/guyueju/ros2_21_tutorials/install/learning_interface/share/learning_interface/cmake/export_learning_interface__rosidl_typesupport_fastrtps_cppExport.cmake
[6.596s] -- Installing: /home/zhuzeyu/guyueju/ros2_21_tutorials/install/learning_interface/share/learning_interface/cmake/export_learning_interface__rosidl_typesupport_fastrtps_cppExport-noconfig.cmake
[6.596s] -- Installing: /home/zhuzeyu/guyueju/ros2_21_tutorials/install/learning_interface/share/learning_interface/cmake/learning_interface__rosidl_typesupport_introspection_cppExport.cmake
[6.596s] -- Installing: /home/zhuzeyu/guyueju/ros2_21_tutorials/install/learning_interface/share/learning_interface/cmake/learning_interface__rosidl_typesupport_introspection_cppExport-noconfig.cmake
[6.596s] -- Installing: /home/zhuzeyu/guyueju/ros2_21_tutorials/install/learning_interface/share/learning_interface/cmake/learning_interface__rosidl_typesupport_cppExport.cmake
[6.596s] -- Installing: /home/zhuzeyu/guyueju/ros2_21_tutorials/install/learning_interface/share/learning_interface/cmake/learning_interface__rosidl_typesupport_cppExport-noconfig.cmake
[6.597s] -- Installing: /home/zhuzeyu/guyueju/ros2_21_tutorials/install/learning_interface/share/learning_interface/cmake/export_learning_interface__rosidl_generator_pyExport.cmake
[6.597s] -- Installing: /home/zhuzeyu/guyueju/ros2_21_tutorials/install/learning_interface/share/learning_interface/cmake/export_learning_interface__rosidl_generator_pyExport-noconfig.cmake
[6.597s] -- Installing: /home/zhuzeyu/guyueju/ros2_21_tutorials/install/learning_interface/share/learning_interface/cmake/rosidl_cmake-extras.cmake
[6.597s] -- Installing: /home/zhuzeyu/guyueju/ros2_21_tutorials/install/learning_interface/share/learning_interface/cmake/ament_cmake_export_dependencies-extras.cmake
[6.597s] -- Installing: /home/zhuzeyu/guyueju/ros2_21_tutorials/install/learning_interface/share/learning_interface/cmake/ament_cmake_export_include_directories-extras.cmake
[6.597s] -- Installing: /home/zhuzeyu/guyueju/ros2_21_tutorials/install/learning_interface/share/learning_interface/cmake/ament_cmake_export_libraries-extras.cmake
[6.597s] -- Installing: /home/zhuzeyu/guyueju/ros2_21_tutorials/install/learning_interface/share/learning_interface/cmake/ament_cmake_export_targets-extras.cmake
[6.597s] -- Installing: /home/zhuzeyu/guyueju/ros2_21_tutorials/install/learning_interface/share/learning_interface/cmake/rosidl_cmake_export_typesupport_targets-extras.cmake
[6.597s] -- Installing: /home/zhuzeyu/guyueju/ros2_21_tutorials/install/learning_interface/share/learning_interface/cmake/rosidl_cmake_export_typesupport_libraries-extras.cmake
[6.597s] -- Installing: /home/zhuzeyu/guyueju/ros2_21_tutorials/install/learning_interface/share/learning_interface/cmake/learning_interfaceConfig.cmake
[6.597s] -- Installing: /home/zhuzeyu/guyueju/ros2_21_tutorials/install/learning_interface/share/learning_interface/cmake/learning_interfaceConfig-version.cmake
[6.597s] -- Installing: /home/zhuzeyu/guyueju/ros2_21_tutorials/install/learning_interface/share/learning_interface/package.xml
[6.600s] Invoked command in '/home/zhuzeyu/guyueju/ros2_21_tutorials/build/learning_interface' returned '0': CMAKE_PREFIX_PATH=/opt/ros/humble /usr/bin/cmake --install /home/zhuzeyu/guyueju/ros2_21_tutorials/build/learning_interface
