[2.657s] Invoking command in '/home/zhuzeyu/guyueju/ros2_21_tutorials/learning_tf': PYTHONPATH=/home/zhuzeyu/guyueju/ros2_21_tutorials/build/learning_tf/prefix_override:/usr/lib/python3/dist-packages/colcon_core/task/python/colcon_distutils_commands:/home/zhuzeyu/guyueju/ros2_21_tutorials/install/learning_tf/lib/python3.10/site-packages:${PYTHONPATH} /usr/bin/python3 -W ignore:setup.py install is deprecated -W ignore:easy_install command is deprecated setup.py egg_info --egg-base ../build/learning_tf build --build-base /home/zhuzeyu/guyueju/ros2_21_tutorials/build/learning_tf/build install --record /home/zhuzeyu/guyueju/ros2_21_tutorials/build/learning_tf/install.log --single-version-externally-managed install_data
[2.979s] running egg_info
[2.980s] writing ../build/learning_tf/learning_tf.egg-info/PKG-INFO
[2.981s] writing dependency_links to ../build/learning_tf/learning_tf.egg-info/dependency_links.txt
[2.981s] writing entry points to ../build/learning_tf/learning_tf.egg-info/entry_points.txt
[2.981s] writing requirements to ../build/learning_tf/learning_tf.egg-info/requires.txt
[2.981s] writing top-level names to ../build/learning_tf/learning_tf.egg-info/top_level.txt
[2.984s] reading manifest file '../build/learning_tf/learning_tf.egg-info/SOURCES.txt'
[2.985s] writing manifest file '../build/learning_tf/learning_tf.egg-info/SOURCES.txt'
[2.987s] running build
[2.987s] running build_py
[2.987s] running install
[2.987s] running install_lib
[2.988s] running install_data
[2.988s] running install_egg_info
[2.991s] removing '/home/zhuzeyu/guyueju/ros2_21_tutorials/install/learning_tf/lib/python3.10/site-packages/learning_tf-0.0.0-py3.10.egg-info' (and everything under it)
[2.991s] Copying ../build/learning_tf/learning_tf.egg-info to /home/zhuzeyu/guyueju/ros2_21_tutorials/install/learning_tf/lib/python3.10/site-packages/learning_tf-0.0.0-py3.10.egg-info
[2.992s] running install_scripts
[3.024s] Installing static_tf_broadcaster script to /home/zhuzeyu/guyueju/ros2_21_tutorials/install/learning_tf/lib/learning_tf
[3.024s] Installing tf_listener script to /home/zhuzeyu/guyueju/ros2_21_tutorials/install/learning_tf/lib/learning_tf
[3.024s] Installing turtle_following script to /home/zhuzeyu/guyueju/ros2_21_tutorials/install/learning_tf/lib/learning_tf
[3.024s] Installing turtle_tf_broadcaster script to /home/zhuzeyu/guyueju/ros2_21_tutorials/install/learning_tf/lib/learning_tf
[3.026s] writing list of installed files to '/home/zhuzeyu/guyueju/ros2_21_tutorials/build/learning_tf/install.log'
[3.086s] Invoked command in '/home/zhuzeyu/guyueju/ros2_21_tutorials/learning_tf' returned '0': PYTHONPATH=/home/zhuzeyu/guyueju/ros2_21_tutorials/build/learning_tf/prefix_override:/usr/lib/python3/dist-packages/colcon_core/task/python/colcon_distutils_commands:/home/zhuzeyu/guyueju/ros2_21_tutorials/install/learning_tf/lib/python3.10/site-packages:${PYTHONPATH} /usr/bin/python3 -W ignore:setup.py install is deprecated -W ignore:easy_install command is deprecated setup.py egg_info --egg-base ../build/learning_tf build --build-base /home/zhuzeyu/guyueju/ros2_21_tutorials/build/learning_tf/build install --record /home/zhuzeyu/guyueju/ros2_21_tutorials/build/learning_tf/install.log --single-version-externally-managed install_data
