[1.035s] Invoking command in '/home/zhuzeyu/guyueju/ros2_21_tutorials/learning_action': AMENT_PREFIX_PATH=/home/zhuzeyu/guyueju/ros2_21_tutorials/install/learning_interface:${AMENT_PREFIX_PATH} CMAKE_PREFIX_PATH=/home/zhuzeyu/guyueju/ros2_21_tutorials/install/learning_interface LD_LIBRARY_PATH=/home/zhuzeyu/guyueju/ros2_21_tutorials/install/learning_interface/lib:${LD_LIBRARY_PATH} PYTHONPATH=/home/zhuzeyu/guyueju/ros2_21_tutorials/build/learning_action/prefix_override:/usr/lib/python3/dist-packages/colcon_core/task/python/colcon_distutils_commands:/home/zhuzeyu/guyueju/ros2_21_tutorials/install/learning_action/lib/python3.10/site-packages:/home/zhuzeyu/guyueju/ros2_21_tutorials/install/learning_interface/local/lib/python3.10/dist-packages:${PYTHONPATH} /usr/bin/python3 -W ignore:setup.py install is deprecated -W ignore:easy_install command is deprecated setup.py egg_info --egg-base ../build/learning_action build --build-base /home/zhuzeyu/guyueju/ros2_21_tutorials/build/learning_action/build install --record /home/zhuzeyu/guyueju/ros2_21_tutorials/build/learning_action/install.log --single-version-externally-managed install_data
[1.336s] running egg_info
[1.337s] creating ../build/learning_action/learning_action.egg-info
[1.337s] writing ../build/learning_action/learning_action.egg-info/PKG-INFO
[1.338s] writing dependency_links to ../build/learning_action/learning_action.egg-info/dependency_links.txt
[1.338s] writing entry points to ../build/learning_action/learning_action.egg-info/entry_points.txt
[1.338s] writing requirements to ../build/learning_action/learning_action.egg-info/requires.txt
[1.338s] writing top-level names to ../build/learning_action/learning_action.egg-info/top_level.txt
[1.338s] writing manifest file '../build/learning_action/learning_action.egg-info/SOURCES.txt'
[1.341s] reading manifest file '../build/learning_action/learning_action.egg-info/SOURCES.txt'
[1.341s] writing manifest file '../build/learning_action/learning_action.egg-info/SOURCES.txt'
[1.342s] running build
[1.342s] running build_py
[1.342s] creating /home/zhuzeyu/guyueju/ros2_21_tutorials/build/learning_action/build
[1.342s] creating /home/zhuzeyu/guyueju/ros2_21_tutorials/build/learning_action/build/lib
[1.342s] creating /home/zhuzeyu/guyueju/ros2_21_tutorials/build/learning_action/build/lib/learning_action
[1.342s] copying learning_action/action_move_server.py -> /home/zhuzeyu/guyueju/ros2_21_tutorials/build/learning_action/build/lib/learning_action
[1.342s] copying learning_action/__init__.py -> /home/zhuzeyu/guyueju/ros2_21_tutorials/build/learning_action/build/lib/learning_action
[1.342s] copying learning_action/action_move_client.py -> /home/zhuzeyu/guyueju/ros2_21_tutorials/build/learning_action/build/lib/learning_action
[1.342s] running install
[1.343s] running install_lib
[1.344s] creating /home/zhuzeyu/guyueju/ros2_21_tutorials/install/learning_action/lib/python3.10/site-packages/learning_action
[1.344s] copying /home/zhuzeyu/guyueju/ros2_21_tutorials/build/learning_action/build/lib/learning_action/action_move_server.py -> /home/zhuzeyu/guyueju/ros2_21_tutorials/install/learning_action/lib/python3.10/site-packages/learning_action
[1.344s] copying /home/zhuzeyu/guyueju/ros2_21_tutorials/build/learning_action/build/lib/learning_action/__init__.py -> /home/zhuzeyu/guyueju/ros2_21_tutorials/install/learning_action/lib/python3.10/site-packages/learning_action
[1.344s] copying /home/zhuzeyu/guyueju/ros2_21_tutorials/build/learning_action/build/lib/learning_action/action_move_client.py -> /home/zhuzeyu/guyueju/ros2_21_tutorials/install/learning_action/lib/python3.10/site-packages/learning_action
[1.345s] byte-compiling /home/zhuzeyu/guyueju/ros2_21_tutorials/install/learning_action/lib/python3.10/site-packages/learning_action/action_move_server.py to action_move_server.cpython-310.pyc
[1.345s] byte-compiling /home/zhuzeyu/guyueju/ros2_21_tutorials/install/learning_action/lib/python3.10/site-packages/learning_action/__init__.py to __init__.cpython-310.pyc
[1.346s] byte-compiling /home/zhuzeyu/guyueju/ros2_21_tutorials/install/learning_action/lib/python3.10/site-packages/learning_action/action_move_client.py to action_move_client.cpython-310.pyc
[1.346s] running install_data
[1.346s] creating /home/zhuzeyu/guyueju/ros2_21_tutorials/install/learning_action/share/ament_index
[1.346s] creating /home/zhuzeyu/guyueju/ros2_21_tutorials/install/learning_action/share/ament_index/resource_index
[1.347s] creating /home/zhuzeyu/guyueju/ros2_21_tutorials/install/learning_action/share/ament_index/resource_index/packages
[1.347s] copying resource/learning_action -> /home/zhuzeyu/guyueju/ros2_21_tutorials/install/learning_action/share/ament_index/resource_index/packages
[1.347s] copying package.xml -> /home/zhuzeyu/guyueju/ros2_21_tutorials/install/learning_action/share/learning_action
[1.347s] running install_egg_info
[1.349s] Copying ../build/learning_action/learning_action.egg-info to /home/zhuzeyu/guyueju/ros2_21_tutorials/install/learning_action/lib/python3.10/site-packages/learning_action-0.0.0-py3.10.egg-info
[1.350s] running install_scripts
[1.377s] Installing action_move_client script to /home/zhuzeyu/guyueju/ros2_21_tutorials/install/learning_action/lib/learning_action
[1.377s] Installing action_move_server script to /home/zhuzeyu/guyueju/ros2_21_tutorials/install/learning_action/lib/learning_action
[1.378s] writing list of installed files to '/home/zhuzeyu/guyueju/ros2_21_tutorials/build/learning_action/install.log'
[1.409s] Invoked command in '/home/zhuzeyu/guyueju/ros2_21_tutorials/learning_action' returned '0': AMENT_PREFIX_PATH=/home/zhuzeyu/guyueju/ros2_21_tutorials/install/learning_interface:${AMENT_PREFIX_PATH} CMAKE_PREFIX_PATH=/home/zhuzeyu/guyueju/ros2_21_tutorials/install/learning_interface LD_LIBRARY_PATH=/home/zhuzeyu/guyueju/ros2_21_tutorials/install/learning_interface/lib:${LD_LIBRARY_PATH} PYTHONPATH=/home/zhuzeyu/guyueju/ros2_21_tutorials/build/learning_action/prefix_override:/usr/lib/python3/dist-packages/colcon_core/task/python/colcon_distutils_commands:/home/zhuzeyu/guyueju/ros2_21_tutorials/install/learning_action/lib/python3.10/site-packages:/home/zhuzeyu/guyueju/ros2_21_tutorials/install/learning_interface/local/lib/python3.10/dist-packages:${PYTHONPATH} /usr/bin/python3 -W ignore:setup.py install is deprecated -W ignore:easy_install command is deprecated setup.py egg_info --egg-base ../build/learning_action build --build-base /home/zhuzeyu/guyueju/ros2_21_tutorials/build/learning_action/build install --record /home/zhuzeyu/guyueju/ros2_21_tutorials/build/learning_action/install.log --single-version-externally-managed install_data
