[0.380s] Invoking command in '/home/zhuzeyu/guyueju/ros2_21_tutorials/learning_node': PYTHONPATH=/home/zhuzeyu/guyueju/ros2_21_tutorials/build/learning_node/prefix_override:/usr/lib/python3/dist-packages/colcon_core/task/python/colcon_distutils_commands:/home/zhuzeyu/guyueju/ros2_21_tutorials/install/learning_node/lib/python3.10/site-packages:${PYTHONPATH} /usr/bin/python3 -W ignore:setup.py install is deprecated -W ignore:easy_install command is deprecated setup.py egg_info --egg-base ../build/learning_node build --build-base /home/zhuzeyu/guyueju/ros2_21_tutorials/build/learning_node/build install --record /home/zhuzeyu/guyueju/ros2_21_tutorials/build/learning_node/install.log --single-version-externally-managed install_data
[0.530s] running egg_info
[0.531s] writing ../build/learning_node/learning_node.egg-info/PKG-INFO
[0.531s] writing dependency_links to ../build/learning_node/learning_node.egg-info/dependency_links.txt
[0.531s] writing entry points to ../build/learning_node/learning_node.egg-info/entry_points.txt
[0.531s] writing requirements to ../build/learning_node/learning_node.egg-info/requires.txt
[0.531s] writing top-level names to ../build/learning_node/learning_node.egg-info/top_level.txt
[0.532s] reading manifest file '../build/learning_node/learning_node.egg-info/SOURCES.txt'
[0.533s] writing manifest file '../build/learning_node/learning_node.egg-info/SOURCES.txt'
[0.533s] running build
[0.533s] running build_py
[0.533s] running install
[0.533s] running install_lib
[0.534s] running install_data
[0.534s] running install_egg_info
[0.535s] removing '/home/zhuzeyu/guyueju/ros2_21_tutorials/install/learning_node/lib/python3.10/site-packages/learning_node-0.0.0-py3.10.egg-info' (and everything under it)
[0.535s] Copying ../build/learning_node/learning_node.egg-info to /home/zhuzeyu/guyueju/ros2_21_tutorials/install/learning_node/lib/python3.10/site-packages/learning_node-0.0.0-py3.10.egg-info
[0.536s] running install_scripts
[0.550s] Installing node_helloworld script to /home/zhuzeyu/guyueju/ros2_21_tutorials/install/learning_node/lib/learning_node
[0.550s] Installing node_helloworld_class script to /home/zhuzeyu/guyueju/ros2_21_tutorials/install/learning_node/lib/learning_node
[0.550s] Installing node_object script to /home/zhuzeyu/guyueju/ros2_21_tutorials/install/learning_node/lib/learning_node
[0.550s] Installing node_object_face script to /home/zhuzeyu/guyueju/ros2_21_tutorials/install/learning_node/lib/learning_node
[0.550s] Installing node_object_webcam script to /home/zhuzeyu/guyueju/ros2_21_tutorials/install/learning_node/lib/learning_node
[0.550s] writing list of installed files to '/home/zhuzeyu/guyueju/ros2_21_tutorials/build/learning_node/install.log'
[0.564s] Invoked command in '/home/zhuzeyu/guyueju/ros2_21_tutorials/learning_node' returned '0': PYTHONPATH=/home/zhuzeyu/guyueju/ros2_21_tutorials/build/learning_node/prefix_override:/usr/lib/python3/dist-packages/colcon_core/task/python/colcon_distutils_commands:/home/zhuzeyu/guyueju/ros2_21_tutorials/install/learning_node/lib/python3.10/site-packages:${PYTHONPATH} /usr/bin/python3 -W ignore:setup.py install is deprecated -W ignore:easy_install command is deprecated setup.py egg_info --egg-base ../build/learning_node build --build-base /home/zhuzeyu/guyueju/ros2_21_tutorials/build/learning_node/build install --record /home/zhuzeyu/guyueju/ros2_21_tutorials/build/learning_node/install.log --single-version-externally-managed install_data
