[ 75%] Built target action_move_server
[100%] Built target action_move_client
-- Install configuration: ""
-- Up-to-date: /home/zhuzeyu/guyueju/ros2_21_tutorials/install/learning_action_cpp/lib/learning_action_cpp/action_move_server
-- Up-to-date: /home/zhuzeyu/guyueju/ros2_21_tutorials/install/learning_action_cpp/lib/learning_action_cpp/action_move_client
-- Up-to-date: /home/zhuzeyu/guyueju/ros2_21_tutorials/install/learning_action_cpp/share/ament_index/resource_index/package_run_dependencies/learning_action_cpp
-- Up-to-date: /home/zhuzeyu/guyueju/ros2_21_tutorials/install/learning_action_cpp/share/ament_index/resource_index/parent_prefix_path/learning_action_cpp
-- Up-to-date: /home/zhuzeyu/guyueju/ros2_21_tutorials/install/learning_action_cpp/share/learning_action_cpp/environment/ament_prefix_path.sh
-- Up-to-date: /home/zhuzeyu/guyueju/ros2_21_tutorials/install/learning_action_cpp/share/learning_action_cpp/environment/ament_prefix_path.dsv
-- Up-to-date: /home/zhuzeyu/guyueju/ros2_21_tutorials/install/learning_action_cpp/share/learning_action_cpp/environment/path.sh
-- Up-to-date: /home/zhuzeyu/guyueju/ros2_21_tutorials/install/learning_action_cpp/share/learning_action_cpp/environment/path.dsv
-- Up-to-date: /home/zhuzeyu/guyueju/ros2_21_tutorials/install/learning_action_cpp/share/learning_action_cpp/local_setup.bash
-- Up-to-date: /home/zhuzeyu/guyueju/ros2_21_tutorials/install/learning_action_cpp/share/learning_action_cpp/local_setup.sh
-- Up-to-date: /home/zhuzeyu/guyueju/ros2_21_tutorials/install/learning_action_cpp/share/learning_action_cpp/local_setup.zsh
-- Up-to-date: /home/zhuzeyu/guyueju/ros2_21_tutorials/install/learning_action_cpp/share/learning_action_cpp/local_setup.dsv
-- Installing: /home/zhuzeyu/guyueju/ros2_21_tutorials/install/learning_action_cpp/share/learning_action_cpp/package.dsv
-- Up-to-date: /home/zhuzeyu/guyueju/ros2_21_tutorials/install/learning_action_cpp/share/ament_index/resource_index/packages/learning_action_cpp
-- Up-to-date: /home/zhuzeyu/guyueju/ros2_21_tutorials/install/learning_action_cpp/share/learning_action_cpp/cmake/learning_action_cppConfig.cmake
-- Up-to-date: /home/zhuzeyu/guyueju/ros2_21_tutorials/install/learning_action_cpp/share/learning_action_cpp/cmake/learning_action_cppConfig-version.cmake
-- Up-to-date: /home/zhuzeyu/guyueju/ros2_21_tutorials/install/learning_action_cpp/share/learning_action_cpp/package.xml
