[0.848s] Invoking command in '/home/zhuzeyu/guyueju/ros2_21_tutorials/build/learning_node_cpp': CMAKE_PREFIX_PATH=/opt/ros/humble /usr/bin/cmake --build /home/zhuzeyu/guyueju/ros2_21_tutorials/build/learning_node_cpp -- -j16 -l16
[1.687s] [100%] Built target node_helloworld_class
[1.724s] Invoked command in '/home/zhuzeyu/guyueju/ros2_21_tutorials/build/learning_node_cpp' returned '0': CMAKE_PREFIX_PATH=/opt/ros/humble /usr/bin/cmake --build /home/zhuzeyu/guyueju/ros2_21_tutorials/build/learning_node_cpp -- -j16 -l16
[1.725s] Invoking command in '/home/zhuzeyu/guyueju/ros2_21_tutorials/build/learning_node_cpp': CMAKE_PREFIX_PATH=/opt/ros/humble /usr/bin/cmake --install /home/zhuzeyu/guyueju/ros2_21_tutorials/build/learning_node_cpp
[1.752s] -- Install configuration: ""
[1.752s] -- Up-to-date: /home/zhuzeyu/guyueju/ros2_21_tutorials/install/learning_node_cpp/lib/learning_node_cpp/node_helloworld_class
[1.752s] -- Up-to-date: /home/zhuzeyu/guyueju/ros2_21_tutorials/install/learning_node_cpp/share/ament_index/resource_index/package_run_dependencies/learning_node_cpp
[1.753s] -- Up-to-date: /home/zhuzeyu/guyueju/ros2_21_tutorials/install/learning_node_cpp/share/ament_index/resource_index/parent_prefix_path/learning_node_cpp
[1.753s] -- Up-to-date: /home/zhuzeyu/guyueju/ros2_21_tutorials/install/learning_node_cpp/share/learning_node_cpp/environment/ament_prefix_path.sh
[1.753s] -- Up-to-date: /home/zhuzeyu/guyueju/ros2_21_tutorials/install/learning_node_cpp/share/learning_node_cpp/environment/ament_prefix_path.dsv
[1.753s] -- Up-to-date: /home/zhuzeyu/guyueju/ros2_21_tutorials/install/learning_node_cpp/share/learning_node_cpp/environment/path.sh
[1.753s] -- Up-to-date: /home/zhuzeyu/guyueju/ros2_21_tutorials/install/learning_node_cpp/share/learning_node_cpp/environment/path.dsv
[1.753s] -- Up-to-date: /home/zhuzeyu/guyueju/ros2_21_tutorials/install/learning_node_cpp/share/learning_node_cpp/local_setup.bash
[1.753s] -- Up-to-date: /home/zhuzeyu/guyueju/ros2_21_tutorials/install/learning_node_cpp/share/learning_node_cpp/local_setup.sh
[1.753s] -- Up-to-date: /home/zhuzeyu/guyueju/ros2_21_tutorials/install/learning_node_cpp/share/learning_node_cpp/local_setup.zsh
[1.753s] -- Up-to-date: /home/zhuzeyu/guyueju/ros2_21_tutorials/install/learning_node_cpp/share/learning_node_cpp/local_setup.dsv
[1.753s] -- Installing: /home/zhuzeyu/guyueju/ros2_21_tutorials/install/learning_node_cpp/share/learning_node_cpp/package.dsv
[1.753s] -- Up-to-date: /home/zhuzeyu/guyueju/ros2_21_tutorials/install/learning_node_cpp/share/ament_index/resource_index/packages/learning_node_cpp
[1.753s] -- Up-to-date: /home/zhuzeyu/guyueju/ros2_21_tutorials/install/learning_node_cpp/share/learning_node_cpp/cmake/learning_node_cppConfig.cmake
[1.754s] -- Up-to-date: /home/zhuzeyu/guyueju/ros2_21_tutorials/install/learning_node_cpp/share/learning_node_cpp/cmake/learning_node_cppConfig-version.cmake
[1.754s] -- Up-to-date: /home/zhuzeyu/guyueju/ros2_21_tutorials/install/learning_node_cpp/share/learning_node_cpp/package.xml
[1.842s] Invoked command in '/home/zhuzeyu/guyueju/ros2_21_tutorials/build/learning_node_cpp' returned '0': CMAKE_PREFIX_PATH=/opt/ros/humble /usr/bin/cmake --install /home/zhuzeyu/guyueju/ros2_21_tutorials/build/learning_node_cpp
