[2.521s] Invoking command in '/home/zhuzeyu/guyueju/ros2_21_tutorials/learning_pkg_python': PYTHONPATH=/home/zhuzeyu/guyueju/ros2_21_tutorials/build/learning_pkg_python/prefix_override:/usr/lib/python3/dist-packages/colcon_core/task/python/colcon_distutils_commands:/home/zhuzeyu/guyueju/ros2_21_tutorials/install/learning_pkg_python/lib/python3.10/site-packages:${PYTHONPATH} /usr/bin/python3 -W ignore:setup.py install is deprecated -W ignore:easy_install command is deprecated setup.py egg_info --egg-base ../build/learning_pkg_python build --build-base /home/zhuzeyu/guyueju/ros2_21_tutorials/build/learning_pkg_python/build install --record /home/zhuzeyu/guyueju/ros2_21_tutorials/build/learning_pkg_python/install.log --single-version-externally-managed install_data
[2.828s] running egg_info
[2.829s] creating ../build/learning_pkg_python/learning_pkg_python.egg-info
[2.829s] writing ../build/learning_pkg_python/learning_pkg_python.egg-info/PKG-INFO
[2.829s] writing dependency_links to ../build/learning_pkg_python/learning_pkg_python.egg-info/dependency_links.txt
[2.829s] writing entry points to ../build/learning_pkg_python/learning_pkg_python.egg-info/entry_points.txt
[2.830s] writing requirements to ../build/learning_pkg_python/learning_pkg_python.egg-info/requires.txt
[2.830s] writing top-level names to ../build/learning_pkg_python/learning_pkg_python.egg-info/top_level.txt
[2.830s] writing manifest file '../build/learning_pkg_python/learning_pkg_python.egg-info/SOURCES.txt'
[2.832s] reading manifest file '../build/learning_pkg_python/learning_pkg_python.egg-info/SOURCES.txt'
[2.833s] writing manifest file '../build/learning_pkg_python/learning_pkg_python.egg-info/SOURCES.txt'
[2.833s] running build
[2.834s] running build_py
[2.834s] creating /home/zhuzeyu/guyueju/ros2_21_tutorials/build/learning_pkg_python/build
[2.834s] creating /home/zhuzeyu/guyueju/ros2_21_tutorials/build/learning_pkg_python/build/lib
[2.834s] creating /home/zhuzeyu/guyueju/ros2_21_tutorials/build/learning_pkg_python/build/lib/learning_pkg_python
[2.834s] copying learning_pkg_python/__init__.py -> /home/zhuzeyu/guyueju/ros2_21_tutorials/build/learning_pkg_python/build/lib/learning_pkg_python
[2.834s] running install
[2.834s] running install_lib
[2.835s] creating /home/zhuzeyu/guyueju/ros2_21_tutorials/install/learning_pkg_python/lib/python3.10/site-packages/learning_pkg_python
[2.835s] copying /home/zhuzeyu/guyueju/ros2_21_tutorials/build/learning_pkg_python/build/lib/learning_pkg_python/__init__.py -> /home/zhuzeyu/guyueju/ros2_21_tutorials/install/learning_pkg_python/lib/python3.10/site-packages/learning_pkg_python
[2.836s] byte-compiling /home/zhuzeyu/guyueju/ros2_21_tutorials/install/learning_pkg_python/lib/python3.10/site-packages/learning_pkg_python/__init__.py to __init__.cpython-310.pyc
[2.836s] running install_data
[2.836s] creating /home/zhuzeyu/guyueju/ros2_21_tutorials/install/learning_pkg_python/share/ament_index
[2.836s] creating /home/zhuzeyu/guyueju/ros2_21_tutorials/install/learning_pkg_python/share/ament_index/resource_index
[2.836s] creating /home/zhuzeyu/guyueju/ros2_21_tutorials/install/learning_pkg_python/share/ament_index/resource_index/packages
[2.837s] copying resource/learning_pkg_python -> /home/zhuzeyu/guyueju/ros2_21_tutorials/install/learning_pkg_python/share/ament_index/resource_index/packages
[2.837s] copying package.xml -> /home/zhuzeyu/guyueju/ros2_21_tutorials/install/learning_pkg_python/share/learning_pkg_python
[2.837s] running install_egg_info
[2.839s] Copying ../build/learning_pkg_python/learning_pkg_python.egg-info to /home/zhuzeyu/guyueju/ros2_21_tutorials/install/learning_pkg_python/lib/python3.10/site-packages/learning_pkg_python-0.0.0-py3.10.egg-info
[2.840s] running install_scripts
[2.870s] writing list of installed files to '/home/zhuzeyu/guyueju/ros2_21_tutorials/build/learning_pkg_python/install.log'
[2.906s] Invoked command in '/home/zhuzeyu/guyueju/ros2_21_tutorials/learning_pkg_python' returned '0': PYTHONPATH=/home/zhuzeyu/guyueju/ros2_21_tutorials/build/learning_pkg_python/prefix_override:/usr/lib/python3/dist-packages/colcon_core/task/python/colcon_distutils_commands:/home/zhuzeyu/guyueju/ros2_21_tutorials/install/learning_pkg_python/lib/python3.10/site-packages:${PYTHONPATH} /usr/bin/python3 -W ignore:setup.py install is deprecated -W ignore:easy_install command is deprecated setup.py egg_info --egg-base ../build/learning_pkg_python build --build-base /home/zhuzeyu/guyueju/ros2_21_tutorials/build/learning_pkg_python/build install --record /home/zhuzeyu/guyueju/ros2_21_tutorials/build/learning_pkg_python/install.log --single-version-externally-managed install_data
