[1.044s] Invoking command in '/home/zhuzeyu/guyueju/ros2_21_tutorials/learning_service': CMAKE_PREFIX_PATH=/home/zhuzeyu/guyueju/ros2_21_tutorials/install/learning_interface:/home/zhuzeyu/guyueju/ros2_21_tutorials/install/learning_topic_cpp:/home/zhuzeyu/guyueju/ros2_21_tutorials/install/learning_tf_cpp:/home/zhuzeyu/guyueju/ros2_21_tutorials/install/learning_service_cpp:/home/zhuzeyu/guyueju/ros2_21_tutorials/install/learning_pkg_c:/home/zhuzeyu/guyueju/ros2_21_tutorials/install/learning_parameter_cpp:/home/zhuzeyu/guyueju/ros2_21_tutorials/install/learning_node_cpp:/home/zhuzeyu/guyueju/ros2_21_tutorials/install/learning_action_cpp PYTHONPATH=/home/zhuzeyu/guyueju/ros2_21_tutorials/build/learning_service/prefix_override:/usr/lib/python3/dist-packages/colcon_core/task/python/colcon_distutils_commands:/home/zhuzeyu/guyueju/ros2_21_tutorials/install/learning_service/lib/python3.10/site-packages:${PYTHONPATH} /usr/bin/python3 -W ignore:setup.py install is deprecated -W ignore:easy_install command is deprecated setup.py egg_info --egg-base ../build/learning_service build --build-base /home/zhuzeyu/guyueju/ros2_21_tutorials/build/learning_service/build install --record /home/zhuzeyu/guyueju/ros2_21_tutorials/build/learning_service/install.log --single-version-externally-managed install_data
[1.367s] running egg_info
[1.369s] writing ../build/learning_service/learning_service.egg-info/PKG-INFO
[1.369s] writing dependency_links to ../build/learning_service/learning_service.egg-info/dependency_links.txt
[1.369s] writing entry points to ../build/learning_service/learning_service.egg-info/entry_points.txt
[1.369s] writing requirements to ../build/learning_service/learning_service.egg-info/requires.txt
[1.369s] writing top-level names to ../build/learning_service/learning_service.egg-info/top_level.txt
[1.370s] reading manifest file '../build/learning_service/learning_service.egg-info/SOURCES.txt'
[1.371s] writing manifest file '../build/learning_service/learning_service.egg-info/SOURCES.txt'
[1.371s] running build
[1.371s] running build_py
[1.371s] running install
[1.371s] running install_lib
[1.372s] running install_data
[1.373s] running install_egg_info
[1.376s] removing '/home/zhuzeyu/guyueju/ros2_21_tutorials/install/learning_service/lib/python3.10/site-packages/learning_service-0.0.0-py3.10.egg-info' (and everything under it)
[1.376s] Copying ../build/learning_service/learning_service.egg-info to /home/zhuzeyu/guyueju/ros2_21_tutorials/install/learning_service/lib/python3.10/site-packages/learning_service-0.0.0-py3.10.egg-info
[1.376s] running install_scripts
[1.393s] Installing service_adder_client script to /home/zhuzeyu/guyueju/ros2_21_tutorials/install/learning_service/lib/learning_service
[1.394s] Installing service_adder_server script to /home/zhuzeyu/guyueju/ros2_21_tutorials/install/learning_service/lib/learning_service
[1.394s] Installing service_object_client script to /home/zhuzeyu/guyueju/ros2_21_tutorials/install/learning_service/lib/learning_service
[1.394s] Installing service_object_server script to /home/zhuzeyu/guyueju/ros2_21_tutorials/install/learning_service/lib/learning_service
[1.394s] writing list of installed files to '/home/zhuzeyu/guyueju/ros2_21_tutorials/build/learning_service/install.log'
[1.414s] Invoked command in '/home/zhuzeyu/guyueju/ros2_21_tutorials/learning_service' returned '0': CMAKE_PREFIX_PATH=/home/zhuzeyu/guyueju/ros2_21_tutorials/install/learning_interface:/home/zhuzeyu/guyueju/ros2_21_tutorials/install/learning_topic_cpp:/home/zhuzeyu/guyueju/ros2_21_tutorials/install/learning_tf_cpp:/home/zhuzeyu/guyueju/ros2_21_tutorials/install/learning_service_cpp:/home/zhuzeyu/guyueju/ros2_21_tutorials/install/learning_pkg_c:/home/zhuzeyu/guyueju/ros2_21_tutorials/install/learning_parameter_cpp:/home/zhuzeyu/guyueju/ros2_21_tutorials/install/learning_node_cpp:/home/zhuzeyu/guyueju/ros2_21_tutorials/install/learning_action_cpp PYTHONPATH=/home/zhuzeyu/guyueju/ros2_21_tutorials/build/learning_service/prefix_override:/usr/lib/python3/dist-packages/colcon_core/task/python/colcon_distutils_commands:/home/zhuzeyu/guyueju/ros2_21_tutorials/install/learning_service/lib/python3.10/site-packages:${PYTHONPATH} /usr/bin/python3 -W ignore:setup.py install is deprecated -W ignore:easy_install command is deprecated setup.py egg_info --egg-base ../build/learning_service build --build-base /home/zhuzeyu/guyueju/ros2_21_tutorials/build/learning_service/build install --record /home/zhuzeyu/guyueju/ros2_21_tutorials/build/learning_service/install.log --single-version-externally-managed install_data
