[2.508s] Invoking command in '/home/zhuzeyu/guyueju/ros2_21_tutorials/learning_node': PYTHONPATH=/home/zhuzeyu/guyueju/ros2_21_tutorials/build/learning_node/prefix_override:/usr/lib/python3/dist-packages/colcon_core/task/python/colcon_distutils_commands:/home/zhuzeyu/guyueju/ros2_21_tutorials/install/learning_node/lib/python3.10/site-packages:${PYTHONPATH} /usr/bin/python3 -W ignore:setup.py install is deprecated -W ignore:easy_install command is deprecated setup.py egg_info --egg-base ../build/learning_node build --build-base /home/zhuzeyu/guyueju/ros2_21_tutorials/build/learning_node/build install --record /home/zhuzeyu/guyueju/ros2_21_tutorials/build/learning_node/install.log --single-version-externally-managed install_data
[2.826s] running egg_info
[2.827s] writing ../build/learning_node/learning_node.egg-info/PKG-INFO
[2.828s] writing dependency_links to ../build/learning_node/learning_node.egg-info/dependency_links.txt
[2.829s] writing entry points to ../build/learning_node/learning_node.egg-info/entry_points.txt
[2.830s] writing requirements to ../build/learning_node/learning_node.egg-info/requires.txt
[2.830s] writing top-level names to ../build/learning_node/learning_node.egg-info/top_level.txt
[2.832s] reading manifest file '../build/learning_node/learning_node.egg-info/SOURCES.txt'
[2.833s] writing manifest file '../build/learning_node/learning_node.egg-info/SOURCES.txt'
[2.833s] running build
[2.833s] running build_py
[2.833s] copying learning_node/node_object.py -> /home/zhuzeyu/guyueju/ros2_21_tutorials/build/learning_node/build/lib/learning_node
[2.833s] running install
[2.833s] running install_lib
[2.834s] copying /home/zhuzeyu/guyueju/ros2_21_tutorials/build/learning_node/build/lib/learning_node/node_object.py -> /home/zhuzeyu/guyueju/ros2_21_tutorials/install/learning_node/lib/python3.10/site-packages/learning_node
[2.834s] byte-compiling /home/zhuzeyu/guyueju/ros2_21_tutorials/install/learning_node/lib/python3.10/site-packages/learning_node/node_object.py to node_object.cpython-310.pyc
[2.836s] running install_data
[2.836s] running install_egg_info
[2.838s] removing '/home/zhuzeyu/guyueju/ros2_21_tutorials/install/learning_node/lib/python3.10/site-packages/learning_node-0.0.0-py3.10.egg-info' (and everything under it)
[2.839s] Copying ../build/learning_node/learning_node.egg-info to /home/zhuzeyu/guyueju/ros2_21_tutorials/install/learning_node/lib/python3.10/site-packages/learning_node-0.0.0-py3.10.egg-info
[2.840s] running install_scripts
[2.869s] Installing node_helloworld script to /home/zhuzeyu/guyueju/ros2_21_tutorials/install/learning_node/lib/learning_node
[2.869s] Installing node_helloworld_class script to /home/zhuzeyu/guyueju/ros2_21_tutorials/install/learning_node/lib/learning_node
[2.869s] Installing node_object script to /home/zhuzeyu/guyueju/ros2_21_tutorials/install/learning_node/lib/learning_node
[2.869s] Installing node_object_webcam script to /home/zhuzeyu/guyueju/ros2_21_tutorials/install/learning_node/lib/learning_node
[2.870s] writing list of installed files to '/home/zhuzeyu/guyueju/ros2_21_tutorials/build/learning_node/install.log'
[2.920s] Invoked command in '/home/zhuzeyu/guyueju/ros2_21_tutorials/learning_node' returned '0': PYTHONPATH=/home/zhuzeyu/guyueju/ros2_21_tutorials/build/learning_node/prefix_override:/usr/lib/python3/dist-packages/colcon_core/task/python/colcon_distutils_commands:/home/zhuzeyu/guyueju/ros2_21_tutorials/install/learning_node/lib/python3.10/site-packages:${PYTHONPATH} /usr/bin/python3 -W ignore:setup.py install is deprecated -W ignore:easy_install command is deprecated setup.py egg_info --egg-base ../build/learning_node build --build-base /home/zhuzeyu/guyueju/ros2_21_tutorials/build/learning_node/build install --record /home/zhuzeyu/guyueju/ros2_21_tutorials/build/learning_node/install.log --single-version-externally-managed install_data
