[2.865s] Invoking command in '/home/zhuzeyu/guyueju/ros2_21_tutorials/learning_launch': PYTHONPATH=/home/zhuzeyu/guyueju/ros2_21_tutorials/build/learning_launch/prefix_override:/usr/lib/python3/dist-packages/colcon_core/task/python/colcon_distutils_commands:/home/zhuzeyu/guyueju/ros2_21_tutorials/install/learning_launch/lib/python3.10/site-packages:${PYTHONPATH} /usr/bin/python3 -W ignore:setup.py install is deprecated -W ignore:easy_install command is deprecated setup.py egg_info --egg-base ../build/learning_launch build --build-base /home/zhuzeyu/guyueju/ros2_21_tutorials/build/learning_launch/build install --record /home/zhuzeyu/guyueju/ros2_21_tutorials/build/learning_launch/install.log --single-version-externally-managed install_data
[3.209s] running egg_info
[3.210s] writing ../build/learning_launch/learning_launch.egg-info/PKG-INFO
[3.210s] writing dependency_links to ../build/learning_launch/learning_launch.egg-info/dependency_links.txt
[3.211s] writing entry points to ../build/learning_launch/learning_launch.egg-info/entry_points.txt
[3.211s] writing requirements to ../build/learning_launch/learning_launch.egg-info/requires.txt
[3.211s] writing top-level names to ../build/learning_launch/learning_launch.egg-info/top_level.txt
[3.215s] reading manifest file '../build/learning_launch/learning_launch.egg-info/SOURCES.txt'
[3.216s] writing manifest file '../build/learning_launch/learning_launch.egg-info/SOURCES.txt'
[3.216s] running build
[3.216s] running build_py
[3.216s] running install
[3.216s] running install_lib
[3.218s] running install_data
[3.218s] running install_egg_info
[3.221s] removing '/home/zhuzeyu/guyueju/ros2_21_tutorials/install/learning_launch/lib/python3.10/site-packages/learning_launch-0.0.0-py3.10.egg-info' (and everything under it)
[3.222s] Copying ../build/learning_launch/learning_launch.egg-info to /home/zhuzeyu/guyueju/ros2_21_tutorials/install/learning_launch/lib/python3.10/site-packages/learning_launch-0.0.0-py3.10.egg-info
[3.223s] running install_scripts
[3.254s] writing list of installed files to '/home/zhuzeyu/guyueju/ros2_21_tutorials/build/learning_launch/install.log'
[3.300s] Invoked command in '/home/zhuzeyu/guyueju/ros2_21_tutorials/learning_launch' returned '0': PYTHONPATH=/home/zhuzeyu/guyueju/ros2_21_tutorials/build/learning_launch/prefix_override:/usr/lib/python3/dist-packages/colcon_core/task/python/colcon_distutils_commands:/home/zhuzeyu/guyueju/ros2_21_tutorials/install/learning_launch/lib/python3.10/site-packages:${PYTHONPATH} /usr/bin/python3 -W ignore:setup.py install is deprecated -W ignore:easy_install command is deprecated setup.py egg_info --egg-base ../build/learning_launch build --build-base /home/zhuzeyu/guyueju/ros2_21_tutorials/build/learning_launch/build install --record /home/zhuzeyu/guyueju/ros2_21_tutorials/build/learning_launch/install.log --single-version-externally-managed install_data
