[1.051s] Invoking command in '/home/zhuzeyu/guyueju/ros2_21_tutorials/learning_service': CMAKE_PREFIX_PATH=/home/zhuzeyu/guyueju/ros2_21_tutorials/install/learning_interface:/home/zhuzeyu/guyueju/ros2_21_tutorials/install/learning_topic_cpp:/home/zhuzeyu/guyueju/ros2_21_tutorials/install/learning_tf_cpp:/home/zhuzeyu/guyueju/ros2_21_tutorials/install/learning_service_cpp:/home/zhuzeyu/guyueju/ros2_21_tutorials/install/learning_pkg_c:/home/zhuzeyu/guyueju/ros2_21_tutorials/install/learning_parameter_cpp:/home/zhuzeyu/guyueju/ros2_21_tutorials/install/learning_node_cpp:/home/zhuzeyu/guyueju/ros2_21_tutorials/install/learning_action_cpp PYTHONPATH=/home/zhuzeyu/guyueju/ros2_21_tutorials/build/learning_service/prefix_override:/usr/lib/python3/dist-packages/colcon_core/task/python/colcon_distutils_commands:/home/zhuzeyu/guyueju/ros2_21_tutorials/install/learning_service/lib/python3.10/site-packages:${PYTHONPATH} /usr/bin/python3 -W ignore:setup.py install is deprecated -W ignore:easy_install command is deprecated setup.py egg_info --egg-base ../build/learning_service build --build-base /home/zhuzeyu/guyueju/ros2_21_tutorials/build/learning_service/build install --record /home/zhuzeyu/guyueju/ros2_21_tutorials/build/learning_service/install.log --single-version-externally-managed install_data
[1.204s] running egg_info
[1.204s] writing ../build/learning_service/learning_service.egg-info/PKG-INFO
[1.204s] writing dependency_links to ../build/learning_service/learning_service.egg-info/dependency_links.txt
[1.205s] writing entry points to ../build/learning_service/learning_service.egg-info/entry_points.txt
[1.205s] writing requirements to ../build/learning_service/learning_service.egg-info/requires.txt
[1.205s] writing top-level names to ../build/learning_service/learning_service.egg-info/top_level.txt
[1.206s] reading manifest file '../build/learning_service/learning_service.egg-info/SOURCES.txt'
[1.206s] writing manifest file '../build/learning_service/learning_service.egg-info/SOURCES.txt'
[1.206s] running build
[1.206s] running build_py
[1.206s] running install
[1.207s] running install_lib
[1.207s] running install_data
[1.208s] running install_egg_info
[1.209s] removing '/home/zhuzeyu/guyueju/ros2_21_tutorials/install/learning_service/lib/python3.10/site-packages/learning_service-0.0.0-py3.10.egg-info' (and everything under it)
[1.209s] Copying ../build/learning_service/learning_service.egg-info to /home/zhuzeyu/guyueju/ros2_21_tutorials/install/learning_service/lib/python3.10/site-packages/learning_service-0.0.0-py3.10.egg-info
[1.209s] running install_scripts
[1.224s] Installing service_adder_client script to /home/zhuzeyu/guyueju/ros2_21_tutorials/install/learning_service/lib/learning_service
[1.224s] Installing service_adder_server script to /home/zhuzeyu/guyueju/ros2_21_tutorials/install/learning_service/lib/learning_service
[1.224s] Installing service_object_client script to /home/zhuzeyu/guyueju/ros2_21_tutorials/install/learning_service/lib/learning_service
[1.224s] Installing service_object_server script to /home/zhuzeyu/guyueju/ros2_21_tutorials/install/learning_service/lib/learning_service
[1.225s] writing list of installed files to '/home/zhuzeyu/guyueju/ros2_21_tutorials/build/learning_service/install.log'
[1.242s] Invoked command in '/home/zhuzeyu/guyueju/ros2_21_tutorials/learning_service' returned '0': CMAKE_PREFIX_PATH=/home/zhuzeyu/guyueju/ros2_21_tutorials/install/learning_interface:/home/zhuzeyu/guyueju/ros2_21_tutorials/install/learning_topic_cpp:/home/zhuzeyu/guyueju/ros2_21_tutorials/install/learning_tf_cpp:/home/zhuzeyu/guyueju/ros2_21_tutorials/install/learning_service_cpp:/home/zhuzeyu/guyueju/ros2_21_tutorials/install/learning_pkg_c:/home/zhuzeyu/guyueju/ros2_21_tutorials/install/learning_parameter_cpp:/home/zhuzeyu/guyueju/ros2_21_tutorials/install/learning_node_cpp:/home/zhuzeyu/guyueju/ros2_21_tutorials/install/learning_action_cpp PYTHONPATH=/home/zhuzeyu/guyueju/ros2_21_tutorials/build/learning_service/prefix_override:/usr/lib/python3/dist-packages/colcon_core/task/python/colcon_distutils_commands:/home/zhuzeyu/guyueju/ros2_21_tutorials/install/learning_service/lib/python3.10/site-packages:${PYTHONPATH} /usr/bin/python3 -W ignore:setup.py install is deprecated -W ignore:easy_install command is deprecated setup.py egg_info --egg-base ../build/learning_service build --build-base /home/zhuzeyu/guyueju/ros2_21_tutorials/build/learning_service/build install --record /home/zhuzeyu/guyueju/ros2_21_tutorials/build/learning_service/install.log --single-version-externally-managed install_data
