[0.234s] Invoking command in '/home/zhuzeyu/guyueju/ros2_21_tutorials/build/learning_action_cpp': CMAKE_PREFIX_PATH=/home/zhuzeyu/guyueju/ros2_21_tutorials/install/learning_interface:/home/zhuzeyu/guyueju/ros2_21_tutorials/install/learning_topic_cpp:/home/zhuzeyu/guyueju/ros2_21_tutorials/install/learning_tf_cpp:/home/zhuzeyu/guyueju/ros2_21_tutorials/install/learning_service_cpp:/home/zhuzeyu/guyueju/ros2_21_tutorials/install/learning_pkg_c:/home/zhuzeyu/guyueju/ros2_21_tutorials/install/learning_parameter_cpp:/home/zhuzeyu/guyueju/ros2_21_tutorials/install/learning_node_cpp:/home/zhuzeyu/guyueju/ros2_21_tutorials/install/learning_action_cpp:/home/zhuzeyu/guyueju/ros2_21_tutorials/install/learning_urdf:/home/zhuzeyu/guyueju/ros2_21_tutorials/install/learning_topic:/home/zhuzeyu/guyueju/ros2_21_tutorials/install/learning_tf:/home/zhuzeyu/guyueju/ros2_21_tutorials/install/learning_service:/home/zhuzeyu/guyueju/ros2_21_tutorials/install/learning_qos:/home/zhuzeyu/guyueju/ros2_21_tutorials/install/learning_pkg_python:/home/zhuzeyu/guyueju/ros2_21_tutorials/install/learning_parameter:/home/zhuzeyu/guyueju/ros2_21_tutorials/install/learning_node:/home/zhuzeyu/guyueju/ros2_21_tutorials/install/learning_launch:/home/zhuzeyu/guyueju/ros2_21_tutorials/install/learning_action:/home/zhuzeyu/guyueju/ros2_21_tutorials/install/learning_gazebo_harmonic:/home/zhuzeyu/guyueju/ros2_21_tutorials/install/learning_gazebo:/home/zhuzeyu/guyueju/ros2_21_tutorials/install/learning_cv:/opt/ros/humble /usr/bin/cmake --build /home/zhuzeyu/guyueju/ros2_21_tutorials/build/learning_action_cpp -- -j16 -l16
[0.426s] -- Found ament_cmake: 1.3.14 (/opt/ros/humble/share/ament_cmake/cmake)
[0.427s] -- Found rclcpp: 16.0.18 (/opt/ros/humble/share/rclcpp/cmake)
[0.427s] -- Found rosidl_generator_c: 3.1.8 (/opt/ros/humble/share/rosidl_generator_c/cmake)
[0.427s] -- Found rosidl_adapter: 3.1.8 (/opt/ros/humble/share/rosidl_adapter/cmake)
[0.427s] -- Found rosidl_generator_cpp: 3.1.8 (/opt/ros/humble/share/rosidl_generator_cpp/cmake)
[0.428s] -- Using all available rosidl_typesupport_c: rosidl_typesupport_fastrtps_c;rosidl_typesupport_introspection_c
[0.430s] -- Using all available rosidl_typesupport_cpp: rosidl_typesupport_fastrtps_cpp;rosidl_typesupport_introspection_cpp
[0.451s] -- Found rmw_implementation_cmake: 6.1.2 (/opt/ros/humble/share/rmw_implementation_cmake/cmake)
[0.452s] -- Found rmw_fastrtps_cpp: 6.2.10 (/opt/ros/humble/share/rmw_fastrtps_cpp/cmake)
[0.554s] -- Using RMW implementation 'rmw_fastrtps_cpp' as default
[0.587s] -- Found rclcpp_action: 16.0.18 (/opt/ros/humble/share/rclcpp_action/cmake)
[0.607s] -- Found learning_interface: 0.0.0 (/home/zhuzeyu/guyueju/ros2_21_tutorials/install/learning_interface/share/learning_interface/cmake)
[0.619s] -- Found ament_lint_auto: 0.12.15 (/opt/ros/humble/share/ament_lint_auto/cmake)
[0.678s] -- Added test 'cppcheck' to perform static code analysis on C / C++ code
[0.678s] -- Configured cppcheck include dirs: 
[0.679s] -- Configured cppcheck exclude dirs and/or files: 
[0.679s] -- Added test 'lint_cmake' to check CMake code style
[0.679s] -- Added test 'uncrustify' to check C / C++ code style
[0.679s] -- Configured uncrustify additional arguments: 
[0.680s] -- Added test 'xmllint' to check XML markup files
[0.680s] -- Configuring done
[0.697s] -- Generating done
[0.705s] -- Build files have been written to: /home/zhuzeyu/guyueju/ros2_21_tutorials/build/learning_action_cpp
[0.727s] [35m[1mConsolidate compiler generated dependencies of target action_move_server[0m
[0.729s] [35m[1mConsolidate compiler generated dependencies of target action_move_client[0m
[0.742s] [ 25%] [32mBuilding CXX object CMakeFiles/action_move_client.dir/src/action_move_client.cpp.o[0m
[0.745s] [ 50%] [32mBuilding CXX object CMakeFiles/action_move_server.dir/src/action_move_server.cpp.o[0m
[3.709s] [ 75%] [32m[1mLinking CXX executable action_move_client[0m
[3.803s] [100%] [32m[1mLinking CXX executable action_move_server[0m
[3.841s] [100%] Built target action_move_client
[3.919s] [100%] Built target action_move_server
[3.930s] Invoked command in '/home/zhuzeyu/guyueju/ros2_21_tutorials/build/learning_action_cpp' returned '0': CMAKE_PREFIX_PATH=/home/zhuzeyu/guyueju/ros2_21_tutorials/install/learning_interface:/home/zhuzeyu/guyueju/ros2_21_tutorials/install/learning_topic_cpp:/home/zhuzeyu/guyueju/ros2_21_tutorials/install/learning_tf_cpp:/home/zhuzeyu/guyueju/ros2_21_tutorials/install/learning_service_cpp:/home/zhuzeyu/guyueju/ros2_21_tutorials/install/learning_pkg_c:/home/zhuzeyu/guyueju/ros2_21_tutorials/install/learning_parameter_cpp:/home/zhuzeyu/guyueju/ros2_21_tutorials/install/learning_node_cpp:/home/zhuzeyu/guyueju/ros2_21_tutorials/install/learning_action_cpp:/home/zhuzeyu/guyueju/ros2_21_tutorials/install/learning_urdf:/home/zhuzeyu/guyueju/ros2_21_tutorials/install/learning_topic:/home/zhuzeyu/guyueju/ros2_21_tutorials/install/learning_tf:/home/zhuzeyu/guyueju/ros2_21_tutorials/install/learning_service:/home/zhuzeyu/guyueju/ros2_21_tutorials/install/learning_qos:/home/zhuzeyu/guyueju/ros2_21_tutorials/install/learning_pkg_python:/home/zhuzeyu/guyueju/ros2_21_tutorials/install/learning_parameter:/home/zhuzeyu/guyueju/ros2_21_tutorials/install/learning_node:/home/zhuzeyu/guyueju/ros2_21_tutorials/install/learning_launch:/home/zhuzeyu/guyueju/ros2_21_tutorials/install/learning_action:/home/zhuzeyu/guyueju/ros2_21_tutorials/install/learning_gazebo_harmonic:/home/zhuzeyu/guyueju/ros2_21_tutorials/install/learning_gazebo:/home/zhuzeyu/guyueju/ros2_21_tutorials/install/learning_cv:/opt/ros/humble /usr/bin/cmake --build /home/zhuzeyu/guyueju/ros2_21_tutorials/build/learning_action_cpp -- -j16 -l16
[3.931s] Invoking command in '/home/zhuzeyu/guyueju/ros2_21_tutorials/build/learning_action_cpp': CMAKE_PREFIX_PATH=/home/zhuzeyu/guyueju/ros2_21_tutorials/install/learning_interface:/home/zhuzeyu/guyueju/ros2_21_tutorials/install/learning_topic_cpp:/home/zhuzeyu/guyueju/ros2_21_tutorials/install/learning_tf_cpp:/home/zhuzeyu/guyueju/ros2_21_tutorials/install/learning_service_cpp:/home/zhuzeyu/guyueju/ros2_21_tutorials/install/learning_pkg_c:/home/zhuzeyu/guyueju/ros2_21_tutorials/install/learning_parameter_cpp:/home/zhuzeyu/guyueju/ros2_21_tutorials/install/learning_node_cpp:/home/zhuzeyu/guyueju/ros2_21_tutorials/install/learning_action_cpp:/home/zhuzeyu/guyueju/ros2_21_tutorials/install/learning_urdf:/home/zhuzeyu/guyueju/ros2_21_tutorials/install/learning_topic:/home/zhuzeyu/guyueju/ros2_21_tutorials/install/learning_tf:/home/zhuzeyu/guyueju/ros2_21_tutorials/install/learning_service:/home/zhuzeyu/guyueju/ros2_21_tutorials/install/learning_qos:/home/zhuzeyu/guyueju/ros2_21_tutorials/install/learning_pkg_python:/home/zhuzeyu/guyueju/ros2_21_tutorials/install/learning_parameter:/home/zhuzeyu/guyueju/ros2_21_tutorials/install/learning_node:/home/zhuzeyu/guyueju/ros2_21_tutorials/install/learning_launch:/home/zhuzeyu/guyueju/ros2_21_tutorials/install/learning_action:/home/zhuzeyu/guyueju/ros2_21_tutorials/install/learning_gazebo_harmonic:/home/zhuzeyu/guyueju/ros2_21_tutorials/install/learning_gazebo:/home/zhuzeyu/guyueju/ros2_21_tutorials/install/learning_cv:/opt/ros/humble /usr/bin/cmake --install /home/zhuzeyu/guyueju/ros2_21_tutorials/build/learning_action_cpp
[3.937s] -- Install configuration: ""
[3.937s] -- Installing: /home/zhuzeyu/guyueju/ros2_21_tutorials/install/learning_action_cpp/lib/learning_action_cpp/action_move_server
[3.937s] -- Set runtime path of "/home/zhuzeyu/guyueju/ros2_21_tutorials/install/learning_action_cpp/lib/learning_action_cpp/action_move_server" to ""
[3.938s] -- Installing: /home/zhuzeyu/guyueju/ros2_21_tutorials/install/learning_action_cpp/lib/learning_action_cpp/action_move_client
[3.938s] -- Set runtime path of "/home/zhuzeyu/guyueju/ros2_21_tutorials/install/learning_action_cpp/lib/learning_action_cpp/action_move_client" to ""
[3.938s] -- Up-to-date: /home/zhuzeyu/guyueju/ros2_21_tutorials/install/learning_action_cpp/share/ament_index/resource_index/package_run_dependencies/learning_action_cpp
[3.938s] -- Installing: /home/zhuzeyu/guyueju/ros2_21_tutorials/install/learning_action_cpp/share/ament_index/resource_index/parent_prefix_path/learning_action_cpp
[3.938s] -- Installing: /home/zhuzeyu/guyueju/ros2_21_tutorials/install/learning_action_cpp/share/learning_action_cpp/environment/ament_prefix_path.sh
[3.938s] -- Installing: /home/zhuzeyu/guyueju/ros2_21_tutorials/install/learning_action_cpp/share/learning_action_cpp/environment/ament_prefix_path.dsv
[3.938s] -- Installing: /home/zhuzeyu/guyueju/ros2_21_tutorials/install/learning_action_cpp/share/learning_action_cpp/environment/path.sh
[3.939s] -- Installing: /home/zhuzeyu/guyueju/ros2_21_tutorials/install/learning_action_cpp/share/learning_action_cpp/environment/path.dsv
[3.939s] -- Up-to-date: /home/zhuzeyu/guyueju/ros2_21_tutorials/install/learning_action_cpp/share/learning_action_cpp/local_setup.bash
[3.939s] -- Up-to-date: /home/zhuzeyu/guyueju/ros2_21_tutorials/install/learning_action_cpp/share/learning_action_cpp/local_setup.sh
[3.939s] -- Up-to-date: /home/zhuzeyu/guyueju/ros2_21_tutorials/install/learning_action_cpp/share/learning_action_cpp/local_setup.zsh
[3.939s] -- Installing: /home/zhuzeyu/guyueju/ros2_21_tutorials/install/learning_action_cpp/share/learning_action_cpp/local_setup.dsv
[3.939s] -- Installing: /home/zhuzeyu/guyueju/ros2_21_tutorials/install/learning_action_cpp/share/learning_action_cpp/package.dsv
[3.939s] -- Up-to-date: /home/zhuzeyu/guyueju/ros2_21_tutorials/install/learning_action_cpp/share/ament_index/resource_index/packages/learning_action_cpp
[3.939s] -- Up-to-date: /home/zhuzeyu/guyueju/ros2_21_tutorials/install/learning_action_cpp/share/learning_action_cpp/cmake/learning_action_cppConfig.cmake
[3.939s] -- Up-to-date: /home/zhuzeyu/guyueju/ros2_21_tutorials/install/learning_action_cpp/share/learning_action_cpp/cmake/learning_action_cppConfig-version.cmake
[3.939s] -- Installing: /home/zhuzeyu/guyueju/ros2_21_tutorials/install/learning_action_cpp/share/learning_action_cpp/package.xml
[3.941s] Invoked command in '/home/zhuzeyu/guyueju/ros2_21_tutorials/build/learning_action_cpp' returned '0': CMAKE_PREFIX_PATH=/home/zhuzeyu/guyueju/ros2_21_tutorials/install/learning_interface:/home/zhuzeyu/guyueju/ros2_21_tutorials/install/learning_topic_cpp:/home/zhuzeyu/guyueju/ros2_21_tutorials/install/learning_tf_cpp:/home/zhuzeyu/guyueju/ros2_21_tutorials/install/learning_service_cpp:/home/zhuzeyu/guyueju/ros2_21_tutorials/install/learning_pkg_c:/home/zhuzeyu/guyueju/ros2_21_tutorials/install/learning_parameter_cpp:/home/zhuzeyu/guyueju/ros2_21_tutorials/install/learning_node_cpp:/home/zhuzeyu/guyueju/ros2_21_tutorials/install/learning_action_cpp:/home/zhuzeyu/guyueju/ros2_21_tutorials/install/learning_urdf:/home/zhuzeyu/guyueju/ros2_21_tutorials/install/learning_topic:/home/zhuzeyu/guyueju/ros2_21_tutorials/install/learning_tf:/home/zhuzeyu/guyueju/ros2_21_tutorials/install/learning_service:/home/zhuzeyu/guyueju/ros2_21_tutorials/install/learning_qos:/home/zhuzeyu/guyueju/ros2_21_tutorials/install/learning_pkg_python:/home/zhuzeyu/guyueju/ros2_21_tutorials/install/learning_parameter:/home/zhuzeyu/guyueju/ros2_21_tutorials/install/learning_node:/home/zhuzeyu/guyueju/ros2_21_tutorials/install/learning_launch:/home/zhuzeyu/guyueju/ros2_21_tutorials/install/learning_action:/home/zhuzeyu/guyueju/ros2_21_tutorials/install/learning_gazebo_harmonic:/home/zhuzeyu/guyueju/ros2_21_tutorials/install/learning_gazebo:/home/zhuzeyu/guyueju/ros2_21_tutorials/install/learning_cv:/opt/ros/humble /usr/bin/cmake --install /home/zhuzeyu/guyueju/ros2_21_tutorials/build/learning_action_cpp
