[ 25%] Built target turtle_tf_broadcaster
[ 50%] Built target turtle_following
[ 87%] Built target tf_listener
[100%] Built target static_tf_broadcaster
-- Install configuration: ""
-- Up-to-date: /home/zhuzeyu/guyueju/ros2_21_tutorials/install/learning_tf_cpp/lib/learning_tf_cpp/static_tf_broadcaster
-- Up-to-date: /home/zhuzeyu/guyueju/ros2_21_tutorials/install/learning_tf_cpp/lib/learning_tf_cpp/turtle_tf_broadcaster
-- Up-to-date: /home/zhuzeyu/guyueju/ros2_21_tutorials/install/learning_tf_cpp/lib/learning_tf_cpp/tf_listener
-- Up-to-date: /home/zhuzeyu/guyueju/ros2_21_tutorials/install/learning_tf_cpp/lib/learning_tf_cpp/turtle_following
-- Up-to-date: /home/zhuzeyu/guyueju/ros2_21_tutorials/install/learning_tf_cpp/share/learning_tf_cpp//launch
-- Up-to-date: /home/zhuzeyu/guyueju/ros2_21_tutorials/install/learning_tf_cpp/share/learning_tf_cpp//launch/turtle_following_demo.launch.py
-- Up-to-date: /home/zhuzeyu/guyueju/ros2_21_tutorials/install/learning_tf_cpp/share/ament_index/resource_index/package_run_dependencies/learning_tf_cpp
-- Up-to-date: /home/zhuzeyu/guyueju/ros2_21_tutorials/install/learning_tf_cpp/share/ament_index/resource_index/parent_prefix_path/learning_tf_cpp
-- Up-to-date: /home/zhuzeyu/guyueju/ros2_21_tutorials/install/learning_tf_cpp/share/learning_tf_cpp/environment/ament_prefix_path.sh
-- Up-to-date: /home/zhuzeyu/guyueju/ros2_21_tutorials/install/learning_tf_cpp/share/learning_tf_cpp/environment/ament_prefix_path.dsv
-- Up-to-date: /home/zhuzeyu/guyueju/ros2_21_tutorials/install/learning_tf_cpp/share/learning_tf_cpp/environment/path.sh
-- Up-to-date: /home/zhuzeyu/guyueju/ros2_21_tutorials/install/learning_tf_cpp/share/learning_tf_cpp/environment/path.dsv
-- Up-to-date: /home/zhuzeyu/guyueju/ros2_21_tutorials/install/learning_tf_cpp/share/learning_tf_cpp/local_setup.bash
-- Up-to-date: /home/zhuzeyu/guyueju/ros2_21_tutorials/install/learning_tf_cpp/share/learning_tf_cpp/local_setup.sh
-- Up-to-date: /home/zhuzeyu/guyueju/ros2_21_tutorials/install/learning_tf_cpp/share/learning_tf_cpp/local_setup.zsh
-- Up-to-date: /home/zhuzeyu/guyueju/ros2_21_tutorials/install/learning_tf_cpp/share/learning_tf_cpp/local_setup.dsv
-- Installing: /home/zhuzeyu/guyueju/ros2_21_tutorials/install/learning_tf_cpp/share/learning_tf_cpp/package.dsv
-- Up-to-date: /home/zhuzeyu/guyueju/ros2_21_tutorials/install/learning_tf_cpp/share/ament_index/resource_index/packages/learning_tf_cpp
-- Up-to-date: /home/zhuzeyu/guyueju/ros2_21_tutorials/install/learning_tf_cpp/share/learning_tf_cpp/cmake/learning_tf_cppConfig.cmake
-- Up-to-date: /home/zhuzeyu/guyueju/ros2_21_tutorials/install/learning_tf_cpp/share/learning_tf_cpp/cmake/learning_tf_cppConfig-version.cmake
-- Up-to-date: /home/zhuzeyu/guyueju/ros2_21_tutorials/install/learning_tf_cpp/share/learning_tf_cpp/package.xml
