[2.339s] Invoking command in '/home/zhuzeyu/guyueju/ros2_21_tutorials/learning_gazebo_harmonic': PYTHONPATH=/home/zhuzeyu/guyueju/ros2_21_tutorials/build/learning_gazebo_harmonic/prefix_override:/usr/lib/python3/dist-packages/colcon_core/task/python/colcon_distutils_commands:/home/zhuzeyu/guyueju/ros2_21_tutorials/install/learning_gazebo_harmonic/lib/python3.10/site-packages:${PYTHONPATH} /usr/bin/python3 -W ignore:setup.py install is deprecated -W ignore:easy_install command is deprecated setup.py egg_info --egg-base ../build/learning_gazebo_harmonic build --build-base /home/zhuzeyu/guyueju/ros2_21_tutorials/build/learning_gazebo_harmonic/build install --record /home/zhuzeyu/guyueju/ros2_21_tutorials/build/learning_gazebo_harmonic/install.log --single-version-externally-managed install_data
[2.483s] running egg_info
[2.484s] writing ../build/learning_gazebo_harmonic/learning_gazebo_harmonic.egg-info/PKG-INFO
[2.484s] writing dependency_links to ../build/learning_gazebo_harmonic/learning_gazebo_harmonic.egg-info/dependency_links.txt
[2.487s] writing entry points to ../build/learning_gazebo_harmonic/learning_gazebo_harmonic.egg-info/entry_points.txt
[2.487s] writing requirements to ../build/learning_gazebo_harmonic/learning_gazebo_harmonic.egg-info/requires.txt
[2.487s] writing top-level names to ../build/learning_gazebo_harmonic/learning_gazebo_harmonic.egg-info/top_level.txt
[2.487s] reading manifest file '../build/learning_gazebo_harmonic/learning_gazebo_harmonic.egg-info/SOURCES.txt'
[2.487s] writing manifest file '../build/learning_gazebo_harmonic/learning_gazebo_harmonic.egg-info/SOURCES.txt'
[2.487s] running build
[2.487s] running build_py
[2.487s] running install
[2.487s] running install_lib
[2.487s] running install_data
[2.488s] running install_egg_info
[2.489s] removing '/home/zhuzeyu/guyueju/ros2_21_tutorials/install/learning_gazebo_harmonic/lib/python3.10/site-packages/learning_gazebo_harmonic-0.0.0-py3.10.egg-info' (and everything under it)
[2.489s] Copying ../build/learning_gazebo_harmonic/learning_gazebo_harmonic.egg-info to /home/zhuzeyu/guyueju/ros2_21_tutorials/install/learning_gazebo_harmonic/lib/python3.10/site-packages/learning_gazebo_harmonic-0.0.0-py3.10.egg-info
[2.490s] running install_scripts
[2.508s] writing list of installed files to '/home/zhuzeyu/guyueju/ros2_21_tutorials/build/learning_gazebo_harmonic/install.log'
[2.540s] Invoked command in '/home/zhuzeyu/guyueju/ros2_21_tutorials/learning_gazebo_harmonic' returned '0': PYTHONPATH=/home/zhuzeyu/guyueju/ros2_21_tutorials/build/learning_gazebo_harmonic/prefix_override:/usr/lib/python3/dist-packages/colcon_core/task/python/colcon_distutils_commands:/home/zhuzeyu/guyueju/ros2_21_tutorials/install/learning_gazebo_harmonic/lib/python3.10/site-packages:${PYTHONPATH} /usr/bin/python3 -W ignore:setup.py install is deprecated -W ignore:easy_install command is deprecated setup.py egg_info --egg-base ../build/learning_gazebo_harmonic build --build-base /home/zhuzeyu/guyueju/ros2_21_tutorials/build/learning_gazebo_harmonic/build install --record /home/zhuzeyu/guyueju/ros2_21_tutorials/build/learning_gazebo_harmonic/install.log --single-version-externally-managed install_data
