[1.574s] Invoking command in '/home/zhuzeyu/guyueju/ros2_21_tutorials/build/learning_tf_cpp': CMAKE_PREFIX_PATH=${CMAKE_PREFIX_PATH}:/home/zhuzeyu/guyueju/ros2_21_tutorials/install/learning_urdf:/home/zhuzeyu/guyueju/ros2_21_tutorials/install/learning_topic:/home/zhuzeyu/guyueju/ros2_21_tutorials/install/learning_tf:/home/zhuzeyu/guyueju/ros2_21_tutorials/install/learning_service:/home/zhuzeyu/guyueju/ros2_21_tutorials/install/learning_qos:/home/zhuzeyu/guyueju/ros2_21_tutorials/install/learning_pkg_python:/home/zhuzeyu/guyueju/ros2_21_tutorials/install/learning_parameter:/home/zhuzeyu/guyueju/ros2_21_tutorials/install/learning_node:/home/zhuzeyu/guyueju/ros2_21_tutorials/install/learning_launch:/home/zhuzeyu/guyueju/ros2_21_tutorials/install/learning_action:/home/zhuzeyu/guyueju/ros2_21_tutorials/install/learning_gazebo_harmonic:/home/zhuzeyu/guyueju/ros2_21_tutorials/install/learning_gazebo:/home/zhuzeyu/guyueju/ros2_21_tutorials/install/learning_cv:/opt/ros/humble /usr/bin/cmake --build /home/zhuzeyu/guyueju/ros2_21_tutorials/build/learning_tf_cpp -- -j16 -l16
[1.750s] [ 50%] Built target static_tf_broadcaster
[1.750s] [ 50%] Built target turtle_following
[1.750s] [100%] Built target tf_listener
[1.750s] [100%] Built target turtle_tf_broadcaster
[1.769s] Invoked command in '/home/zhuzeyu/guyueju/ros2_21_tutorials/build/learning_tf_cpp' returned '0': CMAKE_PREFIX_PATH=${CMAKE_PREFIX_PATH}:/home/zhuzeyu/guyueju/ros2_21_tutorials/install/learning_urdf:/home/zhuzeyu/guyueju/ros2_21_tutorials/install/learning_topic:/home/zhuzeyu/guyueju/ros2_21_tutorials/install/learning_tf:/home/zhuzeyu/guyueju/ros2_21_tutorials/install/learning_service:/home/zhuzeyu/guyueju/ros2_21_tutorials/install/learning_qos:/home/zhuzeyu/guyueju/ros2_21_tutorials/install/learning_pkg_python:/home/zhuzeyu/guyueju/ros2_21_tutorials/install/learning_parameter:/home/zhuzeyu/guyueju/ros2_21_tutorials/install/learning_node:/home/zhuzeyu/guyueju/ros2_21_tutorials/install/learning_launch:/home/zhuzeyu/guyueju/ros2_21_tutorials/install/learning_action:/home/zhuzeyu/guyueju/ros2_21_tutorials/install/learning_gazebo_harmonic:/home/zhuzeyu/guyueju/ros2_21_tutorials/install/learning_gazebo:/home/zhuzeyu/guyueju/ros2_21_tutorials/install/learning_cv:/opt/ros/humble /usr/bin/cmake --build /home/zhuzeyu/guyueju/ros2_21_tutorials/build/learning_tf_cpp -- -j16 -l16
[1.770s] Invoking command in '/home/zhuzeyu/guyueju/ros2_21_tutorials/build/learning_tf_cpp': CMAKE_PREFIX_PATH=${CMAKE_PREFIX_PATH}:/home/zhuzeyu/guyueju/ros2_21_tutorials/install/learning_urdf:/home/zhuzeyu/guyueju/ros2_21_tutorials/install/learning_topic:/home/zhuzeyu/guyueju/ros2_21_tutorials/install/learning_tf:/home/zhuzeyu/guyueju/ros2_21_tutorials/install/learning_service:/home/zhuzeyu/guyueju/ros2_21_tutorials/install/learning_qos:/home/zhuzeyu/guyueju/ros2_21_tutorials/install/learning_pkg_python:/home/zhuzeyu/guyueju/ros2_21_tutorials/install/learning_parameter:/home/zhuzeyu/guyueju/ros2_21_tutorials/install/learning_node:/home/zhuzeyu/guyueju/ros2_21_tutorials/install/learning_launch:/home/zhuzeyu/guyueju/ros2_21_tutorials/install/learning_action:/home/zhuzeyu/guyueju/ros2_21_tutorials/install/learning_gazebo_harmonic:/home/zhuzeyu/guyueju/ros2_21_tutorials/install/learning_gazebo:/home/zhuzeyu/guyueju/ros2_21_tutorials/install/learning_cv:/opt/ros/humble /usr/bin/cmake --install /home/zhuzeyu/guyueju/ros2_21_tutorials/build/learning_tf_cpp
[1.806s] -- Install configuration: ""
[1.806s] -- Up-to-date: /home/zhuzeyu/guyueju/ros2_21_tutorials/install/learning_tf_cpp/lib/learning_tf_cpp/static_tf_broadcaster
[1.806s] -- Up-to-date: /home/zhuzeyu/guyueju/ros2_21_tutorials/install/learning_tf_cpp/lib/learning_tf_cpp/turtle_tf_broadcaster
[1.806s] -- Up-to-date: /home/zhuzeyu/guyueju/ros2_21_tutorials/install/learning_tf_cpp/lib/learning_tf_cpp/tf_listener
[1.806s] -- Up-to-date: /home/zhuzeyu/guyueju/ros2_21_tutorials/install/learning_tf_cpp/lib/learning_tf_cpp/turtle_following
[1.806s] -- Up-to-date: /home/zhuzeyu/guyueju/ros2_21_tutorials/install/learning_tf_cpp/share/learning_tf_cpp//launch
[1.806s] -- Up-to-date: /home/zhuzeyu/guyueju/ros2_21_tutorials/install/learning_tf_cpp/share/learning_tf_cpp//launch/turtle_following_demo.launch.py
[1.806s] -- Up-to-date: /home/zhuzeyu/guyueju/ros2_21_tutorials/install/learning_tf_cpp/share/ament_index/resource_index/package_run_dependencies/learning_tf_cpp
[1.807s] -- Up-to-date: /home/zhuzeyu/guyueju/ros2_21_tutorials/install/learning_tf_cpp/share/ament_index/resource_index/parent_prefix_path/learning_tf_cpp
[1.807s] -- Up-to-date: /home/zhuzeyu/guyueju/ros2_21_tutorials/install/learning_tf_cpp/share/learning_tf_cpp/environment/ament_prefix_path.sh
[1.807s] -- Up-to-date: /home/zhuzeyu/guyueju/ros2_21_tutorials/install/learning_tf_cpp/share/learning_tf_cpp/environment/ament_prefix_path.dsv
[1.807s] -- Up-to-date: /home/zhuzeyu/guyueju/ros2_21_tutorials/install/learning_tf_cpp/share/learning_tf_cpp/environment/path.sh
[1.807s] -- Up-to-date: /home/zhuzeyu/guyueju/ros2_21_tutorials/install/learning_tf_cpp/share/learning_tf_cpp/environment/path.dsv
[1.807s] -- Up-to-date: /home/zhuzeyu/guyueju/ros2_21_tutorials/install/learning_tf_cpp/share/learning_tf_cpp/local_setup.bash
[1.807s] -- Up-to-date: /home/zhuzeyu/guyueju/ros2_21_tutorials/install/learning_tf_cpp/share/learning_tf_cpp/local_setup.sh
[1.807s] -- Up-to-date: /home/zhuzeyu/guyueju/ros2_21_tutorials/install/learning_tf_cpp/share/learning_tf_cpp/local_setup.zsh
[1.807s] -- Up-to-date: /home/zhuzeyu/guyueju/ros2_21_tutorials/install/learning_tf_cpp/share/learning_tf_cpp/local_setup.dsv
[1.807s] -- Installing: /home/zhuzeyu/guyueju/ros2_21_tutorials/install/learning_tf_cpp/share/learning_tf_cpp/package.dsv
[1.807s] -- Up-to-date: /home/zhuzeyu/guyueju/ros2_21_tutorials/install/learning_tf_cpp/share/ament_index/resource_index/packages/learning_tf_cpp
[1.807s] -- Up-to-date: /home/zhuzeyu/guyueju/ros2_21_tutorials/install/learning_tf_cpp/share/learning_tf_cpp/cmake/learning_tf_cppConfig.cmake
[1.807s] -- Up-to-date: /home/zhuzeyu/guyueju/ros2_21_tutorials/install/learning_tf_cpp/share/learning_tf_cpp/cmake/learning_tf_cppConfig-version.cmake
[1.807s] -- Up-to-date: /home/zhuzeyu/guyueju/ros2_21_tutorials/install/learning_tf_cpp/share/learning_tf_cpp/package.xml
[1.843s] Invoked command in '/home/zhuzeyu/guyueju/ros2_21_tutorials/build/learning_tf_cpp' returned '0': CMAKE_PREFIX_PATH=${CMAKE_PREFIX_PATH}:/home/zhuzeyu/guyueju/ros2_21_tutorials/install/learning_urdf:/home/zhuzeyu/guyueju/ros2_21_tutorials/install/learning_topic:/home/zhuzeyu/guyueju/ros2_21_tutorials/install/learning_tf:/home/zhuzeyu/guyueju/ros2_21_tutorials/install/learning_service:/home/zhuzeyu/guyueju/ros2_21_tutorials/install/learning_qos:/home/zhuzeyu/guyueju/ros2_21_tutorials/install/learning_pkg_python:/home/zhuzeyu/guyueju/ros2_21_tutorials/install/learning_parameter:/home/zhuzeyu/guyueju/ros2_21_tutorials/install/learning_node:/home/zhuzeyu/guyueju/ros2_21_tutorials/install/learning_launch:/home/zhuzeyu/guyueju/ros2_21_tutorials/install/learning_action:/home/zhuzeyu/guyueju/ros2_21_tutorials/install/learning_gazebo_harmonic:/home/zhuzeyu/guyueju/ros2_21_tutorials/install/learning_gazebo:/home/zhuzeyu/guyueju/ros2_21_tutorials/install/learning_cv:/opt/ros/humble /usr/bin/cmake --install /home/zhuzeyu/guyueju/ros2_21_tutorials/build/learning_tf_cpp
