running egg_info
writing ../build/learning_action/learning_action.egg-info/PKG-INFO
writing dependency_links to ../build/learning_action/learning_action.egg-info/dependency_links.txt
writing entry points to ../build/learning_action/learning_action.egg-info/entry_points.txt
writing requirements to ../build/learning_action/learning_action.egg-info/requires.txt
writing top-level names to ../build/learning_action/learning_action.egg-info/top_level.txt
reading manifest file '../build/learning_action/learning_action.egg-info/SOURCES.txt'
writing manifest file '../build/learning_action/learning_action.egg-info/SOURCES.txt'
running build
running build_py
running install
running install_lib
running install_data
running install_egg_info
removing '/home/zhuzeyu/guyueju/ros2_21_tutorials/install/learning_action/lib/python3.10/site-packages/learning_action-0.0.0-py3.10.egg-info' (and everything under it)
Copying ../build/learning_action/learning_action.egg-info to /home/zhuzeyu/guyueju/ros2_21_tutorials/install/learning_action/lib/python3.10/site-packages/learning_action-0.0.0-py3.10.egg-info
running install_scripts
Installing action_move_client script to /home/zhuzeyu/guyueju/ros2_21_tutorials/install/learning_action/lib/learning_action
Installing action_move_server script to /home/zhuzeyu/guyueju/ros2_21_tutorials/install/learning_action/lib/learning_action
writing list of installed files to '/home/zhuzeyu/guyueju/ros2_21_tutorials/build/learning_action/install.log'
