[1.060s] Invoking command in '/home/zhuzeyu/guyueju/ros2_21_tutorials/build/learning_pkg_c': CMAKE_PREFIX_PATH=${CMAKE_PREFIX_PATH}:/home/zhuzeyu/guyueju/ros2_21_tutorials/install/learning_urdf:/home/zhuzeyu/guyueju/ros2_21_tutorials/install/learning_topic:/home/zhuzeyu/guyueju/ros2_21_tutorials/install/learning_tf:/home/zhuzeyu/guyueju/ros2_21_tutorials/install/learning_service:/home/zhuzeyu/guyueju/ros2_21_tutorials/install/learning_qos:/home/zhuzeyu/guyueju/ros2_21_tutorials/install/learning_pkg_python:/home/zhuzeyu/guyueju/ros2_21_tutorials/install/learning_parameter:/home/zhuzeyu/guyueju/ros2_21_tutorials/install/learning_node:/home/zhuzeyu/guyueju/ros2_21_tutorials/install/learning_launch:/home/zhuzeyu/guyueju/ros2_21_tutorials/install/learning_action:/home/zhuzeyu/guyueju/ros2_21_tutorials/install/learning_gazebo_harmonic:/home/zhuzeyu/guyueju/ros2_21_tutorials/install/learning_gazebo:/home/zhuzeyu/guyueju/ros2_21_tutorials/install/learning_cv:/opt/ros/humble /usr/bin/cmake --build /home/zhuzeyu/guyueju/ros2_21_tutorials/build/learning_pkg_c -- -j16 -l16
[2.337s] -- Found ament_cmake: 1.3.14 (/opt/ros/humble/share/ament_cmake/cmake)
[2.337s] -- Found ament_lint_auto: 0.12.15 (/opt/ros/humble/share/ament_lint_auto/cmake)
[2.337s] -- Added test 'lint_cmake' to check CMake code style
[2.337s] -- Added test 'xmllint' to check XML markup files
[2.337s] -- Configuring done
[2.337s] -- Generating done
[2.337s] -- Build files have been written to: /home/zhuzeyu/guyueju/ros2_21_tutorials/build/learning_pkg_c
[2.338s] Invoked command in '/home/zhuzeyu/guyueju/ros2_21_tutorials/build/learning_pkg_c' returned '0': CMAKE_PREFIX_PATH=${CMAKE_PREFIX_PATH}:/home/zhuzeyu/guyueju/ros2_21_tutorials/install/learning_urdf:/home/zhuzeyu/guyueju/ros2_21_tutorials/install/learning_topic:/home/zhuzeyu/guyueju/ros2_21_tutorials/install/learning_tf:/home/zhuzeyu/guyueju/ros2_21_tutorials/install/learning_service:/home/zhuzeyu/guyueju/ros2_21_tutorials/install/learning_qos:/home/zhuzeyu/guyueju/ros2_21_tutorials/install/learning_pkg_python:/home/zhuzeyu/guyueju/ros2_21_tutorials/install/learning_parameter:/home/zhuzeyu/guyueju/ros2_21_tutorials/install/learning_node:/home/zhuzeyu/guyueju/ros2_21_tutorials/install/learning_launch:/home/zhuzeyu/guyueju/ros2_21_tutorials/install/learning_action:/home/zhuzeyu/guyueju/ros2_21_tutorials/install/learning_gazebo_harmonic:/home/zhuzeyu/guyueju/ros2_21_tutorials/install/learning_gazebo:/home/zhuzeyu/guyueju/ros2_21_tutorials/install/learning_cv:/opt/ros/humble /usr/bin/cmake --build /home/zhuzeyu/guyueju/ros2_21_tutorials/build/learning_pkg_c -- -j16 -l16
[2.342s] Invoking command in '/home/zhuzeyu/guyueju/ros2_21_tutorials/build/learning_pkg_c': CMAKE_PREFIX_PATH=${CMAKE_PREFIX_PATH}:/home/zhuzeyu/guyueju/ros2_21_tutorials/install/learning_urdf:/home/zhuzeyu/guyueju/ros2_21_tutorials/install/learning_topic:/home/zhuzeyu/guyueju/ros2_21_tutorials/install/learning_tf:/home/zhuzeyu/guyueju/ros2_21_tutorials/install/learning_service:/home/zhuzeyu/guyueju/ros2_21_tutorials/install/learning_qos:/home/zhuzeyu/guyueju/ros2_21_tutorials/install/learning_pkg_python:/home/zhuzeyu/guyueju/ros2_21_tutorials/install/learning_parameter:/home/zhuzeyu/guyueju/ros2_21_tutorials/install/learning_node:/home/zhuzeyu/guyueju/ros2_21_tutorials/install/learning_launch:/home/zhuzeyu/guyueju/ros2_21_tutorials/install/learning_action:/home/zhuzeyu/guyueju/ros2_21_tutorials/install/learning_gazebo_harmonic:/home/zhuzeyu/guyueju/ros2_21_tutorials/install/learning_gazebo:/home/zhuzeyu/guyueju/ros2_21_tutorials/install/learning_cv:/opt/ros/humble /usr/bin/cmake --install /home/zhuzeyu/guyueju/ros2_21_tutorials/build/learning_pkg_c
[2.351s] -- Install configuration: ""
[2.351s] -- Up-to-date: /home/zhuzeyu/guyueju/ros2_21_tutorials/install/learning_pkg_c/share/ament_index/resource_index/package_run_dependencies/learning_pkg_c
[2.351s] -- Installing: /home/zhuzeyu/guyueju/ros2_21_tutorials/install/learning_pkg_c/share/ament_index/resource_index/parent_prefix_path/learning_pkg_c
[2.352s] -- Installing: /home/zhuzeyu/guyueju/ros2_21_tutorials/install/learning_pkg_c/share/learning_pkg_c/environment/ament_prefix_path.sh
[2.352s] -- Installing: /home/zhuzeyu/guyueju/ros2_21_tutorials/install/learning_pkg_c/share/learning_pkg_c/environment/ament_prefix_path.dsv
[2.352s] -- Installing: /home/zhuzeyu/guyueju/ros2_21_tutorials/install/learning_pkg_c/share/learning_pkg_c/environment/path.sh
[2.352s] -- Installing: /home/zhuzeyu/guyueju/ros2_21_tutorials/install/learning_pkg_c/share/learning_pkg_c/environment/path.dsv
[2.352s] -- Up-to-date: /home/zhuzeyu/guyueju/ros2_21_tutorials/install/learning_pkg_c/share/learning_pkg_c/local_setup.bash
[2.352s] -- Up-to-date: /home/zhuzeyu/guyueju/ros2_21_tutorials/install/learning_pkg_c/share/learning_pkg_c/local_setup.sh
[2.352s] -- Up-to-date: /home/zhuzeyu/guyueju/ros2_21_tutorials/install/learning_pkg_c/share/learning_pkg_c/local_setup.zsh
[2.352s] -- Installing: /home/zhuzeyu/guyueju/ros2_21_tutorials/install/learning_pkg_c/share/learning_pkg_c/local_setup.dsv
[2.353s] -- Installing: /home/zhuzeyu/guyueju/ros2_21_tutorials/install/learning_pkg_c/share/learning_pkg_c/package.dsv
[2.353s] -- Up-to-date: /home/zhuzeyu/guyueju/ros2_21_tutorials/install/learning_pkg_c/share/ament_index/resource_index/packages/learning_pkg_c
[2.353s] -- Up-to-date: /home/zhuzeyu/guyueju/ros2_21_tutorials/install/learning_pkg_c/share/learning_pkg_c/cmake/learning_pkg_cConfig.cmake
[2.353s] -- Up-to-date: /home/zhuzeyu/guyueju/ros2_21_tutorials/install/learning_pkg_c/share/learning_pkg_c/cmake/learning_pkg_cConfig-version.cmake
[2.353s] -- Installing: /home/zhuzeyu/guyueju/ros2_21_tutorials/install/learning_pkg_c/share/learning_pkg_c/package.xml
[2.394s] Invoked command in '/home/zhuzeyu/guyueju/ros2_21_tutorials/build/learning_pkg_c' returned '0': CMAKE_PREFIX_PATH=${CMAKE_PREFIX_PATH}:/home/zhuzeyu/guyueju/ros2_21_tutorials/install/learning_urdf:/home/zhuzeyu/guyueju/ros2_21_tutorials/install/learning_topic:/home/zhuzeyu/guyueju/ros2_21_tutorials/install/learning_tf:/home/zhuzeyu/guyueju/ros2_21_tutorials/install/learning_service:/home/zhuzeyu/guyueju/ros2_21_tutorials/install/learning_qos:/home/zhuzeyu/guyueju/ros2_21_tutorials/install/learning_pkg_python:/home/zhuzeyu/guyueju/ros2_21_tutorials/install/learning_parameter:/home/zhuzeyu/guyueju/ros2_21_tutorials/install/learning_node:/home/zhuzeyu/guyueju/ros2_21_tutorials/install/learning_launch:/home/zhuzeyu/guyueju/ros2_21_tutorials/install/learning_action:/home/zhuzeyu/guyueju/ros2_21_tutorials/install/learning_gazebo_harmonic:/home/zhuzeyu/guyueju/ros2_21_tutorials/install/learning_gazebo:/home/zhuzeyu/guyueju/ros2_21_tutorials/install/learning_cv:/opt/ros/humble /usr/bin/cmake --install /home/zhuzeyu/guyueju/ros2_21_tutorials/build/learning_pkg_c
