running egg_info
writing ../build/learning_qos/learning_qos.egg-info/PKG-INFO
writing dependency_links to ../build/learning_qos/learning_qos.egg-info/dependency_links.txt
writing entry points to ../build/learning_qos/learning_qos.egg-info/entry_points.txt
writing requirements to ../build/learning_qos/learning_qos.egg-info/requires.txt
writing top-level names to ../build/learning_qos/learning_qos.egg-info/top_level.txt
reading manifest file '../build/learning_qos/learning_qos.egg-info/SOURCES.txt'
writing manifest file '../build/learning_qos/learning_qos.egg-info/SOURCES.txt'
running build
running build_py
running install
running install_lib
running install_data
running install_egg_info
removing '/home/zhuzeyu/guyueju/ros2_21_tutorials/install/learning_qos/lib/python3.10/site-packages/learning_qos-0.0.0-py3.10.egg-info' (and everything under it)
Copying ../build/learning_qos/learning_qos.egg-info to /home/zhuzeyu/guyueju/ros2_21_tutorials/install/learning_qos/lib/python3.10/site-packages/learning_qos-0.0.0-py3.10.egg-info
running install_scripts
Installing qos_helloworld_pub script to /home/zhuzeyu/guyueju/ros2_21_tutorials/install/learning_qos/lib/learning_qos
Installing qos_helloworld_sub script to /home/zhuzeyu/guyueju/ros2_21_tutorials/install/learning_qos/lib/learning_qos
writing list of installed files to '/home/zhuzeyu/guyueju/ros2_21_tutorials/build/learning_qos/install.log'
