[1.490s] Invoking command in '/home/zhuzeyu/guyueju/ros2_21_tutorials/build/learning_topic_cpp': CMAKE_PREFIX_PATH=${CMAKE_PREFIX_PATH}:/home/zhuzeyu/guyueju/ros2_21_tutorials/install/learning_urdf:/home/zhuzeyu/guyueju/ros2_21_tutorials/install/learning_topic:/home/zhuzeyu/guyueju/ros2_21_tutorials/install/learning_tf:/home/zhuzeyu/guyueju/ros2_21_tutorials/install/learning_service:/home/zhuzeyu/guyueju/ros2_21_tutorials/install/learning_qos:/home/zhuzeyu/guyueju/ros2_21_tutorials/install/learning_pkg_python:/home/zhuzeyu/guyueju/ros2_21_tutorials/install/learning_parameter:/home/zhuzeyu/guyueju/ros2_21_tutorials/install/learning_node:/home/zhuzeyu/guyueju/ros2_21_tutorials/install/learning_launch:/home/zhuzeyu/guyueju/ros2_21_tutorials/install/learning_action:/home/zhuzeyu/guyueju/ros2_21_tutorials/install/learning_gazebo_harmonic:/home/zhuzeyu/guyueju/ros2_21_tutorials/install/learning_gazebo:/home/zhuzeyu/guyueju/ros2_21_tutorials/install/learning_cv:/opt/ros/humble /usr/bin/cmake --build /home/zhuzeyu/guyueju/ros2_21_tutorials/build/learning_topic_cpp -- -j16 -l16
[1.655s] [35m[1mConsolidate compiler generated dependencies of target topic_helloworld_pub[0m
[1.655s] [35m[1mConsolidate compiler generated dependencies of target topic_helloworld_sub[0m
[1.655s] [ 50%] Built target topic_helloworld_pub
[1.655s] [100%] Built target topic_helloworld_sub
[1.674s] Invoked command in '/home/zhuzeyu/guyueju/ros2_21_tutorials/build/learning_topic_cpp' returned '0': CMAKE_PREFIX_PATH=${CMAKE_PREFIX_PATH}:/home/zhuzeyu/guyueju/ros2_21_tutorials/install/learning_urdf:/home/zhuzeyu/guyueju/ros2_21_tutorials/install/learning_topic:/home/zhuzeyu/guyueju/ros2_21_tutorials/install/learning_tf:/home/zhuzeyu/guyueju/ros2_21_tutorials/install/learning_service:/home/zhuzeyu/guyueju/ros2_21_tutorials/install/learning_qos:/home/zhuzeyu/guyueju/ros2_21_tutorials/install/learning_pkg_python:/home/zhuzeyu/guyueju/ros2_21_tutorials/install/learning_parameter:/home/zhuzeyu/guyueju/ros2_21_tutorials/install/learning_node:/home/zhuzeyu/guyueju/ros2_21_tutorials/install/learning_launch:/home/zhuzeyu/guyueju/ros2_21_tutorials/install/learning_action:/home/zhuzeyu/guyueju/ros2_21_tutorials/install/learning_gazebo_harmonic:/home/zhuzeyu/guyueju/ros2_21_tutorials/install/learning_gazebo:/home/zhuzeyu/guyueju/ros2_21_tutorials/install/learning_cv:/opt/ros/humble /usr/bin/cmake --build /home/zhuzeyu/guyueju/ros2_21_tutorials/build/learning_topic_cpp -- -j16 -l16
[1.684s] Invoking command in '/home/zhuzeyu/guyueju/ros2_21_tutorials/build/learning_topic_cpp': CMAKE_PREFIX_PATH=${CMAKE_PREFIX_PATH}:/home/zhuzeyu/guyueju/ros2_21_tutorials/install/learning_urdf:/home/zhuzeyu/guyueju/ros2_21_tutorials/install/learning_topic:/home/zhuzeyu/guyueju/ros2_21_tutorials/install/learning_tf:/home/zhuzeyu/guyueju/ros2_21_tutorials/install/learning_service:/home/zhuzeyu/guyueju/ros2_21_tutorials/install/learning_qos:/home/zhuzeyu/guyueju/ros2_21_tutorials/install/learning_pkg_python:/home/zhuzeyu/guyueju/ros2_21_tutorials/install/learning_parameter:/home/zhuzeyu/guyueju/ros2_21_tutorials/install/learning_node:/home/zhuzeyu/guyueju/ros2_21_tutorials/install/learning_launch:/home/zhuzeyu/guyueju/ros2_21_tutorials/install/learning_action:/home/zhuzeyu/guyueju/ros2_21_tutorials/install/learning_gazebo_harmonic:/home/zhuzeyu/guyueju/ros2_21_tutorials/install/learning_gazebo:/home/zhuzeyu/guyueju/ros2_21_tutorials/install/learning_cv:/opt/ros/humble /usr/bin/cmake --install /home/zhuzeyu/guyueju/ros2_21_tutorials/build/learning_topic_cpp
[1.712s] -- Install configuration: ""
[1.712s] -- Up-to-date: /home/zhuzeyu/guyueju/ros2_21_tutorials/install/learning_topic_cpp/lib/learning_topic_cpp/topic_helloworld_pub
[1.712s] -- Up-to-date: /home/zhuzeyu/guyueju/ros2_21_tutorials/install/learning_topic_cpp/lib/learning_topic_cpp/topic_helloworld_sub
[1.712s] -- Up-to-date: /home/zhuzeyu/guyueju/ros2_21_tutorials/install/learning_topic_cpp/share/ament_index/resource_index/package_run_dependencies/learning_topic_cpp
[1.712s] -- Up-to-date: /home/zhuzeyu/guyueju/ros2_21_tutorials/install/learning_topic_cpp/share/ament_index/resource_index/parent_prefix_path/learning_topic_cpp
[1.712s] -- Up-to-date: /home/zhuzeyu/guyueju/ros2_21_tutorials/install/learning_topic_cpp/share/learning_topic_cpp/environment/ament_prefix_path.sh
[1.712s] -- Up-to-date: /home/zhuzeyu/guyueju/ros2_21_tutorials/install/learning_topic_cpp/share/learning_topic_cpp/environment/ament_prefix_path.dsv
[1.712s] -- Up-to-date: /home/zhuzeyu/guyueju/ros2_21_tutorials/install/learning_topic_cpp/share/learning_topic_cpp/environment/path.sh
[1.712s] -- Up-to-date: /home/zhuzeyu/guyueju/ros2_21_tutorials/install/learning_topic_cpp/share/learning_topic_cpp/environment/path.dsv
[1.712s] -- Up-to-date: /home/zhuzeyu/guyueju/ros2_21_tutorials/install/learning_topic_cpp/share/learning_topic_cpp/local_setup.bash
[1.712s] -- Up-to-date: /home/zhuzeyu/guyueju/ros2_21_tutorials/install/learning_topic_cpp/share/learning_topic_cpp/local_setup.sh
[1.712s] -- Up-to-date: /home/zhuzeyu/guyueju/ros2_21_tutorials/install/learning_topic_cpp/share/learning_topic_cpp/local_setup.zsh
[1.712s] -- Up-to-date: /home/zhuzeyu/guyueju/ros2_21_tutorials/install/learning_topic_cpp/share/learning_topic_cpp/local_setup.dsv
[1.713s] -- Installing: /home/zhuzeyu/guyueju/ros2_21_tutorials/install/learning_topic_cpp/share/learning_topic_cpp/package.dsv
[1.713s] -- Up-to-date: /home/zhuzeyu/guyueju/ros2_21_tutorials/install/learning_topic_cpp/share/ament_index/resource_index/packages/learning_topic_cpp
[1.713s] -- Up-to-date: /home/zhuzeyu/guyueju/ros2_21_tutorials/install/learning_topic_cpp/share/learning_topic_cpp/cmake/learning_topic_cppConfig.cmake
[1.714s] -- Up-to-date: /home/zhuzeyu/guyueju/ros2_21_tutorials/install/learning_topic_cpp/share/learning_topic_cpp/cmake/learning_topic_cppConfig-version.cmake
[1.714s] -- Up-to-date: /home/zhuzeyu/guyueju/ros2_21_tutorials/install/learning_topic_cpp/share/learning_topic_cpp/package.xml
[1.733s] Invoked command in '/home/zhuzeyu/guyueju/ros2_21_tutorials/build/learning_topic_cpp' returned '0': CMAKE_PREFIX_PATH=${CMAKE_PREFIX_PATH}:/home/zhuzeyu/guyueju/ros2_21_tutorials/install/learning_urdf:/home/zhuzeyu/guyueju/ros2_21_tutorials/install/learning_topic:/home/zhuzeyu/guyueju/ros2_21_tutorials/install/learning_tf:/home/zhuzeyu/guyueju/ros2_21_tutorials/install/learning_service:/home/zhuzeyu/guyueju/ros2_21_tutorials/install/learning_qos:/home/zhuzeyu/guyueju/ros2_21_tutorials/install/learning_pkg_python:/home/zhuzeyu/guyueju/ros2_21_tutorials/install/learning_parameter:/home/zhuzeyu/guyueju/ros2_21_tutorials/install/learning_node:/home/zhuzeyu/guyueju/ros2_21_tutorials/install/learning_launch:/home/zhuzeyu/guyueju/ros2_21_tutorials/install/learning_action:/home/zhuzeyu/guyueju/ros2_21_tutorials/install/learning_gazebo_harmonic:/home/zhuzeyu/guyueju/ros2_21_tutorials/install/learning_gazebo:/home/zhuzeyu/guyueju/ros2_21_tutorials/install/learning_cv:/opt/ros/humble /usr/bin/cmake --install /home/zhuzeyu/guyueju/ros2_21_tutorials/build/learning_topic_cpp
