[2.401s] Invoking command in '/home/zhuzeyu/guyueju/ros2_21_tutorials/learning_gazebo_harmonic': PYTHONPATH=/home/zhuzeyu/guyueju/ros2_21_tutorials/build/learning_gazebo_harmonic/prefix_override:/usr/lib/python3/dist-packages/colcon_core/task/python/colcon_distutils_commands:/home/zhuzeyu/guyueju/ros2_21_tutorials/install/learning_gazebo_harmonic/lib/python3.10/site-packages:${PYTHONPATH} /usr/bin/python3 -W ignore:setup.py install is deprecated -W ignore:easy_install command is deprecated setup.py egg_info --egg-base ../build/learning_gazebo_harmonic build --build-base /home/zhuzeyu/guyueju/ros2_21_tutorials/build/learning_gazebo_harmonic/build install --record /home/zhuzeyu/guyueju/ros2_21_tutorials/build/learning_gazebo_harmonic/install.log --single-version-externally-managed install_data
[2.722s] running egg_info
[2.723s] creating ../build/learning_gazebo_harmonic/learning_gazebo_harmonic.egg-info
[2.723s] writing ../build/learning_gazebo_harmonic/learning_gazebo_harmonic.egg-info/PKG-INFO
[2.725s] writing dependency_links to ../build/learning_gazebo_harmonic/learning_gazebo_harmonic.egg-info/dependency_links.txt
[2.725s] writing entry points to ../build/learning_gazebo_harmonic/learning_gazebo_harmonic.egg-info/entry_points.txt
[2.725s] writing requirements to ../build/learning_gazebo_harmonic/learning_gazebo_harmonic.egg-info/requires.txt
[2.725s] writing top-level names to ../build/learning_gazebo_harmonic/learning_gazebo_harmonic.egg-info/top_level.txt
[2.725s] writing manifest file '../build/learning_gazebo_harmonic/learning_gazebo_harmonic.egg-info/SOURCES.txt'
[2.726s] reading manifest file '../build/learning_gazebo_harmonic/learning_gazebo_harmonic.egg-info/SOURCES.txt'
[2.728s] writing manifest file '../build/learning_gazebo_harmonic/learning_gazebo_harmonic.egg-info/SOURCES.txt'
[2.728s] running build
[2.728s] running build_py
[2.728s] creating /home/zhuzeyu/guyueju/ros2_21_tutorials/build/learning_gazebo_harmonic/build
[2.728s] creating /home/zhuzeyu/guyueju/ros2_21_tutorials/build/learning_gazebo_harmonic/build/lib
[2.728s] creating /home/zhuzeyu/guyueju/ros2_21_tutorials/build/learning_gazebo_harmonic/build/lib/learning_gazebo_harmonic
[2.729s] copying learning_gazebo_harmonic/__init__.py -> /home/zhuzeyu/guyueju/ros2_21_tutorials/build/learning_gazebo_harmonic/build/lib/learning_gazebo_harmonic
[2.729s] running install
[2.729s] running install_lib
[2.730s] creating /home/zhuzeyu/guyueju/ros2_21_tutorials/install/learning_gazebo_harmonic/lib/python3.10/site-packages/learning_gazebo_harmonic
[2.730s] copying /home/zhuzeyu/guyueju/ros2_21_tutorials/build/learning_gazebo_harmonic/build/lib/learning_gazebo_harmonic/__init__.py -> /home/zhuzeyu/guyueju/ros2_21_tutorials/install/learning_gazebo_harmonic/lib/python3.10/site-packages/learning_gazebo_harmonic
[2.731s] byte-compiling /home/zhuzeyu/guyueju/ros2_21_tutorials/install/learning_gazebo_harmonic/lib/python3.10/site-packages/learning_gazebo_harmonic/__init__.py to __init__.cpython-310.pyc
[2.731s] running install_data
[2.731s] creating /home/zhuzeyu/guyueju/ros2_21_tutorials/install/learning_gazebo_harmonic/share/ament_index
[2.731s] creating /home/zhuzeyu/guyueju/ros2_21_tutorials/install/learning_gazebo_harmonic/share/ament_index/resource_index
[2.731s] creating /home/zhuzeyu/guyueju/ros2_21_tutorials/install/learning_gazebo_harmonic/share/ament_index/resource_index/packages
[2.731s] copying resource/learning_gazebo_harmonic -> /home/zhuzeyu/guyueju/ros2_21_tutorials/install/learning_gazebo_harmonic/share/ament_index/resource_index/packages
[2.732s] copying package.xml -> /home/zhuzeyu/guyueju/ros2_21_tutorials/install/learning_gazebo_harmonic/share/learning_gazebo_harmonic
[2.732s] creating /home/zhuzeyu/guyueju/ros2_21_tutorials/install/learning_gazebo_harmonic/share/learning_gazebo_harmonic/launch
[2.733s] copying launch/load_urdf_into_gazebo_harmonic.launch.py -> /home/zhuzeyu/guyueju/ros2_21_tutorials/install/learning_gazebo_harmonic/share/learning_gazebo_harmonic/launch
[2.733s] copying launch/load_mbot_rgbd_into_maze_gazebo_harmonic.launch.py -> /home/zhuzeyu/guyueju/ros2_21_tutorials/install/learning_gazebo_harmonic/share/learning_gazebo_harmonic/launch
[2.733s] copying launch/load_mbot_lidar_into_maze_gazebo_harmonic.launch.py -> /home/zhuzeyu/guyueju/ros2_21_tutorials/install/learning_gazebo_harmonic/share/learning_gazebo_harmonic/launch
[2.733s] copying launch/load_mbot_camera_into_gazebo_harmonic.launch.py -> /home/zhuzeyu/guyueju/ros2_21_tutorials/install/learning_gazebo_harmonic/share/learning_gazebo_harmonic/launch
[2.733s] copying launch/load_mbot_rgbd_into_gazebo_harmonic.launch.py -> /home/zhuzeyu/guyueju/ros2_21_tutorials/install/learning_gazebo_harmonic/share/learning_gazebo_harmonic/launch
[2.733s] copying launch/load_mbot_lidar_into_gazebo_harmonic.launch.py -> /home/zhuzeyu/guyueju/ros2_21_tutorials/install/learning_gazebo_harmonic/share/learning_gazebo_harmonic/launch
[2.733s] creating /home/zhuzeyu/guyueju/ros2_21_tutorials/install/learning_gazebo_harmonic/share/learning_gazebo_harmonic/urdf
[2.733s] copying urdf/mbot_with_lidar.sdf -> /home/zhuzeyu/guyueju/ros2_21_tutorials/install/learning_gazebo_harmonic/share/learning_gazebo_harmonic/urdf
[2.733s] copying urdf/mbot_with_camera_gazebo_harmonic.xacro -> /home/zhuzeyu/guyueju/ros2_21_tutorials/install/learning_gazebo_harmonic/share/learning_gazebo_harmonic/urdf
[2.733s] copying urdf/mbot_with_lidar_gazebo_harmonic.xacro -> /home/zhuzeyu/guyueju/ros2_21_tutorials/install/learning_gazebo_harmonic/share/learning_gazebo_harmonic/urdf
[2.733s] copying urdf/mbot_base_gazebo_harmonic.xacro -> /home/zhuzeyu/guyueju/ros2_21_tutorials/install/learning_gazebo_harmonic/share/learning_gazebo_harmonic/urdf
[2.735s] copying urdf/mbot_gazebo_harmonic.xacro -> /home/zhuzeyu/guyueju/ros2_21_tutorials/install/learning_gazebo_harmonic/share/learning_gazebo_harmonic/urdf
[2.735s] copying urdf/mbot_with_rgbd_gazebo_harmonic.xacro -> /home/zhuzeyu/guyueju/ros2_21_tutorials/install/learning_gazebo_harmonic/share/learning_gazebo_harmonic/urdf
[2.735s] creating /home/zhuzeyu/guyueju/ros2_21_tutorials/install/learning_gazebo_harmonic/share/learning_gazebo_harmonic/urdf/sensors
[2.735s] copying urdf/sensors/lidar_gazebo_harmonic.xacro -> /home/zhuzeyu/guyueju/ros2_21_tutorials/install/learning_gazebo_harmonic/share/learning_gazebo_harmonic/urdf/sensors
[2.735s] copying urdf/sensors/rgbd_gazebo_harmonic.xacro -> /home/zhuzeyu/guyueju/ros2_21_tutorials/install/learning_gazebo_harmonic/share/learning_gazebo_harmonic/urdf/sensors
[2.735s] copying urdf/sensors/camera_gazebo_harmonic.xacro -> /home/zhuzeyu/guyueju/ros2_21_tutorials/install/learning_gazebo_harmonic/share/learning_gazebo_harmonic/urdf/sensors
[2.735s] creating /home/zhuzeyu/guyueju/ros2_21_tutorials/install/learning_gazebo_harmonic/share/learning_gazebo_harmonic/worlds
[2.735s] copying worlds/empty.sdf -> /home/zhuzeyu/guyueju/ros2_21_tutorials/install/learning_gazebo_harmonic/share/learning_gazebo_harmonic/worlds
[2.735s] copying worlds/depot.sdf -> /home/zhuzeyu/guyueju/ros2_21_tutorials/install/learning_gazebo_harmonic/share/learning_gazebo_harmonic/worlds
[2.735s] copying worlds/maze.sdf -> /home/zhuzeyu/guyueju/ros2_21_tutorials/install/learning_gazebo_harmonic/share/learning_gazebo_harmonic/worlds
[2.735s] creating /home/zhuzeyu/guyueju/ros2_21_tutorials/install/learning_gazebo_harmonic/share/learning_gazebo_harmonic/rviz
[2.735s] creating /home/zhuzeyu/guyueju/ros2_21_tutorials/install/learning_gazebo_harmonic/share/learning_gazebo_harmonic/config
[2.735s] copying config/ros_gz_bridge_mbot_rgbd.yaml -> /home/zhuzeyu/guyueju/ros2_21_tutorials/install/learning_gazebo_harmonic/share/learning_gazebo_harmonic/config
[2.736s] copying config/ros_gz_bridge_mbot_lidar.yaml -> /home/zhuzeyu/guyueju/ros2_21_tutorials/install/learning_gazebo_harmonic/share/learning_gazebo_harmonic/config
[2.736s] copying config/ros_gz_bridge_mbot.yaml -> /home/zhuzeyu/guyueju/ros2_21_tutorials/install/learning_gazebo_harmonic/share/learning_gazebo_harmonic/config
[2.736s] copying config/ros_gz_bridge_mbot_camera.yaml -> /home/zhuzeyu/guyueju/ros2_21_tutorials/install/learning_gazebo_harmonic/share/learning_gazebo_harmonic/config
[2.736s] running install_egg_info
[2.737s] Copying ../build/learning_gazebo_harmonic/learning_gazebo_harmonic.egg-info to /home/zhuzeyu/guyueju/ros2_21_tutorials/install/learning_gazebo_harmonic/lib/python3.10/site-packages/learning_gazebo_harmonic-0.0.0-py3.10.egg-info
[2.738s] running install_scripts
[2.765s] writing list of installed files to '/home/zhuzeyu/guyueju/ros2_21_tutorials/build/learning_gazebo_harmonic/install.log'
[2.797s] Invoked command in '/home/zhuzeyu/guyueju/ros2_21_tutorials/learning_gazebo_harmonic' returned '0': PYTHONPATH=/home/zhuzeyu/guyueju/ros2_21_tutorials/build/learning_gazebo_harmonic/prefix_override:/usr/lib/python3/dist-packages/colcon_core/task/python/colcon_distutils_commands:/home/zhuzeyu/guyueju/ros2_21_tutorials/install/learning_gazebo_harmonic/lib/python3.10/site-packages:${PYTHONPATH} /usr/bin/python3 -W ignore:setup.py install is deprecated -W ignore:easy_install command is deprecated setup.py egg_info --egg-base ../build/learning_gazebo_harmonic build --build-base /home/zhuzeyu/guyueju/ros2_21_tutorials/build/learning_gazebo_harmonic/build install --record /home/zhuzeyu/guyueju/ros2_21_tutorials/build/learning_gazebo_harmonic/install.log --single-version-externally-managed install_data
