[0.863s] Invoking command in '/home/zhuzeyu/guyueju/ros2_21_tutorials/build/learning_node_cpp': CMAKE_PREFIX_PATH=${CMAKE_PREFIX_PATH}:/home/zhuzeyu/guyueju/ros2_21_tutorials/install/learning_urdf:/home/zhuzeyu/guyueju/ros2_21_tutorials/install/learning_topic:/home/zhuzeyu/guyueju/ros2_21_tutorials/install/learning_tf:/home/zhuzeyu/guyueju/ros2_21_tutorials/install/learning_service:/home/zhuzeyu/guyueju/ros2_21_tutorials/install/learning_qos:/home/zhuzeyu/guyueju/ros2_21_tutorials/install/learning_pkg_python:/home/zhuzeyu/guyueju/ros2_21_tutorials/install/learning_parameter:/home/zhuzeyu/guyueju/ros2_21_tutorials/install/learning_node:/home/zhuzeyu/guyueju/ros2_21_tutorials/install/learning_launch:/home/zhuzeyu/guyueju/ros2_21_tutorials/install/learning_action:/home/zhuzeyu/guyueju/ros2_21_tutorials/install/learning_gazebo_harmonic:/home/zhuzeyu/guyueju/ros2_21_tutorials/install/learning_gazebo:/home/zhuzeyu/guyueju/ros2_21_tutorials/install/learning_cv:/opt/ros/humble /usr/bin/cmake --build /home/zhuzeyu/guyueju/ros2_21_tutorials/build/learning_node_cpp -- -j16 -l16
[1.678s] [35m[1mConsolidate compiler generated dependencies of target node_helloworld_class[0m
[1.678s] [100%] Built target node_helloworld_class
[1.682s] Invoked command in '/home/zhuzeyu/guyueju/ros2_21_tutorials/build/learning_node_cpp' returned '0': CMAKE_PREFIX_PATH=${CMAKE_PREFIX_PATH}:/home/zhuzeyu/guyueju/ros2_21_tutorials/install/learning_urdf:/home/zhuzeyu/guyueju/ros2_21_tutorials/install/learning_topic:/home/zhuzeyu/guyueju/ros2_21_tutorials/install/learning_tf:/home/zhuzeyu/guyueju/ros2_21_tutorials/install/learning_service:/home/zhuzeyu/guyueju/ros2_21_tutorials/install/learning_qos:/home/zhuzeyu/guyueju/ros2_21_tutorials/install/learning_pkg_python:/home/zhuzeyu/guyueju/ros2_21_tutorials/install/learning_parameter:/home/zhuzeyu/guyueju/ros2_21_tutorials/install/learning_node:/home/zhuzeyu/guyueju/ros2_21_tutorials/install/learning_launch:/home/zhuzeyu/guyueju/ros2_21_tutorials/install/learning_action:/home/zhuzeyu/guyueju/ros2_21_tutorials/install/learning_gazebo_harmonic:/home/zhuzeyu/guyueju/ros2_21_tutorials/install/learning_gazebo:/home/zhuzeyu/guyueju/ros2_21_tutorials/install/learning_cv:/opt/ros/humble /usr/bin/cmake --build /home/zhuzeyu/guyueju/ros2_21_tutorials/build/learning_node_cpp -- -j16 -l16
[1.689s] Invoking command in '/home/zhuzeyu/guyueju/ros2_21_tutorials/build/learning_node_cpp': CMAKE_PREFIX_PATH=${CMAKE_PREFIX_PATH}:/home/zhuzeyu/guyueju/ros2_21_tutorials/install/learning_urdf:/home/zhuzeyu/guyueju/ros2_21_tutorials/install/learning_topic:/home/zhuzeyu/guyueju/ros2_21_tutorials/install/learning_tf:/home/zhuzeyu/guyueju/ros2_21_tutorials/install/learning_service:/home/zhuzeyu/guyueju/ros2_21_tutorials/install/learning_qos:/home/zhuzeyu/guyueju/ros2_21_tutorials/install/learning_pkg_python:/home/zhuzeyu/guyueju/ros2_21_tutorials/install/learning_parameter:/home/zhuzeyu/guyueju/ros2_21_tutorials/install/learning_node:/home/zhuzeyu/guyueju/ros2_21_tutorials/install/learning_launch:/home/zhuzeyu/guyueju/ros2_21_tutorials/install/learning_action:/home/zhuzeyu/guyueju/ros2_21_tutorials/install/learning_gazebo_harmonic:/home/zhuzeyu/guyueju/ros2_21_tutorials/install/learning_gazebo:/home/zhuzeyu/guyueju/ros2_21_tutorials/install/learning_cv:/opt/ros/humble /usr/bin/cmake --install /home/zhuzeyu/guyueju/ros2_21_tutorials/build/learning_node_cpp
[1.698s] -- Install configuration: ""
[1.699s] -- Up-to-date: /home/zhuzeyu/guyueju/ros2_21_tutorials/install/learning_node_cpp/lib/learning_node_cpp/node_helloworld_class
[1.699s] -- Up-to-date: /home/zhuzeyu/guyueju/ros2_21_tutorials/install/learning_node_cpp/share/ament_index/resource_index/package_run_dependencies/learning_node_cpp
[1.699s] -- Up-to-date: /home/zhuzeyu/guyueju/ros2_21_tutorials/install/learning_node_cpp/share/ament_index/resource_index/parent_prefix_path/learning_node_cpp
[1.699s] -- Up-to-date: /home/zhuzeyu/guyueju/ros2_21_tutorials/install/learning_node_cpp/share/learning_node_cpp/environment/ament_prefix_path.sh
[1.700s] -- Up-to-date: /home/zhuzeyu/guyueju/ros2_21_tutorials/install/learning_node_cpp/share/learning_node_cpp/environment/ament_prefix_path.dsv
[1.702s] -- Up-to-date: /home/zhuzeyu/guyueju/ros2_21_tutorials/install/learning_node_cpp/share/learning_node_cpp/environment/path.sh
[1.702s] -- Up-to-date: /home/zhuzeyu/guyueju/ros2_21_tutorials/install/learning_node_cpp/share/learning_node_cpp/environment/path.dsv
[1.702s] -- Up-to-date: /home/zhuzeyu/guyueju/ros2_21_tutorials/install/learning_node_cpp/share/learning_node_cpp/local_setup.bash
[1.703s] -- Up-to-date: /home/zhuzeyu/guyueju/ros2_21_tutorials/install/learning_node_cpp/share/learning_node_cpp/local_setup.sh
[1.703s] -- Up-to-date: /home/zhuzeyu/guyueju/ros2_21_tutorials/install/learning_node_cpp/share/learning_node_cpp/local_setup.zsh
[1.703s] -- Up-to-date: /home/zhuzeyu/guyueju/ros2_21_tutorials/install/learning_node_cpp/share/learning_node_cpp/local_setup.dsv
[1.703s] -- Installing: /home/zhuzeyu/guyueju/ros2_21_tutorials/install/learning_node_cpp/share/learning_node_cpp/package.dsv
[1.703s] -- Up-to-date: /home/zhuzeyu/guyueju/ros2_21_tutorials/install/learning_node_cpp/share/ament_index/resource_index/packages/learning_node_cpp
[1.703s] -- Up-to-date: /home/zhuzeyu/guyueju/ros2_21_tutorials/install/learning_node_cpp/share/learning_node_cpp/cmake/learning_node_cppConfig.cmake
[1.703s] -- Up-to-date: /home/zhuzeyu/guyueju/ros2_21_tutorials/install/learning_node_cpp/share/learning_node_cpp/cmake/learning_node_cppConfig-version.cmake
[1.704s] -- Up-to-date: /home/zhuzeyu/guyueju/ros2_21_tutorials/install/learning_node_cpp/share/learning_node_cpp/package.xml
[1.781s] Invoked command in '/home/zhuzeyu/guyueju/ros2_21_tutorials/build/learning_node_cpp' returned '0': CMAKE_PREFIX_PATH=${CMAKE_PREFIX_PATH}:/home/zhuzeyu/guyueju/ros2_21_tutorials/install/learning_urdf:/home/zhuzeyu/guyueju/ros2_21_tutorials/install/learning_topic:/home/zhuzeyu/guyueju/ros2_21_tutorials/install/learning_tf:/home/zhuzeyu/guyueju/ros2_21_tutorials/install/learning_service:/home/zhuzeyu/guyueju/ros2_21_tutorials/install/learning_qos:/home/zhuzeyu/guyueju/ros2_21_tutorials/install/learning_pkg_python:/home/zhuzeyu/guyueju/ros2_21_tutorials/install/learning_parameter:/home/zhuzeyu/guyueju/ros2_21_tutorials/install/learning_node:/home/zhuzeyu/guyueju/ros2_21_tutorials/install/learning_launch:/home/zhuzeyu/guyueju/ros2_21_tutorials/install/learning_action:/home/zhuzeyu/guyueju/ros2_21_tutorials/install/learning_gazebo_harmonic:/home/zhuzeyu/guyueju/ros2_21_tutorials/install/learning_gazebo:/home/zhuzeyu/guyueju/ros2_21_tutorials/install/learning_cv:/opt/ros/humble /usr/bin/cmake --install /home/zhuzeyu/guyueju/ros2_21_tutorials/build/learning_node_cpp
