[0.954s] Invoking command in '/home/zhuzeyu/guyueju/ros2_21_tutorials/learning_service': AMENT_PREFIX_PATH=/home/zhuzeyu/guyueju/ros2_21_tutorials/install/learning_interface:${AMENT_PREFIX_PATH} CMAKE_PREFIX_PATH=/home/zhuzeyu/guyueju/ros2_21_tutorials/install/learning_interface LD_LIBRARY_PATH=/home/zhuzeyu/guyueju/ros2_21_tutorials/install/learning_interface/lib:${LD_LIBRARY_PATH} PYTHONPATH=/home/zhuzeyu/guyueju/ros2_21_tutorials/build/learning_service/prefix_override:/usr/lib/python3/dist-packages/colcon_core/task/python/colcon_distutils_commands:/home/zhuzeyu/guyueju/ros2_21_tutorials/install/learning_service/lib/python3.10/site-packages:/home/zhuzeyu/guyueju/ros2_21_tutorials/install/learning_interface/local/lib/python3.10/dist-packages:${PYTHONPATH} /usr/bin/python3 -W ignore:setup.py install is deprecated -W ignore:easy_install command is deprecated setup.py egg_info --egg-base ../build/learning_service build --build-base /home/zhuzeyu/guyueju/ros2_21_tutorials/build/learning_service/build install --record /home/zhuzeyu/guyueju/ros2_21_tutorials/build/learning_service/install.log --single-version-externally-managed install_data
[1.096s] running egg_info
[1.096s] writing ../build/learning_service/learning_service.egg-info/PKG-INFO
[1.096s] writing dependency_links to ../build/learning_service/learning_service.egg-info/dependency_links.txt
[1.096s] writing entry points to ../build/learning_service/learning_service.egg-info/entry_points.txt
[1.096s] writing requirements to ../build/learning_service/learning_service.egg-info/requires.txt
[1.096s] writing top-level names to ../build/learning_service/learning_service.egg-info/top_level.txt
[1.098s] reading manifest file '../build/learning_service/learning_service.egg-info/SOURCES.txt'
[1.098s] writing manifest file '../build/learning_service/learning_service.egg-info/SOURCES.txt'
[1.098s] running build
[1.098s] running build_py
[1.098s] running install
[1.099s] running install_lib
[1.099s] running install_data
[1.099s] running install_egg_info
[1.101s] removing '/home/zhuzeyu/guyueju/ros2_21_tutorials/install/learning_service/lib/python3.10/site-packages/learning_service-0.0.0-py3.10.egg-info' (and everything under it)
[1.101s] Copying ../build/learning_service/learning_service.egg-info to /home/zhuzeyu/guyueju/ros2_21_tutorials/install/learning_service/lib/python3.10/site-packages/learning_service-0.0.0-py3.10.egg-info
[1.101s] running install_scripts
[1.115s] Installing service_adder_client script to /home/zhuzeyu/guyueju/ros2_21_tutorials/install/learning_service/lib/learning_service
[1.116s] Installing service_adder_server script to /home/zhuzeyu/guyueju/ros2_21_tutorials/install/learning_service/lib/learning_service
[1.116s] Installing service_object_client script to /home/zhuzeyu/guyueju/ros2_21_tutorials/install/learning_service/lib/learning_service
[1.116s] Installing service_object_server script to /home/zhuzeyu/guyueju/ros2_21_tutorials/install/learning_service/lib/learning_service
[1.116s] writing list of installed files to '/home/zhuzeyu/guyueju/ros2_21_tutorials/build/learning_service/install.log'
[1.131s] Invoked command in '/home/zhuzeyu/guyueju/ros2_21_tutorials/learning_service' returned '0': AMENT_PREFIX_PATH=/home/zhuzeyu/guyueju/ros2_21_tutorials/install/learning_interface:${AMENT_PREFIX_PATH} CMAKE_PREFIX_PATH=/home/zhuzeyu/guyueju/ros2_21_tutorials/install/learning_interface LD_LIBRARY_PATH=/home/zhuzeyu/guyueju/ros2_21_tutorials/install/learning_interface/lib:${LD_LIBRARY_PATH} PYTHONPATH=/home/zhuzeyu/guyueju/ros2_21_tutorials/build/learning_service/prefix_override:/usr/lib/python3/dist-packages/colcon_core/task/python/colcon_distutils_commands:/home/zhuzeyu/guyueju/ros2_21_tutorials/install/learning_service/lib/python3.10/site-packages:/home/zhuzeyu/guyueju/ros2_21_tutorials/install/learning_interface/local/lib/python3.10/dist-packages:${PYTHONPATH} /usr/bin/python3 -W ignore:setup.py install is deprecated -W ignore:easy_install command is deprecated setup.py egg_info --egg-base ../build/learning_service build --build-base /home/zhuzeyu/guyueju/ros2_21_tutorials/build/learning_service/build install --record /home/zhuzeyu/guyueju/ros2_21_tutorials/build/learning_service/install.log --single-version-externally-managed install_data
