[0.058s] Invoking command in '/home/zhuzeyu/guyueju/ros2_21_tutorials/build/learning_interface': CMAKE_PREFIX_PATH=${CMAKE_PREFIX_PATH}:/home/zhuzeyu/guyueju/ros2_21_tutorials/install/learning_urdf:/home/zhuzeyu/guyueju/ros2_21_tutorials/install/learning_topic:/home/zhuzeyu/guyueju/ros2_21_tutorials/install/learning_tf:/home/zhuzeyu/guyueju/ros2_21_tutorials/install/learning_service:/home/zhuzeyu/guyueju/ros2_21_tutorials/install/learning_qos:/home/zhuzeyu/guyueju/ros2_21_tutorials/install/learning_pkg_python:/home/zhuzeyu/guyueju/ros2_21_tutorials/install/learning_parameter:/home/zhuzeyu/guyueju/ros2_21_tutorials/install/learning_node:/home/zhuzeyu/guyueju/ros2_21_tutorials/install/learning_launch:/home/zhuzeyu/guyueju/ros2_21_tutorials/install/learning_action:/home/zhuzeyu/guyueju/ros2_21_tutorials/install/learning_gazebo_harmonic:/home/zhuzeyu/guyueju/ros2_21_tutorials/install/learning_gazebo:/home/zhuzeyu/guyueju/ros2_21_tutorials/install/learning_cv:/opt/ros/humble /usr/bin/cmake --build /home/zhuzeyu/guyueju/ros2_21_tutorials/build/learning_interface -- -j16 -l16
[1.779s] [  1%] Built target learning_interface__rs
[1.779s] [  3%] Built target learning_interface__cpp
[1.779s] [ 14%] Built target learning_interface__rosidl_generator_c
[1.779s] [ 14%] Built target ament_cmake_python_copy_learning_interface
[1.779s] [ 25%] Built target learning_interface__rosidl_typesupport_fastrtps_cpp
[1.779s] [ 35%] Built target learning_interface__rosidl_typesupport_cpp
[1.779s] [ 46%] Built target learning_interface__rosidl_typesupport_c
[1.779s] [ 57%] Built target learning_interface__rosidl_typesupport_fastrtps_c
[1.779s] [ 67%] Built target learning_interface__rosidl_typesupport_introspection_c
[1.779s] [ 78%] Built target learning_interface__rosidl_typesupport_introspection_cpp
[1.779s] [ 78%] Built target learning_interface
[1.779s] [ 80%] Built target learning_interface__py
[1.779s] [ 89%] Built target learning_interface__rosidl_generator_py
[1.779s] [ 92%] Built target learning_interface__rosidl_typesupport_introspection_c__pyext
[1.780s] [ 98%] Built target learning_interface__rosidl_typesupport_c__pyext
[1.780s] [100%] Built target learning_interface__rosidl_typesupport_fastrtps_c__pyext
[1.780s] running egg_info
[1.780s] writing learning_interface.egg-info/PKG-INFO
[1.780s] writing dependency_links to learning_interface.egg-info/dependency_links.txt
[1.780s] writing top-level names to learning_interface.egg-info/top_level.txt
[1.780s] reading manifest file 'learning_interface.egg-info/SOURCES.txt'
[1.780s] writing manifest file 'learning_interface.egg-info/SOURCES.txt'
[1.780s] [100%] Built target ament_cmake_python_build_learning_interface_egg
[1.785s] Invoked command in '/home/zhuzeyu/guyueju/ros2_21_tutorials/build/learning_interface' returned '0': CMAKE_PREFIX_PATH=${CMAKE_PREFIX_PATH}:/home/zhuzeyu/guyueju/ros2_21_tutorials/install/learning_urdf:/home/zhuzeyu/guyueju/ros2_21_tutorials/install/learning_topic:/home/zhuzeyu/guyueju/ros2_21_tutorials/install/learning_tf:/home/zhuzeyu/guyueju/ros2_21_tutorials/install/learning_service:/home/zhuzeyu/guyueju/ros2_21_tutorials/install/learning_qos:/home/zhuzeyu/guyueju/ros2_21_tutorials/install/learning_pkg_python:/home/zhuzeyu/guyueju/ros2_21_tutorials/install/learning_parameter:/home/zhuzeyu/guyueju/ros2_21_tutorials/install/learning_node:/home/zhuzeyu/guyueju/ros2_21_tutorials/install/learning_launch:/home/zhuzeyu/guyueju/ros2_21_tutorials/install/learning_action:/home/zhuzeyu/guyueju/ros2_21_tutorials/install/learning_gazebo_harmonic:/home/zhuzeyu/guyueju/ros2_21_tutorials/install/learning_gazebo:/home/zhuzeyu/guyueju/ros2_21_tutorials/install/learning_cv:/opt/ros/humble /usr/bin/cmake --build /home/zhuzeyu/guyueju/ros2_21_tutorials/build/learning_interface -- -j16 -l16
[1.796s] Invoking command in '/home/zhuzeyu/guyueju/ros2_21_tutorials/build/learning_interface': CMAKE_PREFIX_PATH=${CMAKE_PREFIX_PATH}:/home/zhuzeyu/guyueju/ros2_21_tutorials/install/learning_urdf:/home/zhuzeyu/guyueju/ros2_21_tutorials/install/learning_topic:/home/zhuzeyu/guyueju/ros2_21_tutorials/install/learning_tf:/home/zhuzeyu/guyueju/ros2_21_tutorials/install/learning_service:/home/zhuzeyu/guyueju/ros2_21_tutorials/install/learning_qos:/home/zhuzeyu/guyueju/ros2_21_tutorials/install/learning_pkg_python:/home/zhuzeyu/guyueju/ros2_21_tutorials/install/learning_parameter:/home/zhuzeyu/guyueju/ros2_21_tutorials/install/learning_node:/home/zhuzeyu/guyueju/ros2_21_tutorials/install/learning_launch:/home/zhuzeyu/guyueju/ros2_21_tutorials/install/learning_action:/home/zhuzeyu/guyueju/ros2_21_tutorials/install/learning_gazebo_harmonic:/home/zhuzeyu/guyueju/ros2_21_tutorials/install/learning_gazebo:/home/zhuzeyu/guyueju/ros2_21_tutorials/install/learning_cv:/opt/ros/humble /usr/bin/cmake --install /home/zhuzeyu/guyueju/ros2_21_tutorials/build/learning_interface
[1.815s] -- Install configuration: ""
[1.815s] -- Up-to-date: /home/zhuzeyu/guyueju/ros2_21_tutorials/install/learning_interface/share/ament_index/resource_index/rosidl_interfaces/learning_interface
[1.815s] -- Up-to-date: /home/zhuzeyu/guyueju/ros2_21_tutorials/install/learning_interface/include/learning_interface/learning_interface
[1.816s] -- Up-to-date: /home/zhuzeyu/guyueju/ros2_21_tutorials/install/learning_interface/include/learning_interface/learning_interface/msg
[1.816s] -- Up-to-date: /home/zhuzeyu/guyueju/ros2_21_tutorials/install/learning_interface/include/learning_interface/learning_interface/msg/object_position.h
[1.816s] -- Up-to-date: /home/zhuzeyu/guyueju/ros2_21_tutorials/install/learning_interface/include/learning_interface/learning_interface/msg/rosidl_generator_c__visibility_control.h
[1.816s] -- Up-to-date: /home/zhuzeyu/guyueju/ros2_21_tutorials/install/learning_interface/include/learning_interface/learning_interface/msg/detail
[1.816s] -- Up-to-date: /home/zhuzeyu/guyueju/ros2_21_tutorials/install/learning_interface/include/learning_interface/learning_interface/msg/detail/object_position__type_support.h
[1.817s] -- Up-to-date: /home/zhuzeyu/guyueju/ros2_21_tutorials/install/learning_interface/include/learning_interface/learning_interface/msg/detail/object_position__functions.h
[1.817s] -- Up-to-date: /home/zhuzeyu/guyueju/ros2_21_tutorials/install/learning_interface/include/learning_interface/learning_interface/msg/detail/object_position__functions.c
[1.818s] -- Up-to-date: /home/zhuzeyu/guyueju/ros2_21_tutorials/install/learning_interface/include/learning_interface/learning_interface/msg/detail/object_position__struct.h
[1.818s] -- Up-to-date: /home/zhuzeyu/guyueju/ros2_21_tutorials/install/learning_interface/include/learning_interface/learning_interface/action
[1.818s] -- Up-to-date: /home/zhuzeyu/guyueju/ros2_21_tutorials/install/learning_interface/include/learning_interface/learning_interface/action/move_circle.h
[1.818s] -- Up-to-date: /home/zhuzeyu/guyueju/ros2_21_tutorials/install/learning_interface/include/learning_interface/learning_interface/action/detail
[1.818s] -- Up-to-date: /home/zhuzeyu/guyueju/ros2_21_tutorials/install/learning_interface/include/learning_interface/learning_interface/action/detail/move_circle__type_support.h
[1.818s] -- Up-to-date: /home/zhuzeyu/guyueju/ros2_21_tutorials/install/learning_interface/include/learning_interface/learning_interface/action/detail/move_circle__struct.h
[1.818s] -- Up-to-date: /home/zhuzeyu/guyueju/ros2_21_tutorials/install/learning_interface/include/learning_interface/learning_interface/action/detail/move_circle__functions.c
[1.819s] -- Up-to-date: /home/zhuzeyu/guyueju/ros2_21_tutorials/install/learning_interface/include/learning_interface/learning_interface/action/detail/move_circle__functions.h
[1.819s] -- Up-to-date: /home/zhuzeyu/guyueju/ros2_21_tutorials/install/learning_interface/include/learning_interface/learning_interface/srv
[1.819s] -- Up-to-date: /home/zhuzeyu/guyueju/ros2_21_tutorials/install/learning_interface/include/learning_interface/learning_interface/srv/get_object_position.h
[1.819s] -- Up-to-date: /home/zhuzeyu/guyueju/ros2_21_tutorials/install/learning_interface/include/learning_interface/learning_interface/srv/add_two_ints.h
[1.819s] -- Up-to-date: /home/zhuzeyu/guyueju/ros2_21_tutorials/install/learning_interface/include/learning_interface/learning_interface/srv/detail
[1.819s] -- Up-to-date: /home/zhuzeyu/guyueju/ros2_21_tutorials/install/learning_interface/include/learning_interface/learning_interface/srv/detail/get_object_position__struct.h
[1.819s] -- Up-to-date: /home/zhuzeyu/guyueju/ros2_21_tutorials/install/learning_interface/include/learning_interface/learning_interface/srv/detail/get_object_position__functions.h
[1.819s] -- Up-to-date: /home/zhuzeyu/guyueju/ros2_21_tutorials/install/learning_interface/include/learning_interface/learning_interface/srv/detail/add_two_ints__functions.c
[1.820s] -- Up-to-date: /home/zhuzeyu/guyueju/ros2_21_tutorials/install/learning_interface/include/learning_interface/learning_interface/srv/detail/get_object_position__type_support.h
[1.821s] -- Up-to-date: /home/zhuzeyu/guyueju/ros2_21_tutorials/install/learning_interface/include/learning_interface/learning_interface/srv/detail/add_two_ints__functions.h
[1.821s] -- Up-to-date: /home/zhuzeyu/guyueju/ros2_21_tutorials/install/learning_interface/include/learning_interface/learning_interface/srv/detail/add_two_ints__struct.h
[1.821s] -- Up-to-date: /home/zhuzeyu/guyueju/ros2_21_tutorials/install/learning_interface/include/learning_interface/learning_interface/srv/detail/add_two_ints__type_support.h
[1.821s] -- Up-to-date: /home/zhuzeyu/guyueju/ros2_21_tutorials/install/learning_interface/include/learning_interface/learning_interface/srv/detail/get_object_position__functions.c
[1.821s] -- Up-to-date: /home/zhuzeyu/guyueju/ros2_21_tutorials/install/learning_interface/share/learning_interface/environment/library_path.sh
[1.821s] -- Up-to-date: /home/zhuzeyu/guyueju/ros2_21_tutorials/install/learning_interface/share/learning_interface/environment/library_path.dsv
[1.821s] -- Up-to-date: /home/zhuzeyu/guyueju/ros2_21_tutorials/install/learning_interface/lib/liblearning_interface__rosidl_generator_c.so
[1.821s] -- Up-to-date: /home/zhuzeyu/guyueju/ros2_21_tutorials/install/learning_interface/include/learning_interface/learning_interface
[1.822s] -- Up-to-date: /home/zhuzeyu/guyueju/ros2_21_tutorials/install/learning_interface/include/learning_interface/learning_interface/msg
[1.822s] -- Up-to-date: /home/zhuzeyu/guyueju/ros2_21_tutorials/install/learning_interface/include/learning_interface/learning_interface/msg/rosidl_typesupport_fastrtps_c__visibility_control.h
[1.822s] -- Up-to-date: /home/zhuzeyu/guyueju/ros2_21_tutorials/install/learning_interface/include/learning_interface/learning_interface/msg/detail
[1.822s] -- Up-to-date: /home/zhuzeyu/guyueju/ros2_21_tutorials/install/learning_interface/include/learning_interface/learning_interface/msg/detail/object_position__rosidl_typesupport_fastrtps_c.h
[1.822s] -- Up-to-date: /home/zhuzeyu/guyueju/ros2_21_tutorials/install/learning_interface/include/learning_interface/learning_interface/action
[1.822s] -- Up-to-date: /home/zhuzeyu/guyueju/ros2_21_tutorials/install/learning_interface/include/learning_interface/learning_interface/action/detail
[1.822s] -- Up-to-date: /home/zhuzeyu/guyueju/ros2_21_tutorials/install/learning_interface/include/learning_interface/learning_interface/action/detail/move_circle__rosidl_typesupport_fastrtps_c.h
[1.822s] -- Up-to-date: /home/zhuzeyu/guyueju/ros2_21_tutorials/install/learning_interface/include/learning_interface/learning_interface/srv
[1.823s] -- Up-to-date: /home/zhuzeyu/guyueju/ros2_21_tutorials/install/learning_interface/include/learning_interface/learning_interface/srv/detail
[1.823s] -- Up-to-date: /home/zhuzeyu/guyueju/ros2_21_tutorials/install/learning_interface/include/learning_interface/learning_interface/srv/detail/add_two_ints__rosidl_typesupport_fastrtps_c.h
[1.823s] -- Up-to-date: /home/zhuzeyu/guyueju/ros2_21_tutorials/install/learning_interface/include/learning_interface/learning_interface/srv/detail/get_object_position__rosidl_typesupport_fastrtps_c.h
[1.823s] -- Up-to-date: /home/zhuzeyu/guyueju/ros2_21_tutorials/install/learning_interface/lib/liblearning_interface__rosidl_typesupport_fastrtps_c.so
[1.824s] -- Up-to-date: /home/zhuzeyu/guyueju/ros2_21_tutorials/install/learning_interface/include/learning_interface/learning_interface
[1.825s] -- Up-to-date: /home/zhuzeyu/guyueju/ros2_21_tutorials/install/learning_interface/include/learning_interface/learning_interface/msg
[1.825s] -- Up-to-date: /home/zhuzeyu/guyueju/ros2_21_tutorials/install/learning_interface/include/learning_interface/learning_interface/msg/rosidl_typesupport_introspection_c__visibility_control.h
[1.825s] -- Up-to-date: /home/zhuzeyu/guyueju/ros2_21_tutorials/install/learning_interface/include/learning_interface/learning_interface/msg/detail
[1.825s] -- Up-to-date: /home/zhuzeyu/guyueju/ros2_21_tutorials/install/learning_interface/include/learning_interface/learning_interface/msg/detail/object_position__type_support.c
[1.825s] -- Up-to-date: /home/zhuzeyu/guyueju/ros2_21_tutorials/install/learning_interface/include/learning_interface/learning_interface/msg/detail/object_position__rosidl_typesupport_introspection_c.h
[1.825s] -- Up-to-date: /home/zhuzeyu/guyueju/ros2_21_tutorials/install/learning_interface/include/learning_interface/learning_interface/action
[1.825s] -- Up-to-date: /home/zhuzeyu/guyueju/ros2_21_tutorials/install/learning_interface/include/learning_interface/learning_interface/action/detail
[1.825s] -- Up-to-date: /home/zhuzeyu/guyueju/ros2_21_tutorials/install/learning_interface/include/learning_interface/learning_interface/action/detail/move_circle__rosidl_typesupport_introspection_c.h
[1.826s] -- Up-to-date: /home/zhuzeyu/guyueju/ros2_21_tutorials/install/learning_interface/include/learning_interface/learning_interface/action/detail/move_circle__type_support.c
[1.826s] -- Up-to-date: /home/zhuzeyu/guyueju/ros2_21_tutorials/install/learning_interface/include/learning_interface/learning_interface/srv
[1.826s] -- Up-to-date: /home/zhuzeyu/guyueju/ros2_21_tutorials/install/learning_interface/include/learning_interface/learning_interface/srv/detail
[1.826s] -- Up-to-date: /home/zhuzeyu/guyueju/ros2_21_tutorials/install/learning_interface/include/learning_interface/learning_interface/srv/detail/add_two_ints__type_support.c
[1.826s] -- Up-to-date: /home/zhuzeyu/guyueju/ros2_21_tutorials/install/learning_interface/include/learning_interface/learning_interface/srv/detail/get_object_position__rosidl_typesupport_introspection_c.h
[1.826s] -- Up-to-date: /home/zhuzeyu/guyueju/ros2_21_tutorials/install/learning_interface/include/learning_interface/learning_interface/srv/detail/get_object_position__type_support.c
[1.826s] -- Up-to-date: /home/zhuzeyu/guyueju/ros2_21_tutorials/install/learning_interface/include/learning_interface/learning_interface/srv/detail/add_two_ints__rosidl_typesupport_introspection_c.h
[1.826s] -- Up-to-date: /home/zhuzeyu/guyueju/ros2_21_tutorials/install/learning_interface/lib/liblearning_interface__rosidl_typesupport_introspection_c.so
[1.828s] -- Up-to-date: /home/zhuzeyu/guyueju/ros2_21_tutorials/install/learning_interface/lib/liblearning_interface__rosidl_typesupport_c.so
[1.828s] -- Up-to-date: /home/zhuzeyu/guyueju/ros2_21_tutorials/install/learning_interface/include/learning_interface/learning_interface
[1.828s] -- Up-to-date: /home/zhuzeyu/guyueju/ros2_21_tutorials/install/learning_interface/include/learning_interface/learning_interface/msg
[1.828s] -- Up-to-date: /home/zhuzeyu/guyueju/ros2_21_tutorials/install/learning_interface/include/learning_interface/learning_interface/msg/object_position.hpp
[1.828s] -- Up-to-date: /home/zhuzeyu/guyueju/ros2_21_tutorials/install/learning_interface/include/learning_interface/learning_interface/msg/rosidl_generator_cpp__visibility_control.hpp
[1.828s] -- Up-to-date: /home/zhuzeyu/guyueju/ros2_21_tutorials/install/learning_interface/include/learning_interface/learning_interface/msg/detail
[1.828s] -- Up-to-date: /home/zhuzeyu/guyueju/ros2_21_tutorials/install/learning_interface/include/learning_interface/learning_interface/msg/detail/object_position__traits.hpp
[1.829s] -- Up-to-date: /home/zhuzeyu/guyueju/ros2_21_tutorials/install/learning_interface/include/learning_interface/learning_interface/msg/detail/object_position__builder.hpp
[1.829s] -- Up-to-date: /home/zhuzeyu/guyueju/ros2_21_tutorials/install/learning_interface/include/learning_interface/learning_interface/msg/detail/object_position__type_support.hpp
[1.829s] -- Up-to-date: /home/zhuzeyu/guyueju/ros2_21_tutorials/install/learning_interface/include/learning_interface/learning_interface/msg/detail/object_position__struct.hpp
[1.829s] -- Up-to-date: /home/zhuzeyu/guyueju/ros2_21_tutorials/install/learning_interface/include/learning_interface/learning_interface/action
[1.829s] -- Up-to-date: /home/zhuzeyu/guyueju/ros2_21_tutorials/install/learning_interface/include/learning_interface/learning_interface/action/move_circle.hpp
[1.829s] -- Up-to-date: /home/zhuzeyu/guyueju/ros2_21_tutorials/install/learning_interface/include/learning_interface/learning_interface/action/detail
[1.829s] -- Up-to-date: /home/zhuzeyu/guyueju/ros2_21_tutorials/install/learning_interface/include/learning_interface/learning_interface/action/detail/move_circle__builder.hpp
[1.829s] -- Up-to-date: /home/zhuzeyu/guyueju/ros2_21_tutorials/install/learning_interface/include/learning_interface/learning_interface/action/detail/move_circle__type_support.hpp
[1.829s] -- Up-to-date: /home/zhuzeyu/guyueju/ros2_21_tutorials/install/learning_interface/include/learning_interface/learning_interface/action/detail/move_circle__struct.hpp
[1.830s] -- Up-to-date: /home/zhuzeyu/guyueju/ros2_21_tutorials/install/learning_interface/include/learning_interface/learning_interface/action/detail/move_circle__traits.hpp
[1.830s] -- Up-to-date: /home/zhuzeyu/guyueju/ros2_21_tutorials/install/learning_interface/include/learning_interface/learning_interface/srv
[1.830s] -- Up-to-date: /home/zhuzeyu/guyueju/ros2_21_tutorials/install/learning_interface/include/learning_interface/learning_interface/srv/get_object_position.hpp
[1.830s] -- Up-to-date: /home/zhuzeyu/guyueju/ros2_21_tutorials/install/learning_interface/include/learning_interface/learning_interface/srv/detail
[1.830s] -- Up-to-date: /home/zhuzeyu/guyueju/ros2_21_tutorials/install/learning_interface/include/learning_interface/learning_interface/srv/detail/add_two_ints__traits.hpp
[1.830s] -- Up-to-date: /home/zhuzeyu/guyueju/ros2_21_tutorials/install/learning_interface/include/learning_interface/learning_interface/srv/detail/get_object_position__struct.hpp
[1.830s] -- Up-to-date: /home/zhuzeyu/guyueju/ros2_21_tutorials/install/learning_interface/include/learning_interface/learning_interface/srv/detail/add_two_ints__builder.hpp
[1.830s] -- Up-to-date: /home/zhuzeyu/guyueju/ros2_21_tutorials/install/learning_interface/include/learning_interface/learning_interface/srv/detail/add_two_ints__struct.hpp
[1.830s] -- Up-to-date: /home/zhuzeyu/guyueju/ros2_21_tutorials/install/learning_interface/include/learning_interface/learning_interface/srv/detail/add_two_ints__type_support.hpp
[1.830s] -- Up-to-date: /home/zhuzeyu/guyueju/ros2_21_tutorials/install/learning_interface/include/learning_interface/learning_interface/srv/detail/get_object_position__traits.hpp
[1.831s] -- Up-to-date: /home/zhuzeyu/guyueju/ros2_21_tutorials/install/learning_interface/include/learning_interface/learning_interface/srv/detail/get_object_position__type_support.hpp
[1.832s] -- Up-to-date: /home/zhuzeyu/guyueju/ros2_21_tutorials/install/learning_interface/include/learning_interface/learning_interface/srv/detail/get_object_position__builder.hpp
[1.832s] -- Up-to-date: /home/zhuzeyu/guyueju/ros2_21_tutorials/install/learning_interface/include/learning_interface/learning_interface/srv/add_two_ints.hpp
[1.833s] -- Up-to-date: /home/zhuzeyu/guyueju/ros2_21_tutorials/install/learning_interface/include/learning_interface/learning_interface
[1.833s] -- Up-to-date: /home/zhuzeyu/guyueju/ros2_21_tutorials/install/learning_interface/include/learning_interface/learning_interface/msg
[1.833s] -- Up-to-date: /home/zhuzeyu/guyueju/ros2_21_tutorials/install/learning_interface/include/learning_interface/learning_interface/msg/rosidl_typesupport_fastrtps_cpp__visibility_control.h
[1.833s] -- Up-to-date: /home/zhuzeyu/guyueju/ros2_21_tutorials/install/learning_interface/include/learning_interface/learning_interface/msg/detail
[1.835s] -- Up-to-date: /home/zhuzeyu/guyueju/ros2_21_tutorials/install/learning_interface/include/learning_interface/learning_interface/msg/detail/dds_fastrtps
[1.836s] -- Up-to-date: /home/zhuzeyu/guyueju/ros2_21_tutorials/install/learning_interface/include/learning_interface/learning_interface/msg/detail/object_position__rosidl_typesupport_fastrtps_cpp.hpp
[1.837s] -- Up-to-date: /home/zhuzeyu/guyueju/ros2_21_tutorials/install/learning_interface/include/learning_interface/learning_interface/action
[1.838s] -- Up-to-date: /home/zhuzeyu/guyueju/ros2_21_tutorials/install/learning_interface/include/learning_interface/learning_interface/action/detail
[1.839s] -- Up-to-date: /home/zhuzeyu/guyueju/ros2_21_tutorials/install/learning_interface/include/learning_interface/learning_interface/action/detail/dds_fastrtps
[1.839s] -- Up-to-date: /home/zhuzeyu/guyueju/ros2_21_tutorials/install/learning_interface/include/learning_interface/learning_interface/action/detail/move_circle__rosidl_typesupport_fastrtps_cpp.hpp
[1.840s] -- Up-to-date: /home/zhuzeyu/guyueju/ros2_21_tutorials/install/learning_interface/include/learning_interface/learning_interface/srv
[1.840s] -- Up-to-date: /home/zhuzeyu/guyueju/ros2_21_tutorials/install/learning_interface/include/learning_interface/learning_interface/srv/detail
[1.840s] -- Up-to-date: /home/zhuzeyu/guyueju/ros2_21_tutorials/install/learning_interface/include/learning_interface/learning_interface/srv/detail/add_two_ints__rosidl_typesupport_fastrtps_cpp.hpp
[1.841s] -- Up-to-date: /home/zhuzeyu/guyueju/ros2_21_tutorials/install/learning_interface/include/learning_interface/learning_interface/srv/detail/get_object_position__rosidl_typesupport_fastrtps_cpp.hpp
[1.841s] -- Up-to-date: /home/zhuzeyu/guyueju/ros2_21_tutorials/install/learning_interface/include/learning_interface/learning_interface/srv/detail/dds_fastrtps
[1.841s] -- Up-to-date: /home/zhuzeyu/guyueju/ros2_21_tutorials/install/learning_interface/lib/liblearning_interface__rosidl_typesupport_fastrtps_cpp.so
[1.841s] -- Up-to-date: /home/zhuzeyu/guyueju/ros2_21_tutorials/install/learning_interface/include/learning_interface/learning_interface
[1.841s] -- Up-to-date: /home/zhuzeyu/guyueju/ros2_21_tutorials/install/learning_interface/include/learning_interface/learning_interface/msg
[1.841s] -- Up-to-date: /home/zhuzeyu/guyueju/ros2_21_tutorials/install/learning_interface/include/learning_interface/learning_interface/msg/detail
[1.842s] -- Up-to-date: /home/zhuzeyu/guyueju/ros2_21_tutorials/install/learning_interface/include/learning_interface/learning_interface/msg/detail/object_position__type_support.cpp
[1.842s] -- Up-to-date: /home/zhuzeyu/guyueju/ros2_21_tutorials/install/learning_interface/include/learning_interface/learning_interface/msg/detail/object_position__rosidl_typesupport_introspection_cpp.hpp
[1.842s] -- Up-to-date: /home/zhuzeyu/guyueju/ros2_21_tutorials/install/learning_interface/include/learning_interface/learning_interface/action
[1.842s] -- Up-to-date: /home/zhuzeyu/guyueju/ros2_21_tutorials/install/learning_interface/include/learning_interface/learning_interface/action/detail
[1.843s] -- Up-to-date: /home/zhuzeyu/guyueju/ros2_21_tutorials/install/learning_interface/include/learning_interface/learning_interface/action/detail/move_circle__rosidl_typesupport_introspection_cpp.hpp
[1.843s] -- Up-to-date: /home/zhuzeyu/guyueju/ros2_21_tutorials/install/learning_interface/include/learning_interface/learning_interface/action/detail/move_circle__type_support.cpp
[1.843s] -- Up-to-date: /home/zhuzeyu/guyueju/ros2_21_tutorials/install/learning_interface/include/learning_interface/learning_interface/srv
[1.843s] -- Up-to-date: /home/zhuzeyu/guyueju/ros2_21_tutorials/install/learning_interface/include/learning_interface/learning_interface/srv/detail
[1.843s] -- Up-to-date: /home/zhuzeyu/guyueju/ros2_21_tutorials/install/learning_interface/include/learning_interface/learning_interface/srv/detail/get_object_position__rosidl_typesupport_introspection_cpp.hpp
[1.843s] -- Up-to-date: /home/zhuzeyu/guyueju/ros2_21_tutorials/install/learning_interface/include/learning_interface/learning_interface/srv/detail/add_two_ints__type_support.cpp
[1.843s] -- Up-to-date: /home/zhuzeyu/guyueju/ros2_21_tutorials/install/learning_interface/include/learning_interface/learning_interface/srv/detail/get_object_position__type_support.cpp
[1.843s] -- Up-to-date: /home/zhuzeyu/guyueju/ros2_21_tutorials/install/learning_interface/include/learning_interface/learning_interface/srv/detail/add_two_ints__rosidl_typesupport_introspection_cpp.hpp
[1.843s] -- Up-to-date: /home/zhuzeyu/guyueju/ros2_21_tutorials/install/learning_interface/lib/liblearning_interface__rosidl_typesupport_introspection_cpp.so
[1.843s] -- Up-to-date: /home/zhuzeyu/guyueju/ros2_21_tutorials/install/learning_interface/lib/liblearning_interface__rosidl_typesupport_cpp.so
[1.843s] -- Up-to-date: /home/zhuzeyu/guyueju/ros2_21_tutorials/install/learning_interface/share/learning_interface/environment/pythonpath.sh
[1.843s] -- Up-to-date: /home/zhuzeyu/guyueju/ros2_21_tutorials/install/learning_interface/share/learning_interface/environment/pythonpath.dsv
[1.844s] -- Up-to-date: /home/zhuzeyu/guyueju/ros2_21_tutorials/install/learning_interface/local/lib/python3.10/dist-packages/learning_interface-0.0.0-py3.10.egg-info
[1.844s] -- Installing: /home/zhuzeyu/guyueju/ros2_21_tutorials/install/learning_interface/local/lib/python3.10/dist-packages/learning_interface-0.0.0-py3.10.egg-info/PKG-INFO
[1.844s] -- Installing: /home/zhuzeyu/guyueju/ros2_21_tutorials/install/learning_interface/local/lib/python3.10/dist-packages/learning_interface-0.0.0-py3.10.egg-info/SOURCES.txt
[1.844s] -- Installing: /home/zhuzeyu/guyueju/ros2_21_tutorials/install/learning_interface/local/lib/python3.10/dist-packages/learning_interface-0.0.0-py3.10.egg-info/top_level.txt
[1.844s] -- Installing: /home/zhuzeyu/guyueju/ros2_21_tutorials/install/learning_interface/local/lib/python3.10/dist-packages/learning_interface-0.0.0-py3.10.egg-info/dependency_links.txt
[1.844s] -- Up-to-date: /home/zhuzeyu/guyueju/ros2_21_tutorials/install/learning_interface/local/lib/python3.10/dist-packages/learning_interface
[1.844s] -- Up-to-date: /home/zhuzeyu/guyueju/ros2_21_tutorials/install/learning_interface/local/lib/python3.10/dist-packages/learning_interface/_learning_interface_s.ep.rosidl_typesupport_introspection_c.c
[1.849s] -- Up-to-date: /home/zhuzeyu/guyueju/ros2_21_tutorials/install/learning_interface/local/lib/python3.10/dist-packages/learning_interface/__init__.py
[1.850s] -- Up-to-date: /home/zhuzeyu/guyueju/ros2_21_tutorials/install/learning_interface/local/lib/python3.10/dist-packages/learning_interface/learning_interface_s__rosidl_typesupport_fastrtps_c.cpython-310-x86_64-linux-gnu.so
[1.850s] -- Up-to-date: /home/zhuzeyu/guyueju/ros2_21_tutorials/install/learning_interface/local/lib/python3.10/dist-packages/learning_interface/learning_interface_s__rosidl_typesupport_introspection_c.cpython-310-x86_64-linux-gnu.so
[1.850s] -- Up-to-date: /home/zhuzeyu/guyueju/ros2_21_tutorials/install/learning_interface/local/lib/python3.10/dist-packages/learning_interface/_learning_interface_s.ep.rosidl_typesupport_c.c
[1.850s] -- Up-to-date: /home/zhuzeyu/guyueju/ros2_21_tutorials/install/learning_interface/local/lib/python3.10/dist-packages/learning_interface/_learning_interface_s.ep.rosidl_typesupport_fastrtps_c.c
[1.850s] -- Up-to-date: /home/zhuzeyu/guyueju/ros2_21_tutorials/install/learning_interface/local/lib/python3.10/dist-packages/learning_interface/msg
[1.850s] -- Up-to-date: /home/zhuzeyu/guyueju/ros2_21_tutorials/install/learning_interface/local/lib/python3.10/dist-packages/learning_interface/msg/__init__.py
[1.850s] -- Up-to-date: /home/zhuzeyu/guyueju/ros2_21_tutorials/install/learning_interface/local/lib/python3.10/dist-packages/learning_interface/msg/_object_position_s.c
[1.850s] -- Up-to-date: /home/zhuzeyu/guyueju/ros2_21_tutorials/install/learning_interface/local/lib/python3.10/dist-packages/learning_interface/msg/_object_position.py
[1.851s] -- Up-to-date: /home/zhuzeyu/guyueju/ros2_21_tutorials/install/learning_interface/local/lib/python3.10/dist-packages/learning_interface/learning_interface_s__rosidl_typesupport_c.cpython-310-x86_64-linux-gnu.so
[1.851s] -- Up-to-date: /home/zhuzeyu/guyueju/ros2_21_tutorials/install/learning_interface/local/lib/python3.10/dist-packages/learning_interface/action
[1.851s] -- Up-to-date: /home/zhuzeyu/guyueju/ros2_21_tutorials/install/learning_interface/local/lib/python3.10/dist-packages/learning_interface/action/__init__.py
[1.851s] -- Up-to-date: /home/zhuzeyu/guyueju/ros2_21_tutorials/install/learning_interface/local/lib/python3.10/dist-packages/learning_interface/action/_move_circle_s.c
[1.851s] -- Up-to-date: /home/zhuzeyu/guyueju/ros2_21_tutorials/install/learning_interface/local/lib/python3.10/dist-packages/learning_interface/action/_move_circle.py
[1.851s] -- Up-to-date: /home/zhuzeyu/guyueju/ros2_21_tutorials/install/learning_interface/local/lib/python3.10/dist-packages/learning_interface/liblearning_interface__rosidl_generator_py.so
[1.852s] -- Up-to-date: /home/zhuzeyu/guyueju/ros2_21_tutorials/install/learning_interface/local/lib/python3.10/dist-packages/learning_interface/srv
[1.855s] -- Up-to-date: /home/zhuzeyu/guyueju/ros2_21_tutorials/install/learning_interface/local/lib/python3.10/dist-packages/learning_interface/srv/_add_two_ints_s.c
[1.855s] -- Up-to-date: /home/zhuzeyu/guyueju/ros2_21_tutorials/install/learning_interface/local/lib/python3.10/dist-packages/learning_interface/srv/_get_object_position.py
[1.855s] -- Up-to-date: /home/zhuzeyu/guyueju/ros2_21_tutorials/install/learning_interface/local/lib/python3.10/dist-packages/learning_interface/srv/__init__.py
[1.855s] -- Up-to-date: /home/zhuzeyu/guyueju/ros2_21_tutorials/install/learning_interface/local/lib/python3.10/dist-packages/learning_interface/srv/_add_two_ints.py
[1.855s] -- Up-to-date: /home/zhuzeyu/guyueju/ros2_21_tutorials/install/learning_interface/local/lib/python3.10/dist-packages/learning_interface/srv/_get_object_position_s.c
[1.866s] Listing '/home/zhuzeyu/guyueju/ros2_21_tutorials/install/learning_interface/local/lib/python3.10/dist-packages/learning_interface'...
[1.866s] Listing '/home/zhuzeyu/guyueju/ros2_21_tutorials/install/learning_interface/local/lib/python3.10/dist-packages/learning_interface/action'...
[1.866s] Listing '/home/zhuzeyu/guyueju/ros2_21_tutorials/install/learning_interface/local/lib/python3.10/dist-packages/learning_interface/msg'...
[1.866s] Listing '/home/zhuzeyu/guyueju/ros2_21_tutorials/install/learning_interface/local/lib/python3.10/dist-packages/learning_interface/srv'...
[1.873s] -- Up-to-date: /home/zhuzeyu/guyueju/ros2_21_tutorials/install/learning_interface/local/lib/python3.10/dist-packages/learning_interface/learning_interface_s__rosidl_typesupport_fastrtps_c.cpython-310-x86_64-linux-gnu.so
[1.873s] -- Up-to-date: /home/zhuzeyu/guyueju/ros2_21_tutorials/install/learning_interface/local/lib/python3.10/dist-packages/learning_interface/learning_interface_s__rosidl_typesupport_introspection_c.cpython-310-x86_64-linux-gnu.so
[1.873s] -- Up-to-date: /home/zhuzeyu/guyueju/ros2_21_tutorials/install/learning_interface/local/lib/python3.10/dist-packages/learning_interface/learning_interface_s__rosidl_typesupport_c.cpython-310-x86_64-linux-gnu.so
[1.873s] -- Up-to-date: /home/zhuzeyu/guyueju/ros2_21_tutorials/install/learning_interface/lib/liblearning_interface__rosidl_generator_py.so
[1.874s] -- Up-to-date: /home/zhuzeyu/guyueju/ros2_21_tutorials/install/learning_interface/share/ament_index/resource_index/rust_packages/learning_interface
[1.874s] -- Up-to-date: /home/zhuzeyu/guyueju/ros2_21_tutorials/install/learning_interface/share/learning_interface/rust
[1.874s] -- Up-to-date: /home/zhuzeyu/guyueju/ros2_21_tutorials/install/learning_interface/share/learning_interface/rust/build.rs
[1.874s] -- Up-to-date: /home/zhuzeyu/guyueju/ros2_21_tutorials/install/learning_interface/share/learning_interface/rust/src
[1.874s] -- Up-to-date: /home/zhuzeyu/guyueju/ros2_21_tutorials/install/learning_interface/share/learning_interface/rust/src/srv.rs
[1.874s] -- Up-to-date: /home/zhuzeyu/guyueju/ros2_21_tutorials/install/learning_interface/share/learning_interface/rust/src/msg.rs
[1.874s] -- Up-to-date: /home/zhuzeyu/guyueju/ros2_21_tutorials/install/learning_interface/share/learning_interface/rust/src/msg
[1.874s] -- Up-to-date: /home/zhuzeyu/guyueju/ros2_21_tutorials/install/learning_interface/share/learning_interface/rust/src/msg/rmw.rs
[1.874s] -- Up-to-date: /home/zhuzeyu/guyueju/ros2_21_tutorials/install/learning_interface/share/learning_interface/rust/src/lib.rs
[1.874s] -- Up-to-date: /home/zhuzeyu/guyueju/ros2_21_tutorials/install/learning_interface/share/learning_interface/rust/src/action
[1.874s] -- Up-to-date: /home/zhuzeyu/guyueju/ros2_21_tutorials/install/learning_interface/share/learning_interface/rust/src/action/rmw.rs
[1.875s] -- Up-to-date: /home/zhuzeyu/guyueju/ros2_21_tutorials/install/learning_interface/share/learning_interface/rust/src/srv
[1.875s] -- Up-to-date: /home/zhuzeyu/guyueju/ros2_21_tutorials/install/learning_interface/share/learning_interface/rust/src/srv/rmw.rs
[1.875s] -- Up-to-date: /home/zhuzeyu/guyueju/ros2_21_tutorials/install/learning_interface/share/learning_interface/rust/src/action.rs
[1.875s] -- Up-to-date: /home/zhuzeyu/guyueju/ros2_21_tutorials/install/learning_interface/share/learning_interface/rust/Cargo.toml
[1.875s] -- Up-to-date: /home/zhuzeyu/guyueju/ros2_21_tutorials/install/learning_interface/share/learning_interface/msg/ObjectPosition.idl
[1.875s] -- Up-to-date: /home/zhuzeyu/guyueju/ros2_21_tutorials/install/learning_interface/share/learning_interface/srv/AddTwoInts.idl
[1.875s] -- Up-to-date: /home/zhuzeyu/guyueju/ros2_21_tutorials/install/learning_interface/share/learning_interface/srv/GetObjectPosition.idl
[1.875s] -- Up-to-date: /home/zhuzeyu/guyueju/ros2_21_tutorials/install/learning_interface/share/learning_interface/action/MoveCircle.idl
[1.875s] -- Up-to-date: /home/zhuzeyu/guyueju/ros2_21_tutorials/install/learning_interface/share/learning_interface/msg/ObjectPosition.msg
[1.875s] -- Up-to-date: /home/zhuzeyu/guyueju/ros2_21_tutorials/install/learning_interface/share/learning_interface/srv/AddTwoInts.srv
[1.875s] -- Up-to-date: /home/zhuzeyu/guyueju/ros2_21_tutorials/install/learning_interface/share/learning_interface/srv/AddTwoInts_Request.msg
[1.875s] -- Up-to-date: /home/zhuzeyu/guyueju/ros2_21_tutorials/install/learning_interface/share/learning_interface/srv/AddTwoInts_Response.msg
[1.876s] -- Up-to-date: /home/zhuzeyu/guyueju/ros2_21_tutorials/install/learning_interface/share/learning_interface/srv/GetObjectPosition.srv
[1.876s] -- Up-to-date: /home/zhuzeyu/guyueju/ros2_21_tutorials/install/learning_interface/share/learning_interface/srv/GetObjectPosition_Request.msg
[1.876s] -- Up-to-date: /home/zhuzeyu/guyueju/ros2_21_tutorials/install/learning_interface/share/learning_interface/srv/GetObjectPosition_Response.msg
[1.876s] -- Up-to-date: /home/zhuzeyu/guyueju/ros2_21_tutorials/install/learning_interface/share/learning_interface/action/MoveCircle.action
[1.876s] -- Up-to-date: /home/zhuzeyu/guyueju/ros2_21_tutorials/install/learning_interface/share/ament_index/resource_index/package_run_dependencies/learning_interface
[1.876s] -- Up-to-date: /home/zhuzeyu/guyueju/ros2_21_tutorials/install/learning_interface/share/ament_index/resource_index/parent_prefix_path/learning_interface
[1.876s] -- Up-to-date: /home/zhuzeyu/guyueju/ros2_21_tutorials/install/learning_interface/share/learning_interface/environment/ament_prefix_path.sh
[1.876s] -- Up-to-date: /home/zhuzeyu/guyueju/ros2_21_tutorials/install/learning_interface/share/learning_interface/environment/ament_prefix_path.dsv
[1.879s] -- Up-to-date: /home/zhuzeyu/guyueju/ros2_21_tutorials/install/learning_interface/share/learning_interface/environment/path.sh
[1.879s] -- Up-to-date: /home/zhuzeyu/guyueju/ros2_21_tutorials/install/learning_interface/share/learning_interface/environment/path.dsv
[1.879s] -- Up-to-date: /home/zhuzeyu/guyueju/ros2_21_tutorials/install/learning_interface/share/learning_interface/local_setup.bash
[1.879s] -- Up-to-date: /home/zhuzeyu/guyueju/ros2_21_tutorials/install/learning_interface/share/learning_interface/local_setup.sh
[1.879s] -- Up-to-date: /home/zhuzeyu/guyueju/ros2_21_tutorials/install/learning_interface/share/learning_interface/local_setup.zsh
[1.879s] -- Up-to-date: /home/zhuzeyu/guyueju/ros2_21_tutorials/install/learning_interface/share/learning_interface/local_setup.dsv
[1.879s] -- Installing: /home/zhuzeyu/guyueju/ros2_21_tutorials/install/learning_interface/share/learning_interface/package.dsv
[1.879s] -- Up-to-date: /home/zhuzeyu/guyueju/ros2_21_tutorials/install/learning_interface/share/ament_index/resource_index/packages/learning_interface
[1.879s] -- Up-to-date: /home/zhuzeyu/guyueju/ros2_21_tutorials/install/learning_interface/share/learning_interface/cmake/export_learning_interface__rosidl_generator_cExport.cmake
[1.879s] -- Up-to-date: /home/zhuzeyu/guyueju/ros2_21_tutorials/install/learning_interface/share/learning_interface/cmake/export_learning_interface__rosidl_generator_cExport-noconfig.cmake
[1.879s] -- Up-to-date: /home/zhuzeyu/guyueju/ros2_21_tutorials/install/learning_interface/share/learning_interface/cmake/export_learning_interface__rosidl_typesupport_fastrtps_cExport.cmake
[1.879s] -- Up-to-date: /home/zhuzeyu/guyueju/ros2_21_tutorials/install/learning_interface/share/learning_interface/cmake/export_learning_interface__rosidl_typesupport_fastrtps_cExport-noconfig.cmake
[1.879s] -- Up-to-date: /home/zhuzeyu/guyueju/ros2_21_tutorials/install/learning_interface/share/learning_interface/cmake/learning_interface__rosidl_typesupport_introspection_cExport.cmake
[1.879s] -- Up-to-date: /home/zhuzeyu/guyueju/ros2_21_tutorials/install/learning_interface/share/learning_interface/cmake/learning_interface__rosidl_typesupport_introspection_cExport-noconfig.cmake
[1.880s] -- Up-to-date: /home/zhuzeyu/guyueju/ros2_21_tutorials/install/learning_interface/share/learning_interface/cmake/learning_interface__rosidl_typesupport_cExport.cmake
[1.880s] -- Up-to-date: /home/zhuzeyu/guyueju/ros2_21_tutorials/install/learning_interface/share/learning_interface/cmake/learning_interface__rosidl_typesupport_cExport-noconfig.cmake
[1.880s] -- Up-to-date: /home/zhuzeyu/guyueju/ros2_21_tutorials/install/learning_interface/share/learning_interface/cmake/export_learning_interface__rosidl_generator_cppExport.cmake
[1.880s] -- Up-to-date: /home/zhuzeyu/guyueju/ros2_21_tutorials/install/learning_interface/share/learning_interface/cmake/export_learning_interface__rosidl_typesupport_fastrtps_cppExport.cmake
[1.881s] -- Up-to-date: /home/zhuzeyu/guyueju/ros2_21_tutorials/install/learning_interface/share/learning_interface/cmake/export_learning_interface__rosidl_typesupport_fastrtps_cppExport-noconfig.cmake
[1.881s] -- Up-to-date: /home/zhuzeyu/guyueju/ros2_21_tutorials/install/learning_interface/share/learning_interface/cmake/learning_interface__rosidl_typesupport_introspection_cppExport.cmake
[1.881s] -- Up-to-date: /home/zhuzeyu/guyueju/ros2_21_tutorials/install/learning_interface/share/learning_interface/cmake/learning_interface__rosidl_typesupport_introspection_cppExport-noconfig.cmake
[1.881s] -- Up-to-date: /home/zhuzeyu/guyueju/ros2_21_tutorials/install/learning_interface/share/learning_interface/cmake/learning_interface__rosidl_typesupport_cppExport.cmake
[1.881s] -- Up-to-date: /home/zhuzeyu/guyueju/ros2_21_tutorials/install/learning_interface/share/learning_interface/cmake/learning_interface__rosidl_typesupport_cppExport-noconfig.cmake
[1.881s] -- Up-to-date: /home/zhuzeyu/guyueju/ros2_21_tutorials/install/learning_interface/share/learning_interface/cmake/export_learning_interface__rosidl_generator_pyExport.cmake
[1.881s] -- Up-to-date: /home/zhuzeyu/guyueju/ros2_21_tutorials/install/learning_interface/share/learning_interface/cmake/export_learning_interface__rosidl_generator_pyExport-noconfig.cmake
[1.881s] -- Up-to-date: /home/zhuzeyu/guyueju/ros2_21_tutorials/install/learning_interface/share/learning_interface/cmake/rosidl_cmake-extras.cmake
[1.881s] -- Up-to-date: /home/zhuzeyu/guyueju/ros2_21_tutorials/install/learning_interface/share/learning_interface/cmake/ament_cmake_export_dependencies-extras.cmake
[1.881s] -- Up-to-date: /home/zhuzeyu/guyueju/ros2_21_tutorials/install/learning_interface/share/learning_interface/cmake/ament_cmake_export_include_directories-extras.cmake
[1.881s] -- Up-to-date: /home/zhuzeyu/guyueju/ros2_21_tutorials/install/learning_interface/share/learning_interface/cmake/ament_cmake_export_libraries-extras.cmake
[1.881s] -- Up-to-date: /home/zhuzeyu/guyueju/ros2_21_tutorials/install/learning_interface/share/learning_interface/cmake/ament_cmake_export_targets-extras.cmake
[1.881s] -- Up-to-date: /home/zhuzeyu/guyueju/ros2_21_tutorials/install/learning_interface/share/learning_interface/cmake/rosidl_cmake_export_typesupport_targets-extras.cmake
[1.881s] -- Up-to-date: /home/zhuzeyu/guyueju/ros2_21_tutorials/install/learning_interface/share/learning_interface/cmake/rosidl_cmake_export_typesupport_libraries-extras.cmake
[1.881s] -- Up-to-date: /home/zhuzeyu/guyueju/ros2_21_tutorials/install/learning_interface/share/learning_interface/cmake/learning_interfaceConfig.cmake
[1.881s] -- Up-to-date: /home/zhuzeyu/guyueju/ros2_21_tutorials/install/learning_interface/share/learning_interface/cmake/learning_interfaceConfig-version.cmake
[1.881s] -- Up-to-date: /home/zhuzeyu/guyueju/ros2_21_tutorials/install/learning_interface/share/learning_interface/package.xml
[1.936s] Invoked command in '/home/zhuzeyu/guyueju/ros2_21_tutorials/build/learning_interface' returned '0': CMAKE_PREFIX_PATH=${CMAKE_PREFIX_PATH}:/home/zhuzeyu/guyueju/ros2_21_tutorials/install/learning_urdf:/home/zhuzeyu/guyueju/ros2_21_tutorials/install/learning_topic:/home/zhuzeyu/guyueju/ros2_21_tutorials/install/learning_tf:/home/zhuzeyu/guyueju/ros2_21_tutorials/install/learning_service:/home/zhuzeyu/guyueju/ros2_21_tutorials/install/learning_qos:/home/zhuzeyu/guyueju/ros2_21_tutorials/install/learning_pkg_python:/home/zhuzeyu/guyueju/ros2_21_tutorials/install/learning_parameter:/home/zhuzeyu/guyueju/ros2_21_tutorials/install/learning_node:/home/zhuzeyu/guyueju/ros2_21_tutorials/install/learning_launch:/home/zhuzeyu/guyueju/ros2_21_tutorials/install/learning_action:/home/zhuzeyu/guyueju/ros2_21_tutorials/install/learning_gazebo_harmonic:/home/zhuzeyu/guyueju/ros2_21_tutorials/install/learning_gazebo:/home/zhuzeyu/guyueju/ros2_21_tutorials/install/learning_cv:/opt/ros/humble /usr/bin/cmake --install /home/zhuzeyu/guyueju/ros2_21_tutorials/build/learning_interface
