[2.629s] Invoking command in '/home/zhuzeyu/guyueju/ros2_21_tutorials/learning_parameter': PYTHONPATH=/home/zhuzeyu/guyueju/ros2_21_tutorials/build/learning_parameter/prefix_override:/usr/lib/python3/dist-packages/colcon_core/task/python/colcon_distutils_commands:/home/zhuzeyu/guyueju/ros2_21_tutorials/install/learning_parameter/lib/python3.10/site-packages:${PYTHONPATH} /usr/bin/python3 -W ignore:setup.py install is deprecated -W ignore:easy_install command is deprecated setup.py egg_info --egg-base ../build/learning_parameter build --build-base /home/zhuzeyu/guyueju/ros2_21_tutorials/build/learning_parameter/build install --record /home/zhuzeyu/guyueju/ros2_21_tutorials/build/learning_parameter/install.log --single-version-externally-managed install_data
[2.794s] running egg_info
[2.797s] writing ../build/learning_parameter/learning_parameter.egg-info/PKG-INFO
[2.797s] writing dependency_links to ../build/learning_parameter/learning_parameter.egg-info/dependency_links.txt
[2.797s] writing entry points to ../build/learning_parameter/learning_parameter.egg-info/entry_points.txt
[2.797s] writing requirements to ../build/learning_parameter/learning_parameter.egg-info/requires.txt
[2.797s] writing top-level names to ../build/learning_parameter/learning_parameter.egg-info/top_level.txt
[2.797s] reading manifest file '../build/learning_parameter/learning_parameter.egg-info/SOURCES.txt'
[2.797s] writing manifest file '../build/learning_parameter/learning_parameter.egg-info/SOURCES.txt'
[2.797s] running build
[2.797s] running build_py
[2.798s] running install
[2.798s] running install_lib
[2.798s] running install_data
[2.799s] running install_egg_info
[2.800s] removing '/home/zhuzeyu/guyueju/ros2_21_tutorials/install/learning_parameter/lib/python3.10/site-packages/learning_parameter-0.0.0-py3.10.egg-info' (and everything under it)
[2.800s] Copying ../build/learning_parameter/learning_parameter.egg-info to /home/zhuzeyu/guyueju/ros2_21_tutorials/install/learning_parameter/lib/python3.10/site-packages/learning_parameter-0.0.0-py3.10.egg-info
[2.803s] running install_scripts
[2.825s] Installing param_declare script to /home/zhuzeyu/guyueju/ros2_21_tutorials/install/learning_parameter/lib/learning_parameter
[2.826s] Installing param_object_detect script to /home/zhuzeyu/guyueju/ros2_21_tutorials/install/learning_parameter/lib/learning_parameter
[2.826s] writing list of installed files to '/home/zhuzeyu/guyueju/ros2_21_tutorials/build/learning_parameter/install.log'
[2.876s] Invoked command in '/home/zhuzeyu/guyueju/ros2_21_tutorials/learning_parameter' returned '0': PYTHONPATH=/home/zhuzeyu/guyueju/ros2_21_tutorials/build/learning_parameter/prefix_override:/usr/lib/python3/dist-packages/colcon_core/task/python/colcon_distutils_commands:/home/zhuzeyu/guyueju/ros2_21_tutorials/install/learning_parameter/lib/python3.10/site-packages:${PYTHONPATH} /usr/bin/python3 -W ignore:setup.py install is deprecated -W ignore:easy_install command is deprecated setup.py egg_info --egg-base ../build/learning_parameter build --build-base /home/zhuzeyu/guyueju/ros2_21_tutorials/build/learning_parameter/build install --record /home/zhuzeyu/guyueju/ros2_21_tutorials/build/learning_parameter/install.log --single-version-externally-managed install_data
