[2.503s] Invoking command in '/home/zhuzeyu/guyueju/ros2_21_tutorials/learning_cv': PYTHONPATH=/home/zhuzeyu/guyueju/ros2_21_tutorials/build/learning_cv/prefix_override:/usr/lib/python3/dist-packages/colcon_core/task/python/colcon_distutils_commands:/home/zhuzeyu/guyueju/ros2_21_tutorials/install/learning_cv/lib/python3.10/site-packages:${PYTHONPATH} /usr/bin/python3 -W ignore:setup.py install is deprecated -W ignore:easy_install command is deprecated setup.py egg_info --egg-base ../build/learning_cv build --build-base /home/zhuzeyu/guyueju/ros2_21_tutorials/build/learning_cv/build install --record /home/zhuzeyu/guyueju/ros2_21_tutorials/build/learning_cv/install.log --single-version-externally-managed install_data
[2.771s] running egg_info
[2.772s] writing ../build/learning_cv/learning_cv.egg-info/PKG-INFO
[2.772s] writing dependency_links to ../build/learning_cv/learning_cv.egg-info/dependency_links.txt
[2.772s] writing entry points to ../build/learning_cv/learning_cv.egg-info/entry_points.txt
[2.772s] writing requirements to ../build/learning_cv/learning_cv.egg-info/requires.txt
[2.772s] writing top-level names to ../build/learning_cv/learning_cv.egg-info/top_level.txt
[2.775s] reading manifest file '../build/learning_cv/learning_cv.egg-info/SOURCES.txt'
[2.776s] writing manifest file '../build/learning_cv/learning_cv.egg-info/SOURCES.txt'
[2.776s] running build
[2.776s] running build_py
[2.776s] running install
[2.776s] running install_lib
[2.778s] running install_data
[2.778s] running install_egg_info
[2.781s] removing '/home/zhuzeyu/guyueju/ros2_21_tutorials/install/learning_cv/lib/python3.10/site-packages/learning_cv-0.0.0-py3.10.egg-info' (and everything under it)
[2.782s] Copying ../build/learning_cv/learning_cv.egg-info to /home/zhuzeyu/guyueju/ros2_21_tutorials/install/learning_cv/lib/python3.10/site-packages/learning_cv-0.0.0-py3.10.egg-info
[2.782s] running install_scripts
[2.810s] Installing cv_bridge_test script to /home/zhuzeyu/guyueju/ros2_21_tutorials/install/learning_cv/lib/learning_cv
[2.814s] writing list of installed files to '/home/zhuzeyu/guyueju/ros2_21_tutorials/build/learning_cv/install.log'
[2.852s] Invoked command in '/home/zhuzeyu/guyueju/ros2_21_tutorials/learning_cv' returned '0': PYTHONPATH=/home/zhuzeyu/guyueju/ros2_21_tutorials/build/learning_cv/prefix_override:/usr/lib/python3/dist-packages/colcon_core/task/python/colcon_distutils_commands:/home/zhuzeyu/guyueju/ros2_21_tutorials/install/learning_cv/lib/python3.10/site-packages:${PYTHONPATH} /usr/bin/python3 -W ignore:setup.py install is deprecated -W ignore:easy_install command is deprecated setup.py egg_info --egg-base ../build/learning_cv build --build-base /home/zhuzeyu/guyueju/ros2_21_tutorials/build/learning_cv/build install --record /home/zhuzeyu/guyueju/ros2_21_tutorials/build/learning_cv/install.log --single-version-externally-managed install_data
