[2.707s] Invoking command in '/home/zhuzeyu/guyueju/ros2_21_tutorials/learning_cv': PYTHONPATH=/home/zhuzeyu/guyueju/ros2_21_tutorials/build/learning_cv/prefix_override:/usr/lib/python3/dist-packages/colcon_core/task/python/colcon_distutils_commands:/home/zhuzeyu/guyueju/ros2_21_tutorials/install/learning_cv/lib/python3.10/site-packages:${PYTHONPATH} /usr/bin/python3 -W ignore:setup.py install is deprecated -W ignore:easy_install command is deprecated setup.py egg_info --egg-base ../build/learning_cv build --build-base /home/zhuzeyu/guyueju/ros2_21_tutorials/build/learning_cv/build install --record /home/zhuzeyu/guyueju/ros2_21_tutorials/build/learning_cv/install.log --single-version-externally-managed install_data
[3.000s] running egg_info
[3.002s] writing ../build/learning_cv/learning_cv.egg-info/PKG-INFO
[3.002s] writing dependency_links to ../build/learning_cv/learning_cv.egg-info/dependency_links.txt
[3.002s] writing entry points to ../build/learning_cv/learning_cv.egg-info/entry_points.txt
[3.003s] writing requirements to ../build/learning_cv/learning_cv.egg-info/requires.txt
[3.003s] writing top-level names to ../build/learning_cv/learning_cv.egg-info/top_level.txt
[3.004s] reading manifest file '../build/learning_cv/learning_cv.egg-info/SOURCES.txt'
[3.005s] writing manifest file '../build/learning_cv/learning_cv.egg-info/SOURCES.txt'
[3.005s] running build
[3.005s] running build_py
[3.005s] running install
[3.006s] running install_lib
[3.007s] running install_data
[3.007s] running install_egg_info
[3.010s] removing '/home/zhuzeyu/guyueju/ros2_21_tutorials/install/learning_cv/lib/python3.10/site-packages/learning_cv-0.0.0-py3.10.egg-info' (and everything under it)
[3.010s] Copying ../build/learning_cv/learning_cv.egg-info to /home/zhuzeyu/guyueju/ros2_21_tutorials/install/learning_cv/lib/python3.10/site-packages/learning_cv-0.0.0-py3.10.egg-info
[3.011s] running install_scripts
[3.041s] Installing cv_bridge_test script to /home/zhuzeyu/guyueju/ros2_21_tutorials/install/learning_cv/lib/learning_cv
[3.042s] writing list of installed files to '/home/zhuzeyu/guyueju/ros2_21_tutorials/build/learning_cv/install.log'
[3.091s] Invoked command in '/home/zhuzeyu/guyueju/ros2_21_tutorials/learning_cv' returned '0': PYTHONPATH=/home/zhuzeyu/guyueju/ros2_21_tutorials/build/learning_cv/prefix_override:/usr/lib/python3/dist-packages/colcon_core/task/python/colcon_distutils_commands:/home/zhuzeyu/guyueju/ros2_21_tutorials/install/learning_cv/lib/python3.10/site-packages:${PYTHONPATH} /usr/bin/python3 -W ignore:setup.py install is deprecated -W ignore:easy_install command is deprecated setup.py egg_info --egg-base ../build/learning_cv build --build-base /home/zhuzeyu/guyueju/ros2_21_tutorials/build/learning_cv/build install --record /home/zhuzeyu/guyueju/ros2_21_tutorials/build/learning_cv/install.log --single-version-externally-managed install_data
