[2.853s] Invoking command in '/home/zhuzeyu/guyueju/ros2_21_tutorials/learning_node': PYTHONPATH=/home/zhuzeyu/guyueju/ros2_21_tutorials/build/learning_node/prefix_override:/usr/lib/python3/dist-packages/colcon_core/task/python/colcon_distutils_commands:/home/zhuzeyu/guyueju/ros2_21_tutorials/install/learning_node/lib/python3.10/site-packages:${PYTHONPATH} /usr/bin/python3 -W ignore:setup.py install is deprecated -W ignore:easy_install command is deprecated setup.py egg_info --egg-base ../build/learning_node build --build-base /home/zhuzeyu/guyueju/ros2_21_tutorials/build/learning_node/build install --record /home/zhuzeyu/guyueju/ros2_21_tutorials/build/learning_node/install.log --single-version-externally-managed install_data
[3.189s] running egg_info
[3.189s] writing ../build/learning_node/learning_node.egg-info/PKG-INFO
[3.189s] writing dependency_links to ../build/learning_node/learning_node.egg-info/dependency_links.txt
[3.190s] writing entry points to ../build/learning_node/learning_node.egg-info/entry_points.txt
[3.190s] writing requirements to ../build/learning_node/learning_node.egg-info/requires.txt
[3.190s] writing top-level names to ../build/learning_node/learning_node.egg-info/top_level.txt
[3.193s] reading manifest file '../build/learning_node/learning_node.egg-info/SOURCES.txt'
[3.194s] writing manifest file '../build/learning_node/learning_node.egg-info/SOURCES.txt'
[3.195s] running build
[3.195s] running build_py
[3.195s] copying learning_node/node_object.py -> /home/zhuzeyu/guyueju/ros2_21_tutorials/build/learning_node/build/lib/learning_node
[3.195s] running install
[3.196s] running install_lib
[3.197s] copying /home/zhuzeyu/guyueju/ros2_21_tutorials/build/learning_node/build/lib/learning_node/node_object.py -> /home/zhuzeyu/guyueju/ros2_21_tutorials/install/learning_node/lib/python3.10/site-packages/learning_node
[3.198s] byte-compiling /home/zhuzeyu/guyueju/ros2_21_tutorials/install/learning_node/lib/python3.10/site-packages/learning_node/node_object.py to node_object.cpython-310.pyc
[3.200s] running install_data
[3.200s] running install_egg_info
[3.203s] removing '/home/zhuzeyu/guyueju/ros2_21_tutorials/install/learning_node/lib/python3.10/site-packages/learning_node-0.0.0-py3.10.egg-info' (and everything under it)
[3.203s] Copying ../build/learning_node/learning_node.egg-info to /home/zhuzeyu/guyueju/ros2_21_tutorials/install/learning_node/lib/python3.10/site-packages/learning_node-0.0.0-py3.10.egg-info
[3.205s] running install_scripts
[3.236s] Installing node_helloworld script to /home/zhuzeyu/guyueju/ros2_21_tutorials/install/learning_node/lib/learning_node
[3.236s] Installing node_helloworld_class script to /home/zhuzeyu/guyueju/ros2_21_tutorials/install/learning_node/lib/learning_node
[3.236s] Installing node_object script to /home/zhuzeyu/guyueju/ros2_21_tutorials/install/learning_node/lib/learning_node
[3.237s] Installing node_object_webcam script to /home/zhuzeyu/guyueju/ros2_21_tutorials/install/learning_node/lib/learning_node
[3.237s] writing list of installed files to '/home/zhuzeyu/guyueju/ros2_21_tutorials/build/learning_node/install.log'
[3.270s] Invoked command in '/home/zhuzeyu/guyueju/ros2_21_tutorials/learning_node' returned '0': PYTHONPATH=/home/zhuzeyu/guyueju/ros2_21_tutorials/build/learning_node/prefix_override:/usr/lib/python3/dist-packages/colcon_core/task/python/colcon_distutils_commands:/home/zhuzeyu/guyueju/ros2_21_tutorials/install/learning_node/lib/python3.10/site-packages:${PYTHONPATH} /usr/bin/python3 -W ignore:setup.py install is deprecated -W ignore:easy_install command is deprecated setup.py egg_info --egg-base ../build/learning_node build --build-base /home/zhuzeyu/guyueju/ros2_21_tutorials/build/learning_node/build install --record /home/zhuzeyu/guyueju/ros2_21_tutorials/build/learning_node/install.log --single-version-externally-managed install_data
