[2.496s] Invoking command in '/home/zhuzeyu/guyueju/ros2_21_tutorials/learning_node': PYTHONPATH=/home/zhuzeyu/guyueju/ros2_21_tutorials/build/learning_node/prefix_override:/usr/lib/python3/dist-packages/colcon_core/task/python/colcon_distutils_commands:/home/zhuzeyu/guyueju/ros2_21_tutorials/install/learning_node/lib/python3.10/site-packages:${PYTHONPATH} /usr/bin/python3 -W ignore:setup.py install is deprecated -W ignore:easy_install command is deprecated setup.py egg_info --egg-base ../build/learning_node build --build-base /home/zhuzeyu/guyueju/ros2_21_tutorials/build/learning_node/build install --record /home/zhuzeyu/guyueju/ros2_21_tutorials/build/learning_node/install.log --single-version-externally-managed install_data
[2.809s] running egg_info
[2.810s] creating ../build/learning_node/learning_node.egg-info
[2.810s] writing ../build/learning_node/learning_node.egg-info/PKG-INFO
[2.810s] writing dependency_links to ../build/learning_node/learning_node.egg-info/dependency_links.txt
[2.810s] writing entry points to ../build/learning_node/learning_node.egg-info/entry_points.txt
[2.810s] writing requirements to ../build/learning_node/learning_node.egg-info/requires.txt
[2.810s] writing top-level names to ../build/learning_node/learning_node.egg-info/top_level.txt
[2.811s] writing manifest file '../build/learning_node/learning_node.egg-info/SOURCES.txt'
[2.813s] reading manifest file '../build/learning_node/learning_node.egg-info/SOURCES.txt'
[2.814s] writing manifest file '../build/learning_node/learning_node.egg-info/SOURCES.txt'
[2.814s] running build
[2.814s] running build_py
[2.814s] creating /home/zhuzeyu/guyueju/ros2_21_tutorials/build/learning_node/build
[2.814s] creating /home/zhuzeyu/guyueju/ros2_21_tutorials/build/learning_node/build/lib
[2.815s] creating /home/zhuzeyu/guyueju/ros2_21_tutorials/build/learning_node/build/lib/learning_node
[2.815s] copying learning_node/node_helloworld.py -> /home/zhuzeyu/guyueju/ros2_21_tutorials/build/learning_node/build/lib/learning_node
[2.815s] copying learning_node/__init__.py -> /home/zhuzeyu/guyueju/ros2_21_tutorials/build/learning_node/build/lib/learning_node
[2.815s] copying learning_node/node_helloworld_class.py -> /home/zhuzeyu/guyueju/ros2_21_tutorials/build/learning_node/build/lib/learning_node
[2.815s] copying learning_node/node_object_webcam.py -> /home/zhuzeyu/guyueju/ros2_21_tutorials/build/learning_node/build/lib/learning_node
[2.815s] copying learning_node/node_object.py -> /home/zhuzeyu/guyueju/ros2_21_tutorials/build/learning_node/build/lib/learning_node
[2.815s] running install
[2.816s] running install_lib
[2.817s] creating /home/zhuzeyu/guyueju/ros2_21_tutorials/install/learning_node/lib/python3.10/site-packages/learning_node
[2.817s] copying /home/zhuzeyu/guyueju/ros2_21_tutorials/build/learning_node/build/lib/learning_node/node_helloworld.py -> /home/zhuzeyu/guyueju/ros2_21_tutorials/install/learning_node/lib/python3.10/site-packages/learning_node
[2.817s] copying /home/zhuzeyu/guyueju/ros2_21_tutorials/build/learning_node/build/lib/learning_node/__init__.py -> /home/zhuzeyu/guyueju/ros2_21_tutorials/install/learning_node/lib/python3.10/site-packages/learning_node
[2.818s] copying /home/zhuzeyu/guyueju/ros2_21_tutorials/build/learning_node/build/lib/learning_node/node_helloworld_class.py -> /home/zhuzeyu/guyueju/ros2_21_tutorials/install/learning_node/lib/python3.10/site-packages/learning_node
[2.818s] copying /home/zhuzeyu/guyueju/ros2_21_tutorials/build/learning_node/build/lib/learning_node/node_object_webcam.py -> /home/zhuzeyu/guyueju/ros2_21_tutorials/install/learning_node/lib/python3.10/site-packages/learning_node
[2.818s] copying /home/zhuzeyu/guyueju/ros2_21_tutorials/build/learning_node/build/lib/learning_node/node_object.py -> /home/zhuzeyu/guyueju/ros2_21_tutorials/install/learning_node/lib/python3.10/site-packages/learning_node
[2.818s] byte-compiling /home/zhuzeyu/guyueju/ros2_21_tutorials/install/learning_node/lib/python3.10/site-packages/learning_node/node_helloworld.py to node_helloworld.cpython-310.pyc
[2.819s] byte-compiling /home/zhuzeyu/guyueju/ros2_21_tutorials/install/learning_node/lib/python3.10/site-packages/learning_node/__init__.py to __init__.cpython-310.pyc
[2.819s] byte-compiling /home/zhuzeyu/guyueju/ros2_21_tutorials/install/learning_node/lib/python3.10/site-packages/learning_node/node_helloworld_class.py to node_helloworld_class.cpython-310.pyc
[2.819s] byte-compiling /home/zhuzeyu/guyueju/ros2_21_tutorials/install/learning_node/lib/python3.10/site-packages/learning_node/node_object_webcam.py to node_object_webcam.cpython-310.pyc
[2.820s] byte-compiling /home/zhuzeyu/guyueju/ros2_21_tutorials/install/learning_node/lib/python3.10/site-packages/learning_node/node_object.py to node_object.cpython-310.pyc
[2.820s] running install_data
[2.821s] creating /home/zhuzeyu/guyueju/ros2_21_tutorials/install/learning_node/share/ament_index
[2.821s] creating /home/zhuzeyu/guyueju/ros2_21_tutorials/install/learning_node/share/ament_index/resource_index
[2.821s] creating /home/zhuzeyu/guyueju/ros2_21_tutorials/install/learning_node/share/ament_index/resource_index/packages
[2.821s] copying resource/learning_node -> /home/zhuzeyu/guyueju/ros2_21_tutorials/install/learning_node/share/ament_index/resource_index/packages
[2.821s] copying package.xml -> /home/zhuzeyu/guyueju/ros2_21_tutorials/install/learning_node/share/learning_node
[2.821s] running install_egg_info
[2.823s] Copying ../build/learning_node/learning_node.egg-info to /home/zhuzeyu/guyueju/ros2_21_tutorials/install/learning_node/lib/python3.10/site-packages/learning_node-0.0.0-py3.10.egg-info
[2.824s] running install_scripts
[2.851s] Installing node_helloworld script to /home/zhuzeyu/guyueju/ros2_21_tutorials/install/learning_node/lib/learning_node
[2.851s] Installing node_helloworld_class script to /home/zhuzeyu/guyueju/ros2_21_tutorials/install/learning_node/lib/learning_node
[2.852s] Installing node_object script to /home/zhuzeyu/guyueju/ros2_21_tutorials/install/learning_node/lib/learning_node
[2.852s] Installing node_object_webcam script to /home/zhuzeyu/guyueju/ros2_21_tutorials/install/learning_node/lib/learning_node
[2.852s] writing list of installed files to '/home/zhuzeyu/guyueju/ros2_21_tutorials/build/learning_node/install.log'
[2.893s] Invoked command in '/home/zhuzeyu/guyueju/ros2_21_tutorials/learning_node' returned '0': PYTHONPATH=/home/zhuzeyu/guyueju/ros2_21_tutorials/build/learning_node/prefix_override:/usr/lib/python3/dist-packages/colcon_core/task/python/colcon_distutils_commands:/home/zhuzeyu/guyueju/ros2_21_tutorials/install/learning_node/lib/python3.10/site-packages:${PYTHONPATH} /usr/bin/python3 -W ignore:setup.py install is deprecated -W ignore:easy_install command is deprecated setup.py egg_info --egg-base ../build/learning_node build --build-base /home/zhuzeyu/guyueju/ros2_21_tutorials/build/learning_node/build install --record /home/zhuzeyu/guyueju/ros2_21_tutorials/build/learning_node/install.log --single-version-externally-managed install_data
