[2.815s] Invoking command in '/home/zhuzeyu/guyueju/ros2_21_tutorials/learning_pkg_python': PYTHONPATH=/home/zhuzeyu/guyueju/ros2_21_tutorials/build/learning_pkg_python/prefix_override:/usr/lib/python3/dist-packages/colcon_core/task/python/colcon_distutils_commands:/home/zhuzeyu/guyueju/ros2_21_tutorials/install/learning_pkg_python/lib/python3.10/site-packages:${PYTHONPATH} /usr/bin/python3 -W ignore:setup.py install is deprecated -W ignore:easy_install command is deprecated setup.py egg_info --egg-base ../build/learning_pkg_python build --build-base /home/zhuzeyu/guyueju/ros2_21_tutorials/build/learning_pkg_python/build install --record /home/zhuzeyu/guyueju/ros2_21_tutorials/build/learning_pkg_python/install.log --single-version-externally-managed install_data
[3.140s] running egg_info
[3.142s] writing ../build/learning_pkg_python/learning_pkg_python.egg-info/PKG-INFO
[3.142s] writing dependency_links to ../build/learning_pkg_python/learning_pkg_python.egg-info/dependency_links.txt
[3.142s] writing entry points to ../build/learning_pkg_python/learning_pkg_python.egg-info/entry_points.txt
[3.142s] writing requirements to ../build/learning_pkg_python/learning_pkg_python.egg-info/requires.txt
[3.142s] writing top-level names to ../build/learning_pkg_python/learning_pkg_python.egg-info/top_level.txt
[3.144s] reading manifest file '../build/learning_pkg_python/learning_pkg_python.egg-info/SOURCES.txt'
[3.146s] writing manifest file '../build/learning_pkg_python/learning_pkg_python.egg-info/SOURCES.txt'
[3.146s] running build
[3.146s] running build_py
[3.146s] running install
[3.146s] running install_lib
[3.148s] running install_data
[3.148s] running install_egg_info
[3.150s] removing '/home/zhuzeyu/guyueju/ros2_21_tutorials/install/learning_pkg_python/lib/python3.10/site-packages/learning_pkg_python-0.0.0-py3.10.egg-info' (and everything under it)
[3.150s] Copying ../build/learning_pkg_python/learning_pkg_python.egg-info to /home/zhuzeyu/guyueju/ros2_21_tutorials/install/learning_pkg_python/lib/python3.10/site-packages/learning_pkg_python-0.0.0-py3.10.egg-info
[3.151s] running install_scripts
[3.180s] writing list of installed files to '/home/zhuzeyu/guyueju/ros2_21_tutorials/build/learning_pkg_python/install.log'
[3.588s] Invoked command in '/home/zhuzeyu/guyueju/ros2_21_tutorials/learning_pkg_python' returned '0': PYTHONPATH=/home/zhuzeyu/guyueju/ros2_21_tutorials/build/learning_pkg_python/prefix_override:/usr/lib/python3/dist-packages/colcon_core/task/python/colcon_distutils_commands:/home/zhuzeyu/guyueju/ros2_21_tutorials/install/learning_pkg_python/lib/python3.10/site-packages:${PYTHONPATH} /usr/bin/python3 -W ignore:setup.py install is deprecated -W ignore:easy_install command is deprecated setup.py egg_info --egg-base ../build/learning_pkg_python build --build-base /home/zhuzeyu/guyueju/ros2_21_tutorials/build/learning_pkg_python/build install --record /home/zhuzeyu/guyueju/ros2_21_tutorials/build/learning_pkg_python/install.log --single-version-externally-managed install_data
