-- Found ament_cmake: 1.3.14 (/opt/ros/humble/share/ament_cmake/cmake)
-- Found geometry_msgs: 4.9.1 (/opt/ros/humble/share/geometry_msgs/cmake)
-- Found rosidl_generator_c: 3.1.8 (/opt/ros/humble/share/rosidl_generator_c/cmake)
-- Found rosidl_adapter: 3.1.8 (/opt/ros/humble/share/rosidl_adapter/cmake)
-- Found rosidl_generator_cpp: 3.1.8 (/opt/ros/humble/share/rosidl_generator_cpp/cmake)
-- Using all available rosidl_typesupport_c: rosidl_typesupport_fastrtps_c;rosidl_typesupport_introspection_c
-- Using all available rosidl_typesupport_cpp: rosidl_typesupport_fastrtps_cpp;rosidl_typesupport_introspection_cpp
-- Found rclcpp: 16.0.18 (/opt/ros/humble/share/rclcpp/cmake)
-- Found rmw_implementation_cmake: 6.1.2 (/opt/ros/humble/share/rmw_implementation_cmake/cmake)
-- Found rmw_fastrtps_cpp: 6.2.10 (/opt/ros/humble/share/rmw_fastrtps_cpp/cmake)
-- Using RMW implementation 'rmw_fastrtps_cpp' as default
-- Found tf2: 0.25.19 (/opt/ros/humble/share/tf2/cmake)
-- Found tf2_ros: 0.25.19 (/opt/ros/humble/share/tf2_ros/cmake)
-- Found turtlesim: 1.4.3 (/opt/ros/humble/share/turtlesim/cmake)
-- Found ament_lint_auto: 0.12.15 (/opt/ros/humble/share/ament_lint_auto/cmake)
-- Added test 'cppcheck' to perform static code analysis on C / C++ code
-- Configured cppcheck include dirs: 
-- Configured cppcheck exclude dirs and/or files: 
-- Added test 'flake8' to check Python code syntax and style conventions
-- Added test 'lint_cmake' to check CMake code style
-- Added test 'pep257' to check Python code against some of the docstring style conventions in PEP 257
-- Added test 'uncrustify' to check C / C++ code style
-- Configured uncrustify additional arguments: 
-- Added test 'xmllint' to check XML markup files
-- Configuring done
-- Generating done
-- Build files have been written to: /home/zhuzeyu/guyueju/ros2_21_tutorials/build/learning_tf_cpp
[35m[1mConsolidate compiler generated dependencies of target turtle_tf_broadcaster[0m
[35m[1mConsolidate compiler generated dependencies of target turtle_following[0m
[35m[1mConsolidate compiler generated dependencies of target tf_listener[0m
[35m[1mConsolidate compiler generated dependencies of target static_tf_broadcaster[0m
[ 25%] Built target static_tf_broadcaster
[ 50%] Built target turtle_tf_broadcaster
[ 75%] Built target turtle_following
[100%] Built target tf_listener
-- Install configuration: ""
-- Up-to-date: /home/zhuzeyu/guyueju/ros2_21_tutorials/install/learning_tf_cpp/lib/learning_tf_cpp/static_tf_broadcaster
-- Up-to-date: /home/zhuzeyu/guyueju/ros2_21_tutorials/install/learning_tf_cpp/lib/learning_tf_cpp/turtle_tf_broadcaster
-- Up-to-date: /home/zhuzeyu/guyueju/ros2_21_tutorials/install/learning_tf_cpp/lib/learning_tf_cpp/tf_listener
-- Up-to-date: /home/zhuzeyu/guyueju/ros2_21_tutorials/install/learning_tf_cpp/lib/learning_tf_cpp/turtle_following
-- Up-to-date: /home/zhuzeyu/guyueju/ros2_21_tutorials/install/learning_tf_cpp/share/learning_tf_cpp//launch
-- Installing: /home/zhuzeyu/guyueju/ros2_21_tutorials/install/learning_tf_cpp/share/learning_tf_cpp//launch/turtle_following_demo.launch.py
-- Up-to-date: /home/zhuzeyu/guyueju/ros2_21_tutorials/install/learning_tf_cpp/share/ament_index/resource_index/package_run_dependencies/learning_tf_cpp
-- Installing: /home/zhuzeyu/guyueju/ros2_21_tutorials/install/learning_tf_cpp/share/ament_index/resource_index/parent_prefix_path/learning_tf_cpp
-- Installing: /home/zhuzeyu/guyueju/ros2_21_tutorials/install/learning_tf_cpp/share/learning_tf_cpp/environment/ament_prefix_path.sh
-- Installing: /home/zhuzeyu/guyueju/ros2_21_tutorials/install/learning_tf_cpp/share/learning_tf_cpp/environment/ament_prefix_path.dsv
-- Installing: /home/zhuzeyu/guyueju/ros2_21_tutorials/install/learning_tf_cpp/share/learning_tf_cpp/environment/path.sh
-- Installing: /home/zhuzeyu/guyueju/ros2_21_tutorials/install/learning_tf_cpp/share/learning_tf_cpp/environment/path.dsv
-- Up-to-date: /home/zhuzeyu/guyueju/ros2_21_tutorials/install/learning_tf_cpp/share/learning_tf_cpp/local_setup.bash
-- Up-to-date: /home/zhuzeyu/guyueju/ros2_21_tutorials/install/learning_tf_cpp/share/learning_tf_cpp/local_setup.sh
-- Up-to-date: /home/zhuzeyu/guyueju/ros2_21_tutorials/install/learning_tf_cpp/share/learning_tf_cpp/local_setup.zsh
-- Installing: /home/zhuzeyu/guyueju/ros2_21_tutorials/install/learning_tf_cpp/share/learning_tf_cpp/local_setup.dsv
-- Installing: /home/zhuzeyu/guyueju/ros2_21_tutorials/install/learning_tf_cpp/share/learning_tf_cpp/package.dsv
-- Up-to-date: /home/zhuzeyu/guyueju/ros2_21_tutorials/install/learning_tf_cpp/share/ament_index/resource_index/packages/learning_tf_cpp
-- Up-to-date: /home/zhuzeyu/guyueju/ros2_21_tutorials/install/learning_tf_cpp/share/learning_tf_cpp/cmake/learning_tf_cppConfig.cmake
-- Up-to-date: /home/zhuzeyu/guyueju/ros2_21_tutorials/install/learning_tf_cpp/share/learning_tf_cpp/cmake/learning_tf_cppConfig-version.cmake
-- Installing: /home/zhuzeyu/guyueju/ros2_21_tutorials/install/learning_tf_cpp/share/learning_tf_cpp/package.xml
