[2.679s] Invoking command in '/home/zhuzeyu/guyueju/ros2_21_tutorials/learning_tf': PYTHONPATH=/home/zhuzeyu/guyueju/ros2_21_tutorials/build/learning_tf/prefix_override:/usr/lib/python3/dist-packages/colcon_core/task/python/colcon_distutils_commands:/home/zhuzeyu/guyueju/ros2_21_tutorials/install/learning_tf/lib/python3.10/site-packages:${PYTHONPATH} /usr/bin/python3 -W ignore:setup.py install is deprecated -W ignore:easy_install command is deprecated setup.py egg_info --egg-base ../build/learning_tf build --build-base /home/zhuzeyu/guyueju/ros2_21_tutorials/build/learning_tf/build install --record /home/zhuzeyu/guyueju/ros2_21_tutorials/build/learning_tf/install.log --single-version-externally-managed install_data
[2.993s] running egg_info
[2.998s] writing ../build/learning_tf/learning_tf.egg-info/PKG-INFO
[2.998s] writing dependency_links to ../build/learning_tf/learning_tf.egg-info/dependency_links.txt
[3.001s] writing entry points to ../build/learning_tf/learning_tf.egg-info/entry_points.txt
[3.001s] writing requirements to ../build/learning_tf/learning_tf.egg-info/requires.txt
[3.002s] writing top-level names to ../build/learning_tf/learning_tf.egg-info/top_level.txt
[3.003s] reading manifest file '../build/learning_tf/learning_tf.egg-info/SOURCES.txt'
[3.003s] writing manifest file '../build/learning_tf/learning_tf.egg-info/SOURCES.txt'
[3.003s] running build
[3.003s] running build_py
[3.004s] running install
[3.004s] running install_lib
[3.008s] running install_data
[3.008s] running install_egg_info
[3.008s] removing '/home/zhuzeyu/guyueju/ros2_21_tutorials/install/learning_tf/lib/python3.10/site-packages/learning_tf-0.0.0-py3.10.egg-info' (and everything under it)
[3.009s] Copying ../build/learning_tf/learning_tf.egg-info to /home/zhuzeyu/guyueju/ros2_21_tutorials/install/learning_tf/lib/python3.10/site-packages/learning_tf-0.0.0-py3.10.egg-info
[3.009s] running install_scripts
[3.045s] Installing static_tf_broadcaster script to /home/zhuzeyu/guyueju/ros2_21_tutorials/install/learning_tf/lib/learning_tf
[3.045s] Installing tf_listener script to /home/zhuzeyu/guyueju/ros2_21_tutorials/install/learning_tf/lib/learning_tf
[3.045s] Installing turtle_following script to /home/zhuzeyu/guyueju/ros2_21_tutorials/install/learning_tf/lib/learning_tf
[3.045s] Installing turtle_tf_broadcaster script to /home/zhuzeyu/guyueju/ros2_21_tutorials/install/learning_tf/lib/learning_tf
[3.046s] writing list of installed files to '/home/zhuzeyu/guyueju/ros2_21_tutorials/build/learning_tf/install.log'
[3.114s] Invoked command in '/home/zhuzeyu/guyueju/ros2_21_tutorials/learning_tf' returned '0': PYTHONPATH=/home/zhuzeyu/guyueju/ros2_21_tutorials/build/learning_tf/prefix_override:/usr/lib/python3/dist-packages/colcon_core/task/python/colcon_distutils_commands:/home/zhuzeyu/guyueju/ros2_21_tutorials/install/learning_tf/lib/python3.10/site-packages:${PYTHONPATH} /usr/bin/python3 -W ignore:setup.py install is deprecated -W ignore:easy_install command is deprecated setup.py egg_info --egg-base ../build/learning_tf build --build-base /home/zhuzeyu/guyueju/ros2_21_tutorials/build/learning_tf/build install --record /home/zhuzeyu/guyueju/ros2_21_tutorials/build/learning_tf/install.log --single-version-externally-managed install_data
