[2.605s] Invoking command in '/home/zhuzeyu/guyueju/ros2_21_tutorials/learning_tf': PYTHONPATH=/home/zhuzeyu/guyueju/ros2_21_tutorials/build/learning_tf/prefix_override:/usr/lib/python3/dist-packages/colcon_core/task/python/colcon_distutils_commands:/home/zhuzeyu/guyueju/ros2_21_tutorials/install/learning_tf/lib/python3.10/site-packages:${PYTHONPATH} /usr/bin/python3 -W ignore:setup.py install is deprecated -W ignore:easy_install command is deprecated setup.py egg_info --egg-base ../build/learning_tf build --build-base /home/zhuzeyu/guyueju/ros2_21_tutorials/build/learning_tf/build install --record /home/zhuzeyu/guyueju/ros2_21_tutorials/build/learning_tf/install.log --single-version-externally-managed install_data
[2.929s] running egg_info
[2.931s] writing ../build/learning_tf/learning_tf.egg-info/PKG-INFO
[2.933s] writing dependency_links to ../build/learning_tf/learning_tf.egg-info/dependency_links.txt
[2.933s] writing entry points to ../build/learning_tf/learning_tf.egg-info/entry_points.txt
[2.933s] writing requirements to ../build/learning_tf/learning_tf.egg-info/requires.txt
[2.934s] writing top-level names to ../build/learning_tf/learning_tf.egg-info/top_level.txt
[2.935s] reading manifest file '../build/learning_tf/learning_tf.egg-info/SOURCES.txt'
[2.936s] writing manifest file '../build/learning_tf/learning_tf.egg-info/SOURCES.txt'
[2.936s] running build
[2.936s] running build_py
[2.937s] running install
[2.938s] running install_lib
[2.940s] running install_data
[2.940s] running install_egg_info
[2.942s] removing '/home/zhuzeyu/guyueju/ros2_21_tutorials/install/learning_tf/lib/python3.10/site-packages/learning_tf-0.0.0-py3.10.egg-info' (and everything under it)
[2.943s] Copying ../build/learning_tf/learning_tf.egg-info to /home/zhuzeyu/guyueju/ros2_21_tutorials/install/learning_tf/lib/python3.10/site-packages/learning_tf-0.0.0-py3.10.egg-info
[2.944s] running install_scripts
[2.979s] Installing static_tf_broadcaster script to /home/zhuzeyu/guyueju/ros2_21_tutorials/install/learning_tf/lib/learning_tf
[2.979s] Installing tf_listener script to /home/zhuzeyu/guyueju/ros2_21_tutorials/install/learning_tf/lib/learning_tf
[2.979s] Installing turtle_following script to /home/zhuzeyu/guyueju/ros2_21_tutorials/install/learning_tf/lib/learning_tf
[2.982s] Installing turtle_tf_broadcaster script to /home/zhuzeyu/guyueju/ros2_21_tutorials/install/learning_tf/lib/learning_tf
[2.982s] writing list of installed files to '/home/zhuzeyu/guyueju/ros2_21_tutorials/build/learning_tf/install.log'
[3.041s] Invoked command in '/home/zhuzeyu/guyueju/ros2_21_tutorials/learning_tf' returned '0': PYTHONPATH=/home/zhuzeyu/guyueju/ros2_21_tutorials/build/learning_tf/prefix_override:/usr/lib/python3/dist-packages/colcon_core/task/python/colcon_distutils_commands:/home/zhuzeyu/guyueju/ros2_21_tutorials/install/learning_tf/lib/python3.10/site-packages:${PYTHONPATH} /usr/bin/python3 -W ignore:setup.py install is deprecated -W ignore:easy_install command is deprecated setup.py egg_info --egg-base ../build/learning_tf build --build-base /home/zhuzeyu/guyueju/ros2_21_tutorials/build/learning_tf/build install --record /home/zhuzeyu/guyueju/ros2_21_tutorials/build/learning_tf/install.log --single-version-externally-managed install_data
