[ 50%] Built target topic_helloworld_pub
[100%] Built target topic_helloworld_sub
-- Install configuration: ""
-- Up-to-date: /home/zhuzeyu/guyueju/ros2_21_tutorials/install/learning_topic_cpp/lib/learning_topic_cpp/topic_helloworld_pub
-- Up-to-date: /home/zhuzeyu/guyueju/ros2_21_tutorials/install/learning_topic_cpp/lib/learning_topic_cpp/topic_helloworld_sub
-- Up-to-date: /home/zhuzeyu/guyueju/ros2_21_tutorials/install/learning_topic_cpp/share/ament_index/resource_index/package_run_dependencies/learning_topic_cpp
-- Up-to-date: /home/zhuzeyu/guyueju/ros2_21_tutorials/install/learning_topic_cpp/share/ament_index/resource_index/parent_prefix_path/learning_topic_cpp
-- Up-to-date: /home/zhuzeyu/guyueju/ros2_21_tutorials/install/learning_topic_cpp/share/learning_topic_cpp/environment/ament_prefix_path.sh
-- Up-to-date: /home/zhuzeyu/guyueju/ros2_21_tutorials/install/learning_topic_cpp/share/learning_topic_cpp/environment/ament_prefix_path.dsv
-- Up-to-date: /home/zhuzeyu/guyueju/ros2_21_tutorials/install/learning_topic_cpp/share/learning_topic_cpp/environment/path.sh
-- Up-to-date: /home/zhuzeyu/guyueju/ros2_21_tutorials/install/learning_topic_cpp/share/learning_topic_cpp/environment/path.dsv
-- Up-to-date: /home/zhuzeyu/guyueju/ros2_21_tutorials/install/learning_topic_cpp/share/learning_topic_cpp/local_setup.bash
-- Up-to-date: /home/zhuzeyu/guyueju/ros2_21_tutorials/install/learning_topic_cpp/share/learning_topic_cpp/local_setup.sh
-- Up-to-date: /home/zhuzeyu/guyueju/ros2_21_tutorials/install/learning_topic_cpp/share/learning_topic_cpp/local_setup.zsh
-- Up-to-date: /home/zhuzeyu/guyueju/ros2_21_tutorials/install/learning_topic_cpp/share/learning_topic_cpp/local_setup.dsv
-- Installing: /home/zhuzeyu/guyueju/ros2_21_tutorials/install/learning_topic_cpp/share/learning_topic_cpp/package.dsv
-- Up-to-date: /home/zhuzeyu/guyueju/ros2_21_tutorials/install/learning_topic_cpp/share/ament_index/resource_index/packages/learning_topic_cpp
-- Up-to-date: /home/zhuzeyu/guyueju/ros2_21_tutorials/install/learning_topic_cpp/share/learning_topic_cpp/cmake/learning_topic_cppConfig.cmake
-- Up-to-date: /home/zhuzeyu/guyueju/ros2_21_tutorials/install/learning_topic_cpp/share/learning_topic_cpp/cmake/learning_topic_cppConfig-version.cmake
-- Up-to-date: /home/zhuzeyu/guyueju/ros2_21_tutorials/install/learning_topic_cpp/share/learning_topic_cpp/package.xml
