[0.794s] Invoking command in '/home/zhuzeyu/guyueju/ros2_21_tutorials/build/learning_node_cpp': CMAKE_PREFIX_PATH=/opt/ros/humble /usr/bin/cmake /home/zhuzeyu/guyueju/ros2_21_tutorials/learning_node_cpp -DCMAKE_INSTALL_PREFIX=/home/zhuzeyu/guyueju/ros2_21_tutorials/install/learning_node_cpp
[1.921s] -- The C compiler identification is GNU 11.4.0
[1.921s] -- The CXX compiler identification is GNU 11.4.0
[1.921s] -- Detecting C compiler ABI info
[1.921s] -- Detecting C compiler ABI info - done
[1.921s] -- Check for working C compiler: /usr/bin/cc - skipped
[1.921s] -- Detecting C compile features
[1.921s] -- Detecting C compile features - done
[1.921s] -- Detecting CXX compiler ABI info
[1.921s] -- Detecting CXX compiler ABI info - done
[1.921s] -- Check for working CXX compiler: /usr/bin/c++ - skipped
[1.921s] -- Detecting CXX compile features
[1.921s] -- Detecting CXX compile features - done
[1.921s] -- Found ament_cmake: 1.3.14 (/opt/ros/humble/share/ament_cmake/cmake)
[1.921s] -- Found Python3: /usr/bin/python3 (found version "3.10.12") found components: Interpreter 
[1.921s] -- Found rclcpp: 16.0.18 (/opt/ros/humble/share/rclcpp/cmake)
[1.922s] -- Found rosidl_generator_c: 3.1.8 (/opt/ros/humble/share/rosidl_generator_c/cmake)
[1.922s] -- Found rosidl_adapter: 3.1.8 (/opt/ros/humble/share/rosidl_adapter/cmake)
[1.922s] -- Found rosidl_generator_cpp: 3.1.8 (/opt/ros/humble/share/rosidl_generator_cpp/cmake)
[1.922s] -- Using all available rosidl_typesupport_c: rosidl_typesupport_fastrtps_c;rosidl_typesupport_introspection_c
[1.922s] -- Using all available rosidl_typesupport_cpp: rosidl_typesupport_fastrtps_cpp;rosidl_typesupport_introspection_cpp
[1.922s] -- Found rmw_implementation_cmake: 6.1.2 (/opt/ros/humble/share/rmw_implementation_cmake/cmake)
[1.922s] -- Found rmw_fastrtps_cpp: 6.2.10 (/opt/ros/humble/share/rmw_fastrtps_cpp/cmake)
[1.922s] -- Found OpenSSL: /usr/lib/x86_64-linux-gnu/libcrypto.so (found version "3.0.2")  
[1.922s] -- Found FastRTPS: /opt/ros/humble/include  
[1.922s] -- Using RMW implementation 'rmw_fastrtps_cpp' as default
[1.922s] -- Looking for pthread.h
[1.922s] -- Looking for pthread.h - found
[1.922s] -- Performing Test CMAKE_HAVE_LIBC_PTHREAD
[1.922s] -- Performing Test CMAKE_HAVE_LIBC_PTHREAD - Success
[1.922s] -- Found Threads: TRUE  
[1.922s] -- Found ament_lint_auto: 0.12.15 (/opt/ros/humble/share/ament_lint_auto/cmake)
[1.922s] -- Added test 'cppcheck' to perform static code analysis on C / C++ code
[1.922s] -- Configured cppcheck include dirs: 
[1.922s] -- Configured cppcheck exclude dirs and/or files: 
[1.922s] -- Added test 'lint_cmake' to check CMake code style
[1.922s] -- Added test 'uncrustify' to check C / C++ code style
[1.922s] -- Configured uncrustify additional arguments: 
[1.922s] -- Added test 'xmllint' to check XML markup files
[1.922s] -- Configuring done
[1.922s] -- Generating done
[1.922s] -- Build files have been written to: /home/zhuzeyu/guyueju/ros2_21_tutorials/build/learning_node_cpp
[1.928s] Invoked command in '/home/zhuzeyu/guyueju/ros2_21_tutorials/build/learning_node_cpp' returned '0': CMAKE_PREFIX_PATH=/opt/ros/humble /usr/bin/cmake /home/zhuzeyu/guyueju/ros2_21_tutorials/learning_node_cpp -DCMAKE_INSTALL_PREFIX=/home/zhuzeyu/guyueju/ros2_21_tutorials/install/learning_node_cpp
[1.929s] Invoking command in '/home/zhuzeyu/guyueju/ros2_21_tutorials/build/learning_node_cpp': CMAKE_PREFIX_PATH=/opt/ros/humble /usr/bin/cmake --build /home/zhuzeyu/guyueju/ros2_21_tutorials/build/learning_node_cpp -- -j16 -l16
[1.985s] [ 50%] [32mBuilding CXX object CMakeFiles/node_helloworld_class.dir/src/node_helloworld_class.cpp.o[0m
[5.980s] [100%] [32m[1mLinking CXX executable node_helloworld_class[0m
[6.121s] [100%] Built target node_helloworld_class
[6.135s] Invoked command in '/home/zhuzeyu/guyueju/ros2_21_tutorials/build/learning_node_cpp' returned '0': CMAKE_PREFIX_PATH=/opt/ros/humble /usr/bin/cmake --build /home/zhuzeyu/guyueju/ros2_21_tutorials/build/learning_node_cpp -- -j16 -l16
[6.137s] Invoking command in '/home/zhuzeyu/guyueju/ros2_21_tutorials/build/learning_node_cpp': CMAKE_PREFIX_PATH=/opt/ros/humble /usr/bin/cmake --install /home/zhuzeyu/guyueju/ros2_21_tutorials/build/learning_node_cpp
[6.146s] -- Install configuration: ""
[6.146s] -- Installing: /home/zhuzeyu/guyueju/ros2_21_tutorials/install/learning_node_cpp/lib/learning_node_cpp/node_helloworld_class
[6.147s] -- Set runtime path of "/home/zhuzeyu/guyueju/ros2_21_tutorials/install/learning_node_cpp/lib/learning_node_cpp/node_helloworld_class" to ""
[6.147s] -- Installing: /home/zhuzeyu/guyueju/ros2_21_tutorials/install/learning_node_cpp/share/ament_index/resource_index/package_run_dependencies/learning_node_cpp
[6.147s] -- Installing: /home/zhuzeyu/guyueju/ros2_21_tutorials/install/learning_node_cpp/share/ament_index/resource_index/parent_prefix_path/learning_node_cpp
[6.147s] -- Installing: /home/zhuzeyu/guyueju/ros2_21_tutorials/install/learning_node_cpp/share/learning_node_cpp/environment/ament_prefix_path.sh
[6.147s] -- Installing: /home/zhuzeyu/guyueju/ros2_21_tutorials/install/learning_node_cpp/share/learning_node_cpp/environment/ament_prefix_path.dsv
[6.147s] -- Installing: /home/zhuzeyu/guyueju/ros2_21_tutorials/install/learning_node_cpp/share/learning_node_cpp/environment/path.sh
[6.147s] -- Installing: /home/zhuzeyu/guyueju/ros2_21_tutorials/install/learning_node_cpp/share/learning_node_cpp/environment/path.dsv
[6.147s] -- Installing: /home/zhuzeyu/guyueju/ros2_21_tutorials/install/learning_node_cpp/share/learning_node_cpp/local_setup.bash
[6.147s] -- Installing: /home/zhuzeyu/guyueju/ros2_21_tutorials/install/learning_node_cpp/share/learning_node_cpp/local_setup.sh
[6.147s] -- Installing: /home/zhuzeyu/guyueju/ros2_21_tutorials/install/learning_node_cpp/share/learning_node_cpp/local_setup.zsh
[6.147s] -- Installing: /home/zhuzeyu/guyueju/ros2_21_tutorials/install/learning_node_cpp/share/learning_node_cpp/local_setup.dsv
[6.147s] -- Installing: /home/zhuzeyu/guyueju/ros2_21_tutorials/install/learning_node_cpp/share/learning_node_cpp/package.dsv
[6.148s] -- Installing: /home/zhuzeyu/guyueju/ros2_21_tutorials/install/learning_node_cpp/share/ament_index/resource_index/packages/learning_node_cpp
[6.148s] -- Installing: /home/zhuzeyu/guyueju/ros2_21_tutorials/install/learning_node_cpp/share/learning_node_cpp/cmake/learning_node_cppConfig.cmake
[6.148s] -- Installing: /home/zhuzeyu/guyueju/ros2_21_tutorials/install/learning_node_cpp/share/learning_node_cpp/cmake/learning_node_cppConfig-version.cmake
[6.148s] -- Installing: /home/zhuzeyu/guyueju/ros2_21_tutorials/install/learning_node_cpp/share/learning_node_cpp/package.xml
[6.150s] Invoked command in '/home/zhuzeyu/guyueju/ros2_21_tutorials/build/learning_node_cpp' returned '0': CMAKE_PREFIX_PATH=/opt/ros/humble /usr/bin/cmake --install /home/zhuzeyu/guyueju/ros2_21_tutorials/build/learning_node_cpp
