[1.751s] Invoking command in '/home/zhuzeyu/guyueju/ros2_21_tutorials/build/learning_topic_cpp': CMAKE_PREFIX_PATH=/opt/ros/humble /usr/bin/cmake /home/zhuzeyu/guyueju/ros2_21_tutorials/learning_topic_cpp -DCMAKE_INSTALL_PREFIX=/home/zhuzeyu/guyueju/ros2_21_tutorials/install/learning_topic_cpp
[1.907s] -- The C compiler identification is GNU 11.4.0
[1.907s] -- The CXX compiler identification is GNU 11.4.0
[1.908s] -- Detecting C compiler ABI info
[1.932s] -- Detecting C compiler ABI info - done
[1.938s] -- Check for working C compiler: /usr/bin/cc - skipped
[1.938s] -- Detecting C compile features
[1.938s] -- Detecting C compile features - done
[1.947s] -- Detecting CXX compiler ABI info
[2.071s] -- Detecting CXX compiler ABI info - done
[2.083s] -- Check for working CXX compiler: /usr/bin/c++ - skipped
[2.084s] -- Detecting CXX compile features
[2.084s] -- Detecting CXX compile features - done
[2.093s] -- Found ament_cmake: 1.3.14 (/opt/ros/humble/share/ament_cmake/cmake)
[2.292s] -- Found Python3: /usr/bin/python3 (found version "3.10.12") found components: Interpreter 
[2.442s] -- Found rclcpp: 16.0.18 (/opt/ros/humble/share/rclcpp/cmake)
[2.497s] -- Found rosidl_generator_c: 3.1.8 (/opt/ros/humble/share/rosidl_generator_c/cmake)
[2.510s] -- Found rosidl_adapter: 3.1.8 (/opt/ros/humble/share/rosidl_adapter/cmake)
[2.517s] -- Found rosidl_generator_cpp: 3.1.8 (/opt/ros/humble/share/rosidl_generator_cpp/cmake)
[2.534s] -- Using all available rosidl_typesupport_c: rosidl_typesupport_fastrtps_c;rosidl_typesupport_introspection_c
[2.558s] -- Using all available rosidl_typesupport_cpp: rosidl_typesupport_fastrtps_cpp;rosidl_typesupport_introspection_cpp
[2.614s] -- Found rmw_implementation_cmake: 6.1.2 (/opt/ros/humble/share/rmw_implementation_cmake/cmake)
[2.620s] -- Found rmw_fastrtps_cpp: 6.2.10 (/opt/ros/humble/share/rmw_fastrtps_cpp/cmake)
[2.707s] -- Found OpenSSL: /usr/lib/x86_64-linux-gnu/libcrypto.so (found version "3.0.2")  
[2.728s] -- Found FastRTPS: /opt/ros/humble/include  
[2.760s] -- Using RMW implementation 'rmw_fastrtps_cpp' as default
[2.769s] -- Looking for pthread.h
[2.822s] -- Looking for pthread.h - found
[2.822s] -- Performing Test CMAKE_HAVE_LIBC_PTHREAD
[2.876s] -- Performing Test CMAKE_HAVE_LIBC_PTHREAD - Success
[2.877s] -- Found Threads: TRUE  
[2.921s] -- Found ament_lint_auto: 0.12.15 (/opt/ros/humble/share/ament_lint_auto/cmake)
[2.982s] -- Added test 'cppcheck' to perform static code analysis on C / C++ code
[2.982s] -- Configured cppcheck include dirs: 
[2.982s] -- Configured cppcheck exclude dirs and/or files: 
[2.982s] -- Added test 'lint_cmake' to check CMake code style
[2.983s] -- Added test 'uncrustify' to check C / C++ code style
[2.983s] -- Configured uncrustify additional arguments: 
[2.983s] -- Added test 'xmllint' to check XML markup files
[2.984s] -- Configuring done
[2.993s] -- Generating done
[2.998s] -- Build files have been written to: /home/zhuzeyu/guyueju/ros2_21_tutorials/build/learning_topic_cpp
[3.010s] Invoked command in '/home/zhuzeyu/guyueju/ros2_21_tutorials/build/learning_topic_cpp' returned '0': CMAKE_PREFIX_PATH=/opt/ros/humble /usr/bin/cmake /home/zhuzeyu/guyueju/ros2_21_tutorials/learning_topic_cpp -DCMAKE_INSTALL_PREFIX=/home/zhuzeyu/guyueju/ros2_21_tutorials/install/learning_topic_cpp
[3.011s] Invoking command in '/home/zhuzeyu/guyueju/ros2_21_tutorials/build/learning_topic_cpp': CMAKE_PREFIX_PATH=/opt/ros/humble /usr/bin/cmake --build /home/zhuzeyu/guyueju/ros2_21_tutorials/build/learning_topic_cpp -- -j16 -l16
[3.061s] [ 25%] [32mBuilding CXX object CMakeFiles/topic_helloworld_sub.dir/src/topic_helloworld_sub.cpp.o[0m
[3.064s] [ 50%] [32mBuilding CXX object CMakeFiles/topic_helloworld_pub.dir/src/topic_helloworld_pub.cpp.o[0m
[9.169s] [ 75%] [32m[1mLinking CXX executable topic_helloworld_pub[0m
[9.355s] [ 75%] Built target topic_helloworld_pub
[11.257s] [100%] [32m[1mLinking CXX executable topic_helloworld_sub[0m
[11.518s] [100%] Built target topic_helloworld_sub
[11.529s] Invoked command in '/home/zhuzeyu/guyueju/ros2_21_tutorials/build/learning_topic_cpp' returned '0': CMAKE_PREFIX_PATH=/opt/ros/humble /usr/bin/cmake --build /home/zhuzeyu/guyueju/ros2_21_tutorials/build/learning_topic_cpp -- -j16 -l16
[11.530s] Invoking command in '/home/zhuzeyu/guyueju/ros2_21_tutorials/build/learning_topic_cpp': CMAKE_PREFIX_PATH=/opt/ros/humble /usr/bin/cmake --install /home/zhuzeyu/guyueju/ros2_21_tutorials/build/learning_topic_cpp
[11.539s] -- Install configuration: ""
[11.539s] -- Installing: /home/zhuzeyu/guyueju/ros2_21_tutorials/install/learning_topic_cpp/lib/learning_topic_cpp/topic_helloworld_pub
[11.540s] -- Set runtime path of "/home/zhuzeyu/guyueju/ros2_21_tutorials/install/learning_topic_cpp/lib/learning_topic_cpp/topic_helloworld_pub" to ""
[11.540s] -- Installing: /home/zhuzeyu/guyueju/ros2_21_tutorials/install/learning_topic_cpp/lib/learning_topic_cpp/topic_helloworld_sub
[11.542s] -- Set runtime path of "/home/zhuzeyu/guyueju/ros2_21_tutorials/install/learning_topic_cpp/lib/learning_topic_cpp/topic_helloworld_sub" to ""
[11.542s] -- Installing: /home/zhuzeyu/guyueju/ros2_21_tutorials/install/learning_topic_cpp/share/ament_index/resource_index/package_run_dependencies/learning_topic_cpp
[11.542s] -- Installing: /home/zhuzeyu/guyueju/ros2_21_tutorials/install/learning_topic_cpp/share/ament_index/resource_index/parent_prefix_path/learning_topic_cpp
[11.542s] -- Installing: /home/zhuzeyu/guyueju/ros2_21_tutorials/install/learning_topic_cpp/share/learning_topic_cpp/environment/ament_prefix_path.sh
[11.542s] -- Installing: /home/zhuzeyu/guyueju/ros2_21_tutorials/install/learning_topic_cpp/share/learning_topic_cpp/environment/ament_prefix_path.dsv
[11.542s] -- Installing: /home/zhuzeyu/guyueju/ros2_21_tutorials/install/learning_topic_cpp/share/learning_topic_cpp/environment/path.sh
[11.543s] -- Installing: /home/zhuzeyu/guyueju/ros2_21_tutorials/install/learning_topic_cpp/share/learning_topic_cpp/environment/path.dsv
[11.543s] -- Installing: /home/zhuzeyu/guyueju/ros2_21_tutorials/install/learning_topic_cpp/share/learning_topic_cpp/local_setup.bash
[11.543s] -- Installing: /home/zhuzeyu/guyueju/ros2_21_tutorials/install/learning_topic_cpp/share/learning_topic_cpp/local_setup.sh
[11.543s] -- Installing: /home/zhuzeyu/guyueju/ros2_21_tutorials/install/learning_topic_cpp/share/learning_topic_cpp/local_setup.zsh
[11.543s] -- Installing: /home/zhuzeyu/guyueju/ros2_21_tutorials/install/learning_topic_cpp/share/learning_topic_cpp/local_setup.dsv
[11.543s] -- Installing: /home/zhuzeyu/guyueju/ros2_21_tutorials/install/learning_topic_cpp/share/learning_topic_cpp/package.dsv
[11.543s] -- Installing: /home/zhuzeyu/guyueju/ros2_21_tutorials/install/learning_topic_cpp/share/ament_index/resource_index/packages/learning_topic_cpp
[11.543s] -- Installing: /home/zhuzeyu/guyueju/ros2_21_tutorials/install/learning_topic_cpp/share/learning_topic_cpp/cmake/learning_topic_cppConfig.cmake
[11.543s] -- Installing: /home/zhuzeyu/guyueju/ros2_21_tutorials/install/learning_topic_cpp/share/learning_topic_cpp/cmake/learning_topic_cppConfig-version.cmake
[11.543s] -- Installing: /home/zhuzeyu/guyueju/ros2_21_tutorials/install/learning_topic_cpp/share/learning_topic_cpp/package.xml
[11.545s] Invoked command in '/home/zhuzeyu/guyueju/ros2_21_tutorials/build/learning_topic_cpp' returned '0': CMAKE_PREFIX_PATH=/opt/ros/humble /usr/bin/cmake --install /home/zhuzeyu/guyueju/ros2_21_tutorials/build/learning_topic_cpp
