[0.791s] Invoking command in '/home/zhuzeyu/guyueju/ros2_21_tutorials/learning_topic': AMENT_PREFIX_PATH=/home/zhuzeyu/guyueju/ros2_21_tutorials/install/learning_interface:${AMENT_PREFIX_PATH} CMAKE_PREFIX_PATH=/home/zhuzeyu/guyueju/ros2_21_tutorials/install/learning_interface LD_LIBRARY_PATH=/home/zhuzeyu/guyueju/ros2_21_tutorials/install/learning_interface/lib:${LD_LIBRARY_PATH} PYTHONPATH=/home/zhuzeyu/guyueju/ros2_21_tutorials/build/learning_topic/prefix_override:/usr/lib/python3/dist-packages/colcon_core/task/python/colcon_distutils_commands:/home/zhuzeyu/guyueju/ros2_21_tutorials/install/learning_topic/lib/python3.10/site-packages:/home/zhuzeyu/guyueju/ros2_21_tutorials/install/learning_interface/local/lib/python3.10/dist-packages:${PYTHONPATH} /usr/bin/python3 -W ignore:setup.py install is deprecated -W ignore:easy_install command is deprecated setup.py egg_info --egg-base ../build/learning_topic build --build-base /home/zhuzeyu/guyueju/ros2_21_tutorials/build/learning_topic/build install --record /home/zhuzeyu/guyueju/ros2_21_tutorials/build/learning_topic/install.log --single-version-externally-managed install_data
[0.993s] running egg_info
[0.993s] writing ../build/learning_topic/learning_topic.egg-info/PKG-INFO
[0.993s] writing dependency_links to ../build/learning_topic/learning_topic.egg-info/dependency_links.txt
[0.994s] writing entry points to ../build/learning_topic/learning_topic.egg-info/entry_points.txt
[0.994s] writing requirements to ../build/learning_topic/learning_topic.egg-info/requires.txt
[0.994s] writing top-level names to ../build/learning_topic/learning_topic.egg-info/top_level.txt
[0.995s] reading manifest file '../build/learning_topic/learning_topic.egg-info/SOURCES.txt'
[0.996s] writing manifest file '../build/learning_topic/learning_topic.egg-info/SOURCES.txt'
[0.996s] running build
[0.996s] running build_py
[0.996s] running install
[0.996s] running install_lib
[0.997s] running install_data
[0.997s] running install_egg_info
[0.998s] removing '/home/zhuzeyu/guyueju/ros2_21_tutorials/install/learning_topic/lib/python3.10/site-packages/learning_topic-0.0.0-py3.10.egg-info' (and everything under it)
[0.998s] Copying ../build/learning_topic/learning_topic.egg-info to /home/zhuzeyu/guyueju/ros2_21_tutorials/install/learning_topic/lib/python3.10/site-packages/learning_topic-0.0.0-py3.10.egg-info
[0.999s] running install_scripts
[1.013s] Installing interface_object_pub script to /home/zhuzeyu/guyueju/ros2_21_tutorials/install/learning_topic/lib/learning_topic
[1.013s] Installing interface_object_sub script to /home/zhuzeyu/guyueju/ros2_21_tutorials/install/learning_topic/lib/learning_topic
[1.013s] Installing topic_helloworld_pub script to /home/zhuzeyu/guyueju/ros2_21_tutorials/install/learning_topic/lib/learning_topic
[1.014s] Installing topic_helloworld_sub script to /home/zhuzeyu/guyueju/ros2_21_tutorials/install/learning_topic/lib/learning_topic
[1.014s] Installing topic_webcam_pub script to /home/zhuzeyu/guyueju/ros2_21_tutorials/install/learning_topic/lib/learning_topic
[1.014s] Installing topic_webcam_sub script to /home/zhuzeyu/guyueju/ros2_21_tutorials/install/learning_topic/lib/learning_topic
[1.014s] writing list of installed files to '/home/zhuzeyu/guyueju/ros2_21_tutorials/build/learning_topic/install.log'
[1.030s] Invoked command in '/home/zhuzeyu/guyueju/ros2_21_tutorials/learning_topic' returned '0': AMENT_PREFIX_PATH=/home/zhuzeyu/guyueju/ros2_21_tutorials/install/learning_interface:${AMENT_PREFIX_PATH} CMAKE_PREFIX_PATH=/home/zhuzeyu/guyueju/ros2_21_tutorials/install/learning_interface LD_LIBRARY_PATH=/home/zhuzeyu/guyueju/ros2_21_tutorials/install/learning_interface/lib:${LD_LIBRARY_PATH} PYTHONPATH=/home/zhuzeyu/guyueju/ros2_21_tutorials/build/learning_topic/prefix_override:/usr/lib/python3/dist-packages/colcon_core/task/python/colcon_distutils_commands:/home/zhuzeyu/guyueju/ros2_21_tutorials/install/learning_topic/lib/python3.10/site-packages:/home/zhuzeyu/guyueju/ros2_21_tutorials/install/learning_interface/local/lib/python3.10/dist-packages:${PYTHONPATH} /usr/bin/python3 -W ignore:setup.py install is deprecated -W ignore:easy_install command is deprecated setup.py egg_info --egg-base ../build/learning_topic build --build-base /home/zhuzeyu/guyueju/ros2_21_tutorials/build/learning_topic/build install --record /home/zhuzeyu/guyueju/ros2_21_tutorials/build/learning_topic/install.log --single-version-externally-managed install_data
