running egg_info
creating ../../build/python/python.egg-info
writing ../../build/python/python.egg-info/PKG-INFO
writing dependency_links to ../../build/python/python.egg-info/dependency_links.txt
writing entry points to ../../build/python/python.egg-info/entry_points.txt
writing requirements to ../../build/python/python.egg-info/requires.txt
writing top-level names to ../../build/python/python.egg-info/top_level.txt
writing manifest file '../../build/python/python.egg-info/SOURCES.txt'
reading manifest file '../../build/python/python.egg-info/SOURCES.txt'
writing manifest file '../../build/python/python.egg-info/SOURCES.txt'
running build
running build_py
creating /home/zhuzeyu/ROS2-learning/build/python/build
creating /home/zhuzeyu/ROS2-learning/build/python/build/lib
creating /home/zhuzeyu/ROS2-learning/build/python/build/lib/python
copying python/__init__.py -> /home/zhuzeyu/ROS2-learning/build/python/build/lib/python
copying python/subscriber_node.py -> /home/zhuzeyu/ROS2-learning/build/python/build/lib/python
copying python/publisher_node.py -> /home/zhuzeyu/ROS2-learning/build/python/build/lib/python
running install
running install_lib
creating /home/zhuzeyu/ROS2-learning/install/python/lib/python3.10/site-packages/python
copying /home/zhuzeyu/ROS2-learning/build/python/build/lib/python/__init__.py -> /home/zhuzeyu/ROS2-learning/install/python/lib/python3.10/site-packages/python
copying /home/zhuzeyu/ROS2-learning/build/python/build/lib/python/subscriber_node.py -> /home/zhuzeyu/ROS2-learning/install/python/lib/python3.10/site-packages/python
copying /home/zhuzeyu/ROS2-learning/build/python/build/lib/python/publisher_node.py -> /home/zhuzeyu/ROS2-learning/install/python/lib/python3.10/site-packages/python
byte-compiling /home/zhuzeyu/ROS2-learning/install/python/lib/python3.10/site-packages/python/__init__.py to __init__.cpython-310.pyc
byte-compiling /home/zhuzeyu/ROS2-learning/install/python/lib/python3.10/site-packages/python/subscriber_node.py to subscriber_node.cpython-310.pyc
byte-compiling /home/zhuzeyu/ROS2-learning/install/python/lib/python3.10/site-packages/python/publisher_node.py to publisher_node.cpython-310.pyc
running install_data
creating /home/zhuzeyu/ROS2-learning/install/python/share/ament_index
creating /home/zhuzeyu/ROS2-learning/install/python/share/ament_index/resource_index
creating /home/zhuzeyu/ROS2-learning/install/python/share/ament_index/resource_index/packages
copying resource/python -> /home/zhuzeyu/ROS2-learning/install/python/share/ament_index/resource_index/packages
copying package.xml -> /home/zhuzeyu/ROS2-learning/install/python/share/python
running install_egg_info
Copying ../../build/python/python.egg-info to /home/zhuzeyu/ROS2-learning/install/python/lib/python3.10/site-packages/python-0.0.0-py3.10.egg-info
running install_scripts
Installing pub script to /home/zhuzeyu/ROS2-learning/install/python/lib/python
Installing sub script to /home/zhuzeyu/ROS2-learning/install/python/lib/python
writing list of installed files to '/home/zhuzeyu/ROS2-learning/build/python/install.log'
