[0.462s] Invoking command in '/home/zhuzeyu/ROS2-learning/src/python': PYTHONPATH=/home/zhuzeyu/ROS2-learning/build/python/prefix_override:/usr/lib/python3/dist-packages/colcon_core/task/python/colcon_distutils_commands:/home/zhuzeyu/ROS2-learning/install/python/lib/python3.10/site-packages:${PYTHONPATH} /usr/bin/python3 -W ignore:setup.py install is deprecated -W ignore:easy_install command is deprecated setup.py egg_info --egg-base ../../build/python build --build-base /home/zhuzeyu/ROS2-learning/build/python/build install --record /home/zhuzeyu/ROS2-learning/build/python/install.log --single-version-externally-managed install_data
[0.612s] running egg_info
[0.613s] creating ../../build/python/python.egg-info
[0.613s] writing ../../build/python/python.egg-info/PKG-INFO
[0.613s] writing dependency_links to ../../build/python/python.egg-info/dependency_links.txt
[0.613s] writing entry points to ../../build/python/python.egg-info/entry_points.txt
[0.613s] writing requirements to ../../build/python/python.egg-info/requires.txt
[0.613s] writing top-level names to ../../build/python/python.egg-info/top_level.txt
[0.613s] writing manifest file '../../build/python/python.egg-info/SOURCES.txt'
[0.614s] reading manifest file '../../build/python/python.egg-info/SOURCES.txt'
[0.614s] writing manifest file '../../build/python/python.egg-info/SOURCES.txt'
[0.614s] running build
[0.615s] running build_py
[0.615s] creating /home/zhuzeyu/ROS2-learning/build/python/build
[0.615s] creating /home/zhuzeyu/ROS2-learning/build/python/build/lib
[0.615s] creating /home/zhuzeyu/ROS2-learning/build/python/build/lib/python
[0.615s] copying python/__init__.py -> /home/zhuzeyu/ROS2-learning/build/python/build/lib/python
[0.615s] copying python/subscriber_node.py -> /home/zhuzeyu/ROS2-learning/build/python/build/lib/python
[0.615s] copying python/publisher_node.py -> /home/zhuzeyu/ROS2-learning/build/python/build/lib/python
[0.615s] running install
[0.615s] running install_lib
[0.615s] creating /home/zhuzeyu/ROS2-learning/install/python/lib/python3.10/site-packages/python
[0.616s] copying /home/zhuzeyu/ROS2-learning/build/python/build/lib/python/__init__.py -> /home/zhuzeyu/ROS2-learning/install/python/lib/python3.10/site-packages/python
[0.616s] copying /home/zhuzeyu/ROS2-learning/build/python/build/lib/python/subscriber_node.py -> /home/zhuzeyu/ROS2-learning/install/python/lib/python3.10/site-packages/python
[0.616s] copying /home/zhuzeyu/ROS2-learning/build/python/build/lib/python/publisher_node.py -> /home/zhuzeyu/ROS2-learning/install/python/lib/python3.10/site-packages/python
[0.616s] byte-compiling /home/zhuzeyu/ROS2-learning/install/python/lib/python3.10/site-packages/python/__init__.py to __init__.cpython-310.pyc
[0.616s] byte-compiling /home/zhuzeyu/ROS2-learning/install/python/lib/python3.10/site-packages/python/subscriber_node.py to subscriber_node.cpython-310.pyc
[0.616s] byte-compiling /home/zhuzeyu/ROS2-learning/install/python/lib/python3.10/site-packages/python/publisher_node.py to publisher_node.cpython-310.pyc
[0.616s] running install_data
[0.616s] creating /home/zhuzeyu/ROS2-learning/install/python/share/ament_index
[0.617s] creating /home/zhuzeyu/ROS2-learning/install/python/share/ament_index/resource_index
[0.617s] creating /home/zhuzeyu/ROS2-learning/install/python/share/ament_index/resource_index/packages
[0.617s] copying resource/python -> /home/zhuzeyu/ROS2-learning/install/python/share/ament_index/resource_index/packages
[0.617s] copying package.xml -> /home/zhuzeyu/ROS2-learning/install/python/share/python
[0.617s] running install_egg_info
[0.618s] Copying ../../build/python/python.egg-info to /home/zhuzeyu/ROS2-learning/install/python/lib/python3.10/site-packages/python-0.0.0-py3.10.egg-info
[0.618s] running install_scripts
[0.633s] Installing pub script to /home/zhuzeyu/ROS2-learning/install/python/lib/python
[0.633s] Installing sub script to /home/zhuzeyu/ROS2-learning/install/python/lib/python
[0.633s] writing list of installed files to '/home/zhuzeyu/ROS2-learning/build/python/install.log'
[0.647s] Invoked command in '/home/zhuzeyu/ROS2-learning/src/python' returned '0': PYTHONPATH=/home/zhuzeyu/ROS2-learning/build/python/prefix_override:/usr/lib/python3/dist-packages/colcon_core/task/python/colcon_distutils_commands:/home/zhuzeyu/ROS2-learning/install/python/lib/python3.10/site-packages:${PYTHONPATH} /usr/bin/python3 -W ignore:setup.py install is deprecated -W ignore:easy_install command is deprecated setup.py egg_info --egg-base ../../build/python build --build-base /home/zhuzeyu/ROS2-learning/build/python/build install --record /home/zhuzeyu/ROS2-learning/build/python/install.log --single-version-externally-managed install_data
