[2.833s] Invoking command in '/home/zhuzeyu/guyueju/ros2_21_tutorials/learning_urdf': PYTHONPATH=/home/zhuzeyu/guyueju/ros2_21_tutorials/build/learning_urdf/prefix_override:/usr/lib/python3/dist-packages/colcon_core/task/python/colcon_distutils_commands:/home/zhuzeyu/guyueju/ros2_21_tutorials/install/learning_urdf/lib/python3.10/site-packages:${PYTHONPATH} /usr/bin/python3 -W ignore:setup.py install is deprecated -W ignore:easy_install command is deprecated setup.py egg_info --egg-base ../build/learning_urdf build --build-base /home/zhuzeyu/guyueju/ros2_21_tutorials/build/learning_urdf/build install --record /home/zhuzeyu/guyueju/ros2_21_tutorials/build/learning_urdf/install.log --single-version-externally-managed install_data
[3.159s] running egg_info
[3.162s] writing ../build/learning_urdf/learning_urdf.egg-info/PKG-INFO
[3.162s] writing dependency_links to ../build/learning_urdf/learning_urdf.egg-info/dependency_links.txt
[3.162s] writing entry points to ../build/learning_urdf/learning_urdf.egg-info/entry_points.txt
[3.162s] writing requirements to ../build/learning_urdf/learning_urdf.egg-info/requires.txt
[3.162s] writing top-level names to ../build/learning_urdf/learning_urdf.egg-info/top_level.txt
[3.165s] reading manifest file '../build/learning_urdf/learning_urdf.egg-info/SOURCES.txt'
[3.166s] writing manifest file '../build/learning_urdf/learning_urdf.egg-info/SOURCES.txt'
[3.166s] running build
[3.166s] running build_py
[3.166s] running install
[3.166s] running install_lib
[3.169s] running install_data
[3.170s] running install_egg_info
[3.172s] removing '/home/zhuzeyu/guyueju/ros2_21_tutorials/install/learning_urdf/lib/python3.10/site-packages/learning_urdf-0.0.0-py3.10.egg-info' (and everything under it)
[3.172s] Copying ../build/learning_urdf/learning_urdf.egg-info to /home/zhuzeyu/guyueju/ros2_21_tutorials/install/learning_urdf/lib/python3.10/site-packages/learning_urdf-0.0.0-py3.10.egg-info
[3.173s] running install_scripts
[3.200s] writing list of installed files to '/home/zhuzeyu/guyueju/ros2_21_tutorials/build/learning_urdf/install.log'
[3.237s] Invoked command in '/home/zhuzeyu/guyueju/ros2_21_tutorials/learning_urdf' returned '0': PYTHONPATH=/home/zhuzeyu/guyueju/ros2_21_tutorials/build/learning_urdf/prefix_override:/usr/lib/python3/dist-packages/colcon_core/task/python/colcon_distutils_commands:/home/zhuzeyu/guyueju/ros2_21_tutorials/install/learning_urdf/lib/python3.10/site-packages:${PYTHONPATH} /usr/bin/python3 -W ignore:setup.py install is deprecated -W ignore:easy_install command is deprecated setup.py egg_info --egg-base ../build/learning_urdf build --build-base /home/zhuzeyu/guyueju/ros2_21_tutorials/build/learning_urdf/build install --record /home/zhuzeyu/guyueju/ros2_21_tutorials/build/learning_urdf/install.log --single-version-externally-managed install_data
