[0.404s] Invoking command in '/home/zhuzeyu/guyueju/ros2_21_tutorials/build/learning_service_cpp': AMENT_PREFIX_PATH=/home/zhuzeyu/guyueju/ros2_21_tutorials/install/learning_interface:${AMENT_PREFIX_PATH} CMAKE_PREFIX_PATH=/home/zhuzeyu/guyueju/ros2_21_tutorials/install/learning_interface:/opt/ros/humble LD_LIBRARY_PATH=/home/zhuzeyu/guyueju/ros2_21_tutorials/install/learning_interface/lib:${LD_LIBRARY_PATH} PYTHONPATH=/home/zhuzeyu/guyueju/ros2_21_tutorials/install/learning_interface/local/lib/python3.10/dist-packages:${PYTHONPATH} /usr/bin/cmake /home/zhuzeyu/guyueju/ros2_21_tutorials/learning_service_cpp -DCMAKE_INSTALL_PREFIX=/home/zhuzeyu/guyueju/ros2_21_tutorials/install/learning_service_cpp
[0.453s] -- The C compiler identification is GNU 11.4.0
[0.504s] -- The CXX compiler identification is GNU 11.4.0
[0.512s] -- Detecting C compiler ABI info
[0.580s] -- Detecting C compiler ABI info - done
[0.588s] -- Check for working C compiler: /usr/bin/cc - skipped
[0.588s] -- Detecting C compile features
[0.589s] -- Detecting C compile features - done
[0.591s] -- Detecting CXX compiler ABI info
[0.648s] -- Detecting CXX compiler ABI info - done
[0.653s] -- Check for working CXX compiler: /usr/bin/c++ - skipped
[0.653s] -- Detecting CXX compile features
[0.654s] -- Detecting CXX compile features - done
[0.655s] -- Found ament_cmake: 1.3.14 (/opt/ros/humble/share/ament_cmake/cmake)
[0.781s] -- Found Python3: /usr/bin/python3 (found version "3.10.12") found components: Interpreter 
[0.867s] -- Found rclcpp: 16.0.18 (/opt/ros/humble/share/rclcpp/cmake)
[0.892s] -- Found rosidl_generator_c: 3.1.8 (/opt/ros/humble/share/rosidl_generator_c/cmake)
[0.894s] -- Found rosidl_adapter: 3.1.8 (/opt/ros/humble/share/rosidl_adapter/cmake)
[0.900s] -- Found rosidl_generator_cpp: 3.1.8 (/opt/ros/humble/share/rosidl_generator_cpp/cmake)
[0.908s] -- Using all available rosidl_typesupport_c: rosidl_typesupport_fastrtps_c;rosidl_typesupport_introspection_c
[0.926s] -- Using all available rosidl_typesupport_cpp: rosidl_typesupport_fastrtps_cpp;rosidl_typesupport_introspection_cpp
[0.963s] -- Found rmw_implementation_cmake: 6.1.2 (/opt/ros/humble/share/rmw_implementation_cmake/cmake)
[0.965s] -- Found rmw_fastrtps_cpp: 6.2.10 (/opt/ros/humble/share/rmw_fastrtps_cpp/cmake)
[1.034s] -- Found OpenSSL: /usr/lib/x86_64-linux-gnu/libcrypto.so (found version "3.0.2")  
[1.061s] -- Found FastRTPS: /opt/ros/humble/include  
[1.091s] -- Using RMW implementation 'rmw_fastrtps_cpp' as default
[1.096s] -- Looking for pthread.h
[1.164s] -- Looking for pthread.h - found
[1.165s] -- Performing Test CMAKE_HAVE_LIBC_PTHREAD
[1.246s] -- Performing Test CMAKE_HAVE_LIBC_PTHREAD - Success
[1.247s] -- Found Threads: TRUE  
[1.311s] -- Found learning_interface: 0.0.0 (/home/zhuzeyu/guyueju/ros2_21_tutorials/install/learning_interface/share/learning_interface/cmake)
[1.357s] -- Found ament_lint_auto: 0.12.15 (/opt/ros/humble/share/ament_lint_auto/cmake)
[1.421s] -- Added test 'cppcheck' to perform static code analysis on C / C++ code
[1.421s] -- Configured cppcheck include dirs: 
[1.421s] -- Configured cppcheck exclude dirs and/or files: 
[1.421s] -- Added test 'lint_cmake' to check CMake code style
[1.422s] -- Added test 'uncrustify' to check C / C++ code style
[1.422s] -- Configured uncrustify additional arguments: 
[1.423s] -- Added test 'xmllint' to check XML markup files
[1.424s] -- Configuring done
[1.441s] -- Generating done
[1.448s] -- Build files have been written to: /home/zhuzeyu/guyueju/ros2_21_tutorials/build/learning_service_cpp
[1.459s] Invoked command in '/home/zhuzeyu/guyueju/ros2_21_tutorials/build/learning_service_cpp' returned '0': AMENT_PREFIX_PATH=/home/zhuzeyu/guyueju/ros2_21_tutorials/install/learning_interface:${AMENT_PREFIX_PATH} CMAKE_PREFIX_PATH=/home/zhuzeyu/guyueju/ros2_21_tutorials/install/learning_interface:/opt/ros/humble LD_LIBRARY_PATH=/home/zhuzeyu/guyueju/ros2_21_tutorials/install/learning_interface/lib:${LD_LIBRARY_PATH} PYTHONPATH=/home/zhuzeyu/guyueju/ros2_21_tutorials/install/learning_interface/local/lib/python3.10/dist-packages:${PYTHONPATH} /usr/bin/cmake /home/zhuzeyu/guyueju/ros2_21_tutorials/learning_service_cpp -DCMAKE_INSTALL_PREFIX=/home/zhuzeyu/guyueju/ros2_21_tutorials/install/learning_service_cpp
[1.461s] Invoking command in '/home/zhuzeyu/guyueju/ros2_21_tutorials/build/learning_service_cpp': AMENT_PREFIX_PATH=/home/zhuzeyu/guyueju/ros2_21_tutorials/install/learning_interface:${AMENT_PREFIX_PATH} CMAKE_PREFIX_PATH=/home/zhuzeyu/guyueju/ros2_21_tutorials/install/learning_interface:/opt/ros/humble LD_LIBRARY_PATH=/home/zhuzeyu/guyueju/ros2_21_tutorials/install/learning_interface/lib:${LD_LIBRARY_PATH} PYTHONPATH=/home/zhuzeyu/guyueju/ros2_21_tutorials/install/learning_interface/local/lib/python3.10/dist-packages:${PYTHONPATH} /usr/bin/cmake --build /home/zhuzeyu/guyueju/ros2_21_tutorials/build/learning_service_cpp -- -j16 -l16
[1.514s] [ 25%] [32mBuilding CXX object CMakeFiles/service_adder_server.dir/src/service_adder_server.cpp.o[0m
[1.516s] [ 50%] [32mBuilding CXX object CMakeFiles/service_adder_client.dir/src/service_adder_client.cpp.o[0m
[4.576s] [ 75%] [32m[1mLinking CXX executable service_adder_server[0m
[4.688s] [ 75%] Built target service_adder_server
[4.699s] [100%] [32m[1mLinking CXX executable service_adder_client[0m
[4.816s] [100%] Built target service_adder_client
[4.827s] Invoked command in '/home/zhuzeyu/guyueju/ros2_21_tutorials/build/learning_service_cpp' returned '0': AMENT_PREFIX_PATH=/home/zhuzeyu/guyueju/ros2_21_tutorials/install/learning_interface:${AMENT_PREFIX_PATH} CMAKE_PREFIX_PATH=/home/zhuzeyu/guyueju/ros2_21_tutorials/install/learning_interface:/opt/ros/humble LD_LIBRARY_PATH=/home/zhuzeyu/guyueju/ros2_21_tutorials/install/learning_interface/lib:${LD_LIBRARY_PATH} PYTHONPATH=/home/zhuzeyu/guyueju/ros2_21_tutorials/install/learning_interface/local/lib/python3.10/dist-packages:${PYTHONPATH} /usr/bin/cmake --build /home/zhuzeyu/guyueju/ros2_21_tutorials/build/learning_service_cpp -- -j16 -l16
[4.829s] Invoking command in '/home/zhuzeyu/guyueju/ros2_21_tutorials/build/learning_service_cpp': AMENT_PREFIX_PATH=/home/zhuzeyu/guyueju/ros2_21_tutorials/install/learning_interface:${AMENT_PREFIX_PATH} CMAKE_PREFIX_PATH=/home/zhuzeyu/guyueju/ros2_21_tutorials/install/learning_interface:/opt/ros/humble LD_LIBRARY_PATH=/home/zhuzeyu/guyueju/ros2_21_tutorials/install/learning_interface/lib:${LD_LIBRARY_PATH} PYTHONPATH=/home/zhuzeyu/guyueju/ros2_21_tutorials/install/learning_interface/local/lib/python3.10/dist-packages:${PYTHONPATH} /usr/bin/cmake --install /home/zhuzeyu/guyueju/ros2_21_tutorials/build/learning_service_cpp
[4.838s] -- Install configuration: ""
[4.838s] -- Installing: /home/zhuzeyu/guyueju/ros2_21_tutorials/install/learning_service_cpp/lib/learning_service_cpp/service_adder_server
[4.838s] -- Set runtime path of "/home/zhuzeyu/guyueju/ros2_21_tutorials/install/learning_service_cpp/lib/learning_service_cpp/service_adder_server" to ""
[4.838s] -- Installing: /home/zhuzeyu/guyueju/ros2_21_tutorials/install/learning_service_cpp/lib/learning_service_cpp/service_adder_client
[4.838s] -- Set runtime path of "/home/zhuzeyu/guyueju/ros2_21_tutorials/install/learning_service_cpp/lib/learning_service_cpp/service_adder_client" to ""
[4.839s] -- Installing: /home/zhuzeyu/guyueju/ros2_21_tutorials/install/learning_service_cpp/share/ament_index/resource_index/package_run_dependencies/learning_service_cpp
[4.839s] -- Installing: /home/zhuzeyu/guyueju/ros2_21_tutorials/install/learning_service_cpp/share/ament_index/resource_index/parent_prefix_path/learning_service_cpp
[4.839s] -- Installing: /home/zhuzeyu/guyueju/ros2_21_tutorials/install/learning_service_cpp/share/learning_service_cpp/environment/ament_prefix_path.sh
[4.839s] -- Installing: /home/zhuzeyu/guyueju/ros2_21_tutorials/install/learning_service_cpp/share/learning_service_cpp/environment/ament_prefix_path.dsv
[4.839s] -- Installing: /home/zhuzeyu/guyueju/ros2_21_tutorials/install/learning_service_cpp/share/learning_service_cpp/environment/path.sh
[4.839s] -- Installing: /home/zhuzeyu/guyueju/ros2_21_tutorials/install/learning_service_cpp/share/learning_service_cpp/environment/path.dsv
[4.839s] -- Installing: /home/zhuzeyu/guyueju/ros2_21_tutorials/install/learning_service_cpp/share/learning_service_cpp/local_setup.bash
[4.839s] -- Installing: /home/zhuzeyu/guyueju/ros2_21_tutorials/install/learning_service_cpp/share/learning_service_cpp/local_setup.sh
[4.839s] -- Installing: /home/zhuzeyu/guyueju/ros2_21_tutorials/install/learning_service_cpp/share/learning_service_cpp/local_setup.zsh
[4.839s] -- Installing: /home/zhuzeyu/guyueju/ros2_21_tutorials/install/learning_service_cpp/share/learning_service_cpp/local_setup.dsv
[4.839s] -- Installing: /home/zhuzeyu/guyueju/ros2_21_tutorials/install/learning_service_cpp/share/learning_service_cpp/package.dsv
[4.839s] -- Installing: /home/zhuzeyu/guyueju/ros2_21_tutorials/install/learning_service_cpp/share/ament_index/resource_index/packages/learning_service_cpp
[4.839s] -- Installing: /home/zhuzeyu/guyueju/ros2_21_tutorials/install/learning_service_cpp/share/learning_service_cpp/cmake/learning_service_cppConfig.cmake
[4.839s] -- Installing: /home/zhuzeyu/guyueju/ros2_21_tutorials/install/learning_service_cpp/share/learning_service_cpp/cmake/learning_service_cppConfig-version.cmake
[4.840s] -- Installing: /home/zhuzeyu/guyueju/ros2_21_tutorials/install/learning_service_cpp/share/learning_service_cpp/package.xml
[4.841s] Invoked command in '/home/zhuzeyu/guyueju/ros2_21_tutorials/build/learning_service_cpp' returned '0': AMENT_PREFIX_PATH=/home/zhuzeyu/guyueju/ros2_21_tutorials/install/learning_interface:${AMENT_PREFIX_PATH} CMAKE_PREFIX_PATH=/home/zhuzeyu/guyueju/ros2_21_tutorials/install/learning_interface:/opt/ros/humble LD_LIBRARY_PATH=/home/zhuzeyu/guyueju/ros2_21_tutorials/install/learning_interface/lib:${LD_LIBRARY_PATH} PYTHONPATH=/home/zhuzeyu/guyueju/ros2_21_tutorials/install/learning_interface/local/lib/python3.10/dist-packages:${PYTHONPATH} /usr/bin/cmake --install /home/zhuzeyu/guyueju/ros2_21_tutorials/build/learning_service_cpp
