[0.931s] Invoking command in '/home/zhuzeyu/guyueju/ros2_21_tutorials/build/learning_parameter_cpp': CMAKE_PREFIX_PATH=/opt/ros/humble /usr/bin/cmake --build /home/zhuzeyu/guyueju/ros2_21_tutorials/build/learning_parameter_cpp -- -j16 -l16
[1.545s] [100%] Built target param_declare
[1.558s] Invoked command in '/home/zhuzeyu/guyueju/ros2_21_tutorials/build/learning_parameter_cpp' returned '0': CMAKE_PREFIX_PATH=/opt/ros/humble /usr/bin/cmake --build /home/zhuzeyu/guyueju/ros2_21_tutorials/build/learning_parameter_cpp -- -j16 -l16
[1.559s] Invoking command in '/home/zhuzeyu/guyueju/ros2_21_tutorials/build/learning_parameter_cpp': CMAKE_PREFIX_PATH=/opt/ros/humble /usr/bin/cmake --install /home/zhuzeyu/guyueju/ros2_21_tutorials/build/learning_parameter_cpp
[1.581s] -- Install configuration: ""
[1.584s] -- Up-to-date: /home/zhuzeyu/guyueju/ros2_21_tutorials/install/learning_parameter_cpp/lib/learning_parameter_cpp/param_declare
[1.584s] -- Up-to-date: /home/zhuzeyu/guyueju/ros2_21_tutorials/install/learning_parameter_cpp/share/ament_index/resource_index/package_run_dependencies/learning_parameter_cpp
[1.584s] -- Up-to-date: /home/zhuzeyu/guyueju/ros2_21_tutorials/install/learning_parameter_cpp/share/ament_index/resource_index/parent_prefix_path/learning_parameter_cpp
[1.585s] -- Up-to-date: /home/zhuzeyu/guyueju/ros2_21_tutorials/install/learning_parameter_cpp/share/learning_parameter_cpp/environment/ament_prefix_path.sh
[1.585s] -- Up-to-date: /home/zhuzeyu/guyueju/ros2_21_tutorials/install/learning_parameter_cpp/share/learning_parameter_cpp/environment/ament_prefix_path.dsv
[1.585s] -- Up-to-date: /home/zhuzeyu/guyueju/ros2_21_tutorials/install/learning_parameter_cpp/share/learning_parameter_cpp/environment/path.sh
[1.585s] -- Up-to-date: /home/zhuzeyu/guyueju/ros2_21_tutorials/install/learning_parameter_cpp/share/learning_parameter_cpp/environment/path.dsv
[1.585s] -- Up-to-date: /home/zhuzeyu/guyueju/ros2_21_tutorials/install/learning_parameter_cpp/share/learning_parameter_cpp/local_setup.bash
[1.585s] -- Up-to-date: /home/zhuzeyu/guyueju/ros2_21_tutorials/install/learning_parameter_cpp/share/learning_parameter_cpp/local_setup.sh
[1.585s] -- Up-to-date: /home/zhuzeyu/guyueju/ros2_21_tutorials/install/learning_parameter_cpp/share/learning_parameter_cpp/local_setup.zsh
[1.586s] -- Up-to-date: /home/zhuzeyu/guyueju/ros2_21_tutorials/install/learning_parameter_cpp/share/learning_parameter_cpp/local_setup.dsv
[1.586s] -- Installing: /home/zhuzeyu/guyueju/ros2_21_tutorials/install/learning_parameter_cpp/share/learning_parameter_cpp/package.dsv
[1.586s] -- Up-to-date: /home/zhuzeyu/guyueju/ros2_21_tutorials/install/learning_parameter_cpp/share/ament_index/resource_index/packages/learning_parameter_cpp
[1.586s] -- Up-to-date: /home/zhuzeyu/guyueju/ros2_21_tutorials/install/learning_parameter_cpp/share/learning_parameter_cpp/cmake/learning_parameter_cppConfig.cmake
[1.586s] -- Up-to-date: /home/zhuzeyu/guyueju/ros2_21_tutorials/install/learning_parameter_cpp/share/learning_parameter_cpp/cmake/learning_parameter_cppConfig-version.cmake
[1.586s] -- Up-to-date: /home/zhuzeyu/guyueju/ros2_21_tutorials/install/learning_parameter_cpp/share/learning_parameter_cpp/package.xml
[1.724s] Invoked command in '/home/zhuzeyu/guyueju/ros2_21_tutorials/build/learning_parameter_cpp' returned '0': CMAKE_PREFIX_PATH=/opt/ros/humble /usr/bin/cmake --install /home/zhuzeyu/guyueju/ros2_21_tutorials/build/learning_parameter_cpp
