running egg_info
writing ../../build/python/python.egg-info/PKG-INFO
writing dependency_links to ../../build/python/python.egg-info/dependency_links.txt
writing entry points to ../../build/python/python.egg-info/entry_points.txt
writing requirements to ../../build/python/python.egg-info/requires.txt
writing top-level names to ../../build/python/python.egg-info/top_level.txt
reading manifest file '../../build/python/python.egg-info/SOURCES.txt'
writing manifest file '../../build/python/python.egg-info/SOURCES.txt'
running build
running build_py
copying python/service_client.py -> /home/zhuzeyu/ROS2-learning/build/python/build/lib/python
copying python/service_node.py -> /home/zhuzeyu/ROS2-learning/build/python/build/lib/python
running install
running install_lib
copying /home/zhuzeyu/ROS2-learning/build/python/build/lib/python/service_client.py -> /home/zhuzeyu/ROS2-learning/install/python/lib/python3.10/site-packages/python
copying /home/zhuzeyu/ROS2-learning/build/python/build/lib/python/service_node.py -> /home/zhuzeyu/ROS2-learning/install/python/lib/python3.10/site-packages/python
byte-compiling /home/zhuzeyu/ROS2-learning/install/python/lib/python3.10/site-packages/python/service_client.py to service_client.cpython-310.pyc
byte-compiling /home/zhuzeyu/ROS2-learning/install/python/lib/python3.10/site-packages/python/service_node.py to service_node.cpython-310.pyc
running install_data
copying package.xml -> /home/zhuzeyu/ROS2-learning/install/python/share/python
running install_egg_info
removing '/home/zhuzeyu/ROS2-learning/install/python/lib/python3.10/site-packages/python-0.0.0-py3.10.egg-info' (and everything under it)
Copying ../../build/python/python.egg-info to /home/zhuzeyu/ROS2-learning/install/python/lib/python3.10/site-packages/python-0.0.0-py3.10.egg-info
running install_scripts
Installing client script to /home/zhuzeyu/ROS2-learning/install/python/lib/python
Installing pub script to /home/zhuzeyu/ROS2-learning/install/python/lib/python
Installing service script to /home/zhuzeyu/ROS2-learning/install/python/lib/python
Installing sub script to /home/zhuzeyu/ROS2-learning/install/python/lib/python
Installing turtle script to /home/zhuzeyu/ROS2-learning/install/python/lib/python
writing list of installed files to '/home/zhuzeyu/ROS2-learning/build/python/install.log'
