[0.399s] Invoking command in '/home/zhuzeyu/ROS2-learning/src/python': PYTHONPATH=/home/zhuzeyu/ROS2-learning/build/python/prefix_override:/usr/lib/python3/dist-packages/colcon_core/task/python/colcon_distutils_commands:/home/zhuzeyu/ROS2-learning/install/python/lib/python3.10/site-packages:${PYTHONPATH} /usr/bin/python3 -W ignore:setup.py install is deprecated -W ignore:easy_install command is deprecated setup.py egg_info --egg-base ../../build/python build --build-base /home/zhuzeyu/ROS2-learning/build/python/build install --record /home/zhuzeyu/ROS2-learning/build/python/install.log --single-version-externally-managed install_data
[0.539s] running egg_info
[0.539s] writing ../../build/python/python.egg-info/PKG-INFO
[0.539s] writing dependency_links to ../../build/python/python.egg-info/dependency_links.txt
[0.539s] writing entry points to ../../build/python/python.egg-info/entry_points.txt
[0.539s] writing requirements to ../../build/python/python.egg-info/requires.txt
[0.539s] writing top-level names to ../../build/python/python.egg-info/top_level.txt
[0.540s] reading manifest file '../../build/python/python.egg-info/SOURCES.txt'
[0.541s] writing manifest file '../../build/python/python.egg-info/SOURCES.txt'
[0.541s] running build
[0.541s] running build_py
[0.541s] copying python/service_client.py -> /home/zhuzeyu/ROS2-learning/build/python/build/lib/python
[0.541s] copying python/service_node.py -> /home/zhuzeyu/ROS2-learning/build/python/build/lib/python
[0.541s] running install
[0.541s] running install_lib
[0.542s] copying /home/zhuzeyu/ROS2-learning/build/python/build/lib/python/service_client.py -> /home/zhuzeyu/ROS2-learning/install/python/lib/python3.10/site-packages/python
[0.542s] copying /home/zhuzeyu/ROS2-learning/build/python/build/lib/python/service_node.py -> /home/zhuzeyu/ROS2-learning/install/python/lib/python3.10/site-packages/python
[0.542s] byte-compiling /home/zhuzeyu/ROS2-learning/install/python/lib/python3.10/site-packages/python/service_client.py to service_client.cpython-310.pyc
[0.542s] byte-compiling /home/zhuzeyu/ROS2-learning/install/python/lib/python3.10/site-packages/python/service_node.py to service_node.cpython-310.pyc
[0.543s] running install_data
[0.543s] copying package.xml -> /home/zhuzeyu/ROS2-learning/install/python/share/python
[0.543s] running install_egg_info
[0.544s] removing '/home/zhuzeyu/ROS2-learning/install/python/lib/python3.10/site-packages/python-0.0.0-py3.10.egg-info' (and everything under it)
[0.544s] Copying ../../build/python/python.egg-info to /home/zhuzeyu/ROS2-learning/install/python/lib/python3.10/site-packages/python-0.0.0-py3.10.egg-info
[0.544s] running install_scripts
[0.558s] Installing client script to /home/zhuzeyu/ROS2-learning/install/python/lib/python
[0.558s] Installing pub script to /home/zhuzeyu/ROS2-learning/install/python/lib/python
[0.558s] Installing service script to /home/zhuzeyu/ROS2-learning/install/python/lib/python
[0.558s] Installing sub script to /home/zhuzeyu/ROS2-learning/install/python/lib/python
[0.558s] Installing turtle script to /home/zhuzeyu/ROS2-learning/install/python/lib/python
[0.574s] writing list of installed files to '/home/zhuzeyu/ROS2-learning/build/python/install.log'
[0.588s] Invoked command in '/home/zhuzeyu/ROS2-learning/src/python' returned '0': PYTHONPATH=/home/zhuzeyu/ROS2-learning/build/python/prefix_override:/usr/lib/python3/dist-packages/colcon_core/task/python/colcon_distutils_commands:/home/zhuzeyu/ROS2-learning/install/python/lib/python3.10/site-packages:${PYTHONPATH} /usr/bin/python3 -W ignore:setup.py install is deprecated -W ignore:easy_install command is deprecated setup.py egg_info --egg-base ../../build/python build --build-base /home/zhuzeyu/ROS2-learning/build/python/build install --record /home/zhuzeyu/ROS2-learning/build/python/install.log --single-version-externally-managed install_data
