[2.813s] Invoking command in '/home/zhuzeyu/guyueju/ros2_21_tutorials/learning_parameter': PYTHONPATH=/home/zhuzeyu/guyueju/ros2_21_tutorials/build/learning_parameter/prefix_override:/usr/lib/python3/dist-packages/colcon_core/task/python/colcon_distutils_commands:/home/zhuzeyu/guyueju/ros2_21_tutorials/install/learning_parameter/lib/python3.10/site-packages:${PYTHONPATH} /usr/bin/python3 -W ignore:setup.py install is deprecated -W ignore:easy_install command is deprecated setup.py egg_info --egg-base ../build/learning_parameter build --build-base /home/zhuzeyu/guyueju/ros2_21_tutorials/build/learning_parameter/build install --record /home/zhuzeyu/guyueju/ros2_21_tutorials/build/learning_parameter/install.log --single-version-externally-managed install_data
[3.020s] running egg_info
[3.021s] writing ../build/learning_parameter/learning_parameter.egg-info/PKG-INFO
[3.021s] writing dependency_links to ../build/learning_parameter/learning_parameter.egg-info/dependency_links.txt
[3.021s] writing entry points to ../build/learning_parameter/learning_parameter.egg-info/entry_points.txt
[3.022s] writing requirements to ../build/learning_parameter/learning_parameter.egg-info/requires.txt
[3.022s] writing top-level names to ../build/learning_parameter/learning_parameter.egg-info/top_level.txt
[3.022s] reading manifest file '../build/learning_parameter/learning_parameter.egg-info/SOURCES.txt'
[3.022s] writing manifest file '../build/learning_parameter/learning_parameter.egg-info/SOURCES.txt'
[3.022s] running build
[3.022s] running build_py
[3.022s] running install
[3.023s] running install_lib
[3.023s] running install_data
[3.023s] running install_egg_info
[3.025s] removing '/home/zhuzeyu/guyueju/ros2_21_tutorials/install/learning_parameter/lib/python3.10/site-packages/learning_parameter-0.0.0-py3.10.egg-info' (and everything under it)
[3.025s] Copying ../build/learning_parameter/learning_parameter.egg-info to /home/zhuzeyu/guyueju/ros2_21_tutorials/install/learning_parameter/lib/python3.10/site-packages/learning_parameter-0.0.0-py3.10.egg-info
[3.026s] running install_scripts
[3.055s] Installing param_declare script to /home/zhuzeyu/guyueju/ros2_21_tutorials/install/learning_parameter/lib/learning_parameter
[3.055s] Installing param_object_detect script to /home/zhuzeyu/guyueju/ros2_21_tutorials/install/learning_parameter/lib/learning_parameter
[3.056s] writing list of installed files to '/home/zhuzeyu/guyueju/ros2_21_tutorials/build/learning_parameter/install.log'
[3.096s] Invoked command in '/home/zhuzeyu/guyueju/ros2_21_tutorials/learning_parameter' returned '0': PYTHONPATH=/home/zhuzeyu/guyueju/ros2_21_tutorials/build/learning_parameter/prefix_override:/usr/lib/python3/dist-packages/colcon_core/task/python/colcon_distutils_commands:/home/zhuzeyu/guyueju/ros2_21_tutorials/install/learning_parameter/lib/python3.10/site-packages:${PYTHONPATH} /usr/bin/python3 -W ignore:setup.py install is deprecated -W ignore:easy_install command is deprecated setup.py egg_info --egg-base ../build/learning_parameter build --build-base /home/zhuzeyu/guyueju/ros2_21_tutorials/build/learning_parameter/build install --record /home/zhuzeyu/guyueju/ros2_21_tutorials/build/learning_parameter/install.log --single-version-externally-managed install_data
