[2.727s] Invoking command in '/home/zhuzeyu/guyueju/ros2_21_tutorials/learning_qos': PYTHONPATH=/home/zhuzeyu/guyueju/ros2_21_tutorials/build/learning_qos/prefix_override:/usr/lib/python3/dist-packages/colcon_core/task/python/colcon_distutils_commands:/home/zhuzeyu/guyueju/ros2_21_tutorials/install/learning_qos/lib/python3.10/site-packages:${PYTHONPATH} /usr/bin/python3 -W ignore:setup.py install is deprecated -W ignore:easy_install command is deprecated setup.py egg_info --egg-base ../build/learning_qos build --build-base /home/zhuzeyu/guyueju/ros2_21_tutorials/build/learning_qos/build install --record /home/zhuzeyu/guyueju/ros2_21_tutorials/build/learning_qos/install.log --single-version-externally-managed install_data
[3.048s] running egg_info
[3.049s] writing ../build/learning_qos/learning_qos.egg-info/PKG-INFO
[3.049s] writing dependency_links to ../build/learning_qos/learning_qos.egg-info/dependency_links.txt
[3.049s] writing entry points to ../build/learning_qos/learning_qos.egg-info/entry_points.txt
[3.049s] writing requirements to ../build/learning_qos/learning_qos.egg-info/requires.txt
[3.049s] writing top-level names to ../build/learning_qos/learning_qos.egg-info/top_level.txt
[3.050s] reading manifest file '../build/learning_qos/learning_qos.egg-info/SOURCES.txt'
[3.051s] writing manifest file '../build/learning_qos/learning_qos.egg-info/SOURCES.txt'
[3.051s] running build
[3.051s] running build_py
[3.051s] running install
[3.051s] running install_lib
[3.052s] running install_data
[3.052s] running install_egg_info
[3.053s] removing '/home/zhuzeyu/guyueju/ros2_21_tutorials/install/learning_qos/lib/python3.10/site-packages/learning_qos-0.0.0-py3.10.egg-info' (and everything under it)
[3.054s] Copying ../build/learning_qos/learning_qos.egg-info to /home/zhuzeyu/guyueju/ros2_21_tutorials/install/learning_qos/lib/python3.10/site-packages/learning_qos-0.0.0-py3.10.egg-info
[3.054s] running install_scripts
[3.069s] Installing qos_helloworld_pub script to /home/zhuzeyu/guyueju/ros2_21_tutorials/install/learning_qos/lib/learning_qos
[3.069s] Installing qos_helloworld_sub script to /home/zhuzeyu/guyueju/ros2_21_tutorials/install/learning_qos/lib/learning_qos
[3.069s] writing list of installed files to '/home/zhuzeyu/guyueju/ros2_21_tutorials/build/learning_qos/install.log'
[3.575s] Invoked command in '/home/zhuzeyu/guyueju/ros2_21_tutorials/learning_qos' returned '0': PYTHONPATH=/home/zhuzeyu/guyueju/ros2_21_tutorials/build/learning_qos/prefix_override:/usr/lib/python3/dist-packages/colcon_core/task/python/colcon_distutils_commands:/home/zhuzeyu/guyueju/ros2_21_tutorials/install/learning_qos/lib/python3.10/site-packages:${PYTHONPATH} /usr/bin/python3 -W ignore:setup.py install is deprecated -W ignore:easy_install command is deprecated setup.py egg_info --egg-base ../build/learning_qos build --build-base /home/zhuzeyu/guyueju/ros2_21_tutorials/build/learning_qos/build install --record /home/zhuzeyu/guyueju/ros2_21_tutorials/build/learning_qos/install.log --single-version-externally-managed install_data
