[0.947s] Invoking command in '/home/zhuzeyu/guyueju/ros2_21_tutorials/build/learning_pkg_c': CMAKE_PREFIX_PATH=/opt/ros/humble /usr/bin/cmake /home/zhuzeyu/guyueju/ros2_21_tutorials/learning_pkg_c -DCMAKE_INSTALL_PREFIX=/home/zhuzeyu/guyueju/ros2_21_tutorials/install/learning_pkg_c
[1.918s] -- The C compiler identification is GNU 11.4.0
[1.918s] -- The CXX compiler identification is GNU 11.4.0
[1.918s] -- Detecting C compiler ABI info
[1.918s] -- Detecting C compiler ABI info - done
[1.918s] -- Check for working C compiler: /usr/bin/cc - skipped
[1.918s] -- Detecting C compile features
[1.918s] -- Detecting C compile features - done
[1.918s] -- Detecting CXX compiler ABI info
[1.918s] -- Detecting CXX compiler ABI info - done
[1.918s] -- Check for working CXX compiler: /usr/bin/c++ - skipped
[1.918s] -- Detecting CXX compile features
[1.918s] -- Detecting CXX compile features - done
[1.918s] -- Found ament_cmake: 1.3.14 (/opt/ros/humble/share/ament_cmake/cmake)
[1.918s] -- Found Python3: /usr/bin/python3 (found version "3.10.12") found components: Interpreter 
[1.918s] -- Found ament_lint_auto: 0.12.15 (/opt/ros/humble/share/ament_lint_auto/cmake)
[1.918s] -- Added test 'lint_cmake' to check CMake code style
[1.918s] -- Added test 'xmllint' to check XML markup files
[1.918s] -- Configuring done
[1.918s] -- Generating done
[1.918s] -- Build files have been written to: /home/zhuzeyu/guyueju/ros2_21_tutorials/build/learning_pkg_c
[1.920s] Invoked command in '/home/zhuzeyu/guyueju/ros2_21_tutorials/build/learning_pkg_c' returned '0': CMAKE_PREFIX_PATH=/opt/ros/humble /usr/bin/cmake /home/zhuzeyu/guyueju/ros2_21_tutorials/learning_pkg_c -DCMAKE_INSTALL_PREFIX=/home/zhuzeyu/guyueju/ros2_21_tutorials/install/learning_pkg_c
[1.921s] Invoking command in '/home/zhuzeyu/guyueju/ros2_21_tutorials/build/learning_pkg_c': CMAKE_PREFIX_PATH=/opt/ros/humble /usr/bin/cmake --build /home/zhuzeyu/guyueju/ros2_21_tutorials/build/learning_pkg_c -- -j16 -l16
[1.988s] Invoked command in '/home/zhuzeyu/guyueju/ros2_21_tutorials/build/learning_pkg_c' returned '0': CMAKE_PREFIX_PATH=/opt/ros/humble /usr/bin/cmake --build /home/zhuzeyu/guyueju/ros2_21_tutorials/build/learning_pkg_c -- -j16 -l16
[2.016s] Invoking command in '/home/zhuzeyu/guyueju/ros2_21_tutorials/build/learning_pkg_c': CMAKE_PREFIX_PATH=/opt/ros/humble /usr/bin/cmake --install /home/zhuzeyu/guyueju/ros2_21_tutorials/build/learning_pkg_c
[2.040s] -- Install configuration: ""
[2.040s] -- Installing: /home/zhuzeyu/guyueju/ros2_21_tutorials/install/learning_pkg_c/share/ament_index/resource_index/package_run_dependencies/learning_pkg_c
[2.040s] -- Installing: /home/zhuzeyu/guyueju/ros2_21_tutorials/install/learning_pkg_c/share/ament_index/resource_index/parent_prefix_path/learning_pkg_c
[2.045s] -- Installing: /home/zhuzeyu/guyueju/ros2_21_tutorials/install/learning_pkg_c/share/learning_pkg_c/environment/ament_prefix_path.sh
[2.047s] -- Installing: /home/zhuzeyu/guyueju/ros2_21_tutorials/install/learning_pkg_c/share/learning_pkg_c/environment/ament_prefix_path.dsv
[2.048s] -- Installing: /home/zhuzeyu/guyueju/ros2_21_tutorials/install/learning_pkg_c/share/learning_pkg_c/environment/path.sh
[2.048s] -- Installing: /home/zhuzeyu/guyueju/ros2_21_tutorials/install/learning_pkg_c/share/learning_pkg_c/environment/path.dsv
[2.049s] -- Installing: /home/zhuzeyu/guyueju/ros2_21_tutorials/install/learning_pkg_c/share/learning_pkg_c/local_setup.bash
[2.050s] -- Installing: /home/zhuzeyu/guyueju/ros2_21_tutorials/install/learning_pkg_c/share/learning_pkg_c/local_setup.sh
[2.051s] -- Installing: /home/zhuzeyu/guyueju/ros2_21_tutorials/install/learning_pkg_c/share/learning_pkg_c/local_setup.zsh
[2.052s] -- Installing: /home/zhuzeyu/guyueju/ros2_21_tutorials/install/learning_pkg_c/share/learning_pkg_c/local_setup.dsv
[2.052s] -- Installing: /home/zhuzeyu/guyueju/ros2_21_tutorials/install/learning_pkg_c/share/learning_pkg_c/package.dsv
[2.053s] -- Installing: /home/zhuzeyu/guyueju/ros2_21_tutorials/install/learning_pkg_c/share/ament_index/resource_index/packages/learning_pkg_c
[2.054s] -- Installing: /home/zhuzeyu/guyueju/ros2_21_tutorials/install/learning_pkg_c/share/learning_pkg_c/cmake/learning_pkg_cConfig.cmake
[2.057s] -- Installing: /home/zhuzeyu/guyueju/ros2_21_tutorials/install/learning_pkg_c/share/learning_pkg_c/cmake/learning_pkg_cConfig-version.cmake
[2.057s] -- Installing: /home/zhuzeyu/guyueju/ros2_21_tutorials/install/learning_pkg_c/share/learning_pkg_c/package.xml
[2.065s] Invoked command in '/home/zhuzeyu/guyueju/ros2_21_tutorials/build/learning_pkg_c' returned '0': CMAKE_PREFIX_PATH=/opt/ros/humble /usr/bin/cmake --install /home/zhuzeyu/guyueju/ros2_21_tutorials/build/learning_pkg_c
