[2.687s] Invoking command in '/home/zhuzeyu/guyueju/ros2_21_tutorials/learning_launch': PYTHONPATH=/home/zhuzeyu/guyueju/ros2_21_tutorials/build/learning_launch/prefix_override:/usr/lib/python3/dist-packages/colcon_core/task/python/colcon_distutils_commands:/home/zhuzeyu/guyueju/ros2_21_tutorials/install/learning_launch/lib/python3.10/site-packages:${PYTHONPATH} /usr/bin/python3 -W ignore:setup.py install is deprecated -W ignore:easy_install command is deprecated setup.py egg_info --egg-base ../build/learning_launch build --build-base /home/zhuzeyu/guyueju/ros2_21_tutorials/build/learning_launch/build install --record /home/zhuzeyu/guyueju/ros2_21_tutorials/build/learning_launch/install.log --single-version-externally-managed install_data
[2.998s] running egg_info
[2.999s] writing ../build/learning_launch/learning_launch.egg-info/PKG-INFO
[2.999s] writing dependency_links to ../build/learning_launch/learning_launch.egg-info/dependency_links.txt
[2.999s] writing entry points to ../build/learning_launch/learning_launch.egg-info/entry_points.txt
[2.999s] writing requirements to ../build/learning_launch/learning_launch.egg-info/requires.txt
[2.999s] writing top-level names to ../build/learning_launch/learning_launch.egg-info/top_level.txt
[3.001s] reading manifest file '../build/learning_launch/learning_launch.egg-info/SOURCES.txt'
[3.002s] writing manifest file '../build/learning_launch/learning_launch.egg-info/SOURCES.txt'
[3.002s] running build
[3.003s] running build_py
[3.003s] running install
[3.003s] running install_lib
[3.005s] running install_data
[3.006s] running install_egg_info
[3.008s] removing '/home/zhuzeyu/guyueju/ros2_21_tutorials/install/learning_launch/lib/python3.10/site-packages/learning_launch-0.0.0-py3.10.egg-info' (and everything under it)
[3.009s] Copying ../build/learning_launch/learning_launch.egg-info to /home/zhuzeyu/guyueju/ros2_21_tutorials/install/learning_launch/lib/python3.10/site-packages/learning_launch-0.0.0-py3.10.egg-info
[3.010s] running install_scripts
[3.040s] writing list of installed files to '/home/zhuzeyu/guyueju/ros2_21_tutorials/build/learning_launch/install.log'
[3.106s] Invoked command in '/home/zhuzeyu/guyueju/ros2_21_tutorials/learning_launch' returned '0': PYTHONPATH=/home/zhuzeyu/guyueju/ros2_21_tutorials/build/learning_launch/prefix_override:/usr/lib/python3/dist-packages/colcon_core/task/python/colcon_distutils_commands:/home/zhuzeyu/guyueju/ros2_21_tutorials/install/learning_launch/lib/python3.10/site-packages:${PYTHONPATH} /usr/bin/python3 -W ignore:setup.py install is deprecated -W ignore:easy_install command is deprecated setup.py egg_info --egg-base ../build/learning_launch build --build-base /home/zhuzeyu/guyueju/ros2_21_tutorials/build/learning_launch/build install --record /home/zhuzeyu/guyueju/ros2_21_tutorials/build/learning_launch/install.log --single-version-externally-managed install_data
