[2.858s] Invoking command in '/home/zhuzeyu/guyueju/ros2_21_tutorials/learning_gazebo': PYTHONPATH=/home/zhuzeyu/guyueju/ros2_21_tutorials/build/learning_gazebo/prefix_override:/usr/lib/python3/dist-packages/colcon_core/task/python/colcon_distutils_commands:/home/zhuzeyu/guyueju/ros2_21_tutorials/install/learning_gazebo/lib/python3.10/site-packages:${PYTHONPATH} /usr/bin/python3 -W ignore:setup.py install is deprecated -W ignore:easy_install command is deprecated setup.py egg_info --egg-base ../build/learning_gazebo build --build-base /home/zhuzeyu/guyueju/ros2_21_tutorials/build/learning_gazebo/build install --record /home/zhuzeyu/guyueju/ros2_21_tutorials/build/learning_gazebo/install.log --single-version-externally-managed install_data
[3.178s] running egg_info
[3.179s] writing ../build/learning_gazebo/learning_gazebo.egg-info/PKG-INFO
[3.179s] writing dependency_links to ../build/learning_gazebo/learning_gazebo.egg-info/dependency_links.txt
[3.179s] writing entry points to ../build/learning_gazebo/learning_gazebo.egg-info/entry_points.txt
[3.179s] writing requirements to ../build/learning_gazebo/learning_gazebo.egg-info/requires.txt
[3.179s] writing top-level names to ../build/learning_gazebo/learning_gazebo.egg-info/top_level.txt
[3.182s] reading manifest file '../build/learning_gazebo/learning_gazebo.egg-info/SOURCES.txt'
[3.183s] writing manifest file '../build/learning_gazebo/learning_gazebo.egg-info/SOURCES.txt'
[3.183s] running build
[3.183s] running build_py
[3.183s] running install
[3.184s] running install_lib
[3.185s] running install_data
[3.186s] running install_egg_info
[3.189s] removing '/home/zhuzeyu/guyueju/ros2_21_tutorials/install/learning_gazebo/lib/python3.10/site-packages/learning_gazebo-0.0.0-py3.10.egg-info' (and everything under it)
[3.189s] Copying ../build/learning_gazebo/learning_gazebo.egg-info to /home/zhuzeyu/guyueju/ros2_21_tutorials/install/learning_gazebo/lib/python3.10/site-packages/learning_gazebo-0.0.0-py3.10.egg-info
[3.190s] running install_scripts
[3.219s] writing list of installed files to '/home/zhuzeyu/guyueju/ros2_21_tutorials/build/learning_gazebo/install.log'
[3.627s] Invoked command in '/home/zhuzeyu/guyueju/ros2_21_tutorials/learning_gazebo' returned '0': PYTHONPATH=/home/zhuzeyu/guyueju/ros2_21_tutorials/build/learning_gazebo/prefix_override:/usr/lib/python3/dist-packages/colcon_core/task/python/colcon_distutils_commands:/home/zhuzeyu/guyueju/ros2_21_tutorials/install/learning_gazebo/lib/python3.10/site-packages:${PYTHONPATH} /usr/bin/python3 -W ignore:setup.py install is deprecated -W ignore:easy_install command is deprecated setup.py egg_info --egg-base ../build/learning_gazebo build --build-base /home/zhuzeyu/guyueju/ros2_21_tutorials/build/learning_gazebo/build install --record /home/zhuzeyu/guyueju/ros2_21_tutorials/build/learning_gazebo/install.log --single-version-externally-managed install_data
