[1.090s] Invoking command in '/home/zhuzeyu/guyueju/ros2_21_tutorials/learning_topic': CMAKE_PREFIX_PATH=/home/zhuzeyu/guyueju/ros2_21_tutorials/install/learning_interface:/home/zhuzeyu/guyueju/ros2_21_tutorials/install/learning_topic_cpp:/home/zhuzeyu/guyueju/ros2_21_tutorials/install/learning_tf_cpp:/home/zhuzeyu/guyueju/ros2_21_tutorials/install/learning_service_cpp:/home/zhuzeyu/guyueju/ros2_21_tutorials/install/learning_pkg_c:/home/zhuzeyu/guyueju/ros2_21_tutorials/install/learning_parameter_cpp:/home/zhuzeyu/guyueju/ros2_21_tutorials/install/learning_node_cpp:/home/zhuzeyu/guyueju/ros2_21_tutorials/install/learning_action_cpp PYTHONPATH=/home/zhuzeyu/guyueju/ros2_21_tutorials/build/learning_topic/prefix_override:/usr/lib/python3/dist-packages/colcon_core/task/python/colcon_distutils_commands:/home/zhuzeyu/guyueju/ros2_21_tutorials/install/learning_topic/lib/python3.10/site-packages:${PYTHONPATH} /usr/bin/python3 -W ignore:setup.py install is deprecated -W ignore:easy_install command is deprecated setup.py egg_info --egg-base ../build/learning_topic build --build-base /home/zhuzeyu/guyueju/ros2_21_tutorials/build/learning_topic/build install --record /home/zhuzeyu/guyueju/ros2_21_tutorials/build/learning_topic/install.log --single-version-externally-managed install_data
[1.276s] running egg_info
[1.276s] writing ../build/learning_topic/learning_topic.egg-info/PKG-INFO
[1.276s] writing dependency_links to ../build/learning_topic/learning_topic.egg-info/dependency_links.txt
[1.276s] writing entry points to ../build/learning_topic/learning_topic.egg-info/entry_points.txt
[1.276s] writing requirements to ../build/learning_topic/learning_topic.egg-info/requires.txt
[1.276s] writing top-level names to ../build/learning_topic/learning_topic.egg-info/top_level.txt
[1.277s] reading manifest file '../build/learning_topic/learning_topic.egg-info/SOURCES.txt'
[1.278s] writing manifest file '../build/learning_topic/learning_topic.egg-info/SOURCES.txt'
[1.279s] running build
[1.279s] running build_py
[1.279s] running install
[1.279s] running install_lib
[1.280s] running install_data
[1.280s] running install_egg_info
[1.282s] removing '/home/zhuzeyu/guyueju/ros2_21_tutorials/install/learning_topic/lib/python3.10/site-packages/learning_topic-0.0.0-py3.10.egg-info' (and everything under it)
[1.282s] Copying ../build/learning_topic/learning_topic.egg-info to /home/zhuzeyu/guyueju/ros2_21_tutorials/install/learning_topic/lib/python3.10/site-packages/learning_topic-0.0.0-py3.10.egg-info
[1.282s] running install_scripts
[1.299s] Installing interface_object_pub script to /home/zhuzeyu/guyueju/ros2_21_tutorials/install/learning_topic/lib/learning_topic
[1.299s] Installing interface_object_sub script to /home/zhuzeyu/guyueju/ros2_21_tutorials/install/learning_topic/lib/learning_topic
[1.299s] Installing topic_helloworld_pub script to /home/zhuzeyu/guyueju/ros2_21_tutorials/install/learning_topic/lib/learning_topic
[1.299s] Installing topic_helloworld_sub script to /home/zhuzeyu/guyueju/ros2_21_tutorials/install/learning_topic/lib/learning_topic
[1.299s] Installing topic_webcam_pub script to /home/zhuzeyu/guyueju/ros2_21_tutorials/install/learning_topic/lib/learning_topic
[1.299s] Installing topic_webcam_sub script to /home/zhuzeyu/guyueju/ros2_21_tutorials/install/learning_topic/lib/learning_topic
[1.300s] writing list of installed files to '/home/zhuzeyu/guyueju/ros2_21_tutorials/build/learning_topic/install.log'
[1.323s] Invoked command in '/home/zhuzeyu/guyueju/ros2_21_tutorials/learning_topic' returned '0': CMAKE_PREFIX_PATH=/home/zhuzeyu/guyueju/ros2_21_tutorials/install/learning_interface:/home/zhuzeyu/guyueju/ros2_21_tutorials/install/learning_topic_cpp:/home/zhuzeyu/guyueju/ros2_21_tutorials/install/learning_tf_cpp:/home/zhuzeyu/guyueju/ros2_21_tutorials/install/learning_service_cpp:/home/zhuzeyu/guyueju/ros2_21_tutorials/install/learning_pkg_c:/home/zhuzeyu/guyueju/ros2_21_tutorials/install/learning_parameter_cpp:/home/zhuzeyu/guyueju/ros2_21_tutorials/install/learning_node_cpp:/home/zhuzeyu/guyueju/ros2_21_tutorials/install/learning_action_cpp PYTHONPATH=/home/zhuzeyu/guyueju/ros2_21_tutorials/build/learning_topic/prefix_override:/usr/lib/python3/dist-packages/colcon_core/task/python/colcon_distutils_commands:/home/zhuzeyu/guyueju/ros2_21_tutorials/install/learning_topic/lib/python3.10/site-packages:${PYTHONPATH} /usr/bin/python3 -W ignore:setup.py install is deprecated -W ignore:easy_install command is deprecated setup.py egg_info --egg-base ../build/learning_topic build --build-base /home/zhuzeyu/guyueju/ros2_21_tutorials/build/learning_topic/build install --record /home/zhuzeyu/guyueju/ros2_21_tutorials/build/learning_topic/install.log --single-version-externally-managed install_data
