[2.449s] Invoking command in '/home/zhuzeyu/guyueju/ros2_21_tutorials/learning_parameter': PYTHONPATH=/home/zhuzeyu/guyueju/ros2_21_tutorials/build/learning_parameter/prefix_override:/usr/lib/python3/dist-packages/colcon_core/task/python/colcon_distutils_commands:/home/zhuzeyu/guyueju/ros2_21_tutorials/install/learning_parameter/lib/python3.10/site-packages:${PYTHONPATH} /usr/bin/python3 -W ignore:setup.py install is deprecated -W ignore:easy_install command is deprecated setup.py egg_info --egg-base ../build/learning_parameter build --build-base /home/zhuzeyu/guyueju/ros2_21_tutorials/build/learning_parameter/build install --record /home/zhuzeyu/guyueju/ros2_21_tutorials/build/learning_parameter/install.log --single-version-externally-managed install_data
[2.683s] running egg_info
[2.684s] creating ../build/learning_parameter/learning_parameter.egg-info
[2.684s] writing ../build/learning_parameter/learning_parameter.egg-info/PKG-INFO
[2.686s] writing dependency_links to ../build/learning_parameter/learning_parameter.egg-info/dependency_links.txt
[2.686s] writing entry points to ../build/learning_parameter/learning_parameter.egg-info/entry_points.txt
[2.687s] writing requirements to ../build/learning_parameter/learning_parameter.egg-info/requires.txt
[2.687s] writing top-level names to ../build/learning_parameter/learning_parameter.egg-info/top_level.txt
[2.687s] writing manifest file '../build/learning_parameter/learning_parameter.egg-info/SOURCES.txt'
[2.687s] reading manifest file '../build/learning_parameter/learning_parameter.egg-info/SOURCES.txt'
[2.687s] writing manifest file '../build/learning_parameter/learning_parameter.egg-info/SOURCES.txt'
[2.687s] running build
[2.687s] running build_py
[2.687s] creating /home/zhuzeyu/guyueju/ros2_21_tutorials/build/learning_parameter/build
[2.687s] creating /home/zhuzeyu/guyueju/ros2_21_tutorials/build/learning_parameter/build/lib
[2.687s] creating /home/zhuzeyu/guyueju/ros2_21_tutorials/build/learning_parameter/build/lib/learning_parameter
[2.687s] copying learning_parameter/param_object_detect.py -> /home/zhuzeyu/guyueju/ros2_21_tutorials/build/learning_parameter/build/lib/learning_parameter
[2.690s] copying learning_parameter/__init__.py -> /home/zhuzeyu/guyueju/ros2_21_tutorials/build/learning_parameter/build/lib/learning_parameter
[2.690s] copying learning_parameter/param_declare.py -> /home/zhuzeyu/guyueju/ros2_21_tutorials/build/learning_parameter/build/lib/learning_parameter
[2.690s] running install
[2.690s] running install_lib
[2.691s] creating /home/zhuzeyu/guyueju/ros2_21_tutorials/install/learning_parameter/lib/python3.10/site-packages/learning_parameter
[2.691s] copying /home/zhuzeyu/guyueju/ros2_21_tutorials/build/learning_parameter/build/lib/learning_parameter/param_object_detect.py -> /home/zhuzeyu/guyueju/ros2_21_tutorials/install/learning_parameter/lib/python3.10/site-packages/learning_parameter
[2.691s] copying /home/zhuzeyu/guyueju/ros2_21_tutorials/build/learning_parameter/build/lib/learning_parameter/__init__.py -> /home/zhuzeyu/guyueju/ros2_21_tutorials/install/learning_parameter/lib/python3.10/site-packages/learning_parameter
[2.691s] copying /home/zhuzeyu/guyueju/ros2_21_tutorials/build/learning_parameter/build/lib/learning_parameter/param_declare.py -> /home/zhuzeyu/guyueju/ros2_21_tutorials/install/learning_parameter/lib/python3.10/site-packages/learning_parameter
[2.691s] byte-compiling /home/zhuzeyu/guyueju/ros2_21_tutorials/install/learning_parameter/lib/python3.10/site-packages/learning_parameter/param_object_detect.py to param_object_detect.cpython-310.pyc
[2.693s] byte-compiling /home/zhuzeyu/guyueju/ros2_21_tutorials/install/learning_parameter/lib/python3.10/site-packages/learning_parameter/__init__.py to __init__.cpython-310.pyc
[2.693s] byte-compiling /home/zhuzeyu/guyueju/ros2_21_tutorials/install/learning_parameter/lib/python3.10/site-packages/learning_parameter/param_declare.py to param_declare.cpython-310.pyc
[2.693s] running install_data
[2.693s] creating /home/zhuzeyu/guyueju/ros2_21_tutorials/install/learning_parameter/share/ament_index
[2.693s] creating /home/zhuzeyu/guyueju/ros2_21_tutorials/install/learning_parameter/share/ament_index/resource_index
[2.693s] creating /home/zhuzeyu/guyueju/ros2_21_tutorials/install/learning_parameter/share/ament_index/resource_index/packages
[2.693s] copying resource/learning_parameter -> /home/zhuzeyu/guyueju/ros2_21_tutorials/install/learning_parameter/share/ament_index/resource_index/packages
[2.693s] copying package.xml -> /home/zhuzeyu/guyueju/ros2_21_tutorials/install/learning_parameter/share/learning_parameter
[2.694s] running install_egg_info
[2.694s] Copying ../build/learning_parameter/learning_parameter.egg-info to /home/zhuzeyu/guyueju/ros2_21_tutorials/install/learning_parameter/lib/python3.10/site-packages/learning_parameter-0.0.0-py3.10.egg-info
[2.694s] running install_scripts
[2.713s] Installing param_declare script to /home/zhuzeyu/guyueju/ros2_21_tutorials/install/learning_parameter/lib/learning_parameter
[2.713s] Installing param_object_detect script to /home/zhuzeyu/guyueju/ros2_21_tutorials/install/learning_parameter/lib/learning_parameter
[2.715s] writing list of installed files to '/home/zhuzeyu/guyueju/ros2_21_tutorials/build/learning_parameter/install.log'
[2.738s] Invoked command in '/home/zhuzeyu/guyueju/ros2_21_tutorials/learning_parameter' returned '0': PYTHONPATH=/home/zhuzeyu/guyueju/ros2_21_tutorials/build/learning_parameter/prefix_override:/usr/lib/python3/dist-packages/colcon_core/task/python/colcon_distutils_commands:/home/zhuzeyu/guyueju/ros2_21_tutorials/install/learning_parameter/lib/python3.10/site-packages:${PYTHONPATH} /usr/bin/python3 -W ignore:setup.py install is deprecated -W ignore:easy_install command is deprecated setup.py egg_info --egg-base ../build/learning_parameter build --build-base /home/zhuzeyu/guyueju/ros2_21_tutorials/build/learning_parameter/build install --record /home/zhuzeyu/guyueju/ros2_21_tutorials/build/learning_parameter/install.log --single-version-externally-managed install_data
