[1.381s] Invoking command in '/home/zhuzeyu/guyueju/ros2_21_tutorials/build/learning_tf_cpp': CMAKE_PREFIX_PATH=/opt/ros/humble /usr/bin/cmake --build /home/zhuzeyu/guyueju/ros2_21_tutorials/build/learning_tf_cpp -- -j16 -l16
[1.532s] [ 25%] Built target turtle_following
[1.532s] [ 50%] Built target static_tf_broadcaster
[1.532s] [ 87%] Built target turtle_tf_broadcaster
[1.532s] [100%] Built target tf_listener
[1.546s] Invoked command in '/home/zhuzeyu/guyueju/ros2_21_tutorials/build/learning_tf_cpp' returned '0': CMAKE_PREFIX_PATH=/opt/ros/humble /usr/bin/cmake --build /home/zhuzeyu/guyueju/ros2_21_tutorials/build/learning_tf_cpp -- -j16 -l16
[1.547s] Invoking command in '/home/zhuzeyu/guyueju/ros2_21_tutorials/build/learning_tf_cpp': CMAKE_PREFIX_PATH=/opt/ros/humble /usr/bin/cmake --install /home/zhuzeyu/guyueju/ros2_21_tutorials/build/learning_tf_cpp
[1.591s] -- Install configuration: ""
[1.592s] -- Up-to-date: /home/zhuzeyu/guyueju/ros2_21_tutorials/install/learning_tf_cpp/lib/learning_tf_cpp/static_tf_broadcaster
[1.592s] -- Up-to-date: /home/zhuzeyu/guyueju/ros2_21_tutorials/install/learning_tf_cpp/lib/learning_tf_cpp/turtle_tf_broadcaster
[1.592s] -- Up-to-date: /home/zhuzeyu/guyueju/ros2_21_tutorials/install/learning_tf_cpp/lib/learning_tf_cpp/tf_listener
[1.592s] -- Up-to-date: /home/zhuzeyu/guyueju/ros2_21_tutorials/install/learning_tf_cpp/lib/learning_tf_cpp/turtle_following
[1.592s] -- Up-to-date: /home/zhuzeyu/guyueju/ros2_21_tutorials/install/learning_tf_cpp/share/learning_tf_cpp//launch
[1.592s] -- Up-to-date: /home/zhuzeyu/guyueju/ros2_21_tutorials/install/learning_tf_cpp/share/learning_tf_cpp//launch/turtle_following_demo.launch.py
[1.592s] -- Up-to-date: /home/zhuzeyu/guyueju/ros2_21_tutorials/install/learning_tf_cpp/share/ament_index/resource_index/package_run_dependencies/learning_tf_cpp
[1.592s] -- Up-to-date: /home/zhuzeyu/guyueju/ros2_21_tutorials/install/learning_tf_cpp/share/ament_index/resource_index/parent_prefix_path/learning_tf_cpp
[1.592s] -- Up-to-date: /home/zhuzeyu/guyueju/ros2_21_tutorials/install/learning_tf_cpp/share/learning_tf_cpp/environment/ament_prefix_path.sh
[1.593s] -- Up-to-date: /home/zhuzeyu/guyueju/ros2_21_tutorials/install/learning_tf_cpp/share/learning_tf_cpp/environment/ament_prefix_path.dsv
[1.593s] -- Up-to-date: /home/zhuzeyu/guyueju/ros2_21_tutorials/install/learning_tf_cpp/share/learning_tf_cpp/environment/path.sh
[1.593s] -- Up-to-date: /home/zhuzeyu/guyueju/ros2_21_tutorials/install/learning_tf_cpp/share/learning_tf_cpp/environment/path.dsv
[1.593s] -- Up-to-date: /home/zhuzeyu/guyueju/ros2_21_tutorials/install/learning_tf_cpp/share/learning_tf_cpp/local_setup.bash
[1.593s] -- Up-to-date: /home/zhuzeyu/guyueju/ros2_21_tutorials/install/learning_tf_cpp/share/learning_tf_cpp/local_setup.sh
[1.593s] -- Up-to-date: /home/zhuzeyu/guyueju/ros2_21_tutorials/install/learning_tf_cpp/share/learning_tf_cpp/local_setup.zsh
[1.593s] -- Up-to-date: /home/zhuzeyu/guyueju/ros2_21_tutorials/install/learning_tf_cpp/share/learning_tf_cpp/local_setup.dsv
[1.593s] -- Installing: /home/zhuzeyu/guyueju/ros2_21_tutorials/install/learning_tf_cpp/share/learning_tf_cpp/package.dsv
[1.593s] -- Up-to-date: /home/zhuzeyu/guyueju/ros2_21_tutorials/install/learning_tf_cpp/share/ament_index/resource_index/packages/learning_tf_cpp
[1.593s] -- Up-to-date: /home/zhuzeyu/guyueju/ros2_21_tutorials/install/learning_tf_cpp/share/learning_tf_cpp/cmake/learning_tf_cppConfig.cmake
[1.593s] -- Up-to-date: /home/zhuzeyu/guyueju/ros2_21_tutorials/install/learning_tf_cpp/share/learning_tf_cpp/cmake/learning_tf_cppConfig-version.cmake
[1.594s] -- Up-to-date: /home/zhuzeyu/guyueju/ros2_21_tutorials/install/learning_tf_cpp/share/learning_tf_cpp/package.xml
[1.681s] Invoked command in '/home/zhuzeyu/guyueju/ros2_21_tutorials/build/learning_tf_cpp' returned '0': CMAKE_PREFIX_PATH=/opt/ros/humble /usr/bin/cmake --install /home/zhuzeyu/guyueju/ros2_21_tutorials/build/learning_tf_cpp
