[2.704s] Invoking command in '/home/zhuzeyu/guyueju/ros2_21_tutorials/learning_gazebo_harmonic': PYTHONPATH=/home/zhuzeyu/guyueju/ros2_21_tutorials/build/learning_gazebo_harmonic/prefix_override:/usr/lib/python3/dist-packages/colcon_core/task/python/colcon_distutils_commands:/home/zhuzeyu/guyueju/ros2_21_tutorials/install/learning_gazebo_harmonic/lib/python3.10/site-packages:${PYTHONPATH} /usr/bin/python3 -W ignore:setup.py install is deprecated -W ignore:easy_install command is deprecated setup.py egg_info --egg-base ../build/learning_gazebo_harmonic build --build-base /home/zhuzeyu/guyueju/ros2_21_tutorials/build/learning_gazebo_harmonic/build install --record /home/zhuzeyu/guyueju/ros2_21_tutorials/build/learning_gazebo_harmonic/install.log --single-version-externally-managed install_data
[3.034s] running egg_info
[3.037s] writing ../build/learning_gazebo_harmonic/learning_gazebo_harmonic.egg-info/PKG-INFO
[3.037s] writing dependency_links to ../build/learning_gazebo_harmonic/learning_gazebo_harmonic.egg-info/dependency_links.txt
[3.037s] writing entry points to ../build/learning_gazebo_harmonic/learning_gazebo_harmonic.egg-info/entry_points.txt
[3.037s] writing requirements to ../build/learning_gazebo_harmonic/learning_gazebo_harmonic.egg-info/requires.txt
[3.037s] writing top-level names to ../build/learning_gazebo_harmonic/learning_gazebo_harmonic.egg-info/top_level.txt
[3.040s] reading manifest file '../build/learning_gazebo_harmonic/learning_gazebo_harmonic.egg-info/SOURCES.txt'
[3.042s] writing manifest file '../build/learning_gazebo_harmonic/learning_gazebo_harmonic.egg-info/SOURCES.txt'
[3.042s] running build
[3.042s] running build_py
[3.042s] running install
[3.044s] running install_lib
[3.044s] running install_data
[3.045s] running install_egg_info
[3.048s] removing '/home/zhuzeyu/guyueju/ros2_21_tutorials/install/learning_gazebo_harmonic/lib/python3.10/site-packages/learning_gazebo_harmonic-0.0.0-py3.10.egg-info' (and everything under it)
[3.056s] Copying ../build/learning_gazebo_harmonic/learning_gazebo_harmonic.egg-info to /home/zhuzeyu/guyueju/ros2_21_tutorials/install/learning_gazebo_harmonic/lib/python3.10/site-packages/learning_gazebo_harmonic-0.0.0-py3.10.egg-info
[3.056s] running install_scripts
[3.086s] writing list of installed files to '/home/zhuzeyu/guyueju/ros2_21_tutorials/build/learning_gazebo_harmonic/install.log'
[3.132s] Invoked command in '/home/zhuzeyu/guyueju/ros2_21_tutorials/learning_gazebo_harmonic' returned '0': PYTHONPATH=/home/zhuzeyu/guyueju/ros2_21_tutorials/build/learning_gazebo_harmonic/prefix_override:/usr/lib/python3/dist-packages/colcon_core/task/python/colcon_distutils_commands:/home/zhuzeyu/guyueju/ros2_21_tutorials/install/learning_gazebo_harmonic/lib/python3.10/site-packages:${PYTHONPATH} /usr/bin/python3 -W ignore:setup.py install is deprecated -W ignore:easy_install command is deprecated setup.py egg_info --egg-base ../build/learning_gazebo_harmonic build --build-base /home/zhuzeyu/guyueju/ros2_21_tutorials/build/learning_gazebo_harmonic/build install --record /home/zhuzeyu/guyueju/ros2_21_tutorials/build/learning_gazebo_harmonic/install.log --single-version-externally-managed install_data
