[2.065s] Invoking command in '/home/zhuzeyu/guyueju/ros2_21_tutorials/build/learning_topic_cpp': CMAKE_PREFIX_PATH=${CMAKE_PREFIX_PATH}:/home/zhuzeyu/guyueju/ros2_21_tutorials/install/learning_urdf:/home/zhuzeyu/guyueju/ros2_21_tutorials/install/learning_topic:/home/zhuzeyu/guyueju/ros2_21_tutorials/install/learning_tf:/home/zhuzeyu/guyueju/ros2_21_tutorials/install/learning_service:/home/zhuzeyu/guyueju/ros2_21_tutorials/install/learning_qos:/home/zhuzeyu/guyueju/ros2_21_tutorials/install/learning_pkg_python:/home/zhuzeyu/guyueju/ros2_21_tutorials/install/learning_parameter:/home/zhuzeyu/guyueju/ros2_21_tutorials/install/learning_node:/home/zhuzeyu/guyueju/ros2_21_tutorials/install/learning_launch:/home/zhuzeyu/guyueju/ros2_21_tutorials/install/learning_action:/home/zhuzeyu/guyueju/ros2_21_tutorials/install/learning_gazebo_harmonic:/home/zhuzeyu/guyueju/ros2_21_tutorials/install/learning_gazebo:/home/zhuzeyu/guyueju/ros2_21_tutorials/install/learning_cv:/opt/ros/humble /usr/bin/cmake --build /home/zhuzeyu/guyueju/ros2_21_tutorials/build/learning_topic_cpp -- -j16 -l16
[2.322s] -- Found ament_cmake: 1.3.14 (/opt/ros/humble/share/ament_cmake/cmake)
[2.323s] -- Found rclcpp: 16.0.18 (/opt/ros/humble/share/rclcpp/cmake)
[2.323s] -- Found rosidl_generator_c: 3.1.8 (/opt/ros/humble/share/rosidl_generator_c/cmake)
[2.323s] -- Found rosidl_adapter: 3.1.8 (/opt/ros/humble/share/rosidl_adapter/cmake)
[2.323s] -- Found rosidl_generator_cpp: 3.1.8 (/opt/ros/humble/share/rosidl_generator_cpp/cmake)
[2.323s] -- Using all available rosidl_typesupport_c: rosidl_typesupport_fastrtps_c;rosidl_typesupport_introspection_c
[2.323s] -- Using all available rosidl_typesupport_cpp: rosidl_typesupport_fastrtps_cpp;rosidl_typesupport_introspection_cpp
[2.323s] -- Found rmw_implementation_cmake: 6.1.2 (/opt/ros/humble/share/rmw_implementation_cmake/cmake)
[2.323s] -- Found rmw_fastrtps_cpp: 6.2.10 (/opt/ros/humble/share/rmw_fastrtps_cpp/cmake)
[2.425s] -- Using RMW implementation 'rmw_fastrtps_cpp' as default
[2.485s] -- Found ament_lint_auto: 0.12.15 (/opt/ros/humble/share/ament_lint_auto/cmake)
[2.574s] -- Added test 'cppcheck' to perform static code analysis on C / C++ code
[2.574s] -- Configured cppcheck include dirs: 
[2.574s] -- Configured cppcheck exclude dirs and/or files: 
[2.577s] -- Added test 'lint_cmake' to check CMake code style
[2.577s] -- Added test 'uncrustify' to check C / C++ code style
[2.577s] -- Configured uncrustify additional arguments: 
[2.577s] -- Added test 'xmllint' to check XML markup files
[2.578s] -- Configuring done
[2.590s] -- Generating done
[2.594s] -- Build files have been written to: /home/zhuzeyu/guyueju/ros2_21_tutorials/build/learning_topic_cpp
[2.622s] [35m[1mConsolidate compiler generated dependencies of target topic_helloworld_pub[0m
[2.623s] [35m[1mConsolidate compiler generated dependencies of target topic_helloworld_sub[0m
[2.637s] [ 75%] Built target topic_helloworld_sub
[2.638s] [100%] Built target topic_helloworld_pub
[2.656s] Invoked command in '/home/zhuzeyu/guyueju/ros2_21_tutorials/build/learning_topic_cpp' returned '0': CMAKE_PREFIX_PATH=${CMAKE_PREFIX_PATH}:/home/zhuzeyu/guyueju/ros2_21_tutorials/install/learning_urdf:/home/zhuzeyu/guyueju/ros2_21_tutorials/install/learning_topic:/home/zhuzeyu/guyueju/ros2_21_tutorials/install/learning_tf:/home/zhuzeyu/guyueju/ros2_21_tutorials/install/learning_service:/home/zhuzeyu/guyueju/ros2_21_tutorials/install/learning_qos:/home/zhuzeyu/guyueju/ros2_21_tutorials/install/learning_pkg_python:/home/zhuzeyu/guyueju/ros2_21_tutorials/install/learning_parameter:/home/zhuzeyu/guyueju/ros2_21_tutorials/install/learning_node:/home/zhuzeyu/guyueju/ros2_21_tutorials/install/learning_launch:/home/zhuzeyu/guyueju/ros2_21_tutorials/install/learning_action:/home/zhuzeyu/guyueju/ros2_21_tutorials/install/learning_gazebo_harmonic:/home/zhuzeyu/guyueju/ros2_21_tutorials/install/learning_gazebo:/home/zhuzeyu/guyueju/ros2_21_tutorials/install/learning_cv:/opt/ros/humble /usr/bin/cmake --build /home/zhuzeyu/guyueju/ros2_21_tutorials/build/learning_topic_cpp -- -j16 -l16
[2.658s] Invoking command in '/home/zhuzeyu/guyueju/ros2_21_tutorials/build/learning_topic_cpp': CMAKE_PREFIX_PATH=${CMAKE_PREFIX_PATH}:/home/zhuzeyu/guyueju/ros2_21_tutorials/install/learning_urdf:/home/zhuzeyu/guyueju/ros2_21_tutorials/install/learning_topic:/home/zhuzeyu/guyueju/ros2_21_tutorials/install/learning_tf:/home/zhuzeyu/guyueju/ros2_21_tutorials/install/learning_service:/home/zhuzeyu/guyueju/ros2_21_tutorials/install/learning_qos:/home/zhuzeyu/guyueju/ros2_21_tutorials/install/learning_pkg_python:/home/zhuzeyu/guyueju/ros2_21_tutorials/install/learning_parameter:/home/zhuzeyu/guyueju/ros2_21_tutorials/install/learning_node:/home/zhuzeyu/guyueju/ros2_21_tutorials/install/learning_launch:/home/zhuzeyu/guyueju/ros2_21_tutorials/install/learning_action:/home/zhuzeyu/guyueju/ros2_21_tutorials/install/learning_gazebo_harmonic:/home/zhuzeyu/guyueju/ros2_21_tutorials/install/learning_gazebo:/home/zhuzeyu/guyueju/ros2_21_tutorials/install/learning_cv:/opt/ros/humble /usr/bin/cmake --install /home/zhuzeyu/guyueju/ros2_21_tutorials/build/learning_topic_cpp
[2.665s] -- Install configuration: ""
[2.666s] -- Up-to-date: /home/zhuzeyu/guyueju/ros2_21_tutorials/install/learning_topic_cpp/lib/learning_topic_cpp/topic_helloworld_pub
[2.666s] -- Up-to-date: /home/zhuzeyu/guyueju/ros2_21_tutorials/install/learning_topic_cpp/lib/learning_topic_cpp/topic_helloworld_sub
[2.666s] -- Up-to-date: /home/zhuzeyu/guyueju/ros2_21_tutorials/install/learning_topic_cpp/share/ament_index/resource_index/package_run_dependencies/learning_topic_cpp
[2.666s] -- Installing: /home/zhuzeyu/guyueju/ros2_21_tutorials/install/learning_topic_cpp/share/ament_index/resource_index/parent_prefix_path/learning_topic_cpp
[2.666s] -- Installing: /home/zhuzeyu/guyueju/ros2_21_tutorials/install/learning_topic_cpp/share/learning_topic_cpp/environment/ament_prefix_path.sh
[2.666s] -- Installing: /home/zhuzeyu/guyueju/ros2_21_tutorials/install/learning_topic_cpp/share/learning_topic_cpp/environment/ament_prefix_path.dsv
[2.668s] -- Installing: /home/zhuzeyu/guyueju/ros2_21_tutorials/install/learning_topic_cpp/share/learning_topic_cpp/environment/path.sh
[2.668s] -- Installing: /home/zhuzeyu/guyueju/ros2_21_tutorials/install/learning_topic_cpp/share/learning_topic_cpp/environment/path.dsv
[2.668s] -- Up-to-date: /home/zhuzeyu/guyueju/ros2_21_tutorials/install/learning_topic_cpp/share/learning_topic_cpp/local_setup.bash
[2.669s] -- Up-to-date: /home/zhuzeyu/guyueju/ros2_21_tutorials/install/learning_topic_cpp/share/learning_topic_cpp/local_setup.sh
[2.669s] -- Up-to-date: /home/zhuzeyu/guyueju/ros2_21_tutorials/install/learning_topic_cpp/share/learning_topic_cpp/local_setup.zsh
[2.669s] -- Installing: /home/zhuzeyu/guyueju/ros2_21_tutorials/install/learning_topic_cpp/share/learning_topic_cpp/local_setup.dsv
[2.669s] -- Installing: /home/zhuzeyu/guyueju/ros2_21_tutorials/install/learning_topic_cpp/share/learning_topic_cpp/package.dsv
[2.669s] -- Up-to-date: /home/zhuzeyu/guyueju/ros2_21_tutorials/install/learning_topic_cpp/share/ament_index/resource_index/packages/learning_topic_cpp
[2.669s] -- Up-to-date: /home/zhuzeyu/guyueju/ros2_21_tutorials/install/learning_topic_cpp/share/learning_topic_cpp/cmake/learning_topic_cppConfig.cmake
[2.669s] -- Up-to-date: /home/zhuzeyu/guyueju/ros2_21_tutorials/install/learning_topic_cpp/share/learning_topic_cpp/cmake/learning_topic_cppConfig-version.cmake
[2.669s] -- Installing: /home/zhuzeyu/guyueju/ros2_21_tutorials/install/learning_topic_cpp/share/learning_topic_cpp/package.xml
[2.672s] Invoked command in '/home/zhuzeyu/guyueju/ros2_21_tutorials/build/learning_topic_cpp' returned '0': CMAKE_PREFIX_PATH=${CMAKE_PREFIX_PATH}:/home/zhuzeyu/guyueju/ros2_21_tutorials/install/learning_urdf:/home/zhuzeyu/guyueju/ros2_21_tutorials/install/learning_topic:/home/zhuzeyu/guyueju/ros2_21_tutorials/install/learning_tf:/home/zhuzeyu/guyueju/ros2_21_tutorials/install/learning_service:/home/zhuzeyu/guyueju/ros2_21_tutorials/install/learning_qos:/home/zhuzeyu/guyueju/ros2_21_tutorials/install/learning_pkg_python:/home/zhuzeyu/guyueju/ros2_21_tutorials/install/learning_parameter:/home/zhuzeyu/guyueju/ros2_21_tutorials/install/learning_node:/home/zhuzeyu/guyueju/ros2_21_tutorials/install/learning_launch:/home/zhuzeyu/guyueju/ros2_21_tutorials/install/learning_action:/home/zhuzeyu/guyueju/ros2_21_tutorials/install/learning_gazebo_harmonic:/home/zhuzeyu/guyueju/ros2_21_tutorials/install/learning_gazebo:/home/zhuzeyu/guyueju/ros2_21_tutorials/install/learning_cv:/opt/ros/humble /usr/bin/cmake --install /home/zhuzeyu/guyueju/ros2_21_tutorials/build/learning_topic_cpp
