[0.183s] Invoking command in '/home/zhuzeyu/guyueju/ros2_21_tutorials/build/learning_action_cpp': AMENT_PREFIX_PATH=/home/zhuzeyu/guyueju/ros2_21_tutorials/install/learning_interface:${AMENT_PREFIX_PATH} CMAKE_PREFIX_PATH=/home/zhuzeyu/guyueju/ros2_21_tutorials/install/learning_interface:/opt/ros/humble LD_LIBRARY_PATH=/home/zhuzeyu/guyueju/ros2_21_tutorials/install/learning_interface/lib:${LD_LIBRARY_PATH} PYTHONPATH=/home/zhuzeyu/guyueju/ros2_21_tutorials/install/learning_interface/local/lib/python3.10/dist-packages:${PYTHONPATH} /usr/bin/cmake --build /home/zhuzeyu/guyueju/ros2_21_tutorials/build/learning_action_cpp -- -j16 -l16
[0.356s] [ 50%] Built target action_move_client
[0.356s] [100%] Built target action_move_server
[0.357s] Invoked command in '/home/zhuzeyu/guyueju/ros2_21_tutorials/build/learning_action_cpp' returned '0': AMENT_PREFIX_PATH=/home/zhuzeyu/guyueju/ros2_21_tutorials/install/learning_interface:${AMENT_PREFIX_PATH} CMAKE_PREFIX_PATH=/home/zhuzeyu/guyueju/ros2_21_tutorials/install/learning_interface:/opt/ros/humble LD_LIBRARY_PATH=/home/zhuzeyu/guyueju/ros2_21_tutorials/install/learning_interface/lib:${LD_LIBRARY_PATH} PYTHONPATH=/home/zhuzeyu/guyueju/ros2_21_tutorials/install/learning_interface/local/lib/python3.10/dist-packages:${PYTHONPATH} /usr/bin/cmake --build /home/zhuzeyu/guyueju/ros2_21_tutorials/build/learning_action_cpp -- -j16 -l16
[0.358s] Invoking command in '/home/zhuzeyu/guyueju/ros2_21_tutorials/build/learning_action_cpp': AMENT_PREFIX_PATH=/home/zhuzeyu/guyueju/ros2_21_tutorials/install/learning_interface:${AMENT_PREFIX_PATH} CMAKE_PREFIX_PATH=/home/zhuzeyu/guyueju/ros2_21_tutorials/install/learning_interface:/opt/ros/humble LD_LIBRARY_PATH=/home/zhuzeyu/guyueju/ros2_21_tutorials/install/learning_interface/lib:${LD_LIBRARY_PATH} PYTHONPATH=/home/zhuzeyu/guyueju/ros2_21_tutorials/install/learning_interface/local/lib/python3.10/dist-packages:${PYTHONPATH} /usr/bin/cmake --install /home/zhuzeyu/guyueju/ros2_21_tutorials/build/learning_action_cpp
[0.556s] -- Install configuration: ""
[0.556s] -- Up-to-date: /home/zhuzeyu/guyueju/ros2_21_tutorials/install/learning_action_cpp/lib/learning_action_cpp/action_move_server
[0.557s] -- Up-to-date: /home/zhuzeyu/guyueju/ros2_21_tutorials/install/learning_action_cpp/lib/learning_action_cpp/action_move_client
[0.557s] -- Up-to-date: /home/zhuzeyu/guyueju/ros2_21_tutorials/install/learning_action_cpp/share/ament_index/resource_index/package_run_dependencies/learning_action_cpp
[0.557s] -- Up-to-date: /home/zhuzeyu/guyueju/ros2_21_tutorials/install/learning_action_cpp/share/ament_index/resource_index/parent_prefix_path/learning_action_cpp
[0.557s] -- Up-to-date: /home/zhuzeyu/guyueju/ros2_21_tutorials/install/learning_action_cpp/share/learning_action_cpp/environment/ament_prefix_path.sh
[0.557s] -- Up-to-date: /home/zhuzeyu/guyueju/ros2_21_tutorials/install/learning_action_cpp/share/learning_action_cpp/environment/ament_prefix_path.dsv
[0.557s] -- Up-to-date: /home/zhuzeyu/guyueju/ros2_21_tutorials/install/learning_action_cpp/share/learning_action_cpp/environment/path.sh
[0.558s] -- Up-to-date: /home/zhuzeyu/guyueju/ros2_21_tutorials/install/learning_action_cpp/share/learning_action_cpp/environment/path.dsv
[0.558s] -- Up-to-date: /home/zhuzeyu/guyueju/ros2_21_tutorials/install/learning_action_cpp/share/learning_action_cpp/local_setup.bash
[0.558s] -- Up-to-date: /home/zhuzeyu/guyueju/ros2_21_tutorials/install/learning_action_cpp/share/learning_action_cpp/local_setup.sh
[0.558s] -- Up-to-date: /home/zhuzeyu/guyueju/ros2_21_tutorials/install/learning_action_cpp/share/learning_action_cpp/local_setup.zsh
[0.558s] -- Up-to-date: /home/zhuzeyu/guyueju/ros2_21_tutorials/install/learning_action_cpp/share/learning_action_cpp/local_setup.dsv
[0.558s] -- Installing: /home/zhuzeyu/guyueju/ros2_21_tutorials/install/learning_action_cpp/share/learning_action_cpp/package.dsv
[0.558s] -- Up-to-date: /home/zhuzeyu/guyueju/ros2_21_tutorials/install/learning_action_cpp/share/ament_index/resource_index/packages/learning_action_cpp
[0.558s] -- Up-to-date: /home/zhuzeyu/guyueju/ros2_21_tutorials/install/learning_action_cpp/share/learning_action_cpp/cmake/learning_action_cppConfig.cmake
[0.558s] -- Up-to-date: /home/zhuzeyu/guyueju/ros2_21_tutorials/install/learning_action_cpp/share/learning_action_cpp/cmake/learning_action_cppConfig-version.cmake
[0.558s] -- Up-to-date: /home/zhuzeyu/guyueju/ros2_21_tutorials/install/learning_action_cpp/share/learning_action_cpp/package.xml
[0.561s] Invoked command in '/home/zhuzeyu/guyueju/ros2_21_tutorials/build/learning_action_cpp' returned '0': AMENT_PREFIX_PATH=/home/zhuzeyu/guyueju/ros2_21_tutorials/install/learning_interface:${AMENT_PREFIX_PATH} CMAKE_PREFIX_PATH=/home/zhuzeyu/guyueju/ros2_21_tutorials/install/learning_interface:/opt/ros/humble LD_LIBRARY_PATH=/home/zhuzeyu/guyueju/ros2_21_tutorials/install/learning_interface/lib:${LD_LIBRARY_PATH} PYTHONPATH=/home/zhuzeyu/guyueju/ros2_21_tutorials/install/learning_interface/local/lib/python3.10/dist-packages:${PYTHONPATH} /usr/bin/cmake --install /home/zhuzeyu/guyueju/ros2_21_tutorials/build/learning_action_cpp
